2014.12.07 10:12:27 1: Including fhem.cfg
2014.12.07 10:12:29 3: telnetPort: port 7072 opened
2014.12.07 10:12:30 3: WEB: port 8083 opened
2014.12.07 10:12:30 3: WEBphone: port 8084 opened
2014.12.07 10:12:30 3: WEBtablet: port 8085 opened
2014.12.07 10:12:31 3: Opening CUL_0 device /dev/ttyACM0
2014.12.07 10:12:32 3: Setting CUL_0 baudrate to 9600
2014.12.07 10:12:32 3: CUL_0 device opened
2014.12.07 10:12:32 3: CUL_0: Possible commands: BCFiAZEGMRTVWXefmltux
2014.12.07 10:12:32 3: Opening CUL_1 device /dev/ttyACM1
2014.12.07 10:12:32 3: Can't open /dev/ttyACM1: No such file or directory
2014.12.07 10:12:32 1: Including ./log/fhem.save
2014.12.07 10:12:33 1: usb create starting
2014.12.07 10:12:36 3: Opening CUL device /dev/ttyAMA0
2014.12.07 10:12:36 3: Can't open /dev/ttyAMA0: Permission denied
2014.12.07 10:12:37 1: usb create end
2014.12.07 10:12:37 2: SecurityCheck:  WEB,WEBphone,WEBtablet has no basicAuth attribute. telnetPort has no password/globalpassword attribute.  Restart fhem for a new check if the problem is fixed, or set the global attribute motd to none to supress this message. 
2014.12.07 10:12:37 0: Server started with 20 defined entities (version Fhem 5.4 (DEVELOPMENT), $Id: fhem.pl 3008 2013-04-01 11:19:27Z rudolfkoenig $, pid 2320)
2014.12.07 11:32:23 1: Including fhem.cfg
2014.12.07 11:32:24 1: telnetPort: Can't open server port at 7072: Address already in use. Exiting.
2014.12.07 11:33:17 1: Including fhem.cfg
2014.12.07 11:33:19 1: telnetPort: Can't open server port at 7072: Address already in use. Exiting.
2014.12.07 11:33:41 1: Including fhem.cfg
2014.12.07 11:33:43 1: telnetPort: Can't open server port at 7072: Address already in use. Exiting.
2014.12.07 15:11:13 1: Including fhem.cfg
2014.12.07 15:11:15 1: telnetPort: Can't open server port at 7072: Address already in use. Exiting.
2014.12.07 15:11:44 1: Including fhem.cfg
2014.12.07 15:11:46 1: telnetPort: Can't open server port at 7072: Address already in use. Exiting.
2014.12.07 19:59:29 0: Server shutdown
