2014.03.01 20:36:38 1: Including fhem.cfg
2014.03.01 20:36:40 3: telnetPort: port 7072 opened
2014.03.01 20:36:44 3: WEB: port 8083 opened
2014.03.01 20:36:44 3: WEBphone: port 8084 opened
2014.03.01 20:36:44 3: WEBtablet: port 8085 opened
2014.03.01 20:36:47 3: Opening CUL_0 device /dev/ttyACM0
2014.03.01 20:36:47 1: Including fhem.cfg
2014.03.01 20:36:49 3: Setting CUL_0 baudrate to 9600
2014.03.01 20:36:49 3: CUL_0 device opened
2014.03.01 20:36:50 3: CUL_0: Possible commands: BCFiAZEGMRTVWXefmltux
2014.03.01 20:36:50 3: Opening CUL_1 device /dev/ttyACM1
2014.03.01 20:36:50 3: Setting CUL_1 baudrate to 9600
2014.03.01 20:36:50 3: CUL_1 device opened
2014.03.01 20:36:50 3: CUL_1: Possible commands: BCFiAZEGMRTVWXefmltux
2014.03.01 20:36:52 1: Including ./log/fhem.save
2014.03.01 20:36:52 1: telnetPort: Can't open server port at 7072: Address already in use. Exiting.
2014.03.01 20:36:52 1: usb create starting
2014.03.01 20:37:00 1: Including fhem.cfg
2014.03.01 20:37:02 3: Opening CUL device /dev/ttyAMA0
2014.03.01 20:37:02 3: Can't open /dev/ttyAMA0: Permission denied
2014.03.01 20:37:02 1: usb create end
2014.03.01 20:37:02 2: SecurityCheck:  WEB,WEBphone,WEBtablet has no basicAuth attribute. telnetPort has no password/globalpassword attribute.  Restart fhem for a new check if the problem is fixed, or set the global attribute motd to none to supress this message. 
2014.03.01 20:37:02 0: Server started with 19 defined entities (version Fhem 5.4 (DEVELOPMENT), $Id: fhem.pl 3008 2013-04-01 11:19:27Z rudolfkoenig $, pid 2929)
2014.03.01 20:37:06 1: telnetPort: Can't open server port at 7072: Address already in use. Exiting.
2014.03.01 20:46:48 1: Including fhem.cfg
2014.03.01 20:46:50 3: telnetPort: port 7072 opened
2014.03.01 20:46:51 3: WEB: port 8083 opened
2014.03.01 20:46:51 3: WEBphone: port 8084 opened
2014.03.01 20:46:51 3: WEBtablet: port 8085 opened
2014.03.01 20:46:52 3: Opening CUL_0 device /dev/ttyACM0
2014.03.01 20:46:53 3: Setting CUL_0 baudrate to 9600
2014.03.01 20:46:53 3: CUL_0 device opened
2014.03.01 20:46:54 3: CUL_0: Possible commands: BCFiAZEGMRTVWXefmltux
2014.03.01 20:46:54 3: Opening CUL_1 device /dev/ttyACM1
2014.03.01 20:46:54 3: Setting CUL_1 baudrate to 9600
2014.03.01 20:46:54 3: CUL_1 device opened
2014.03.01 20:46:54 3: CUL_1: Possible commands: BCFiAZEGMRTVWXefmltux
2014.03.01 20:46:54 1: Including ./log/fhem.save
2014.03.01 20:46:55 1: usb create starting
2014.03.01 20:46:59 3: Opening CUL device /dev/ttyAMA0
2014.03.01 20:46:59 3: Can't open /dev/ttyAMA0: Permission denied
2014.03.01 20:46:59 1: usb create end
2014.03.01 20:46:59 2: SecurityCheck:  WEB,WEBphone,WEBtablet has no basicAuth attribute. telnetPort has no password/globalpassword attribute.  Restart fhem for a new check if the problem is fixed, or set the global attribute motd to none to supress this message. 
2014.03.01 20:46:59 0: Server started with 19 defined entities (version Fhem 5.4 (DEVELOPMENT), $Id: fhem.pl 3008 2013-04-01 11:19:27Z rudolfkoenig $, pid 3063)
2014.03.02 18:31:07 1: Including fhem.cfg
2014.03.02 18:31:09 1: telnetPort: Can't open server port at 7072: Address already in use. Exiting.
2014.03.02 18:31:51 0: Server shutdown
2014.03.30 12:22:41 1: Including fhem.cfg
2014.03.30 12:22:42 3: telnetPort: port 7072 opened
2014.03.30 12:22:44 3: WEB: port 8083 opened
2014.03.30 12:22:44 3: WEBphone: port 8084 opened
2014.03.30 12:22:44 3: WEBtablet: port 8085 opened
2014.03.30 12:22:45 3: Opening CUL_0 device /dev/ttyACM0
2014.03.30 12:22:46 3: Setting CUL_0 baudrate to 9600
2014.03.30 12:22:46 3: CUL_0 device opened
2014.03.30 12:22:47 3: CUL_0: Possible commands: BCFiAZEGMRTVWXefmltux
2014.03.30 12:22:47 3: Opening CUL_1 device /dev/ttyACM1
2014.03.30 12:22:47 3: Setting CUL_1 baudrate to 9600
2014.03.30 12:22:47 3: CUL_1 device opened
2014.03.30 12:22:47 3: CUL_1: Possible commands: BCFiAZEGMRTVWXefmltux
2014.03.30 12:22:48 1: Including ./log/fhem.save
2014.03.30 12:22:48 1: usb create starting
2014.03.30 12:22:50 1: Including fhem.cfg
2014.03.30 12:22:53 1: telnetPort: Can't open server port at 7072: Address already in use. Exiting.
2014.03.30 12:22:54 3: Opening CUL device /dev/ttyAMA0
2014.03.30 12:22:54 3: Can't open /dev/ttyAMA0: Permission denied
2014.03.30 12:22:54 1: usb create end
2014.03.30 12:22:54 2: SecurityCheck:  WEB,WEBphone,WEBtablet has no basicAuth attribute. telnetPort has no password/globalpassword attribute.  Restart fhem for a new check if the problem is fixed, or set the global attribute motd to none to supress this message. 
2014.03.30 12:22:54 0: Server started with 19 defined entities (version Fhem 5.4 (DEVELOPMENT), $Id: fhem.pl 3008 2013-04-01 11:19:27Z rudolfkoenig $, pid 2328)
2014.03.30 15:22:59 2: CUL_0: unknown message K
2014.03.30 19:07:42 1: Including fhem.cfg
2014.03.30 19:07:44 1: telnetPort: Can't open server port at 7072: Address already in use. Exiting.
2014.03.30 19:28:01 1: CUL_WS Cannot decode KFFFFFD9
2014.03.30 22:40:47 0: Server shutdown
