2014.09.13 10:55:12 1: Including fhem.cfg
2014.09.13 10:55:13 1: Including fhem.cfg
2014.09.13 10:55:14 3: telnetPort: port 7072 opened
2014.09.13 10:55:16 3: WEB: port 8083 opened
2014.09.13 10:55:16 3: WEBphone: port 8084 opened
2014.09.13 10:55:16 1: telnetPort: Can't open server port at 7072: Address already in use. Exiting.
2014.09.13 10:55:16 3: WEBtablet: port 8085 opened
2014.09.13 10:55:17 3: Opening CUL_0 device /dev/ttyACM0
2014.09.13 10:55:18 3: Setting CUL_0 baudrate to 9600
2014.09.13 10:55:18 3: CUL_0 device opened
2014.09.13 10:55:18 3: CUL_0: Possible commands: BCFiAZEGMRTVWXefmltux
2014.09.13 10:55:18 3: Opening CUL_1 device /dev/ttyACM1
2014.09.13 10:55:18 3: Can't open /dev/ttyACM1: No such file or directory
2014.09.13 10:55:19 1: Including ./log/fhem.save
2014.09.13 10:55:19 1: usb create starting
2014.09.13 10:55:23 3: Opening CUL device /dev/ttyAMA0
2014.09.13 10:55:23 3: Can't open /dev/ttyAMA0: Permission denied
2014.09.13 10:55:23 1: usb create end
2014.09.13 10:55:23 2: SecurityCheck:  WEB,WEBphone,WEBtablet has no basicAuth attribute. telnetPort has no password/globalpassword attribute.  Restart fhem for a new check if the problem is fixed, or set the global attribute motd to none to supress this message. 
2014.09.13 10:55:23 0: Server started with 19 defined entities (version Fhem 5.4 (DEVELOPMENT), $Id: fhem.pl 3008 2013-04-01 11:19:27Z rudolfkoenig $, pid 2321)
2014.09.13 11:47:25 1: Including fhem.cfg
2014.09.13 11:47:26 3: telnetPort: port 7072 opened
2014.09.13 11:47:28 3: WEB: port 8083 opened
2014.09.13 11:47:28 3: WEBphone: port 8084 opened
2014.09.13 11:47:28 3: WEBtablet: port 8085 opened
2014.09.13 11:47:28 3: Opening CUL_0 device /dev/ttyACM0
2014.09.13 11:47:29 3: Setting CUL_0 baudrate to 9600
2014.09.13 11:47:29 3: CUL_0 device opened
2014.09.13 11:47:29 3: CUL_0: Possible commands: BCFiAZEGMRTVWXefmltux
2014.09.13 11:47:29 3: Opening CUL_1 device /dev/ttyACM1
2014.09.13 11:47:29 3: Can't open /dev/ttyACM1: No such file or directory
2014.09.13 11:47:29 1: Including ./log/fhem.save
2014.09.13 11:47:29 1: usb create starting
2014.09.13 11:47:31 3: Opening CUL device /dev/ttyAMA0
2014.09.13 11:47:31 3: Can't open /dev/ttyAMA0: Permission denied
2014.09.13 11:47:31 1: usb create end
2014.09.13 11:47:31 2: SecurityCheck:  WEB,WEBphone,WEBtablet has no basicAuth attribute. telnetPort has no password/globalpassword attribute.  Restart fhem for a new check if the problem is fixed, or set the global attribute motd to none to supress this message. 
2014.09.13 11:47:31 0: Server started with 19 defined entities (version Fhem 5.4 (DEVELOPMENT), $Id: fhem.pl 3008 2013-04-01 11:19:27Z rudolfkoenig $, pid 2344)
2014.09.13 12:58:30 1: Including fhem.cfg
2014.09.13 12:58:32 1: telnetPort: Can't open server port at 7072: Address already in use. Exiting.
2014.09.13 13:50:41 1: Including fhem.cfg
2014.09.13 13:50:43 1: telnetPort: Can't open server port at 7072: Address already in use. Exiting.
2014.09.13 13:52:05 1: Including fhem.cfg
2014.09.13 13:52:07 1: telnetPort: Can't open server port at 7072: Address already in use. Exiting.
2014.09.13 13:59:50 0: Server shutdown
