2013.12.01 18:30:11 1: Including fhem.cfg
2013.12.01 18:30:14 3: telnetPort: port 7072 opened
2013.12.01 18:30:16 3: WEB: port 8083 opened
2013.12.01 18:30:16 3: WEBphone: port 8084 opened
2013.12.01 18:30:16 3: WEBtablet: port 8085 opened
2013.12.01 18:30:17 1: Including fhem.cfg
2013.12.01 18:30:19 3: Opening CUL_0 device /dev/ttyACM0
2013.12.01 18:30:20 3: Setting CUL_0 baudrate to 9600
2013.12.01 18:30:21 3: CUL_0 device opened
2013.12.01 18:30:21 1: telnetPort: Can't open server port at 7072: Address already in use. Exiting.
2013.12.01 18:30:21 3: CUL_0: Possible commands: BCFiAZEGMRTVWXefmltux
2013.12.01 18:30:21 1: Including ./log/fhem.save
2013.12.01 18:30:21 1: statefile: Please define CUL_1 first
2013.12.01 18:30:21 1: usb create starting
2013.12.01 18:30:26 3: Opening CUL device /dev/ttyACM1
2013.12.01 18:30:27 3: Setting CUL baudrate to 9600
2013.12.01 18:30:27 3: CUL device opened
2013.12.01 18:30:27 1: define CUL_1 CUL /dev/ttyACM1@9600 1134
2013.12.01 18:30:27 3: Opening CUL_1 device /dev/ttyACM1
2013.12.01 18:30:27 3: Setting CUL_1 baudrate to 9600
2013.12.01 18:30:27 3: CUL_1 device opened
2013.12.01 18:30:27 3: CUL_1: Possible commands: BCFiAZEGMRTVWXefmltux
2013.12.01 18:30:27 3: Opening CUL device /dev/ttyAMA0
2013.12.01 18:30:27 3: Can't open /dev/ttyAMA0: Permission denied
2013.12.01 18:30:27 1: usb create end
2013.12.01 18:30:27 2: SecurityCheck:  WEB,WEBphone,WEBtablet has no basicAuth attribute. telnetPort has no password/globalpassword attribute.  Restart fhem for a new check if the problem is fixed, or set the global attribute motd to none to supress this message. 
2013.12.01 18:30:27 0: Server started with 13 defined entities (version Fhem 5.4 (DEVELOPMENT), $Id: fhem.pl 3008 2013-04-01 11:19:27Z rudolfkoenig $, pid 2963)
2013.12.01 20:26:58 3: Unknown HMS device 1000/0000, please define it
2013.12.01 20:26:59 2: autocreate: define HMS100TF_0000 HMS 0000
2013.12.01 20:26:59 2: autocreate: define FileLog_HMS100TF_0000 FileLog ./log/HMS100TF_0000-%Y.log HMS100TF_0000:T:.*
2013.12.01 20:26:59 2: autocreate: define weblink_HMS100TF_0000 weblink fileplot FileLog_HMS100TF_0000:temp4hum6:CURRENT
2013.12.01 21:51:16 0: Server shutdown
