2013.08.09 16:36:33 1: Including fhem.cfg
2013.08.09 16:36:35 3: telnetPort: port 7072 opened
2013.08.09 16:36:36 3: WEB: port 8083 opened
2013.08.09 16:36:36 3: WEBphone: port 8084 opened
2013.08.09 16:36:36 3: WEBtablet: port 8085 opened
2013.08.09 16:36:36 1: Including ./log/fhem.save
2013.08.09 16:36:37 1: usb create starting
2013.08.09 16:36:40 3: Opening CUL device /dev/ttyACM0
2013.08.09 16:36:41 3: Setting CUL baudrate to 9600
2013.08.09 16:36:41 3: CUL device opened
2013.08.09 16:36:42 1: define CUL_0 CUL /dev/ttyACM0@9600 1034
2013.08.09 16:36:42 3: Opening CUL_0 device /dev/ttyACM0
2013.08.09 16:36:42 3: Setting CUL_0 baudrate to 9600
2013.08.09 16:36:42 3: CUL_0 device opened
2013.08.09 16:36:42 3: CUL_0: Possible commands: BCFiAZEGMRTVWXefmltux
2013.08.09 16:36:42 2: Setting CUL fhtid from FFFF to 1034
2013.08.09 16:36:42 3: Opening CUL device /dev/ttyAMA0
2013.08.09 16:36:43 3: Can't open /dev/ttyAMA0: Permission denied
2013.08.09 16:36:43 1: usb create end
2013.08.09 16:36:43 2: SecurityCheck:  WEB,WEBphone,WEBtablet has no basicAuth attribute. telnetPort has no password/globalpassword attribute.  Restart fhem for a new check if the problem is fixed, or set the global attribute motd to none to supress this message. 
2013.08.09 16:36:43 0: Server started with 9 defined entities (version Fhem 5.4 (DEVELOPMENT), $Id: fhem.pl 3008 2013-04-01 11:19:27Z rudolfkoenig $, pid 2297)
2013.08.09 16:39:46 1: Including fhem.cfg
2013.08.09 16:39:48 1: telnetPort: Can't open server port at 7072: Address already in use. Exiting.
2013.08.09 16:58:00 1: Including fhem.cfg
2013.08.09 16:58:02 1: telnetPort: Can't open server port at 7072: Address already in use. Exiting.
2013.08.09 17:08:21 3: FHTTK Unknown device 6eb19a, please define it
2013.08.09 17:08:21 2: autocreate: define CUL_FHTTK_6eb19a CUL_FHTTK 6eb19a
2013.08.09 17:08:21 2: autocreate: define FileLog_CUL_FHTTK_6eb19a FileLog ./log/CUL_FHTTK_6eb19a-%Y.log CUL_FHTTK_6eb19a
2013.08.09 17:08:21 2: autocreate: define weblink_CUL_FHTTK_6eb19a weblink fileplot FileLog_CUL_FHTTK_6eb19a:fht80tf:CURRENT
2013.08.09 19:00:16 1: Including fhem.cfg
2013.08.09 19:00:17 1: telnetPort: Can't open server port at 7072: Address already in use. Exiting.
2013.08.09 22:48:49 0: Server shutdown
2013.08.11 13:10:56 1: Including fhem.cfg
2013.08.11 13:10:57 3: telnetPort: port 7072 opened
2013.08.11 13:10:58 3: WEB: port 8083 opened
2013.08.11 13:10:58 3: WEBphone: port 8084 opened
2013.08.11 13:10:58 3: WEBtablet: port 8085 opened
2013.08.11 13:10:59 3: Opening CUL_0 device /dev/ttyACM0
2013.08.11 13:11:00 3: Setting CUL_0 baudrate to 9600
2013.08.11 13:11:00 3: CUL_0 device opened
2013.08.11 13:11:00 3: CUL_0: Possible commands: BCFiAZEGMRTVWXefmltux
2013.08.11 13:11:00 1: Including ./log/fhem.save
2013.08.11 13:11:01 1: usb create starting
2013.08.11 13:11:04 3: Opening CUL device /dev/ttyAMA0
2013.08.11 13:11:04 3: Can't open /dev/ttyAMA0: Permission denied
2013.08.11 13:11:04 1: usb create end
2013.08.11 13:11:04 2: SecurityCheck:  WEB,WEBphone,WEBtablet has no basicAuth attribute. telnetPort has no password/globalpassword attribute.  Restart fhem for a new check if the problem is fixed, or set the global attribute motd to none to supress this message. 
2013.08.11 13:11:04 0: Server started with 12 defined entities (version Fhem 5.4 (DEVELOPMENT), $Id: fhem.pl 3008 2013-04-01 11:19:27Z rudolfkoenig $, pid 2295)
2013.08.11 22:17:59 0: Server shutdown
2013.08.16 17:05:46 1: Including fhem.cfg
2013.08.16 17:05:48 3: telnetPort: port 7072 opened
2013.08.16 17:05:49 3: WEB: port 8083 opened
2013.08.16 17:05:49 3: WEBphone: port 8084 opened
2013.08.16 17:05:49 3: WEBtablet: port 8085 opened
2013.08.16 17:05:50 3: Opening CUL_0 device /dev/ttyACM0
2013.08.16 17:05:51 3: Setting CUL_0 baudrate to 9600
2013.08.16 17:05:51 3: CUL_0 device opened
2013.08.16 17:05:51 3: CUL_0: Possible commands: BCFiAZEGMRTVWXefmltux
2013.08.16 17:05:51 1: Including ./log/fhem.save
2013.08.16 17:05:51 1: statefile: Please define wl_0 first
2013.08.16 17:05:51 1: usb create starting
2013.08.16 17:05:55 3: Opening CUL device /dev/ttyAMA0
2013.08.16 17:05:55 3: Can't open /dev/ttyAMA0: Permission denied
2013.08.16 17:05:55 1: usb create end
2013.08.16 17:05:55 2: SecurityCheck:  WEB,WEBphone,WEBtablet has no basicAuth attribute. telnetPort has no password/globalpassword attribute.  Restart fhem for a new check if the problem is fixed, or set the global attribute motd to none to supress this message. 
2013.08.16 17:05:55 0: Server started with 12 defined entities (version Fhem 5.4 (DEVELOPMENT), $Id: fhem.pl 3008 2013-04-01 11:19:27Z rudolfkoenig $, pid 2295)
2013.08.16 22:08:01 0: Server shutdown
2013.08.17 11:10:36 1: Including fhem.cfg
2013.08.17 11:10:38 3: telnetPort: port 7072 opened
2013.08.17 11:10:39 3: WEB: port 8083 opened
2013.08.17 11:10:39 3: WEBphone: port 8084 opened
2013.08.17 11:10:39 3: WEBtablet: port 8085 opened
2013.08.17 11:10:40 3: Opening CUL_0 device /dev/ttyACM0
2013.08.17 11:10:41 3: Setting CUL_0 baudrate to 9600
2013.08.17 11:10:41 3: CUL_0 device opened
2013.08.17 11:10:41 3: CUL_0: Possible commands: BCFiAZEGMRTVWXefmltux
2013.08.17 11:10:41 1: Including ./log/fhem.save
2013.08.17 11:10:41 1: usb create starting
2013.08.17 11:10:45 3: Opening CUL device /dev/ttyAMA0
2013.08.17 11:10:45 3: Can't open /dev/ttyAMA0: Permission denied
2013.08.17 11:10:45 1: usb create end
2013.08.17 11:10:45 2: SecurityCheck:  WEB,WEBphone,WEBtablet has no basicAuth attribute. telnetPort has no password/globalpassword attribute.  Restart fhem for a new check if the problem is fixed, or set the global attribute motd to none to supress this message. 
2013.08.17 11:10:45 0: Server started with 12 defined entities (version Fhem 5.4 (DEVELOPMENT), $Id: fhem.pl 3008 2013-04-01 11:19:27Z rudolfkoenig $, pid 2294)
2013.08.17 21:05:08 0: Server shutdown
2013.08.18 19:23:06 1: Including fhem.cfg
2013.08.18 19:23:07 3: telnetPort: port 7072 opened
2013.08.18 19:23:08 3: WEB: port 8083 opened
2013.08.18 19:23:08 3: WEBphone: port 8084 opened
2013.08.18 19:23:08 3: WEBtablet: port 8085 opened
2013.08.18 19:23:09 3: Opening CUL_0 device /dev/ttyACM0
2013.08.18 19:23:10 3: Setting CUL_0 baudrate to 9600
2013.08.18 19:23:10 3: CUL_0 device opened
2013.08.18 19:23:10 3: CUL_0: Possible commands: BCFiAZEGMRTVWXefmltux
2013.08.18 19:23:10 1: Including ./log/fhem.save
2013.08.18 19:23:10 1: usb create starting
2013.08.18 19:23:14 3: Opening CUL device /dev/ttyAMA0
2013.08.18 19:23:14 3: Can't open /dev/ttyAMA0: Permission denied
2013.08.18 19:23:14 1: usb create end
2013.08.18 19:23:14 2: SecurityCheck:  WEB,WEBphone,WEBtablet has no basicAuth attribute. telnetPort has no password/globalpassword attribute.  Restart fhem for a new check if the problem is fixed, or set the global attribute motd to none to supress this message. 
2013.08.18 19:23:14 0: Server started with 12 defined entities (version Fhem 5.4 (DEVELOPMENT), $Id: fhem.pl 3008 2013-04-01 11:19:27Z rudolfkoenig $, pid 2285)
2013.08.18 21:05:54 0: Server shutdown
