2013.11.01 12:16:12 0: Server shutdown
2013.11.01 12:16:25 1: Including fhem.cfg
2013.11.01 12:16:26 3: telnetPort: port 7072 opened
2013.11.01 12:16:27 3: WEB: port 8083 opened
2013.11.01 12:16:27 3: WEBphone: port 8084 opened
2013.11.01 12:16:27 3: WEBtablet: port 8085 opened
2013.11.01 12:16:27 3: Opening CUL_0 device /dev/ttyACM0
2013.11.01 12:16:28 3: Setting CUL_0 baudrate to 9600
2013.11.01 12:16:28 3: CUL_0 device opened
2013.11.01 12:16:28 3: CUL_0: Possible commands: BCFiAZEGMRTVWXefmltux
2013.11.01 12:16:28 1: Including ./log/fhem.save
2013.11.01 12:16:28 1: usb create starting
2013.11.01 12:16:30 3: Opening CUL device /dev/ttyAMA0
2013.11.01 12:16:30 3: Can't open /dev/ttyAMA0: Permission denied
2013.11.01 12:16:30 1: usb create end
2013.11.01 12:16:30 2: SecurityCheck:  WEB,WEBphone,WEBtablet has no basicAuth attribute. telnetPort has no password/globalpassword attribute.  Restart fhem for a new check if the problem is fixed, or set the global attribute motd to none to supress this message. 
2013.11.01 12:16:30 0: Server started with 12 defined entities (version Fhem 5.4 (DEVELOPMENT), $Id: fhem.pl 3008 2013-04-01 11:19:27Z rudolfkoenig $, pid 2874)
2013.11.01 12:37:23 0: Server shutdown
2013.11.01 12:37:30 1: Including fhem.cfg
2013.11.01 12:37:31 3: telnetPort: port 7072 opened
2013.11.01 12:37:32 3: WEB: port 8083 opened
2013.11.01 12:37:32 3: WEBphone: port 8084 opened
2013.11.01 12:37:32 3: WEBtablet: port 8085 opened
2013.11.01 12:37:32 3: Opening CUL_0 device /dev/ttyACM0
2013.11.01 12:37:33 3: Setting CUL_0 baudrate to 9600
2013.11.01 12:37:33 3: CUL_0 device opened
2013.11.01 12:37:33 3: CUL_0: Possible commands: BCFiAZEGMRTVWXefmltux
2013.11.01 12:37:33 1: Including ./log/fhem.save
2013.11.01 12:37:33 1: usb create starting
2013.11.01 12:37:36 3: Opening CUL device /dev/ttyAMA0
2013.11.01 12:37:36 3: Can't open /dev/ttyAMA0: Permission denied
2013.11.01 12:37:36 1: usb create end
2013.11.01 12:37:36 2: SecurityCheck:  WEB,WEBphone,WEBtablet has no basicAuth attribute. telnetPort has no password/globalpassword attribute.  Restart fhem for a new check if the problem is fixed, or set the global attribute motd to none to supress this message. 
2013.11.01 12:37:36 0: Server started with 12 defined entities (version Fhem 5.4 (DEVELOPMENT), $Id: fhem.pl 3008 2013-04-01 11:19:27Z rudolfkoenig $, pid 3063)
2013.11.01 14:45:30 0: Server shutdown
2013.11.01 14:56:54 1: Including fhem.cfg
2013.11.01 14:56:55 3: telnetPort: port 7072 opened
2013.11.01 14:56:55 3: WEB: port 8083 opened
2013.11.01 14:56:55 3: WEBphone: port 8084 opened
2013.11.01 14:56:55 3: WEBtablet: port 8085 opened
2013.11.01 14:56:56 3: Opening CUL_0 device /dev/ttyACM0
2013.11.01 14:56:56 3: Can't open /dev/ttyACM0: No such file or directory
2013.11.01 14:56:57 1: Including ./log/fhem.save
2013.11.01 14:56:57 1: usb create starting
2013.11.01 14:56:58 2: CUL_V3: flash it with: CULflash none CUL_V3
2013.11.01 14:56:59 1: CULflash (dfu-programmer atmega32u4 erase && dfu-programmer atmega32u4 flash ./FHEM/CUL_V3.hex && dfu-programmer atmega32u4 start) 2>&1
2013.11.01 14:56:59 1: CULflash dfu-programmer: no device present.

2013.11.01 14:57:03 3: Opening CUL device /dev/ttyAMA0
2013.11.01 14:57:03 3: Can't open /dev/ttyAMA0: Permission denied
2013.11.01 14:57:03 1: usb create end
2013.11.01 14:57:03 2: SecurityCheck:  WEB,WEBphone,WEBtablet has no basicAuth attribute. telnetPort has no password/globalpassword attribute.  Restart fhem for a new check if the problem is fixed, or set the global attribute motd to none to supress this message. 
2013.11.01 14:57:03 0: Server started with 12 defined entities (version Fhem 5.4 (DEVELOPMENT), $Id: fhem.pl 3008 2013-04-01 11:19:27Z rudolfkoenig $, pid 2380)
2013.11.01 15:23:28 0: Server shutdown
2013.11.01 15:24:02 1: Including fhem.cfg
2013.11.01 15:24:03 3: telnetPort: port 7072 opened
2013.11.01 15:24:03 3: WEB: port 8083 opened
2013.11.01 15:24:03 3: WEBphone: port 8084 opened
2013.11.01 15:24:03 3: WEBtablet: port 8085 opened
2013.11.01 15:24:04 3: Opening CUL_0 device /dev/ttyACM0
2013.11.01 15:24:04 3: Setting CUL_0 baudrate to 9600
2013.11.01 15:24:04 3: CUL_0 device opened
2013.11.01 15:24:04 3: CUL_0: Possible commands: BCFiAZEGMRTVWXefmltux
2013.11.01 15:24:04 2: Setting CUL fhtid from FFFF to 1034
2013.11.01 15:24:04 1: Including ./log/fhem.save
2013.11.01 15:24:04 1: usb create starting
2013.11.01 15:24:07 3: Opening CUL device /dev/ttyAMA0
2013.11.01 15:24:07 3: Can't open /dev/ttyAMA0: Permission denied
2013.11.01 15:24:07 1: usb create end
2013.11.01 15:24:07 2: SecurityCheck:  WEB,WEBphone,WEBtablet has no basicAuth attribute. telnetPort has no password/globalpassword attribute.  Restart fhem for a new check if the problem is fixed, or set the global attribute motd to none to supress this message. 
2013.11.01 15:24:07 0: Server started with 12 defined entities (version Fhem 5.4 (DEVELOPMENT), $Id: fhem.pl 3008 2013-04-01 11:19:27Z rudolfkoenig $, pid 2436)
2013.11.01 15:25:50 0: Server shutdown
2013.11.01 15:26:01 1: Including fhem.cfg
2013.11.01 15:26:02 3: telnetPort: port 7072 opened
2013.11.01 15:26:03 3: WEB: port 8083 opened
2013.11.01 15:26:03 3: WEBphone: port 8084 opened
2013.11.01 15:26:03 3: WEBtablet: port 8085 opened
2013.11.01 15:26:04 3: Opening CUL_0 device /dev/ttyACM0
2013.11.01 15:26:05 3: Setting CUL_0 baudrate to 9600
2013.11.01 15:26:05 3: CUL_0 device opened
2013.11.01 15:26:05 3: CUL_0: Possible commands: BCFiAZEGMRTVWXefmltux
2013.11.01 15:26:06 1: Including ./log/fhem.save
2013.11.01 15:26:06 1: usb create starting
2013.11.01 15:26:09 3: Opening CUL device /dev/ttyACM1
2013.11.01 15:26:09 3: Setting CUL baudrate to 9600
2013.11.01 15:26:09 3: CUL device opened
2013.11.01 15:26:09 1: define CUL_1 CUL /dev/ttyACM1@9600 1134
2013.11.01 15:26:09 3: Opening CUL_1 device /dev/ttyACM1
2013.11.01 15:26:09 3: Setting CUL_1 baudrate to 9600
2013.11.01 15:26:09 3: CUL_1 device opened
2013.11.01 15:26:09 3: CUL_1: Possible commands: BCFiAZEGMRTVWXefmltux
2013.11.01 15:26:09 2: Setting CUL fhtid from 1034 to 1134
2013.11.01 15:26:09 3: Opening CUL device /dev/ttyAMA0
2013.11.01 15:26:09 3: Can't open /dev/ttyAMA0: Permission denied
2013.11.01 15:26:09 1: usb create end
2013.11.01 15:26:09 2: SecurityCheck:  WEB,WEBphone,WEBtablet has no basicAuth attribute. telnetPort has no password/globalpassword attribute.  Restart fhem for a new check if the problem is fixed, or set the global attribute motd to none to supress this message. 
2013.11.01 15:26:09 0: Server started with 13 defined entities (version Fhem 5.4 (DEVELOPMENT), $Id: fhem.pl 3008 2013-04-01 11:19:27Z rudolfkoenig $, pid 2444)
2013.11.01 15:29:53 0: Server shutdown
2013.11.01 15:30:02 1: Including fhem.cfg
2013.11.01 15:30:03 3: telnetPort: port 7072 opened
2013.11.01 15:30:04 3: WEB: port 8083 opened
2013.11.01 15:30:04 3: WEBphone: port 8084 opened
2013.11.01 15:30:04 3: WEBtablet: port 8085 opened
2013.11.01 15:30:05 3: Opening CUL_0 device /dev/ttyACM0
2013.11.01 15:30:05 3: Can't open /dev/ttyACM0: No such file or directory
2013.11.01 15:30:05 1: Including ./log/fhem.save
2013.11.01 15:30:05 1: statefile: Please define CUL_1 first
2013.11.01 15:30:05 1: usb create starting
2013.11.01 15:30:08 3: Opening CUL device /dev/ttyACM1
2013.11.01 15:30:08 3: Setting CUL baudrate to 9600
2013.11.01 15:30:08 3: CUL device opened
2013.11.01 15:30:08 1: define CUL_1 CUL /dev/ttyACM1@9600 1134
2013.11.01 15:30:08 3: Opening CUL_1 device /dev/ttyACM1
2013.11.01 15:30:08 3: Setting CUL_1 baudrate to 9600
2013.11.01 15:30:08 3: CUL_1 device opened
2013.11.01 15:30:08 3: CUL_1: Possible commands: BCFiAZEGMRTVWXefmltux
2013.11.01 15:30:08 3: Opening CUL device /dev/ttyAMA0
2013.11.01 15:30:08 3: Can't open /dev/ttyAMA0: Permission denied
2013.11.01 15:30:08 1: usb create end
2013.11.01 15:30:08 2: SecurityCheck:  WEB,WEBphone,WEBtablet has no basicAuth attribute. telnetPort has no password/globalpassword attribute.  Restart fhem for a new check if the problem is fixed, or set the global attribute motd to none to supress this message. 
2013.11.01 15:30:08 0: Server started with 13 defined entities (version Fhem 5.4 (DEVELOPMENT), $Id: fhem.pl 3008 2013-04-01 11:19:27Z rudolfkoenig $, pid 2452)
2013.11.01 15:30:59 0: Server shutdown
2013.11.01 15:31:16 1: Including fhem.cfg
2013.11.01 15:31:17 3: telnetPort: port 7072 opened
2013.11.01 15:31:18 3: WEB: port 8083 opened
2013.11.01 15:31:18 3: WEBphone: port 8084 opened
2013.11.01 15:31:18 3: WEBtablet: port 8085 opened
2013.11.01 15:31:19 3: Opening CUL_0 device /dev/ttyACM0
2013.11.01 15:31:19 3: Setting CUL_0 baudrate to 9600
2013.11.01 15:31:19 3: CUL_0 device opened
2013.11.01 15:31:19 3: CUL_0: Possible commands: BCFiAZEGMRTVWXefmltux
2013.11.01 15:31:19 1: Including ./log/fhem.save
2013.11.01 15:31:19 1: statefile: Please define CUL_1 first
2013.11.01 15:31:19 1: usb create starting
2013.11.01 15:31:23 3: Opening CUL device /dev/ttyACM1
2013.11.01 15:31:23 3: Setting CUL baudrate to 9600
2013.11.01 15:31:23 3: CUL device opened
2013.11.01 15:31:23 1: define CUL_1 CUL /dev/ttyACM1@9600 1134
2013.11.01 15:31:23 3: Opening CUL_1 device /dev/ttyACM1
2013.11.01 15:31:23 3: Setting CUL_1 baudrate to 9600
2013.11.01 15:31:23 3: CUL_1 device opened
2013.11.01 15:31:23 3: CUL_1: Possible commands: BCFiAZEGMRTVWXefmltux
2013.11.01 15:31:23 3: Opening CUL device /dev/ttyAMA0
2013.11.01 15:31:23 3: Can't open /dev/ttyAMA0: Permission denied
2013.11.01 15:31:23 1: usb create end
2013.11.01 15:31:23 2: SecurityCheck:  WEB,WEBphone,WEBtablet has no basicAuth attribute. telnetPort has no password/globalpassword attribute.  Restart fhem for a new check if the problem is fixed, or set the global attribute motd to none to supress this message. 
2013.11.01 15:31:23 0: Server started with 13 defined entities (version Fhem 5.4 (DEVELOPMENT), $Id: fhem.pl 3008 2013-04-01 11:19:27Z rudolfkoenig $, pid 2459)
2013.11.01 15:44:04 0: Server shutdown
2013.11.01 15:44:07 1: Including fhem.cfg
2013.11.01 15:44:08 3: telnetPort: port 7072 opened
2013.11.01 15:44:08 3: WEB: port 8083 opened
2013.11.01 15:44:08 3: WEBphone: port 8084 opened
2013.11.01 15:44:08 3: WEBtablet: port 8085 opened
2013.11.01 15:44:09 3: Opening CUL_0 device /dev/ttyACM0
2013.11.01 15:44:09 3: Setting CUL_0 baudrate to 9600
2013.11.01 15:44:09 3: CUL_0 device opened
2013.11.01 15:44:10 3: CUL_0: Possible commands: BCFiAZEGMRTVWXefmltux
2013.11.01 15:44:10 1: Including ./log/fhem.save
2013.11.01 15:44:10 1: statefile: Please define CUL_1 first
2013.11.01 15:44:10 1: usb create starting
2013.11.01 15:44:12 3: Opening CUL device /dev/ttyACM1
2013.11.01 15:44:12 3: Setting CUL baudrate to 9600
2013.11.01 15:44:12 3: CUL device opened
2013.11.01 15:44:12 1: define CUL_1 CUL /dev/ttyACM1@9600 1134
2013.11.01 15:44:12 3: Opening CUL_1 device /dev/ttyACM1
2013.11.01 15:44:12 3: Setting CUL_1 baudrate to 9600
2013.11.01 15:44:12 3: CUL_1 device opened
2013.11.01 15:44:12 3: CUL_1: Possible commands: BCFiAZEGMRTVWXefmltux
2013.11.01 15:44:12 3: Opening CUL device /dev/ttyAMA0
2013.11.01 15:44:12 3: Can't open /dev/ttyAMA0: Permission denied
2013.11.01 15:44:12 1: usb create end
2013.11.01 15:44:12 2: SecurityCheck:  WEB,WEBphone,WEBtablet has no basicAuth attribute. telnetPort has no password/globalpassword attribute.  Restart fhem for a new check if the problem is fixed, or set the global attribute motd to none to supress this message. 
2013.11.01 15:44:12 0: Server started with 13 defined entities (version Fhem 5.4 (DEVELOPMENT), $Id: fhem.pl 3008 2013-04-01 11:19:27Z rudolfkoenig $, pid 2467)
2013.11.01 16:44:57 0: Server shutdown
2013.11.01 16:45:09 1: Including fhem.cfg
2013.11.01 16:45:10 3: telnetPort: port 7072 opened
2013.11.01 16:45:10 3: WEB: port 8083 opened
2013.11.01 16:45:10 3: WEBphone: port 8084 opened
2013.11.01 16:45:10 3: WEBtablet: port 8085 opened
2013.11.01 16:45:11 3: Opening CUL_0 device /dev/ttyACM0
2013.11.01 16:45:12 3: Setting CUL_0 baudrate to 9600
2013.11.01 16:45:12 3: CUL_0 device opened
2013.11.01 16:45:12 3: CUL_0: Possible commands: BCFiAZEGMRTVWXefmltux
2013.11.01 16:45:12 1: Including ./log/fhem.save
2013.11.01 16:45:12 1: statefile: Please define CUL_1 first
2013.11.01 16:45:12 1: usb create starting
2013.11.01 16:45:16 3: Opening CUL device /dev/ttyACM1
2013.11.01 16:45:16 3: Setting CUL baudrate to 9600
2013.11.01 16:45:16 3: CUL device opened
2013.11.01 16:45:16 1: define CUL_1 CUL /dev/ttyACM1@9600 1134
2013.11.01 16:45:16 3: Opening CUL_1 device /dev/ttyACM1
2013.11.01 16:45:16 3: Setting CUL_1 baudrate to 9600
2013.11.01 16:45:16 3: CUL_1 device opened
2013.11.01 16:45:16 3: CUL_1: Possible commands: BCFiAZEGMRTVWXefmltux
2013.11.01 16:45:16 3: Opening CUL device /dev/ttyAMA0
2013.11.01 16:45:16 3: Can't open /dev/ttyAMA0: Permission denied
2013.11.01 16:45:16 1: usb create end
2013.11.01 16:45:16 2: SecurityCheck:  WEB,WEBphone,WEBtablet has no basicAuth attribute. telnetPort has no password/globalpassword attribute.  Restart fhem for a new check if the problem is fixed, or set the global attribute motd to none to supress this message. 
2013.11.01 16:45:16 0: Server started with 13 defined entities (version Fhem 5.4 (DEVELOPMENT), $Id: fhem.pl 3008 2013-04-01 11:19:27Z rudolfkoenig $, pid 2616)
2013.11.01 16:47:20 0: Server shutdown
2013.11.01 16:47:24 1: Including fhem.cfg
2013.11.01 16:47:25 3: telnetPort: port 7072 opened
2013.11.01 16:47:26 1: reload: Error:Modul 01_FHEMWEB deactivated:
 syntax error at ./FHEM/01_FHEMWEB.pm line 548, near "FW_p0 "<script type=\"text/javascript\">alert('hey!');</script>""

2013.11.01 16:47:26 0: syntax error at ./FHEM/01_FHEMWEB.pm line 548, near "FW_p0 "<script type=\"text/javascript\">alert('hey!');</script>""

2013.11.01 16:47:26 3: Please define WEB first
2013.11.01 16:47:27 1: reload: Error:Modul 01_FHEMWEB deactivated:
 syntax error at ./FHEM/01_FHEMWEB.pm line 548, near "FW_p0 "<script type=\"text/javascript\">alert('hey!');</script>""

2013.11.01 16:47:27 0: syntax error at ./FHEM/01_FHEMWEB.pm line 548, near "FW_p0 "<script type=\"text/javascript\">alert('hey!');</script>""

2013.11.01 16:47:27 3: Please define WEBphone first
2013.11.01 16:47:28 1: reload: Error:Modul 01_FHEMWEB deactivated:
 syntax error at ./FHEM/01_FHEMWEB.pm line 548, near "FW_p0 "<script type=\"text/javascript\">alert('hey!');</script>""

2013.11.01 16:47:28 0: syntax error at ./FHEM/01_FHEMWEB.pm line 548, near "FW_p0 "<script type=\"text/javascript\">alert('hey!');</script>""

2013.11.01 16:47:28 3: Please define WEBtablet first
2013.11.01 16:47:29 3: Opening CUL_0 device /dev/ttyACM0
2013.11.01 16:47:30 3: Setting CUL_0 baudrate to 9600
2013.11.01 16:47:30 3: CUL_0 device opened
2013.11.01 16:47:30 3: CUL_0: Possible commands: BCFiAZEGMRTVWXefmltux
2013.11.01 16:47:30 1: configfile: Cannot load module FHEMWEB
Please define WEB first
Cannot load module FHEMWEB
Please define WEBphone first
Cannot load module FHEMWEB
Please define WEBtablet first
2013.11.01 16:47:30 1: Including ./log/fhem.save
2013.11.01 16:47:30 1: statefile: Please define CUL_1 first
2013.11.01 16:47:30 1: usb create starting
2013.11.01 16:47:32 3: Opening CUL device /dev/ttyACM1
2013.11.01 16:47:32 3: Setting CUL baudrate to 9600
2013.11.01 16:47:32 3: CUL device opened
2013.11.01 16:47:32 1: define CUL_1 CUL /dev/ttyACM1@9600 1134
2013.11.01 16:47:32 3: Opening CUL_1 device /dev/ttyACM1
2013.11.01 16:47:32 3: Setting CUL_1 baudrate to 9600
2013.11.01 16:47:32 3: CUL_1 device opened
2013.11.01 16:47:32 3: CUL_1: Possible commands: BCFiAZEGMRTVWXefmltux
2013.11.01 16:47:32 3: Opening CUL device /dev/ttyAMA0
2013.11.01 16:47:32 3: Can't open /dev/ttyAMA0: Permission denied
2013.11.01 16:47:32 1: usb create end
2013.11.01 16:47:32 2: SecurityCheck:  telnetPort has no password/globalpassword attribute.  Restart fhem for a new check if the problem is fixed, or set the global attribute motd to none to supress this message. 
2013.11.01 16:47:32 0: Server started with 10 defined entities (version Fhem 5.4 (DEVELOPMENT), $Id: fhem.pl 3008 2013-04-01 11:19:27Z rudolfkoenig $, pid 2623)
2013.11.01 16:48:43 1: Including fhem.cfg
2013.11.01 16:48:44 1: telnetPort: Can't open server port at 7072: Address already in use. Exiting.
2013.11.01 16:49:02 0: Server shutdown
2013.11.01 16:49:06 1: Including fhem.cfg
2013.11.01 16:49:07 3: telnetPort: port 7072 opened
2013.11.01 16:49:08 1: reload: Error:Modul 01_FHEMWEB deactivated:
 syntax error at ./FHEM/01_FHEMWEB.pm line 548, near "FW_p0 "<script type=\"text/javascript\">alert(\"hey!\");</script>""

2013.11.01 16:49:08 0: syntax error at ./FHEM/01_FHEMWEB.pm line 548, near "FW_p0 "<script type=\"text/javascript\">alert(\"hey!\");</script>""

2013.11.01 16:49:08 3: Please define WEB first
2013.11.01 16:49:10 1: reload: Error:Modul 01_FHEMWEB deactivated:
 syntax error at ./FHEM/01_FHEMWEB.pm line 548, near "FW_p0 "<script type=\"text/javascript\">alert(\"hey!\");</script>""

2013.11.01 16:49:10 0: syntax error at ./FHEM/01_FHEMWEB.pm line 548, near "FW_p0 "<script type=\"text/javascript\">alert(\"hey!\");</script>""

2013.11.01 16:49:10 3: Please define WEBphone first
2013.11.01 16:49:11 1: reload: Error:Modul 01_FHEMWEB deactivated:
 syntax error at ./FHEM/01_FHEMWEB.pm line 548, near "FW_p0 "<script type=\"text/javascript\">alert(\"hey!\");</script>""

2013.11.01 16:49:11 0: syntax error at ./FHEM/01_FHEMWEB.pm line 548, near "FW_p0 "<script type=\"text/javascript\">alert(\"hey!\");</script>""

2013.11.01 16:49:11 3: Please define WEBtablet first
2013.11.01 16:49:12 3: Opening CUL_0 device /dev/ttyACM0
2013.11.01 16:49:12 3: Setting CUL_0 baudrate to 9600
2013.11.01 16:49:12 3: CUL_0 device opened
2013.11.01 16:49:12 3: CUL_0: Possible commands: BCFiAZEGMRTVWXefmltux
2013.11.01 16:49:13 1: configfile: Cannot load module FHEMWEB
Please define WEB first
Cannot load module FHEMWEB
Please define WEBphone first
Cannot load module FHEMWEB
Please define WEBtablet first
2013.11.01 16:49:13 1: Including ./log/fhem.save
2013.11.01 16:49:13 1: statefile: Please define CUL_1 first
2013.11.01 16:49:13 1: usb create starting
2013.11.01 16:49:14 3: Opening CUL device /dev/ttyACM1
2013.11.01 16:49:14 3: Setting CUL baudrate to 9600
2013.11.01 16:49:14 3: CUL device opened
2013.11.01 16:49:15 1: define CUL_1 CUL /dev/ttyACM1@9600 1134
2013.11.01 16:49:15 3: Opening CUL_1 device /dev/ttyACM1
2013.11.01 16:49:15 3: Setting CUL_1 baudrate to 9600
2013.11.01 16:49:15 3: CUL_1 device opened
2013.11.01 16:49:15 3: CUL_1: Possible commands: BCFiAZEGMRTVWXefmltux
2013.11.01 16:49:15 3: Opening CUL device /dev/ttyAMA0
2013.11.01 16:49:15 3: Can't open /dev/ttyAMA0: Permission denied
2013.11.01 16:49:15 1: usb create end
2013.11.01 16:49:15 2: SecurityCheck:  telnetPort has no password/globalpassword attribute.  Restart fhem for a new check if the problem is fixed, or set the global attribute motd to none to supress this message. 
2013.11.01 16:49:15 0: Server started with 10 defined entities (version Fhem 5.4 (DEVELOPMENT), $Id: fhem.pl 3008 2013-04-01 11:19:27Z rudolfkoenig $, pid 2631)
2013.11.01 16:51:03 0: Server shutdown
2013.11.01 16:51:06 1: Including fhem.cfg
2013.11.01 16:51:08 3: telnetPort: port 7072 opened
2013.11.01 16:51:09 3: WEB: port 8083 opened
2013.11.01 16:51:09 3: WEBphone: port 8084 opened
2013.11.01 16:51:09 3: WEBtablet: port 8085 opened
2013.11.01 16:51:10 3: Opening CUL_0 device /dev/ttyACM0
2013.11.01 16:51:10 3: Setting CUL_0 baudrate to 9600
2013.11.01 16:51:10 3: CUL_0 device opened
2013.11.01 16:51:11 3: CUL_0: Possible commands: BCFiAZEGMRTVWXefmltux
2013.11.01 16:51:11 1: Including ./log/fhem.save
2013.11.01 16:51:11 1: statefile: Please define CUL_1 first
2013.11.01 16:51:11 1: usb create starting
2013.11.01 16:51:13 3: Opening CUL device /dev/ttyACM1
2013.11.01 16:51:13 3: Setting CUL baudrate to 9600
2013.11.01 16:51:13 3: CUL device opened
2013.11.01 16:51:13 1: define CUL_1 CUL /dev/ttyACM1@9600 1134
2013.11.01 16:51:13 3: Opening CUL_1 device /dev/ttyACM1
2013.11.01 16:51:13 3: Setting CUL_1 baudrate to 9600
2013.11.01 16:51:13 3: CUL_1 device opened
2013.11.01 16:51:13 3: CUL_1: Possible commands: BCFiAZEGMRTVWXefmltux
2013.11.01 16:51:13 3: Opening CUL device /dev/ttyAMA0
2013.11.01 16:51:13 3: Can't open /dev/ttyAMA0: Permission denied
2013.11.01 16:51:13 1: usb create end
2013.11.01 16:51:13 2: SecurityCheck:  WEB,WEBphone,WEBtablet has no basicAuth attribute. telnetPort has no password/globalpassword attribute.  Restart fhem for a new check if the problem is fixed, or set the global attribute motd to none to supress this message. 
2013.11.01 16:51:13 0: Server started with 13 defined entities (version Fhem 5.4 (DEVELOPMENT), $Id: fhem.pl 3008 2013-04-01 11:19:27Z rudolfkoenig $, pid 2642)
2013.11.01 17:04:55 0: Server shutdown
2013.11.01 17:04:58 1: Including fhem.cfg
2013.11.01 17:04:59 3: telnetPort: port 7072 opened
2013.11.01 17:05:00 3: WEB: port 8083 opened
2013.11.01 17:05:00 3: WEBphone: port 8084 opened
2013.11.01 17:05:00 3: WEBtablet: port 8085 opened
2013.11.01 17:05:01 3: Opening CUL_0 device /dev/ttyACM0
2013.11.01 17:05:02 3: Setting CUL_0 baudrate to 9600
2013.11.01 17:05:02 3: CUL_0 device opened
2013.11.01 17:05:02 3: CUL_0: Possible commands: BCFiAZEGMRTVWXefmltux
2013.11.01 17:05:03 1: Including ./log/fhem.save
2013.11.01 17:05:03 1: statefile: Please define CUL_1 first
2013.11.01 17:05:03 1: usb create starting
2013.11.01 17:05:05 3: Opening CUL device /dev/ttyACM1
2013.11.01 17:05:05 3: Setting CUL baudrate to 9600
2013.11.01 17:05:05 3: CUL device opened
2013.11.01 17:05:06 1: define CUL_1 CUL /dev/ttyACM1@9600 1134
2013.11.01 17:05:06 3: Opening CUL_1 device /dev/ttyACM1
2013.11.01 17:05:06 3: Setting CUL_1 baudrate to 9600
2013.11.01 17:05:06 3: CUL_1 device opened
2013.11.01 17:05:06 3: CUL_1: Possible commands: BCFiAZEGMRTVWXefmltux
2013.11.01 17:05:06 3: Opening CUL device /dev/ttyAMA0
2013.11.01 17:05:06 3: Can't open /dev/ttyAMA0: Permission denied
2013.11.01 17:05:06 1: usb create end
2013.11.01 17:05:06 2: SecurityCheck:  WEB,WEBphone,WEBtablet has no basicAuth attribute. telnetPort has no password/globalpassword attribute.  Restart fhem for a new check if the problem is fixed, or set the global attribute motd to none to supress this message. 
2013.11.01 17:05:06 0: Server started with 13 defined entities (version Fhem 5.4 (DEVELOPMENT), $Id: fhem.pl 3008 2013-04-01 11:19:27Z rudolfkoenig $, pid 2701)
2013.11.01 17:05:52 0: Server shutdown
2013.11.01 17:05:55 1: Including fhem.cfg
2013.11.01 17:05:56 3: telnetPort: port 7072 opened
2013.11.01 17:05:58 3: WEB: port 8083 opened
2013.11.01 17:05:58 3: WEBphone: port 8084 opened
2013.11.01 17:05:58 3: WEBtablet: port 8085 opened
2013.11.01 17:05:58 3: Opening CUL_0 device /dev/ttyACM0
2013.11.01 17:05:59 3: Setting CUL_0 baudrate to 9600
2013.11.01 17:05:59 3: CUL_0 device opened
2013.11.01 17:05:59 3: CUL_0: Possible commands: BCFiAZEGMRTVWXefmltux
2013.11.01 17:05:59 1: Including ./log/fhem.save
2013.11.01 17:05:59 1: statefile: Please define CUL_1 first
2013.11.01 17:05:59 1: usb create starting
2013.11.01 17:06:01 3: Opening CUL device /dev/ttyACM1
2013.11.01 17:06:01 3: Setting CUL baudrate to 9600
2013.11.01 17:06:01 3: CUL device opened
2013.11.01 17:06:02 1: define CUL_1 CUL /dev/ttyACM1@9600 1134
2013.11.01 17:06:02 3: Opening CUL_1 device /dev/ttyACM1
2013.11.01 17:06:02 3: Setting CUL_1 baudrate to 9600
2013.11.01 17:06:02 3: CUL_1 device opened
2013.11.01 17:06:02 3: CUL_1: Possible commands: BCFiAZEGMRTVWXefmltux
2013.11.01 17:06:02 3: Opening CUL device /dev/ttyAMA0
2013.11.01 17:06:02 3: Can't open /dev/ttyAMA0: Permission denied
2013.11.01 17:06:02 1: usb create end
2013.11.01 17:06:02 2: SecurityCheck:  WEB,WEBphone,WEBtablet has no basicAuth attribute. telnetPort has no password/globalpassword attribute.  Restart fhem for a new check if the problem is fixed, or set the global attribute motd to none to supress this message. 
2013.11.01 17:06:02 0: Server started with 13 defined entities (version Fhem 5.4 (DEVELOPMENT), $Id: fhem.pl 3008 2013-04-01 11:19:27Z rudolfkoenig $, pid 2709)
2013.11.01 17:06:59 0: Server shutdown
2013.11.01 17:07:02 1: Including fhem.cfg
2013.11.01 17:07:03 3: telnetPort: port 7072 opened
2013.11.01 17:07:04 3: WEB: port 8083 opened
2013.11.01 17:07:04 3: WEBphone: port 8084 opened
2013.11.01 17:07:04 3: WEBtablet: port 8085 opened
2013.11.01 17:07:06 3: Opening CUL_0 device /dev/ttyACM0
2013.11.01 17:07:06 3: Setting CUL_0 baudrate to 9600
2013.11.01 17:07:06 3: CUL_0 device opened
2013.11.01 17:07:07 3: CUL_0: Possible commands: BCFiAZEGMRTVWXefmltux
2013.11.01 17:07:07 1: Including ./log/fhem.save
2013.11.01 17:07:07 1: statefile: Please define CUL_1 first
2013.11.01 17:07:07 1: usb create starting
2013.11.01 17:07:08 3: Opening CUL device /dev/ttyACM1
2013.11.01 17:07:08 3: Setting CUL baudrate to 9600
2013.11.01 17:07:09 3: CUL device opened
2013.11.01 17:07:09 1: define CUL_1 CUL /dev/ttyACM1@9600 1134
2013.11.01 17:07:09 3: Opening CUL_1 device /dev/ttyACM1
2013.11.01 17:07:09 3: Setting CUL_1 baudrate to 9600
2013.11.01 17:07:09 3: CUL_1 device opened
2013.11.01 17:07:09 3: CUL_1: Possible commands: BCFiAZEGMRTVWXefmltux
2013.11.01 17:07:09 3: Opening CUL device /dev/ttyAMA0
2013.11.01 17:07:09 3: Can't open /dev/ttyAMA0: Permission denied
2013.11.01 17:07:09 1: usb create end
2013.11.01 17:07:09 2: SecurityCheck:  WEB,WEBphone,WEBtablet has no basicAuth attribute. telnetPort has no password/globalpassword attribute.  Restart fhem for a new check if the problem is fixed, or set the global attribute motd to none to supress this message. 
2013.11.01 17:07:09 0: Server started with 13 defined entities (version Fhem 5.4 (DEVELOPMENT), $Id: fhem.pl 3008 2013-04-01 11:19:27Z rudolfkoenig $, pid 2716)
2013.11.01 17:29:46 0: Server shutdown
2013.11.02 19:58:27 1: Including fhem.cfg
2013.11.02 19:58:28 3: telnetPort: port 7072 opened
2013.11.02 19:58:29 3: WEB: port 8083 opened
2013.11.02 19:58:29 3: WEBphone: port 8084 opened
2013.11.02 19:58:29 3: WEBtablet: port 8085 opened
2013.11.02 19:58:31 3: Opening CUL_0 device /dev/ttyACM0
2013.11.02 19:58:31 3: Setting CUL_0 baudrate to 9600
2013.11.02 19:58:31 3: CUL_0 device opened
2013.11.02 19:58:31 3: CUL_0: Possible commands: BCFiAZEGMRTVWXefmltux
2013.11.02 19:58:31 2: Setting CUL fhtid from 1134 to 1034
2013.11.02 19:58:32 1: Including ./log/fhem.save
2013.11.02 19:58:32 1: statefile: Please define CUL_1 first
2013.11.02 19:58:32 1: usb create starting
2013.11.02 19:58:36 3: Opening CUL device /dev/ttyACM1
2013.11.02 19:58:36 3: Setting CUL baudrate to 9600
2013.11.02 19:58:36 3: CUL device opened
2013.11.02 19:58:36 1: define CUL_1 CUL /dev/ttyACM1@9600 1134
2013.11.02 19:58:36 3: Opening CUL_1 device /dev/ttyACM1
2013.11.02 19:58:36 3: Setting CUL_1 baudrate to 9600
2013.11.02 19:58:36 3: CUL_1 device opened
2013.11.02 19:58:37 3: CUL_1: Possible commands: BCFiAZEGMRTVWXefmltux
2013.11.02 19:58:37 2: Setting CUL fhtid from 1034 to 1134
2013.11.02 19:58:37 3: Opening CUL device /dev/ttyAMA0
2013.11.02 19:58:37 3: Can't open /dev/ttyAMA0: Permission denied
2013.11.02 19:58:37 1: usb create end
2013.11.02 19:58:37 2: SecurityCheck:  WEB,WEBphone,WEBtablet has no basicAuth attribute. telnetPort has no password/globalpassword attribute.  Restart fhem for a new check if the problem is fixed, or set the global attribute motd to none to supress this message. 
2013.11.02 19:58:37 0: Server started with 13 defined entities (version Fhem 5.4 (DEVELOPMENT), $Id: fhem.pl 3008 2013-04-01 11:19:27Z rudolfkoenig $, pid 2281)
2013.11.02 20:18:58 0: Server shutdown
2013.11.02 20:29:37 1: Including ./fhem.cfg
2013.11.02 20:29:37 3: telnetPort: port 7072 opened
2013.11.02 20:29:38 3: WEB: port 8083 opened
2013.11.02 20:29:38 3: WEBphone: port 8084 opened
2013.11.02 20:29:38 3: WEBtablet: port 8085 opened
2013.11.02 20:29:38 3: Opening CUL_0 device /dev/ttyACM0
2013.11.02 20:29:39 3: Setting CUL_0 baudrate to 9600
2013.11.02 20:29:39 3: CUL_0 device opened
2013.11.02 20:29:39 3: CUL_0: Possible commands: BCFiAZEGMRTVWXefmltux
2013.11.02 20:29:39 1: Including ./log/fhem.save
2013.11.02 20:29:39 1: statefile: Please define CUL_1 first
2013.11.02 20:29:39 1: usb create starting
2013.11.02 20:29:41 3: Opening CUL device /dev/ttyACM1
2013.11.02 20:29:41 3: Setting CUL baudrate to 9600
2013.11.02 20:29:41 3: CUL device opened
2013.11.02 20:29:41 1: define CUL_1 CUL /dev/ttyACM1@9600 1134
2013.11.02 20:29:41 3: Opening CUL_1 device /dev/ttyACM1
2013.11.02 20:29:41 3: Setting CUL_1 baudrate to 9600
2013.11.02 20:29:41 3: CUL_1 device opened
2013.11.02 20:29:42 3: CUL_1: Possible commands: BCFiAZEGMRTVWXefmltux
2013.11.02 20:29:42 3: Opening CUL device /dev/ttyAMA0
2013.11.02 20:29:42 3: Can't open /dev/ttyAMA0: Permission denied
2013.11.02 20:29:42 1: usb create end
2013.11.02 20:29:42 2: SecurityCheck:  WEB,WEBphone,WEBtablet has no basicAuth attribute. telnetPort has no password/globalpassword attribute.  Restart fhem for a new check if the problem is fixed, or set the global attribute motd to none to supress this message. 
2013.11.02 20:29:42 0: Server started with 13 defined entities (version Fhem 5.4 (DEVELOPMENT), $Id: fhem.pl 3008 2013-04-01 11:19:27Z rudolfkoenig $, pid 2383)
2013.11.03 15:18:57 0: Server shutdown
2013.11.05 17:00:10 1: Including fhem.cfg
2013.11.05 17:00:11 3: telnetPort: port 7072 opened
2013.11.05 17:00:13 3: WEB: port 8083 opened
2013.11.05 17:00:13 3: WEBphone: port 8084 opened
2013.11.05 17:00:13 3: WEBtablet: port 8085 opened
2013.11.05 17:00:14 3: Opening CUL_0 device /dev/ttyACM0
2013.11.05 17:00:15 3: Setting CUL_0 baudrate to 9600
2013.11.05 17:00:15 3: CUL_0 device opened
2013.11.05 17:00:15 3: CUL_0: Possible commands: BCFiAZEGMRTVWXefmltux
2013.11.05 17:00:15 2: Setting CUL fhtid from 1134 to 1034
2013.11.05 17:00:15 1: Including ./log/fhem.save
2013.11.05 17:00:16 1: statefile: Please define CUL_1 first
2013.11.05 17:00:16 1: usb create starting
2013.11.05 17:00:21 1: Including fhem.cfg
2013.11.05 17:00:23 3: Opening CUL device /dev/ttyACM1
2013.11.05 17:00:23 3: Setting CUL baudrate to 9600
2013.11.05 17:00:23 3: CUL device opened
2013.11.05 17:00:23 1: define CUL_1 CUL /dev/ttyACM1@9600 1134
2013.11.05 17:00:23 3: Opening CUL_1 device /dev/ttyACM1
2013.11.05 17:00:23 3: Setting CUL_1 baudrate to 9600
2013.11.05 17:00:23 3: CUL_1 device opened
2013.11.05 17:00:23 3: CUL_1: Possible commands: BCFiAZEGMRTVWXefmltux
2013.11.05 17:00:23 2: Setting CUL fhtid from 1034 to 1134
2013.11.05 17:00:23 3: Opening CUL device /dev/ttyAMA0
2013.11.05 17:00:23 3: Can't open /dev/ttyAMA0: Permission denied
2013.11.05 17:00:23 1: usb create end
2013.11.05 17:00:23 2: SecurityCheck:  WEB,WEBphone,WEBtablet has no basicAuth attribute. telnetPort has no password/globalpassword attribute.  Restart fhem for a new check if the problem is fixed, or set the global attribute motd to none to supress this message. 
2013.11.05 17:00:23 0: Server started with 13 defined entities (version Fhem 5.4 (DEVELOPMENT), $Id: fhem.pl 3008 2013-04-01 11:19:27Z rudolfkoenig $, pid 2321)
2013.11.05 17:00:24 1: telnetPort: Can't open server port at 7072: Address already in use. Exiting.
2013.11.05 21:55:14 0: Server shutdown
2013.11.17 19:51:39 1: Including fhem.cfg
2013.11.17 19:51:41 3: telnetPort: port 7072 opened
2013.11.17 19:51:45 3: WEB: port 8083 opened
2013.11.17 19:51:45 3: WEBphone: port 8084 opened
2013.11.17 19:51:45 3: WEBtablet: port 8085 opened
2013.11.17 19:51:47 3: Opening CUL_0 device /dev/ttyACM0
2013.11.17 19:51:48 3: Setting CUL_0 baudrate to 9600
2013.11.17 19:51:48 3: CUL_0 device opened
2013.11.17 19:51:48 3: CUL_0: Possible commands: BCFiAZEGMRTVWXefmltux
2013.11.17 19:51:48 1: Including ./log/fhem.save
2013.11.17 19:51:48 1: statefile: Please define CUL_1 first
2013.11.17 19:51:48 1: usb create starting
2013.11.17 19:51:55 3: Opening CUL device /dev/ttyACM1
2013.11.17 19:51:55 3: Setting CUL baudrate to 9600
2013.11.17 19:51:55 3: CUL device opened
2013.11.17 19:51:55 1: define CUL_1 CUL /dev/ttyACM1@9600 1134
2013.11.17 19:51:55 3: Opening CUL_1 device /dev/ttyACM1
2013.11.17 19:51:55 3: Setting CUL_1 baudrate to 9600
2013.11.17 19:51:55 3: CUL_1 device opened
2013.11.17 19:51:55 3: CUL_1: Possible commands: BCFiAZEGMRTVWXefmltux
2013.11.17 19:51:55 3: Opening CUL device /dev/ttyAMA0
2013.11.17 19:51:55 3: Can't open /dev/ttyAMA0: Permission denied
2013.11.17 19:51:55 1: usb create end
2013.11.17 19:51:56 2: SecurityCheck:  WEB,WEBphone,WEBtablet has no basicAuth attribute. telnetPort has no password/globalpassword attribute.  Restart fhem for a new check if the problem is fixed, or set the global attribute motd to none to supress this message. 
2013.11.17 19:51:56 0: Server started with 13 defined entities (version Fhem 5.4 (DEVELOPMENT), $Id: fhem.pl 3008 2013-04-01 11:19:27Z rudolfkoenig $, pid 2904)
2013.11.17 21:24:52 0: Server shutdown
