2015.06.05 00:05:00 3: at_newday_0005: Tageswechsel PCA301 Steckdosen, consumption=0
2015.06.05 05:05:00 2: at_Status_send_0505_etc: 05:00 eMail FHEM Statusreport
2015.06.05 05:05:00 2: messenger set HA_eMail_Holger clear
2015.06.05 05:05:00 2: messenger set HA_eMail_Holger add <pre><span style='font-size:150%'><font color='Maroon'><b><u>Hausautomation Status vom</u>: 05.06.2015</b></font>
2015.06.05 05:05:00 2: messenger set HA_eMail_Holger add __Sonnenaufgang: <b>04:13:36</b>
2015.06.05 05:05:00 2: messenger set HA_eMail_Holger add Sonnenuntergang: <b>22:03:48</b>
2015.06.05 05:05:00 2: HA_Macro_eMail: Sysmon Werte zu eMail hinzufuegen
2015.06.05 05:05:00 2: messenger set HA_eMail_Holger add
2015.06.05 05:05:00 2: messenger set HA_eMail_Holger add <font color='Maroon'><u>Sysmon Report__</u>: <b>RPi1</b></font>
2015.06.05 05:05:00 2: messenger set HA_eMail_Holger add Host Laufzeit__: <b>0 days, 07 hours, 37 minutes</b>
2015.06.05 05:05:00 2: messenger set HA_eMail_Holger add FHEM Laufzeit__: <b>0 days, 07 hours, 36 minutes</b>
2015.06.05 05:05:00 2: messenger set HA_eMail_Holger add CPU Auslastung_: <b>user: 12.41 %, nice: 0.00 %, sys: 1.75 %, idle: 84.01 %, io: 0.08 %, irq: 0.00 %, sirq: 1.75 %</b>
2015.06.05 05:05:00 2: messenger set HA_eMail_Holger add CPU Temperatur_: <b><font color='red'>48.7</font></b>°C
2015.06.05 05:05:00 3: HA_Macro_eMail return value: Undefined subroutine &main::Sysmon_FS_use called at (eval 20005) line 15.

2015.06.05 05:05:00 2: HA_Macro_eMail: Photovoltaik Werte zu eMail hinzufuegen
2015.06.05 05:05:00 2: messenger set HA_eMail_Holger add
2015.06.05 05:05:00 2: messenger set HA_eMail_Holger add <font color='Maroon'><u>Photovoltaik</u>: <b>Zaehlerstaende</b></font>
2015.06.05 05:05:00 2: messenger set HA_eMail_Holger add Erzeugung__: n/a
2015.06.05 05:05:00 2: messenger set HA_eMail_Holger add Einspeisung: n/a
2015.06.05 05:05:01 2: messenger set HA_eMail_Holger add Bezug______: n/a
2015.06.05 05:05:01 2: messenger set HA_eMail_Holger add
2015.06.05 05:05:01 2: messenger set HA_eMail_Holger add <font color='Maroon'><u>Photovoltaik</u>: <b>Gestern</b></font>
2015.06.05 05:05:01 2: messenger set HA_eMail_Holger add Erzeugung_____: <b>25.8 kWh</b>
2015.06.05 05:05:01 2: messenger set HA_eMail_Holger add Einspeisung___: <b>24.3 kWh</b>
2015.06.05 05:05:01 2: messenger set HA_eMail_Holger add Eigenverbrauch: <b>1.5 kWh</b>
2015.06.05 05:05:01 2: messenger set HA_eMail_Holger add Bezug_________: <b>6.8 kWh</b>
2015.06.05 05:05:01 2: HA_Macro_eMail: Werte von PCA301 Steckdosen zu eMail hinzufuegen
2015.06.05 05:05:01 2: messenger set HA_eMail_Holger add
2015.06.05 05:05:01 2: messenger set HA_eMail_Holger add <font color='Maroon'><u>Verbrauch Steckdosen</u>: <b>PCA301</b></font>
2015.06.05 05:05:01 2: messenger set HA_eMail_Holger add Steckdose 01: Kuehlschrank, Verbrauch: <b>1.15 kWh</b>
2015.06.05 05:05:01 2: messenger set HA_eMail_Holger add </span></pre>
2015.06.05 05:05:01 3: HA_Macro_eMail: FHEM Status-eMail senden
2015.06.05 05:05:03 3: HA_eMail_Holger: try to connect with Net::SMTP::SSL
2015.06.05 05:05:05 1: HA_eMail_Holger: successfully sent email w/ subject 'FHEM Status report'
2015.06.05 05:05:05 2: messenger set HA_eMail_Holger send HA_eMail_Holger
2015.06.05 05:05:05 2: HA_Macro_eMail: FHEM Status-eMail senden
2015.06.05 05:05:05 2: messenger set HA_eMail_Holger clear
2015.06.05 05:05:05 2: at_Status_send_0505_etc: 05:00 eMail FHEM Statusreport senden
2015.06.05 05:05:05 1: PERL WARNING: Missing argument in sprintf at ./FHEM/98_Modbus.pm line 348, <DATA> line 1000.
2015.06.05 05:05:05 1: PERL WARNING: Invalid conversion in sprintf: end of string at ./FHEM/98_Modbus.pm line 348, <DATA> line 1000.
2015.06.05 05:05:05 1: PERL WARNING: Use of uninitialized value $hour in addition (+) at ./FHEM/99_Lipo_Zeit.pm line 301, <DATA> line 1000.
2015.06.05 05:05:05 1: PERL WARNING: Use of uninitialized value $year in addition (+) at ./FHEM/99_Lipo_Zeit.pm line 301, <DATA> line 1000.
2015.06.05 05:05:05 1: PERL WARNING: Use of uninitialized value in subroutine entry at ./FHEM/99_Lipo_Zeit.pm line 301, <DATA> line 1000.
2015.06.05 07:24:55 1: PERL WARNING: Argument "<b><font color='green'>-2.7</font></b>" isn't numeric in numeric gt (>) at ./FHEM/99_Lipo_email.pm line 59.
2015.06.05 07:25:59 1: PERL WARNING: Argument "<b><font color='green'>-7.3</font></b>" isn't numeric in numeric gt (>) at ./FHEM/99_Lipo_email.pm line 59.
2015.06.05 07:26:56 1: PERL WARNING: Argument "<b><font color='green'>-8.9</font></b>" isn't numeric in numeric gt (>) at ./FHEM/99_Lipo_email.pm line 59.
2015.06.05 07:27:59 1: PERL WARNING: Argument "<b><font color='green'>-8.1</font></b>" isn't numeric in numeric gt (>) at ./FHEM/99_Lipo_email.pm line 59.
2015.06.05 07:28:54 1: PERL WARNING: Argument "<b><font color='green'>-11.0</font></b>" isn't numeric in numeric gt (>) at ./FHEM/99_Lipo_email.pm line 59.
2015.06.05 07:29:58 1: PERL WARNING: Argument "<b><font color='green'>-13.4</font></b>" isn't numeric in numeric gt (>) at ./FHEM/99_Lipo_email.pm line 59.
2015.06.05 07:30:56 1: PERL WARNING: Argument "<b><font color='green'>-13.2</font></b>" isn't numeric in numeric gt (>) at ./FHEM/99_Lipo_email.pm line 59.
2015.06.05 07:32:00 1: PERL WARNING: Argument "<b><font color='green'>-14.4</font></b>" isn't numeric in numeric gt (>) at ./FHEM/99_Lipo_email.pm line 59.
2015.06.05 07:32:56 1: PERL WARNING: Argument "<b><font color='green'>-19.0</font></b>" isn't numeric in numeric gt (>) at ./FHEM/99_Lipo_email.pm line 59.
2015.06.05 07:33:59 1: PERL WARNING: Argument "<b><font color='green'>-17.7</font></b>" isn't numeric in numeric gt (>) at ./FHEM/99_Lipo_email.pm line 59.
2015.06.05 07:34:55 1: PERL WARNING: Argument "<b><font color='green'>-17.4</font></b>" isn't numeric in numeric gt (>) at ./FHEM/99_Lipo_email.pm line 59.
2015.06.05 07:35:59 1: PERL WARNING: Argument "<b><font color='green'>-19.3</font></b>" isn't numeric in numeric gt (>) at ./FHEM/99_Lipo_email.pm line 59.
2015.06.05 07:36:56 1: PERL WARNING: Argument "<b><font color='green'>-16.7</font></b>" isn't numeric in numeric gt (>) at ./FHEM/99_Lipo_email.pm line 59.
2015.06.05 07:37:58 1: PERL WARNING: Argument "<b><font color='green'>-20.1</font></b>" isn't numeric in numeric gt (>) at ./FHEM/99_Lipo_email.pm line 59.
2015.06.05 07:38:56 1: PERL WARNING: Argument "<b><font color='green'>-25.6</font></b>" isn't numeric in numeric gt (>) at ./FHEM/99_Lipo_email.pm line 59.
2015.06.05 07:39:58 1: PERL WARNING: Argument "<b><font color='green'>-22.9</font></b>" isn't numeric in numeric gt (>) at ./FHEM/99_Lipo_email.pm line 59.
2015.06.05 07:40:55 1: PERL WARNING: Argument "<b><font color='green'>-25.9</font></b>" isn't numeric in numeric gt (>) at ./FHEM/99_Lipo_email.pm line 59.
2015.06.05 07:42:56 1: PERL WARNING: Argument "<b><font color='green'>-25.2</font></b>" isn't numeric in numeric gt (>) at ./FHEM/99_Lipo_email.pm line 59.
2015.06.05 07:43:58 1: PERL WARNING: Argument "<b><font color='green'>-28.0</font></b>" isn't numeric in numeric gt (>) at ./FHEM/99_Lipo_email.pm line 59.
2015.06.05 07:44:56 1: PERL WARNING: Argument "<b><font color='green'>-29.9</font></b>" isn't numeric in numeric gt (>) at ./FHEM/99_Lipo_email.pm line 59.
2015.06.05 07:46:00 1: PERL WARNING: Argument "<b><font color='green'>-31.7</font></b>" isn't numeric in numeric gt (>) at ./FHEM/99_Lipo_email.pm line 59.
2015.06.05 07:46:55 1: PERL WARNING: Argument "<b><font color='green'>-32.7</font></b>" isn't numeric in numeric gt (>) at ./FHEM/99_Lipo_email.pm line 59.
2015.06.05 07:47:58 1: PERL WARNING: Argument "<b><font color='green'>-29.3</font></b>" isn't numeric in numeric gt (>) at ./FHEM/99_Lipo_email.pm line 59.
2015.06.05 07:48:56 1: PERL WARNING: Argument "<b><font color='green'>-35.5</font></b>" isn't numeric in numeric gt (>) at ./FHEM/99_Lipo_email.pm line 59.
2015.06.05 07:49:57 1: PERL WARNING: Argument "<b><font color='green'>-37.6</font></b>" isn't numeric in numeric gt (>) at ./FHEM/99_Lipo_email.pm line 59.
2015.06.05 07:50:56 1: PERL WARNING: Argument "<b><font color='green'>-36.1</font></b>" isn't numeric in numeric gt (>) at ./FHEM/99_Lipo_email.pm line 59.
2015.06.05 07:51:57 1: PERL WARNING: Argument "<b><font color='green'>-36.6</font></b>" isn't numeric in numeric gt (>) at ./FHEM/99_Lipo_email.pm line 59.
2015.06.05 07:52:55 1: PERL WARNING: Argument "<b><font color='green'>-42.3</font></b>" isn't numeric in numeric gt (>) at ./FHEM/99_Lipo_email.pm line 59.
2015.06.05 07:53:58 1: PERL WARNING: Argument "<b><font color='green'>-48.8</font></b>" isn't numeric in numeric gt (>) at ./FHEM/99_Lipo_email.pm line 59.
2015.06.05 07:54:56 1: PERL WARNING: Argument "<b><font color='green'>-45.3</font></b>" isn't numeric in numeric gt (>) at ./FHEM/99_Lipo_email.pm line 59.
2015.06.05 07:55:58 1: PERL WARNING: Argument "<b><font color='green'>-47.5</font></b>" isn't numeric in numeric gt (>) at ./FHEM/99_Lipo_email.pm line 59.
2015.06.05 07:56:56 1: PERL WARNING: Argument "<b><font color='green'>-46.4</font></b>" isn't numeric in numeric gt (>) at ./FHEM/99_Lipo_email.pm line 59.
2015.06.05 07:57:58 1: PERL WARNING: Argument "<b><font color='green'>-48.9</font></b>" isn't numeric in numeric gt (>) at ./FHEM/99_Lipo_email.pm line 59.
2015.06.05 07:59:57 1: PERL WARNING: Argument "<b><font color='green'>-54.1</font></b>" isn't numeric in numeric gt (>) at ./FHEM/99_Lipo_email.pm line 59.
2015.06.05 08:00:56 1: PERL WARNING: Argument "<b><font color='green'>-61.6</font></b>" isn't numeric in numeric gt (>) at ./FHEM/99_Lipo_email.pm line 59.
2015.06.05 08:01:58 1: PERL WARNING: Argument "<b><font color='green'>-62.4</font></b>" isn't numeric in numeric gt (>) at ./FHEM/99_Lipo_email.pm line 59.
2015.06.05 08:02:56 1: PERL WARNING: Argument "<b><font color='green'>-66.5</font></b>" isn't numeric in numeric gt (>) at ./FHEM/99_Lipo_email.pm line 59.
2015.06.05 08:03:58 1: PERL WARNING: Argument "<b><font color='green'>-64.2</font></b>" isn't numeric in numeric gt (>) at ./FHEM/99_Lipo_email.pm line 59.
2015.06.05 08:04:55 1: PERL WARNING: Argument "<b><font color='green'>-73.2</font></b>" isn't numeric in numeric gt (>) at ./FHEM/99_Lipo_email.pm line 59.
2015.06.05 08:05:58 1: PERL WARNING: Argument "<b><font color='green'>-103.3</font></b>" isn't numeric in numeric gt (>) at ./FHEM/99_Lipo_email.pm line 59.
2015.06.05 08:06:56 1: PERL WARNING: Argument "<b><font color='green'>-235.8</font></b>" isn't numeric in numeric gt (>) at ./FHEM/99_Lipo_email.pm line 59.
2015.06.05 08:07:57 1: PERL WARNING: Argument "<b><font color='green'>-384.9</font></b>" isn't numeric in numeric gt (>) at ./FHEM/99_Lipo_email.pm line 59.
2015.06.05 08:08:56 1: PERL WARNING: Argument "<b><font color='green'>-481.2</font></b>" isn't numeric in numeric gt (>) at ./FHEM/99_Lipo_email.pm line 59.
2015.06.05 08:09:56 1: PERL WARNING: Argument "<b><font color='green'>-521.5</font></b>" isn't numeric in numeric gt (>) at ./FHEM/99_Lipo_email.pm line 59.
2015.06.05 08:10:55 1: PERL WARNING: Argument "<b><font color='green'>-537.5</font></b>" isn't numeric in numeric gt (>) at ./FHEM/99_Lipo_email.pm line 59.
2015.06.05 08:11:57 1: PERL WARNING: Argument "<b><font color='green'>-514.9</font></b>" isn't numeric in numeric gt (>) at ./FHEM/99_Lipo_email.pm line 59.
2015.06.05 08:12:56 1: PERL WARNING: Argument "<b><font color='green'>-508.0</font></b>" isn't numeric in numeric gt (>) at ./FHEM/99_Lipo_email.pm line 59.
2015.06.05 08:13:57 1: PERL WARNING: Argument "<b><font color='green'>-528.9</font></b>" isn't numeric in numeric gt (>) at ./FHEM/99_Lipo_email.pm line 59.
2015.06.05 08:14:56 1: PERL WARNING: Argument "<b><font color='green'>-532.8</font></b>" isn't numeric in numeric gt (>) at ./FHEM/99_Lipo_email.pm line 59.
2015.06.05 08:15:57 1: PERL WARNING: Argument "<b><font color='green'>-541.1</font></b>" isn't numeric in numeric gt (>) at ./FHEM/99_Lipo_email.pm line 59.
2015.06.05 08:16:55 1: PERL WARNING: Argument "<b><font color='green'>-554.9</font></b>" isn't numeric in numeric gt (>) at ./FHEM/99_Lipo_email.pm line 59.
2015.06.05 08:17:57 1: PERL WARNING: Argument "<b><font color='green'>-575.7</font></b>" isn't numeric in numeric gt (>) at ./FHEM/99_Lipo_email.pm line 59.
2015.06.05 08:18:56 1: PERL WARNING: Argument "<b><font color='green'>-577.4</font></b>" isn't numeric in numeric gt (>) at ./FHEM/99_Lipo_email.pm line 59.
2015.06.05 08:19:57 1: PERL WARNING: Argument "<b><font color='green'>-589.3</font></b>" isn't numeric in numeric gt (>) at ./FHEM/99_Lipo_email.pm line 59.
2015.06.05 08:20:56 1: PERL WARNING: Argument "<b><font color='green'>-597.4</font></b>" isn't numeric in numeric gt (>) at ./FHEM/99_Lipo_email.pm line 59.
2015.06.05 08:21:58 1: PERL WARNING: Argument "<b><font color='green'>-506.6</font></b>" isn't numeric in numeric gt (>) at ./FHEM/99_Lipo_email.pm line 59.
2015.06.05 08:22:55 1: PERL WARNING: Argument "<b><font color='green'>-525.6</font></b>" isn't numeric in numeric gt (>) at ./FHEM/99_Lipo_email.pm line 59.
2015.06.05 08:23:56 1: PERL WARNING: Argument "<b><font color='green'>-529.3</font></b>" isn't numeric in numeric gt (>) at ./FHEM/99_Lipo_email.pm line 59.
2015.06.05 08:24:55 1: PERL WARNING: Argument "<b><font color='green'>-545.4</font></b>" isn't numeric in numeric gt (>) at ./FHEM/99_Lipo_email.pm line 59.
2015.06.05 08:25:56 1: PERL WARNING: Argument "<b><font color='green'>-560.5</font></b>" isn't numeric in numeric gt (>) at ./FHEM/99_Lipo_email.pm line 59.
2015.06.05 08:26:57 1: PERL WARNING: Argument "<b><font color='green'>-570.5</font></b>" isn't numeric in numeric gt (>) at ./FHEM/99_Lipo_email.pm line 59.
2015.06.05 08:34:55 1: PERL WARNING: Argument "<b><font color='green'>-493.2</font></b>" isn't numeric in numeric gt (>) at ./FHEM/99_Lipo_email.pm line 59.
2015.06.05 08:35:56 1: PERL WARNING: Argument "<b><font color='green'>-659.6</font></b>" isn't numeric in numeric gt (>) at ./FHEM/99_Lipo_email.pm line 59.
2015.06.05 08:36:56 1: PERL WARNING: Argument "<b><font color='green'>-669.7</font></b>" isn't numeric in numeric gt (>) at ./FHEM/99_Lipo_email.pm line 59.
2015.06.05 08:39:57 1: PERL WARNING: Argument "<b><font color='green'>-698.4</font></b>" isn't numeric in numeric gt (>) at ./FHEM/99_Lipo_email.pm line 59.
2015.06.05 08:53:57 1: PERL WARNING: Argument "<b><font color='green'>-908.2</font></b>" isn't numeric in numeric gt (>) at ./FHEM/99_Lipo_email.pm line 59.
2015.06.05 08:54:57 1: PERL WARNING: Argument "<b><font color='green'>-919.4</font></b>" isn't numeric in numeric gt (>) at ./FHEM/99_Lipo_email.pm line 59.
2015.06.05 08:55:57 1: PERL WARNING: Argument "<b><font color='green'>-926.7</font></b>" isn't numeric in numeric gt (>) at ./FHEM/99_Lipo_email.pm line 59.
2015.06.05 08:56:56 1: PERL WARNING: Argument "<b><font color='green'>-935.7</font></b>" isn't numeric in numeric gt (>) at ./FHEM/99_Lipo_email.pm line 59.
2015.06.05 08:57:58 1: PERL WARNING: Argument "<b><font color='green'>-951.7</font></b>" isn't numeric in numeric gt (>) at ./FHEM/99_Lipo_email.pm line 59.
2015.06.05 08:58:55 1: PERL WARNING: Argument "<b><font color='green'>-951.9</font></b>" isn't numeric in numeric gt (>) at ./FHEM/99_Lipo_email.pm line 59.
2015.06.05 08:59:57 1: PERL WARNING: Argument "<b><font color='green'>-961.0</font></b>" isn't numeric in numeric gt (>) at ./FHEM/99_Lipo_email.pm line 59.
2015.06.05 09:00:58 1: PERL WARNING: Argument "<b><font color='green'>-969.1</font></b>" isn't numeric in numeric gt (>) at ./FHEM/99_Lipo_email.pm line 59.
2015.06.05 09:03:58 1: PERL WARNING: Argument "<b><font color='green'>-995.0</font></b>" isn't numeric in numeric gt (>) at ./FHEM/99_Lipo_email.pm line 59.
2015.06.05 09:04:55 1: PERL WARNING: Argument "<b><font color='green'>-1003.8</font></b>" isn't numeric in numeric gt (>) at ./FHEM/99_Lipo_email.pm line 59.
2015.06.05 09:05:58 1: PERL WARNING: Argument "<b><font color='green'>-1014.1</font></b>" isn't numeric in numeric gt (>) at ./FHEM/99_Lipo_email.pm line 59.
2015.06.05 09:06:57 1: PERL WARNING: Argument "<b><font color='green'>-1028.8</font></b>" isn't numeric in numeric gt (>) at ./FHEM/99_Lipo_email.pm line 59.
2015.06.05 09:07:58 1: PERL WARNING: Argument "<b><font color='green'>-1036.3</font></b>" isn't numeric in numeric gt (>) at ./FHEM/99_Lipo_email.pm line 59.
2015.06.05 09:09:59 1: PERL WARNING: Argument "<b><font color='green'>-1043.1</font></b>" isn't numeric in numeric gt (>) at ./FHEM/99_Lipo_email.pm line 59.
2015.06.05 09:10:55 1: PERL WARNING: Argument "<b><font color='green'>-1059.3</font></b>" isn't numeric in numeric gt (>) at ./FHEM/99_Lipo_email.pm line 59.
2015.06.05 09:11:58 1: PERL WARNING: Argument "<b><font color='green'>-1065.7</font></b>" isn't numeric in numeric gt (>) at ./FHEM/99_Lipo_email.pm line 59.
2015.06.05 09:12:57 1: PERL WARNING: Argument "<b><font color='green'>-1077.7</font></b>" isn't numeric in numeric gt (>) at ./FHEM/99_Lipo_email.pm line 59.
2015.06.05 09:13:58 1: PERL WARNING: Argument "<b><font color='green'>-1086.7</font></b>" isn't numeric in numeric gt (>) at ./FHEM/99_Lipo_email.pm line 59.
2015.06.05 09:14:58 1: PERL WARNING: Argument "<b><font color='green'>-1094.2</font></b>" isn't numeric in numeric gt (>) at ./FHEM/99_Lipo_email.pm line 59.
2015.06.05 09:15:58 1: PERL WARNING: Argument "<b><font color='green'>-1102.2</font></b>" isn't numeric in numeric gt (>) at ./FHEM/99_Lipo_email.pm line 59.
2015.06.05 09:16:55 1: PERL WARNING: Argument "<b><font color='green'>-1113.0</font></b>" isn't numeric in numeric gt (>) at ./FHEM/99_Lipo_email.pm line 59.
2015.06.05 09:17:57 1: PERL WARNING: Argument "<b><font color='green'>-1120.5</font></b>" isn't numeric in numeric gt (>) at ./FHEM/99_Lipo_email.pm line 59.
2015.06.05 09:18:57 1: PERL WARNING: Argument "<b><font color='green'>-1127.5</font></b>" isn't numeric in numeric gt (>) at ./FHEM/99_Lipo_email.pm line 59.
2015.06.05 09:19:58 1: PERL WARNING: Argument "<b><font color='green'>-1134.5</font></b>" isn't numeric in numeric gt (>) at ./FHEM/99_Lipo_email.pm line 59.
2015.06.05 09:20:59 1: PERL WARNING: Argument "<b><font color='green'>-1141.1</font></b>" isn't numeric in numeric gt (>) at ./FHEM/99_Lipo_email.pm line 59.
2015.06.05 09:21:58 1: PERL WARNING: Argument "<b><font color='green'>-1149.4</font></b>" isn't numeric in numeric gt (>) at ./FHEM/99_Lipo_email.pm line 59.
2015.06.05 09:22:57 1: PERL WARNING: Argument "<b><font color='green'>-1155.7</font></b>" isn't numeric in numeric gt (>) at ./FHEM/99_Lipo_email.pm line 59.
2015.06.05 09:23:57 1: PERL WARNING: Argument "<b><font color='green'>-1165.7</font></b>" isn't numeric in numeric gt (>) at ./FHEM/99_Lipo_email.pm line 59.
2015.06.05 09:24:57 1: PERL WARNING: Argument "<b><font color='green'>-1178.7</font></b>" isn't numeric in numeric gt (>) at ./FHEM/99_Lipo_email.pm line 59.
2015.06.05 09:25:59 1: PERL WARNING: Argument "<b><font color='green'>-1186.5</font></b>" isn't numeric in numeric gt (>) at ./FHEM/99_Lipo_email.pm line 59.
2015.06.05 09:26:56 1: PERL WARNING: Argument "<b><font color='green'>-1179.4</font></b>" isn't numeric in numeric gt (>) at ./FHEM/99_Lipo_email.pm line 59.
2015.06.05 09:27:58 1: PERL WARNING: Argument "<b><font color='green'>-1192.8</font></b>" isn't numeric in numeric gt (>) at ./FHEM/99_Lipo_email.pm line 59.
2015.06.05 09:28:55 1: PERL WARNING: Argument "<b><font color='green'>-1207.4</font></b>" isn't numeric in numeric gt (>) at ./FHEM/99_Lipo_email.pm line 59.
2015.06.05 09:29:58 1: PERL WARNING: Argument "<b><font color='green'>-1214.9</font></b>" isn't numeric in numeric gt (>) at ./FHEM/99_Lipo_email.pm line 59.
2015.06.05 09:30:58 1: PERL WARNING: Argument "<b><font color='green'>-1221.9</font></b>" isn't numeric in numeric gt (>) at ./FHEM/99_Lipo_email.pm line 59.
2015.06.05 09:31:57 1: PERL WARNING: Argument "<b><font color='green'>-1233.9</font></b>" isn't numeric in numeric gt (>) at ./FHEM/99_Lipo_email.pm line 59.
2015.06.05 09:32:55 1: PERL WARNING: Argument "<b><font color='green'>-1241.1</font></b>" isn't numeric in numeric gt (>) at ./FHEM/99_Lipo_email.pm line 59.
2015.06.05 09:33:58 1: PERL WARNING: Argument "<b><font color='green'>-1248.4</font></b>" isn't numeric in numeric gt (>) at ./FHEM/99_Lipo_email.pm line 59.
2015.06.05 09:34:55 1: PERL WARNING: Argument "<b><font color='green'>-1253.3</font></b>" isn't numeric in numeric gt (>) at ./FHEM/99_Lipo_email.pm line 59.
2015.06.05 09:35:57 1: PERL WARNING: Argument "<b><font color='green'>-1261.7</font></b>" isn't numeric in numeric gt (>) at ./FHEM/99_Lipo_email.pm line 59.
2015.06.05 09:36:56 1: PERL WARNING: Argument "<b><font color='green'>-1272.0</font></b>" isn't numeric in numeric gt (>) at ./FHEM/99_Lipo_email.pm line 59.
2015.06.05 09:37:58 1: PERL WARNING: Argument "<b><font color='green'>-1276.0</font></b>" isn't numeric in numeric gt (>) at ./FHEM/99_Lipo_email.pm line 59.
2015.06.05 09:38:56 1: PERL WARNING: Argument "<b><font color='green'>-1285.2</font></b>" isn't numeric in numeric gt (>) at ./FHEM/99_Lipo_email.pm line 59.
2015.06.05 09:39:58 1: PERL WARNING: Argument "<b><font color='green'>-1292.8</font></b>" isn't numeric in numeric gt (>) at ./FHEM/99_Lipo_email.pm line 59.
2015.06.05 09:40:55 1: PERL WARNING: Argument "<b><font color='green'>-1301.3</font></b>" isn't numeric in numeric gt (>) at ./FHEM/99_Lipo_email.pm line 59.
2015.06.05 09:41:58 1: PERL WARNING: Argument "<b><font color='green'>-1291.5</font></b>" isn't numeric in numeric gt (>) at ./FHEM/99_Lipo_email.pm line 59.
2015.06.05 09:42:56 1: PERL WARNING: Argument "<b><font color='green'>-1306.8</font></b>" isn't numeric in numeric gt (>) at ./FHEM/99_Lipo_email.pm line 59.
2015.06.05 09:43:58 1: PERL WARNING: Argument "<b><font color='green'>-1321.8</font></b>" isn't numeric in numeric gt (>) at ./FHEM/99_Lipo_email.pm line 59.
2015.06.05 09:44:56 1: PERL WARNING: Argument "<b><font color='green'>-1323.9</font></b>" isn't numeric in numeric gt (>) at ./FHEM/99_Lipo_email.pm line 59.
2015.06.05 09:45:59 1: PERL WARNING: Argument "<b><font color='green'>-1266.1</font></b>" isn't numeric in numeric gt (>) at ./FHEM/99_Lipo_email.pm line 59.
2015.06.05 09:46:56 1: PERL WARNING: Argument "<b><font color='green'>-1338.3</font></b>" isn't numeric in numeric gt (>) at ./FHEM/99_Lipo_email.pm line 59.
2015.06.05 09:47:58 1: PERL WARNING: Argument "<b><font color='green'>-1327.6</font></b>" isn't numeric in numeric gt (>) at ./FHEM/99_Lipo_email.pm line 59.
2015.06.05 09:48:55 1: PERL WARNING: Argument "<b><font color='green'>-1354.2</font></b>" isn't numeric in numeric gt (>) at ./FHEM/99_Lipo_email.pm line 59.
2015.06.05 09:49:58 1: PERL WARNING: Argument "<b><font color='green'>-1360.1</font></b>" isn't numeric in numeric gt (>) at ./FHEM/99_Lipo_email.pm line 59.
2015.06.05 09:50:56 1: PERL WARNING: Argument "<b><font color='green'>-1371.0</font></b>" isn't numeric in numeric gt (>) at ./FHEM/99_Lipo_email.pm line 59.
2015.06.05 09:51:59 1: PERL WARNING: Argument "<b><font color='green'>-1305.9</font></b>" isn't numeric in numeric gt (>) at ./FHEM/99_Lipo_email.pm line 59.
2015.06.05 09:52:55 1: PERL WARNING: Argument "<b><font color='green'>-1276.7</font></b>" isn't numeric in numeric gt (>) at ./FHEM/99_Lipo_email.pm line 59.
2015.06.05 09:53:58 1: PERL WARNING: Argument "<b><font color='green'>-1285.5</font></b>" isn't numeric in numeric gt (>) at ./FHEM/99_Lipo_email.pm line 59.
2015.06.05 09:54:55 1: PERL WARNING: Argument "<b><font color='green'>-1302.0</font></b>" isn't numeric in numeric gt (>) at ./FHEM/99_Lipo_email.pm line 59.
2015.06.05 09:55:59 1: PERL WARNING: Argument "<b><font color='green'>-1313.5</font></b>" isn't numeric in numeric gt (>) at ./FHEM/99_Lipo_email.pm line 59.
2015.06.05 09:56:56 1: PERL WARNING: Argument "<b><font color='green'>-1319.2</font></b>" isn't numeric in numeric gt (>) at ./FHEM/99_Lipo_email.pm line 59.
2015.06.05 09:57:58 1: PERL WARNING: Argument "<b><font color='green'>-1326.9</font></b>" isn't numeric in numeric gt (>) at ./FHEM/99_Lipo_email.pm line 59.
2015.06.05 09:58:55 1: PERL WARNING: Argument "<b><font color='green'>-1321.5</font></b>" isn't numeric in numeric gt (>) at ./FHEM/99_Lipo_email.pm line 59.
2015.06.05 09:59:59 1: PERL WARNING: Argument "<b><font color='green'>-1314.4</font></b>" isn't numeric in numeric gt (>) at ./FHEM/99_Lipo_email.pm line 59.
2015.06.05 10:00:56 1: PERL WARNING: Argument "<b><font color='green'>-1319.0</font></b>" isn't numeric in numeric gt (>) at ./FHEM/99_Lipo_email.pm line 59.
2015.06.05 10:01:58 1: PERL WARNING: Argument "<b><font color='green'>-1340.7</font></b>" isn't numeric in numeric gt (>) at ./FHEM/99_Lipo_email.pm line 59.
2015.06.05 10:02:56 1: PERL WARNING: Argument "<b><font color='green'>-1350.0</font></b>" isn't numeric in numeric gt (>) at ./FHEM/99_Lipo_email.pm line 59.
2015.06.05 10:03:58 1: PERL WARNING: Argument "<b><font color='green'>-1361.5</font></b>" isn't numeric in numeric gt (>) at ./FHEM/99_Lipo_email.pm line 59.
2015.06.05 10:04:55 1: PERL WARNING: Argument "<b><font color='green'>-1364.2</font></b>" isn't numeric in numeric gt (>) at ./FHEM/99_Lipo_email.pm line 59.
2015.06.05 10:05:59 1: PERL WARNING: Argument "<b><font color='green'>-1371.5</font></b>" isn't numeric in numeric gt (>) at ./FHEM/99_Lipo_email.pm line 59.
2015.06.05 10:06:58 1: PERL WARNING: Argument "<b><font color='green'>-1387.7</font></b>" isn't numeric in numeric gt (>) at ./FHEM/99_Lipo_email.pm line 59.
2015.06.05 10:08:00 1: PERL WARNING: Argument "<b><font color='green'>-1391.9</font></b>" isn't numeric in numeric gt (>) at ./FHEM/99_Lipo_email.pm line 59.
2015.06.05 10:08:56 1: PERL WARNING: Argument "<b><font color='green'>-1400.0</font></b>" isn't numeric in numeric gt (>) at ./FHEM/99_Lipo_email.pm line 59.
2015.06.05 10:09:58 1: PERL WARNING: Argument "<b><font color='green'>-1408.1</font></b>" isn't numeric in numeric gt (>) at ./FHEM/99_Lipo_email.pm line 59.
2015.06.05 10:10:55 1: PERL WARNING: Argument "<b><font color='green'>-1409.5</font></b>" isn't numeric in numeric gt (>) at ./FHEM/99_Lipo_email.pm line 59.
2015.06.05 10:11:58 1: PERL WARNING: Argument "<b><font color='green'>-1413.5</font></b>" isn't numeric in numeric gt (>) at ./FHEM/99_Lipo_email.pm line 59.
2015.06.05 10:12:56 1: PERL WARNING: Argument "<b><font color='green'>-1423.7</font></b>" isn't numeric in numeric gt (>) at ./FHEM/99_Lipo_email.pm line 59.
2015.06.05 10:13:58 1: PERL WARNING: Argument "<b><font color='green'>-1435.2</font></b>" isn't numeric in numeric gt (>) at ./FHEM/99_Lipo_email.pm line 59.
2015.06.05 10:14:56 1: PERL WARNING: Argument "<b><font color='green'>-1444.2</font></b>" isn't numeric in numeric gt (>) at ./FHEM/99_Lipo_email.pm line 59.
2015.06.05 10:15:58 1: PERL WARNING: Argument "<b><font color='green'>-1354.1</font></b>" isn't numeric in numeric gt (>) at ./FHEM/99_Lipo_email.pm line 59.
2015.06.05 10:16:56 1: PERL WARNING: Argument "<b><font color='green'>-1349.0</font></b>" isn't numeric in numeric gt (>) at ./FHEM/99_Lipo_email.pm line 59.
2015.06.05 10:17:55 1: PERL WARNING: Argument "<b><font color='green'>-1449.4</font></b>" isn't numeric in numeric gt (>) at ./FHEM/99_Lipo_email.pm line 59.
2015.06.05 10:18:41 3: PCA301 Unknown device 01A2EC, please define it
2015.06.05 10:18:41 2: autocreate: define PCA301_01A2EC PCA301 01A2EC 04
2015.06.05 10:18:41 3: PCA301_01A2EC: I/O device is HA_JeeLink_PCA_1
2015.06.05 10:18:53 1: PERL WARNING: Argument "<b><font color='green'>-1452.0</font></b>" isn't numeric in numeric gt (>) at ./FHEM/99_Lipo_email.pm line 59.
2015.06.05 10:19:58 1: PERL WARNING: Argument "<b><font color='green'>-1456.8</font></b>" isn't numeric in numeric gt (>) at ./FHEM/99_Lipo_email.pm line 59.
2015.06.05 10:34:55 1: PERL WARNING: Argument "<b><font color='green'>-1593.9</font></b>" isn't numeric in numeric gt (>) at ./FHEM/99_Lipo_email.pm line 59.
2015.06.05 10:35:55 1: PERL WARNING: Argument "<b><font color='green'>-1574.4</font></b>" isn't numeric in numeric gt (>) at ./FHEM/99_Lipo_email.pm line 59.
2015.06.05 10:36:53 1: PERL WARNING: Argument "<b><font color='green'>-1579.8</font></b>" isn't numeric in numeric gt (>) at ./FHEM/99_Lipo_email.pm line 59.
2015.06.05 10:38:02 1: PERL WARNING: Argument "<b><font color='green'>-1586.2</font></b>" isn't numeric in numeric gt (>) at ./FHEM/99_Lipo_email.pm line 59.
2015.06.05 10:38:56 1: PERL WARNING: Argument "<b><font color='green'>-1594.4</font></b>" isn't numeric in numeric gt (>) at ./FHEM/99_Lipo_email.pm line 59.
2015.06.05 10:41:55 1: PERL WARNING: Argument "<b><font color='green'>-1611.4</font></b>" isn't numeric in numeric gt (>) at ./FHEM/99_Lipo_email.pm line 59.
2015.06.05 10:42:53 1: PERL WARNING: Argument "<b><font color='green'>-1615.1</font></b>" isn't numeric in numeric gt (>) at ./FHEM/99_Lipo_email.pm line 59.
2015.06.05 10:43:59 1: PERL WARNING: Argument "<b><font color='green'>-1639.4</font></b>" isn't numeric in numeric gt (>) at ./FHEM/99_Lipo_email.pm line 59.
2015.06.05 10:44:57 1: PERL WARNING: Argument "<b><font color='green'>-1654.9</font></b>" isn't numeric in numeric gt (>) at ./FHEM/99_Lipo_email.pm line 59.
2015.06.05 10:46:00 1: PERL WARNING: Argument "<b><font color='green'>-1661.1</font></b>" isn't numeric in numeric gt (>) at ./FHEM/99_Lipo_email.pm line 59.
2015.06.05 10:46:55 1: PERL WARNING: Argument "<b><font color='green'>-1661.2</font></b>" isn't numeric in numeric gt (>) at ./FHEM/99_Lipo_email.pm line 59.
2015.06.05 10:47:55 1: PERL WARNING: Argument "<b><font color='green'>-1667.2</font></b>" isn't numeric in numeric gt (>) at ./FHEM/99_Lipo_email.pm line 59.
2015.06.05 10:48:53 1: PERL WARNING: Argument "<b><font color='green'>-1666.7</font></b>" isn't numeric in numeric gt (>) at ./FHEM/99_Lipo_email.pm line 59.
2015.06.05 10:49:59 1: PERL WARNING: Argument "<b><font color='green'>-1669.0</font></b>" isn't numeric in numeric gt (>) at ./FHEM/99_Lipo_email.pm line 59.
2015.06.05 10:50:56 1: PERL WARNING: Argument "<b><font color='green'>-1677.5</font></b>" isn't numeric in numeric gt (>) at ./FHEM/99_Lipo_email.pm line 59.
2015.06.05 10:51:59 1: PERL WARNING: Argument "<b><font color='green'>-1710.0</font></b>" isn't numeric in numeric gt (>) at ./FHEM/99_Lipo_email.pm line 59.
2015.06.05 10:52:57 1: PERL WARNING: Argument "<b><font color='green'>-1710.1</font></b>" isn't numeric in numeric gt (>) at ./FHEM/99_Lipo_email.pm line 59.
2015.06.05 10:53:55 1: PERL WARNING: Argument "<b><font color='green'>-1713.9</font></b>" isn't numeric in numeric gt (>) at ./FHEM/99_Lipo_email.pm line 59.
2015.06.05 10:54:53 1: PERL WARNING: Argument "<b><font color='green'>-1717.9</font></b>" isn't numeric in numeric gt (>) at ./FHEM/99_Lipo_email.pm line 59.
2015.06.05 10:55:58 1: PERL WARNING: Argument "<b><font color='green'>-1719.0</font></b>" isn't numeric in numeric gt (>) at ./FHEM/99_Lipo_email.pm line 59.
2015.06.05 10:56:56 1: PERL WARNING: Argument "<b><font color='green'>-1731.1</font></b>" isn't numeric in numeric gt (>) at ./FHEM/99_Lipo_email.pm line 59.
2015.06.05 10:57:59 1: PERL WARNING: Argument "<b><font color='green'>-1734.6</font></b>" isn't numeric in numeric gt (>) at ./FHEM/99_Lipo_email.pm line 59.
2015.06.05 10:58:56 1: PERL WARNING: Argument "<b><font color='green'>-1736.9</font></b>" isn't numeric in numeric gt (>) at ./FHEM/99_Lipo_email.pm line 59.
2015.06.05 10:59:55 1: PERL WARNING: Argument "<b><font color='green'>-1741.9</font></b>" isn't numeric in numeric gt (>) at ./FHEM/99_Lipo_email.pm line 59.
2015.06.05 11:00:53 1: PERL WARNING: Argument "<b><font color='green'>-1742.2</font></b>" isn't numeric in numeric gt (>) at ./FHEM/99_Lipo_email.pm line 59.
2015.06.05 11:01:31 1: PERL WARNING: Argument "n/a" isn't numeric in int at (eval 37664) line 1.
2015.06.05 11:01:59 1: PERL WARNING: Argument "<b><font color='green'>-1753.8</font></b>" isn't numeric in numeric gt (>) at ./FHEM/99_Lipo_email.pm line 59.
2015.06.05 11:02:56 1: PERL WARNING: Argument "<b><font color='green'>-1762.1</font></b>" isn't numeric in numeric gt (>) at ./FHEM/99_Lipo_email.pm line 59.
2015.06.05 11:04:00 1: PERL WARNING: Argument "<b><font color='green'>-1766.1</font></b>" isn't numeric in numeric gt (>) at ./FHEM/99_Lipo_email.pm line 59.
2015.06.05 11:04:55 1: PERL WARNING: Argument "<b><font color='green'>-1770.3</font></b>" isn't numeric in numeric gt (>) at ./FHEM/99_Lipo_email.pm line 59.
2015.06.05 11:05:55 1: PERL WARNING: Argument "<b><font color='green'>-1781.3</font></b>" isn't numeric in numeric gt (>) at ./FHEM/99_Lipo_email.pm line 59.
2015.06.05 11:06:53 1: PERL WARNING: Argument "<b><font color='green'>-1785.8</font></b>" isn't numeric in numeric gt (>) at ./FHEM/99_Lipo_email.pm line 59.
2015.06.05 11:07:59 1: PERL WARNING: Argument "<b><font color='green'>-1776.1</font></b>" isn't numeric in numeric gt (>) at ./FHEM/99_Lipo_email.pm line 59.
2015.06.05 11:08:56 1: PERL WARNING: Argument "<b><font color='green'>-1785.9</font></b>" isn't numeric in numeric gt (>) at ./FHEM/99_Lipo_email.pm line 59.
2015.06.05 11:09:16 1: PERL WARNING: Argument "n/a" isn't numeric in int at (eval 38070) line 1.
2015.06.05 11:09:16 1: PERL WARNING: Argument "n/a" isn't numeric in int at (eval 38071) line 1.
2015.06.05 11:09:23 1: PERL WARNING: Argument "n/a" isn't numeric in int at (eval 38072) line 1.
2015.06.05 11:09:23 1: PERL WARNING: Argument "n/a" isn't numeric in int at (eval 38073) line 1.
2015.06.05 11:09:24 3: PCA301 KU_PCA301_03, channel changed from 04 to 03
2015.06.05 11:09:25 1: PERL WARNING: Argument "n/a" isn't numeric in int at (eval 38075) line 1.
2015.06.05 11:09:25 1: PERL WARNING: Argument "n/a" isn't numeric in int at (eval 38076) line 1.
2015.06.05 11:09:33 1: PERL WARNING: Argument "n/a" isn't numeric in int at (eval 38078) line 1.
2015.06.05 11:09:33 1: PERL WARNING: Argument "n/a" isn't numeric in int at (eval 38079) line 1.
2015.06.05 11:09:33 1: PERL WARNING: Argument "n/a" isn't numeric in int at (eval 38080) line 1.
2015.06.05 11:09:33 1: PERL WARNING: Argument "n/a" isn't numeric in int at (eval 38081) line 1.
2015.06.05 11:09:37 1: PERL WARNING: Argument "n/a" isn't numeric in int at (eval 38082) line 1.
2015.06.05 11:09:37 1: PERL WARNING: Argument "n/a" isn't numeric in int at (eval 38083) line 1.
2015.06.05 11:09:37 1: PERL WARNING: Argument "n/a" isn't numeric in int at (eval 38084) line 1.
2015.06.05 11:09:37 1: PERL WARNING: Argument "n/a" isn't numeric in int at (eval 38085) line 1.
2015.06.05 11:09:38 1: PERL WARNING: Argument "n/a" isn't numeric in int at (eval 38086) line 1.
2015.06.05 11:10:00 1: PERL WARNING: Argument "<b><font color='green'>-1784.2</font></b>" isn't numeric in numeric gt (>) at ./FHEM/99_Lipo_email.pm line 59.
2015.06.05 11:10:08 1: PERL WARNING: Argument "n/a" isn't numeric in int at (eval 38139) line 1.
2015.06.05 11:10:56 1: PERL WARNING: Argument "<b><font color='green'>-1789.8</font></b>" isn't numeric in numeric gt (>) at ./FHEM/99_Lipo_email.pm line 59.
2015.06.05 11:11:55 1: PERL WARNING: Argument "<b><font color='green'>-1805.4</font></b>" isn't numeric in numeric gt (>) at ./FHEM/99_Lipo_email.pm line 59.
2015.06.05 11:12:53 1: PERL WARNING: Argument "<b><font color='green'>-1815.6</font></b>" isn't numeric in numeric gt (>) at ./FHEM/99_Lipo_email.pm line 59.
2015.06.05 11:13:10 1: RMDIR: ./restoreDir/2015-06-01
2015.06.05 11:13:11 1: UPD ./CHANGED
2015.06.05 11:13:11 1: UPD ./fhem.pl
2015.06.05 11:13:11 1: UPD FHEM/10_ZWave.pm
2015.06.05 11:13:11 1: UPD FHEM/36_LaCrosse.pm
2015.06.05 11:13:12 1: UPD FHEM/57_Calendar.pm
2015.06.05 11:13:12 1: UPD FHEM/59_Weather.pm
2015.06.05 11:13:12 1: UPD FHEM/70_PHTV.pm
2015.06.05 11:13:12 1: UPD FHEM/98_configdb.pm
2015.06.05 11:13:12 1: UPD FHEM/firmware/JeeLink_LaCrosse.hex
2015.06.05 11:13:12 1: UPD docs/commandref_frame.html
2015.06.05 11:13:13 1: UPD docs/commandref_frame_DE.html
2015.06.05 11:13:13 1: UPD www/pgm2/ios6.js
2015.06.05 11:13:13 1: UPD www/pgm2/ios6touchpadstyle.css
2015.06.05 11:13:13 1: 
2015.06.05 11:13:13 1: New entries in the CHANGED file:
2015.06.05 11:13:13 1:   - feature: 59_Weather: polish translations (Lukasz)
2015.06.05 11:13:13 1: Calling /usr/bin/perl ./contrib/commandref_join.pl, this may take a while
2015.06.05 11:15:47 1: *** EN FHEM/23_WEBTHERM.pm: No document text found
2015.06.05 11:15:47 1: 
2015.06.05 11:15:47 1: update finished, "shutdown restart" is needed to activate the changes.
2015.06.05 11:15:47 1: 
2015.06.05 11:15:50 1: fheminfo server response: ==> ok

2015.06.05 11:16:02 1: PERL WARNING: Argument "<b><font color='green'>-1829.3</font></b>" isn't numeric in numeric gt (>) at ./FHEM/99_Lipo_email.pm line 59.
2015.06.05 11:16:04 0: Server shutdown
Prototype mismatch: sub main::Lipo_FileLog_Initialize () vs none at ./FHEM/99_Lipo_FileLog.pm line 34.
Prototype mismatch: sub main::Lipo_State_Initialize () vs none at ./FHEM/99_Lipo_State.pm line 23.
Prototype mismatch: sub main::average () vs none at ./FHEM/99_Lipo_State.pm line 84.
Prototype mismatch: sub main::Summe () vs none at ./FHEM/99_Lipo_State.pm line 95.
Prototype mismatch: sub main::Maximum () vs none at ./FHEM/99_Lipo_State.pm line 108.
Prototype mismatch: sub main::Minimum () vs none at ./FHEM/99_Lipo_State.pm line 121.
Prototype mismatch: sub main::Anzahl () vs none at ./FHEM/99_Lipo_State.pm line 132.
Prototype mismatch: sub main::Lipo_Util_Initialize () vs none at ./FHEM/99_Lipo_Util.pm line 24.
Prototype mismatch: sub main::Lipo_Zaehler_Initialize () vs none at ./FHEM/99_Lipo_Zaehler.pm line 13.
Prototype mismatch: sub main::Lipo_Zeit_Initialize () vs none at ./FHEM/99_Lipo_Zeit.pm line 32.
Prototype mismatch: sub main::Lipo_email_Initialize () vs none at ./FHEM/99_Lipo_email.pm line 18.
Prototype mismatch: sub main::fb_mail () vs none at ./FHEM/99_Lipo_email.pm line 152.
2015.06.05 11:16:11 3: [UtilsHourCounter] Init Done with Version 1.02 - 17.03.2014 (john)
2015.06.05 11:16:11 1: Including /opt/fhem-5.4/fhem.cfg
2015.06.05 11:16:12 1: Including ./Holger/connect.cfg
2015.06.05 11:16:12 3: Telnet_1: port 7072 opened
2015.06.05 11:16:14 3: WEB_1: port 8083 opened
2015.06.05 11:16:14 3: WEB_Handy_2: port 8084 opened
2015.06.05 11:16:14 3: WEB_Tablett_3: port 8085 opened
2015.06.05 11:16:14 1: Including ./Holger/AutoCreate.cfg
2015.06.05 11:16:14 1: Including ./Holger/SysMon.cfg
Subroutine SYSMON_secsToReadable redefined at ./FHEM/42_SYSMON.pm line 4649, <> line 19.
2015.06.05 11:16:11 2: Moving fhem-2015-05-29.log to ./archive
2015.06.05 11:16:17 1: Including ./Holger/LogProxy.cfg
2015.06.05 11:16:17 1: Including ./Holger/IODev_CUL.cfg
2015.06.05 11:16:18 3: Opening HA_CUL433_1 device /dev/ttyACM0
2015.06.05 11:16:19 3: Setting HA_CUL433_1 baudrate to 38400
2015.06.05 11:16:19 3: HA_CUL433_1 device opened
2015.06.05 11:16:19 3: HA_CUL433_1: Possible commands: BbCFiAZEGMKUYRTVWXefmltux
2015.06.05 11:16:19 2: Setting CUL fhtid from ? ( is unknown) Use one of B b C F i A Z E G M K U Y R T V W X e f m l t u x to 1034
2015.06.05 11:16:19 3: Opening HA_CUL868_HM_1 device /dev/ttyACM1
2015.06.05 11:16:19 3: Setting HA_CUL868_HM_1 baudrate to 38400
2015.06.05 11:16:19 3: HA_CUL868_HM_1 device opened
2015.06.05 11:16:19 3: HA_CUL868_HM_1: Possible commands: BbCFiAZEGMKUYRTVWXefmltux
2015.06.05 11:16:19 2: Switched HA_CUL868_HM_1 rfmode to HomeMatic
2015.06.05 11:16:19 1: Including ./Holger/IODev_HM_CCU1.cfg
2015.06.05 11:16:26 1: Including ./Holger/ActionDetector_HM.cfg
2015.06.05 11:16:26 1: Including ./Holger/Fenster_HM.cfg
2015.06.05 11:16:27 1: Including ./Holger/Fenster_HM_HCount.cfg
2015.06.05 11:16:27 3: HourCounter HourCounter Initialize.220 Init Done with Version 1.0.1.2 - 24.12.2014
2015.06.05 11:16:27 0: HourCounter GT_Fens_E_HCount Define.228 parameters: GT_Fens_E_HCount HourCounter GT_Fens_E:(offen|gekippt) GT_Fens_E:geschlossen
2015.06.05 11:16:27 1: Including ./Holger/Fenster_HM_Grafik.cfg
2015.06.05 11:16:28 1: Including ./Holger/Tuer_HM.cfg
2015.06.05 11:16:29 1: Including ./Holger/Tuer_HM_HCount.cfg
2015.06.05 11:16:29 0: HourCounter KU_Tuer_T_HCount Define.228 parameters: KU_Tuer_T_HCount HourCounter KU_Tuer_T:(offen|gekippt) KU_Tuer_T:geschlossen
2015.06.05 11:16:29 1: Including ./Holger/Tuer_HM_Grafik.cfg
2015.06.05 11:16:29 1: Including ./Holger/Heizung_HM.cfg
2015.06.05 11:16:29 1: Including ./Holger/Heizung_HM_Grafik.cfg
2015.06.05 11:16:29 1: Including ./Holger/ModBus.cfg
2015.06.05 11:16:30 3: Opening HA_Modbus_1 device /dev/ttyUSB0
2015.06.05 11:16:32 3: Setting HA_Modbus_1 baudrate to 9600
2015.06.05 11:16:32 3: HA_Modbus_1 device opened
2015.06.05 11:16:32 1: Including ./Holger/ModBus_SDM220M.cfg
2015.06.05 11:16:32 3: HA_SDM220M_1: defined with id 2, interval 60, destination HA_Modbus_1, protocol RTU
2015.06.05 11:16:32 1: Including ./Holger/ModBus_SDM630M.cfg
2015.06.05 11:16:33 3: HA_SDM630M_1: defined with id 1, interval 60, destination HA_Modbus_1, protocol RTU
2015.06.05 11:16:33 1: Including ./Holger/ModBus_SDM_Statistics.cfg
2015.06.05 11:16:34 1: Including ./Holger/ModBus_SDM220M_Grafik.cfg
2015.06.05 11:16:34 1: Including ./Holger/ModBus_SDM630M_Grafik.cfg
2015.06.05 11:16:34 1: Including ./Holger/ModBus_Statistik_Grafik.cfg
2015.06.05 11:16:34 1: Including ./Holger/IODev_PCA.cfg
2015.06.05 11:16:35 3: Opening HA_JeeLink_PCA_1 device /dev/ttyUSB1
2015.06.05 11:16:35 3: Setting HA_JeeLink_PCA_1 baudrate to 57600
2015.06.05 11:16:35 3: HA_JeeLink_PCA_1 device opened
2015.06.05 11:16:36 1: Including ./Holger/Steckdosen_PCA.cfg
2015.06.05 11:16:36 3: KU_PCA301_01: I/O device is HA_JeeLink_PCA_1
2015.06.05 11:16:36 3: KE_PCA301_02: I/O device is HA_JeeLink_PCA_1
2015.06.05 11:16:37 3: KU_PCA301_03: I/O device is HA_JeeLink_PCA_1
2015.06.05 11:16:37 1: Including ./Holger/Steckdosen_PCA_Grafik.cfg
2015.06.05 11:16:37 1: Including ./Holger/Steckdosen_PCA_Statistics.cfg
2015.06.05 11:16:37 1: Including ./Holger/Wetter_FileLog.cfg
2015.06.05 11:16:37 1: Including ./Holger/Wetter_ProPlanta.cfg
2015.06.05 11:16:40 1: Including ./Holger/Fotovoltaik_dummy.cfg
2015.06.05 11:16:41 1: Including ./Holger/Fotovoltaik_Modbus_ReadingsProxy.cfg
2015.06.05 11:16:42 1: Including ./Holger/Fotovoltaik_Zaehler_ReadingsProxy.cfg
2015.06.05 11:16:42 1: Including ./Holger/Fotovoltaik_Vorhersage_ReadingsProxy.cfg
2015.06.05 11:16:42 1: Including ./Holger/eMail_etc.cfg
2015.06.05 11:16:47 0: MSGMail: SSL is available, provided by Net::SMTP::SSL
2015.06.05 11:16:47 1: Including ./Holger/eMail_etc_Macro.cfg
2015.06.05 11:16:47 1: Including ./Holger/at_Steuerung.cfg
2015.06.05 11:16:47 1: Including ./log/fhem.save
2015.06.05 11:16:56 1: PERL WARNING: Argument "<b><font color='green'>-1829.3</font></b>" isn't numeric in numeric gt (>) at ./FHEM/99_Lipo_email.pm line 59.
2015.06.05 11:16:57 1: usb create starting
2015.06.05 11:17:02 3: Probing CUL device /dev/ttyAMA0
2015.06.05 11:17:02 3: Can't open /dev/ttyAMA0: Permission denied
2015.06.05 11:17:03 1: usb create end
2015.06.05 11:17:03 3: NTFY return:  FL_Heizung_S:ARRAY(0x2d75b80)
2015.06.05 11:17:03 0: Server started with 103 defined entities (version $Id: fhem.pl 8690 2015-06-04 16:47:20Z rudolfkoenig $, os linux, user pi, pid 17026)
2015.06.05 11:17:04 0: HourCounter GT_Fens_E_HCount Run.598 first run done countsOverall:1
2015.06.05 11:17:04 0: HourCounter KU_Tuer_T_HCount Run.598 first run done countsOverall:65
2015.06.05 11:17:05 1: PERL WARNING: Use of uninitialized value $hour in addition (+) at ./FHEM/99_Lipo_Zeit.pm line 301.
2015.06.05 11:17:05 1: PERL WARNING: Use of uninitialized value $year in addition (+) at ./FHEM/99_Lipo_Zeit.pm line 301.
2015.06.05 11:17:05 1: PERL WARNING: Argument "n/a" isn't numeric in subroutine entry at ./FHEM/99_Lipo_Zeit.pm line 301.
2015.06.05 11:17:05 1: PERL WARNING: Use of uninitialized value in subroutine entry at ./FHEM/99_Lipo_Zeit.pm line 301.
2015.06.05 11:17:06 1: PERL WARNING: Argument "15^I^I^I# Start der Berechnung der periodischen Daten, s..." isn't numeric in subtraction (-) at ./FHEM/98_statistics.pm line 302.
2015.06.05 11:17:06 1: PERL WARNING: Argument "1^I# Ignoriert die Standardzuordnung von GerM-CM-$tewert..." isn't numeric in numeric eq (==) at ./FHEM/98_statistics.pm line 411.
2015.06.05 11:17:11 1: PERL WARNING: Argument "import+export.active.energy" isn't numeric in sprintf at ./FHEM/98_Modbus.pm line 348.
2015.06.05 11:17:24 1: PERL WARNING: Missing argument in sprintf at ./FHEM/98_Modbus.pm line 348.
2015.06.05 11:17:24 1: PERL WARNING: Invalid conversion in sprintf: end of string at ./FHEM/98_Modbus.pm line 348.
2015.06.05 11:17:56 1: PERL WARNING: Argument "<b><font color='green'>-1690.7</font></b>" isn't numeric in numeric gt (>) at ./FHEM/99_Lipo_email.pm line 59.
2015.06.05 11:18:14 1: PERL WARNING: Use of uninitialized value in string eq at ./FHEM/10_CUL_HM.pm line 7476.
2015.06.05 11:18:14 3: CUL_HM set FL_Heizung_S_Weather getConfig
2015.06.05 11:18:16 1: PERL WARNING: Argument "<b><font color='green'>-1701.6</font></b>" isn't numeric in numeric gt (>) at ./FHEM/99_Lipo_email.pm line 59.
2015.06.05 11:19:10 1: PERL WARNING: Argument "<b><font color='green'>-1694.9</font></b>" isn't numeric in numeric gt (>) at ./FHEM/99_Lipo_email.pm line 59.
2015.06.05 11:20:10 1: PERL WARNING: Argument "<b><font color='green'>-1708.1</font></b>" isn't numeric in numeric gt (>) at ./FHEM/99_Lipo_email.pm line 59.
2015.06.05 11:20:49 3: CUL_HM set FL_Heizung_S_Climate getConfig
2015.06.05 11:21:08 1: PERL WARNING: Argument "<b><font color='green'>-1715.1</font></b>" isn't numeric in numeric gt (>) at ./FHEM/99_Lipo_email.pm line 59.
2015.06.05 11:22:09 1: PERL WARNING: Argument "<b><font color='green'>-1718.0</font></b>" isn't numeric in numeric gt (>) at ./FHEM/99_Lipo_email.pm line 59.
2015.06.05 11:23:07 1: PERL WARNING: Argument "<b><font color='green'>-1714.4</font></b>" isn't numeric in numeric gt (>) at ./FHEM/99_Lipo_email.pm line 59.
2015.06.05 11:23:11 3: CUL_HM set FL_Heizung_S_WindowRec getConfig
2015.06.05 11:24:10 1: PERL WARNING: Argument "<b><font color='green'>-1704.1</font></b>" isn't numeric in numeric gt (>) at ./FHEM/99_Lipo_email.pm line 59.
2015.06.05 11:25:09 1: PERL WARNING: Argument "<b><font color='green'>-1717.4</font></b>" isn't numeric in numeric gt (>) at ./FHEM/99_Lipo_email.pm line 59.
2015.06.05 11:25:18 3: CUL_HM set FL_Heizung_S_Clima getConfig
2015.06.05 11:26:09 1: PERL WARNING: Argument "<b><font color='green'>-1727.4</font></b>" isn't numeric in numeric gt (>) at ./FHEM/99_Lipo_email.pm line 59.
2015.06.05 11:27:08 1: PERL WARNING: Argument "<b><font color='green'>-1740.7</font></b>" isn't numeric in numeric gt (>) at ./FHEM/99_Lipo_email.pm line 59.
2015.06.05 11:28:10 1: PERL WARNING: Argument "<b><font color='green'>-1739.1</font></b>" isn't numeric in numeric gt (>) at ./FHEM/99_Lipo_email.pm line 59.
2015.06.05 11:28:15 3: CUL_HM set FL_Heizung_S_ClimaTeam getConfig
2015.06.05 11:29:08 1: PERL WARNING: Argument "<b><font color='green'>-1741.4</font></b>" isn't numeric in numeric gt (>) at ./FHEM/99_Lipo_email.pm line 59.
2015.06.05 11:30:10 1: PERL WARNING: Argument "<b><font color='green'>-1748.3</font></b>" isn't numeric in numeric gt (>) at ./FHEM/99_Lipo_email.pm line 59.
2015.06.05 11:30:58 3: CUL_HM set FL_Heizung_S_remote getConfig
2015.06.05 11:31:09 1: PERL WARNING: Argument "<b><font color='green'>-1757.2</font></b>" isn't numeric in numeric gt (>) at ./FHEM/99_Lipo_email.pm line 59.
2015.06.05 11:32:13 1: PERL WARNING: Argument "<b><font color='green'>-1765.9</font></b>" isn't numeric in numeric gt (>) at ./FHEM/99_Lipo_email.pm line 59.
2015.06.05 11:34:09 1: PERL WARNING: Argument "<b><font color='green'>-1778.8</font></b>" isn't numeric in numeric gt (>) at ./FHEM/99_Lipo_email.pm line 59.
2015.06.05 11:35:07 1: PERL WARNING: Argument "<b><font color='green'>-1776.5</font></b>" isn't numeric in numeric gt (>) at ./FHEM/99_Lipo_email.pm line 59.
2015.06.05 11:36:09 1: PERL WARNING: Argument "<b><font color='green'>-1782.0</font></b>" isn't numeric in numeric gt (>) at ./FHEM/99_Lipo_email.pm line 59.
2015.06.05 11:37:09 1: PERL WARNING: Argument "<b><font color='green'>-1778.3</font></b>" isn't numeric in numeric gt (>) at ./FHEM/99_Lipo_email.pm line 59.
2015.06.05 11:38:10 1: PERL WARNING: Argument "<b><font color='green'>-1792.0</font></b>" isn't numeric in numeric gt (>) at ./FHEM/99_Lipo_email.pm line 59.
2015.06.05 11:39:09 1: PERL WARNING: Argument "<b><font color='green'>-1796.7</font></b>" isn't numeric in numeric gt (>) at ./FHEM/99_Lipo_email.pm line 59.
2015.06.05 11:40:10 1: PERL WARNING: Argument "<b><font color='green'>-1801.3</font></b>" isn't numeric in numeric gt (>) at ./FHEM/99_Lipo_email.pm line 59.
2015.06.05 11:41:08 1: PERL WARNING: Argument "<b><font color='green'>-1797.9</font></b>" isn't numeric in numeric gt (>) at ./FHEM/99_Lipo_email.pm line 59.
2015.06.05 11:42:09 1: PERL WARNING: Argument "<b><font color='green'>-2232.1</font></b>" isn't numeric in numeric gt (>) at ./FHEM/99_Lipo_email.pm line 59.
2015.06.05 11:43:08 1: PERL WARNING: Argument "<b><font color='green'>-2522.3</font></b>" isn't numeric in numeric gt (>) at ./FHEM/99_Lipo_email.pm line 59.
2015.06.05 11:44:10 1: PERL WARNING: Argument "<b><font color='green'>-2557.2</font></b>" isn't numeric in numeric gt (>) at ./FHEM/99_Lipo_email.pm line 59.
2015.06.05 11:45:09 1: PERL WARNING: Argument "<b><font color='green'>-2583.4</font></b>" isn't numeric in numeric gt (>) at ./FHEM/99_Lipo_email.pm line 59.
2015.06.05 11:46:11 1: PERL WARNING: Argument "<b><font color='green'>-2589.6</font></b>" isn't numeric in numeric gt (>) at ./FHEM/99_Lipo_email.pm line 59.
2015.06.05 11:47:08 1: PERL WARNING: Argument "<b><font color='green'>-2584.3</font></b>" isn't numeric in numeric gt (>) at ./FHEM/99_Lipo_email.pm line 59.
2015.06.05 11:48:11 1: PERL WARNING: Argument "<b><font color='green'>-2610.4</font></b>" isn't numeric in numeric gt (>) at ./FHEM/99_Lipo_email.pm line 59.
2015.06.05 11:49:09 1: PERL WARNING: Argument "<b><font color='green'>-2616.0</font></b>" isn't numeric in numeric gt (>) at ./FHEM/99_Lipo_email.pm line 59.
2015.06.05 11:50:11 1: PERL WARNING: Argument "<b><font color='green'>-2624.8</font></b>" isn't numeric in numeric gt (>) at ./FHEM/99_Lipo_email.pm line 59.
2015.06.05 11:51:09 1: PERL WARNING: Argument "<b><font color='green'>-2630.6</font></b>" isn't numeric in numeric gt (>) at ./FHEM/99_Lipo_email.pm line 59.
2015.06.05 11:52:12 1: PERL WARNING: Argument "<b><font color='green'>-2617.8</font></b>" isn't numeric in numeric gt (>) at ./FHEM/99_Lipo_email.pm line 59.
2015.06.05 11:53:08 1: PERL WARNING: Argument "<b><font color='green'>-2598.4</font></b>" isn't numeric in numeric gt (>) at ./FHEM/99_Lipo_email.pm line 59.
2015.06.05 11:54:11 1: PERL WARNING: Argument "<b><font color='green'>-2609.1</font></b>" isn't numeric in numeric gt (>) at ./FHEM/99_Lipo_email.pm line 59.
2015.06.05 11:55:09 1: PERL WARNING: Argument "<b><font color='green'>-2603.4</font></b>" isn't numeric in numeric gt (>) at ./FHEM/99_Lipo_email.pm line 59.
2015.06.05 11:56:10 1: PERL WARNING: Argument "<b><font color='green'>-2600.6</font></b>" isn't numeric in numeric gt (>) at ./FHEM/99_Lipo_email.pm line 59.
2015.06.05 11:57:09 1: PERL WARNING: Argument "<b><font color='green'>-2615.8</font></b>" isn't numeric in numeric gt (>) at ./FHEM/99_Lipo_email.pm line 59.
2015.06.05 11:58:10 1: PERL WARNING: Argument "<b><font color='green'>-2576.4</font></b>" isn't numeric in numeric gt (>) at ./FHEM/99_Lipo_email.pm line 59.
2015.06.05 11:59:08 1: PERL WARNING: Argument "<b><font color='green'>-2605.5</font></b>" isn't numeric in numeric gt (>) at ./FHEM/99_Lipo_email.pm line 59.
2015.06.05 12:00:09 1: PERL WARNING: Argument "<b><font color='green'>-2612.3</font></b>" isn't numeric in numeric gt (>) at ./FHEM/99_Lipo_email.pm line 59.
2015.06.05 12:01:09 1: PERL WARNING: Argument "<b><font color='green'>-2603.6</font></b>" isn't numeric in numeric gt (>) at ./FHEM/99_Lipo_email.pm line 59.
2015.06.05 12:02:10 1: PERL WARNING: Argument "<b><font color='green'>-2503.9</font></b>" isn't numeric in numeric gt (>) at ./FHEM/99_Lipo_email.pm line 59.
2015.06.05 12:03:10 1: PERL WARNING: Argument "<b><font color='green'>-2602.6</font></b>" isn't numeric in numeric gt (>) at ./FHEM/99_Lipo_email.pm line 59.
2015.06.05 12:04:09 1: PERL WARNING: Argument "<b><font color='green'>-2618.1</font></b>" isn't numeric in numeric gt (>) at ./FHEM/99_Lipo_email.pm line 59.
2015.06.05 12:05:08 1: PERL WARNING: Argument "<b><font color='green'>-2609.0</font></b>" isn't numeric in numeric gt (>) at ./FHEM/99_Lipo_email.pm line 59.
2015.06.05 12:06:11 1: PERL WARNING: Argument "<b><font color='green'>-2625.9</font></b>" isn't numeric in numeric gt (>) at ./FHEM/99_Lipo_email.pm line 59.
2015.06.05 12:07:10 1: PERL WARNING: Argument "<b><font color='green'>-2620.3</font></b>" isn't numeric in numeric gt (>) at ./FHEM/99_Lipo_email.pm line 59.
2015.06.05 12:08:11 1: PERL WARNING: Argument "<b><font color='green'>-2621.7</font></b>" isn't numeric in numeric gt (>) at ./FHEM/99_Lipo_email.pm line 59.
2015.06.05 12:09:09 1: PERL WARNING: Argument "<b><font color='green'>-2632.5</font></b>" isn't numeric in numeric gt (>) at ./FHEM/99_Lipo_email.pm line 59.
2015.06.05 12:10:13 1: PERL WARNING: Argument "<b><font color='green'>-2632.7</font></b>" isn't numeric in numeric gt (>) at ./FHEM/99_Lipo_email.pm line 59.
2015.06.05 12:11:08 1: PERL WARNING: Argument "<b><font color='green'>-2630.3</font></b>" isn't numeric in numeric gt (>) at ./FHEM/99_Lipo_email.pm line 59.
2015.06.05 12:12:11 1: PERL WARNING: Argument "<b><font color='green'>-2649.6</font></b>" isn't numeric in numeric gt (>) at ./FHEM/99_Lipo_email.pm line 59.
2015.06.05 12:13:09 1: PERL WARNING: Argument "<b><font color='green'>-2644.0</font></b>" isn't numeric in numeric gt (>) at ./FHEM/99_Lipo_email.pm line 59.
2015.06.05 12:14:10 1: PERL WARNING: Argument "<b><font color='green'>-2651.4</font></b>" isn't numeric in numeric gt (>) at ./FHEM/99_Lipo_email.pm line 59.
2015.06.05 12:15:10 1: PERL WARNING: Argument "<b><font color='green'>-2663.5</font></b>" isn't numeric in numeric gt (>) at ./FHEM/99_Lipo_email.pm line 59.
2015.06.05 12:16:11 1: PERL WARNING: Argument "<b><font color='green'>-2657.6</font></b>" isn't numeric in numeric gt (>) at ./FHEM/99_Lipo_email.pm line 59.
2015.06.05 12:17:08 1: PERL WARNING: Argument "<b><font color='green'>-2660.2</font></b>" isn't numeric in numeric gt (>) at ./FHEM/99_Lipo_email.pm line 59.
2015.06.05 12:18:11 1: PERL WARNING: Argument "<b><font color='green'>-2669.0</font></b>" isn't numeric in numeric gt (>) at ./FHEM/99_Lipo_email.pm line 59.
2015.06.05 12:19:10 1: PERL WARNING: Argument "<b><font color='green'>-2646.0</font></b>" isn't numeric in numeric gt (>) at ./FHEM/99_Lipo_email.pm line 59.
2015.06.05 12:20:10 1: PERL WARNING: Argument "<b><font color='green'>-2651.9</font></b>" isn't numeric in numeric gt (>) at ./FHEM/99_Lipo_email.pm line 59.
2015.06.05 12:21:10 1: PERL WARNING: Argument "<b><font color='green'>-2670.5</font></b>" isn't numeric in numeric gt (>) at ./FHEM/99_Lipo_email.pm line 59.
2015.06.05 12:22:10 1: PERL WARNING: Argument "<b><font color='green'>-2678.2</font></b>" isn't numeric in numeric gt (>) at ./FHEM/99_Lipo_email.pm line 59.
2015.06.05 12:23:09 1: PERL WARNING: Argument "<b><font color='green'>-2685.8</font></b>" isn't numeric in numeric gt (>) at ./FHEM/99_Lipo_email.pm line 59.
2015.06.05 12:24:10 1: PERL WARNING: Argument "<b><font color='green'>-2698.2</font></b>" isn't numeric in numeric gt (>) at ./FHEM/99_Lipo_email.pm line 59.
2015.06.05 12:25:10 1: PERL WARNING: Argument "<b><font color='green'>-2699.8</font></b>" isn't numeric in numeric gt (>) at ./FHEM/99_Lipo_email.pm line 59.
2015.06.05 12:26:11 1: PERL WARNING: Argument "<b><font color='green'>-2707.0</font></b>" isn't numeric in numeric gt (>) at ./FHEM/99_Lipo_email.pm line 59.
2015.06.05 12:27:10 1: PERL WARNING: Argument "<b><font color='green'>-2725.4</font></b>" isn't numeric in numeric gt (>) at ./FHEM/99_Lipo_email.pm line 59.
2015.06.05 12:28:12 1: PERL WARNING: Argument "<b><font color='green'>-2720.8</font></b>" isn't numeric in numeric gt (>) at ./FHEM/99_Lipo_email.pm line 59.
2015.06.05 12:29:09 1: PERL WARNING: Argument "<b><font color='green'>-2732.6</font></b>" isn't numeric in numeric gt (>) at ./FHEM/99_Lipo_email.pm line 59.
2015.06.05 12:30:11 1: PERL WARNING: Argument "<b><font color='green'>-2789.7</font></b>" isn't numeric in numeric gt (>) at ./FHEM/99_Lipo_email.pm line 59.
2015.06.05 12:31:10 1: PERL WARNING: Argument "<b><font color='green'>-2791.5</font></b>" isn't numeric in numeric gt (>) at ./FHEM/99_Lipo_email.pm line 59.
2015.06.05 12:32:11 1: PERL WARNING: Argument "<b><font color='green'>-2802.0</font></b>" isn't numeric in numeric gt (>) at ./FHEM/99_Lipo_email.pm line 59.
2015.06.05 12:33:10 1: PERL WARNING: Argument "<b><font color='green'>-2803.5</font></b>" isn't numeric in numeric gt (>) at ./FHEM/99_Lipo_email.pm line 59.
2015.06.05 12:34:10 1: PERL WARNING: Argument "<b><font color='green'>-2812.7</font></b>" isn't numeric in numeric gt (>) at ./FHEM/99_Lipo_email.pm line 59.
2015.06.05 12:36:11 1: PERL WARNING: Argument "<b><font color='green'>-2405.9</font></b>" isn't numeric in numeric gt (>) at ./FHEM/99_Lipo_email.pm line 59.
2015.06.05 12:37:09 1: PERL WARNING: Argument "<b><font color='green'>-2683.5</font></b>" isn't numeric in numeric gt (>) at ./FHEM/99_Lipo_email.pm line 59.
2015.06.05 12:38:11 1: PERL WARNING: Argument "<b><font color='green'>-2684.8</font></b>" isn't numeric in numeric gt (>) at ./FHEM/99_Lipo_email.pm line 59.
2015.06.05 12:39:10 1: PERL WARNING: Argument "<b><font color='green'>-2683.9</font></b>" isn't numeric in numeric gt (>) at ./FHEM/99_Lipo_email.pm line 59.
2015.06.05 12:40:11 1: PERL WARNING: Argument "<b><font color='green'>-2719.8</font></b>" isn't numeric in numeric gt (>) at ./FHEM/99_Lipo_email.pm line 59.
2015.06.05 12:41:09 1: PERL WARNING: Argument "<b><font color='green'>-2737.0</font></b>" isn't numeric in numeric gt (>) at ./FHEM/99_Lipo_email.pm line 59.
2015.06.05 12:42:12 1: PERL WARNING: Argument "<b><font color='green'>-2746.3</font></b>" isn't numeric in numeric gt (>) at ./FHEM/99_Lipo_email.pm line 59.
2015.06.05 12:43:10 1: PERL WARNING: Argument "<b><font color='green'>-2754.0</font></b>" isn't numeric in numeric gt (>) at ./FHEM/99_Lipo_email.pm line 59.
2015.06.05 12:44:11 1: PERL WARNING: Argument "<b><font color='green'>-2761.4</font></b>" isn't numeric in numeric gt (>) at ./FHEM/99_Lipo_email.pm line 59.
2015.06.05 12:45:10 1: PERL WARNING: Argument "<b><font color='green'>-2773.6</font></b>" isn't numeric in numeric gt (>) at ./FHEM/99_Lipo_email.pm line 59.
2015.06.05 12:46:11 1: PERL WARNING: Argument "<b><font color='green'>-2768.9</font></b>" isn't numeric in numeric gt (>) at ./FHEM/99_Lipo_email.pm line 59.
2015.06.05 12:47:09 1: PERL WARNING: Argument "<b><font color='green'>-2778.2</font></b>" isn't numeric in numeric gt (>) at ./FHEM/99_Lipo_email.pm line 59.
2015.06.05 12:48:10 1: PERL WARNING: Argument "<b><font color='green'>-2779.3</font></b>" isn't numeric in numeric gt (>) at ./FHEM/99_Lipo_email.pm line 59.
2015.06.05 12:49:10 1: PERL WARNING: Argument "<b><font color='green'>-2783.6</font></b>" isn't numeric in numeric gt (>) at ./FHEM/99_Lipo_email.pm line 59.
2015.06.05 12:50:10 1: PERL WARNING: Argument "<b><font color='green'>-2773.5</font></b>" isn't numeric in numeric gt (>) at ./FHEM/99_Lipo_email.pm line 59.
2015.06.05 12:52:12 1: PERL WARNING: Argument "<b><font color='green'>-2791.2</font></b>" isn't numeric in numeric gt (>) at ./FHEM/99_Lipo_email.pm line 59.
2015.06.05 12:53:09 1: PERL WARNING: Argument "<b><font color='green'>-2788.1</font></b>" isn't numeric in numeric gt (>) at ./FHEM/99_Lipo_email.pm line 59.
2015.06.05 12:54:11 1: PERL WARNING: Argument "<b><font color='green'>-2803.7</font></b>" isn't numeric in numeric gt (>) at ./FHEM/99_Lipo_email.pm line 59.
2015.06.05 12:55:10 1: PERL WARNING: Argument "<b><font color='green'>-2794.2</font></b>" isn't numeric in numeric gt (>) at ./FHEM/99_Lipo_email.pm line 59.
2015.06.05 12:58:09 1: PERL WARNING: Argument "<b><font color='green'>-2806.1</font></b>" isn't numeric in numeric gt (>) at ./FHEM/99_Lipo_email.pm line 59.
2015.06.05 12:59:18 1: PERL WARNING: Argument "<b><font color='green'>-2805.8</font></b>" isn't numeric in numeric gt (>) at ./FHEM/99_Lipo_email.pm line 59.
2015.06.05 13:00:09 1: PERL WARNING: Argument "<b><font color='green'>-2824.8</font></b>" isn't numeric in numeric gt (>) at ./FHEM/99_Lipo_email.pm line 59.
2015.06.05 13:01:15 1: PERL WARNING: Argument "<b><font color='green'>-2921.1</font></b>" isn't numeric in numeric gt (>) at ./FHEM/99_Lipo_email.pm line 59.
2015.06.05 13:02:08 1: PERL WARNING: Argument "<b><font color='green'>-2950.0</font></b>" isn't numeric in numeric gt (>) at ./FHEM/99_Lipo_email.pm line 59.
2015.06.05 13:03:15 1: PERL WARNING: Argument "<b><font color='green'>-2959.9</font></b>" isn't numeric in numeric gt (>) at ./FHEM/99_Lipo_email.pm line 59.
2015.06.05 13:04:09 1: PERL WARNING: Argument "<b><font color='green'>-2937.8</font></b>" isn't numeric in numeric gt (>) at ./FHEM/99_Lipo_email.pm line 59.
2015.06.05 13:05:10 1: PERL WARNING: Argument "<b><font color='green'>-2917.7</font></b>" isn't numeric in numeric gt (>) at ./FHEM/99_Lipo_email.pm line 59.
2015.06.05 13:06:07 1: PERL WARNING: Argument "<b><font color='green'>-2905.7</font></b>" isn't numeric in numeric gt (>) at ./FHEM/99_Lipo_email.pm line 59.
2015.06.05 13:07:15 1: PERL WARNING: Argument "<b><font color='green'>-2899.0</font></b>" isn't numeric in numeric gt (>) at ./FHEM/99_Lipo_email.pm line 59.
2015.06.05 13:08:09 1: PERL WARNING: Argument "<b><font color='green'>-2917.5</font></b>" isn't numeric in numeric gt (>) at ./FHEM/99_Lipo_email.pm line 59.
2015.06.05 13:09:11 1: PERL WARNING: Argument "<b><font color='green'>-2914.7</font></b>" isn't numeric in numeric gt (>) at ./FHEM/99_Lipo_email.pm line 59.
2015.06.05 13:10:07 1: PERL WARNING: Argument "<b><font color='green'>-2911.7</font></b>" isn't numeric in numeric gt (>) at ./FHEM/99_Lipo_email.pm line 59.
2015.06.05 13:11:10 1: PERL WARNING: Argument "<b><font color='green'>-2972.8</font></b>" isn't numeric in numeric gt (>) at ./FHEM/99_Lipo_email.pm line 59.
2015.06.05 13:12:09 1: PERL WARNING: Argument "<b><font color='green'>-2951.2</font></b>" isn't numeric in numeric gt (>) at ./FHEM/99_Lipo_email.pm line 59.
2015.06.05 13:13:14 1: PERL WARNING: Argument "<b><font color='green'>-2986.1</font></b>" isn't numeric in numeric gt (>) at ./FHEM/99_Lipo_email.pm line 59.
2015.06.05 13:14:09 1: PERL WARNING: Argument "<b><font color='green'>-2971.4</font></b>" isn't numeric in numeric gt (>) at ./FHEM/99_Lipo_email.pm line 59.
2015.06.05 13:15:14 1: PERL WARNING: Argument "<b><font color='green'>-2983.6</font></b>" isn't numeric in numeric gt (>) at ./FHEM/99_Lipo_email.pm line 59.
2015.06.05 13:16:08 1: PERL WARNING: Argument "<b><font color='green'>-683.7</font></b>" isn't numeric in numeric gt (>) at ./FHEM/99_Lipo_email.pm line 59.
2015.06.05 13:21:13 1: PERL WARNING: Argument "<b><font color='green'>-782.8</font></b>" isn't numeric in numeric gt (>) at ./FHEM/99_Lipo_email.pm line 59.
2015.06.05 13:23:10 1: PERL WARNING: Argument "<b><font color='green'>-734.3</font></b>" isn't numeric in numeric gt (>) at ./FHEM/99_Lipo_email.pm line 59.
2015.06.05 13:25:10 1: PERL WARNING: Argument "<b><font color='green'>-610.5</font></b>" isn't numeric in numeric gt (>) at ./FHEM/99_Lipo_email.pm line 59.
2015.06.05 13:29:11 1: PERL WARNING: Argument "<b><font color='green'>-629.5</font></b>" isn't numeric in numeric gt (>) at ./FHEM/99_Lipo_email.pm line 59.
2015.06.05 13:30:07 1: PERL WARNING: Argument "<b><font color='green'>-646.3</font></b>" isn't numeric in numeric gt (>) at ./FHEM/99_Lipo_email.pm line 59.
2015.06.05 13:31:14 1: PERL WARNING: Argument "<b><font color='green'>-2778.5</font></b>" isn't numeric in numeric gt (>) at ./FHEM/99_Lipo_email.pm line 59.
2015.06.05 13:32:11 1: PERL WARNING: Argument "<b><font color='green'>-2792.8</font></b>" isn't numeric in numeric gt (>) at ./FHEM/99_Lipo_email.pm line 59.
2015.06.05 13:33:14 1: PERL WARNING: Argument "<b><font color='green'>-2780.8</font></b>" isn't numeric in numeric gt (>) at ./FHEM/99_Lipo_email.pm line 59.
2015.06.05 13:34:09 1: PERL WARNING: Argument "<b><font color='green'>-599.0</font></b>" isn't numeric in numeric gt (>) at ./FHEM/99_Lipo_email.pm line 59.
2015.06.05 13:35:11 1: PERL WARNING: Argument "<b><font color='green'>-611.3</font></b>" isn't numeric in numeric gt (>) at ./FHEM/99_Lipo_email.pm line 59.
2015.06.05 13:36:07 1: PERL WARNING: Argument "<b><font color='green'>-2767.2</font></b>" isn't numeric in numeric gt (>) at ./FHEM/99_Lipo_email.pm line 59.
2015.06.05 13:37:14 1: PERL WARNING: Argument "<b><font color='green'>-903.1</font></b>" isn't numeric in numeric gt (>) at ./FHEM/99_Lipo_email.pm line 59.
2015.06.05 13:38:09 1: PERL WARNING: Argument "<b><font color='green'>-2930.2</font></b>" isn't numeric in numeric gt (>) at ./FHEM/99_Lipo_email.pm line 59.
2015.06.05 13:39:14 1: PERL WARNING: Argument "<b><font color='green'>-756.7</font></b>" isn't numeric in numeric gt (>) at ./FHEM/99_Lipo_email.pm line 59.
2015.06.05 13:40:10 1: PERL WARNING: Argument "<b><font color='green'>-775.4</font></b>" isn't numeric in numeric gt (>) at ./FHEM/99_Lipo_email.pm line 59.
2015.06.05 13:41:10 1: PERL WARNING: Argument "<b><font color='green'>-2952.3</font></b>" isn't numeric in numeric gt (>) at ./FHEM/99_Lipo_email.pm line 59.
2015.06.05 13:42:07 1: PERL WARNING: Argument "<b><font color='green'>-2958.3</font></b>" isn't numeric in numeric gt (>) at ./FHEM/99_Lipo_email.pm line 59.
2015.06.05 13:43:15 1: PERL WARNING: Argument "<b><font color='green'>-2951.8</font></b>" isn't numeric in numeric gt (>) at ./FHEM/99_Lipo_email.pm line 59.
2015.06.05 13:44:09 1: PERL WARNING: Argument "<b><font color='green'>-720.8</font></b>" isn't numeric in numeric gt (>) at ./FHEM/99_Lipo_email.pm line 59.
2015.06.05 13:45:14 1: PERL WARNING: Argument "<b><font color='green'>-776.2</font></b>" isn't numeric in numeric gt (>) at ./FHEM/99_Lipo_email.pm line 59.
2015.06.05 13:46:09 1: PERL WARNING: Argument "<b><font color='green'>-777.5</font></b>" isn't numeric in numeric gt (>) at ./FHEM/99_Lipo_email.pm line 59.
2015.06.05 13:47:10 1: PERL WARNING: Argument "<b><font color='green'>-2941.4</font></b>" isn't numeric in numeric gt (>) at ./FHEM/99_Lipo_email.pm line 59.
2015.06.05 13:48:07 1: PERL WARNING: Argument "<b><font color='green'>-2908.8</font></b>" isn't numeric in numeric gt (>) at ./FHEM/99_Lipo_email.pm line 59.
2015.06.05 13:49:14 1: PERL WARNING: Argument "<b><font color='green'>-2895.0</font></b>" isn't numeric in numeric gt (>) at ./FHEM/99_Lipo_email.pm line 59.
2015.06.05 13:50:09 1: PERL WARNING: Argument "<b><font color='green'>-721.8</font></b>" isn't numeric in numeric gt (>) at ./FHEM/99_Lipo_email.pm line 59.
2015.06.05 13:51:15 1: PERL WARNING: Argument "<b><font color='green'>-629.4</font></b>" isn't numeric in numeric gt (>) at ./FHEM/99_Lipo_email.pm line 59.
2015.06.05 13:52:12 1: PERL WARNING: Argument "<b><font color='green'>-2782.0</font></b>" isn't numeric in numeric gt (>) at ./FHEM/99_Lipo_email.pm line 59.
2015.06.05 13:53:10 1: PERL WARNING: Argument "<b><font color='green'>-2794.4</font></b>" isn't numeric in numeric gt (>) at ./FHEM/99_Lipo_email.pm line 59.
2015.06.05 13:54:07 1: PERL WARNING: Argument "<b><font color='green'>-2782.8</font></b>" isn't numeric in numeric gt (>) at ./FHEM/99_Lipo_email.pm line 59.
2015.06.05 13:55:14 1: PERL WARNING: Argument "<b><font color='green'>-605.2</font></b>" isn't numeric in numeric gt (>) at ./FHEM/99_Lipo_email.pm line 59.
2015.06.05 13:56:10 1: PERL WARNING: Argument "<b><font color='green'>-602.3</font></b>" isn't numeric in numeric gt (>) at ./FHEM/99_Lipo_email.pm line 59.
2015.06.05 13:57:12 1: PERL WARNING: Argument "<b><font color='green'>-2770.7</font></b>" isn't numeric in numeric gt (>) at ./FHEM/99_Lipo_email.pm line 59.
2015.06.05 13:58:07 1: PERL WARNING: Argument "<b><font color='green'>-2764.3</font></b>" isn't numeric in numeric gt (>) at ./FHEM/99_Lipo_email.pm line 59.
2015.06.05 13:59:11 1: PERL WARNING: Argument "<b><font color='green'>-2806.6</font></b>" isn't numeric in numeric gt (>) at ./FHEM/99_Lipo_email.pm line 59.
2015.06.05 14:00:10 1: PERL WARNING: Argument "<b><font color='green'>-2818.7</font></b>" isn't numeric in numeric gt (>) at ./FHEM/99_Lipo_email.pm line 59.
2015.06.05 14:01:15 1: PERL WARNING: Argument "<b><font color='green'>-2857.6</font></b>" isn't numeric in numeric gt (>) at ./FHEM/99_Lipo_email.pm line 59.
2015.06.05 14:02:10 1: PERL WARNING: Argument "<b><font color='green'>-2881.1</font></b>" isn't numeric in numeric gt (>) at ./FHEM/99_Lipo_email.pm line 59.
2015.06.05 14:03:14 1: PERL WARNING: Argument "<b><font color='green'>-2879.2</font></b>" isn't numeric in numeric gt (>) at ./FHEM/99_Lipo_email.pm line 59.
2015.06.05 14:04:10 1: PERL WARNING: Argument "<b><font color='green'>-2878.4</font></b>" isn't numeric in numeric gt (>) at ./FHEM/99_Lipo_email.pm line 59.
2015.06.05 14:04:37 3: PCA301 KE_PCA301_02, channel changed from 02 to 04
2015.06.05 14:04:43 3: PCA301 KE_PCA301_02, channel changed from 04 to 02
2015.06.05 14:05:10 1: PERL WARNING: Argument "<b><font color='green'>-2880.8</font></b>" isn't numeric in numeric gt (>) at ./FHEM/99_Lipo_email.pm line 59.
2015.06.05 14:06:08 1: PERL WARNING: Argument "<b><font color='green'>-2873.8</font></b>" isn't numeric in numeric gt (>) at ./FHEM/99_Lipo_email.pm line 59.
2015.06.05 14:07:15 1: PERL WARNING: Argument "<b><font color='green'>-2928.5</font></b>" isn't numeric in numeric gt (>) at ./FHEM/99_Lipo_email.pm line 59.
2015.06.05 14:08:10 1: PERL WARNING: Argument "<b><font color='green'>-2906.8</font></b>" isn't numeric in numeric gt (>) at ./FHEM/99_Lipo_email.pm line 59.
2015.06.05 14:09:15 1: PERL WARNING: Argument "<b><font color='green'>-2901.0</font></b>" isn't numeric in numeric gt (>) at ./FHEM/99_Lipo_email.pm line 59.
2015.06.05 14:10:15 1: PERL WARNING: Argument "<b><font color='green'>-2898.7</font></b>" isn't numeric in numeric gt (>) at ./FHEM/99_Lipo_email.pm line 59.
2015.06.05 14:11:11 1: PERL WARNING: Argument "<b><font color='green'>-2922.7</font></b>" isn't numeric in numeric gt (>) at ./FHEM/99_Lipo_email.pm line 59.
2015.06.05 14:12:08 1: PERL WARNING: Argument "<b><font color='green'>-2927.1</font></b>" isn't numeric in numeric gt (>) at ./FHEM/99_Lipo_email.pm line 59.
2015.06.05 14:13:13 1: PERL WARNING: Argument "<b><font color='green'>-2912.1</font></b>" isn't numeric in numeric gt (>) at ./FHEM/99_Lipo_email.pm line 59.
2015.06.05 14:14:11 1: PERL WARNING: Argument "<b><font color='green'>-2928.4</font></b>" isn't numeric in numeric gt (>) at ./FHEM/99_Lipo_email.pm line 59.
2015.06.05 14:15:16 1: PERL WARNING: Argument "<b><font color='green'>-2935.3</font></b>" isn't numeric in numeric gt (>) at ./FHEM/99_Lipo_email.pm line 59.
2015.06.05 14:16:10 1: PERL WARNING: Argument "<b><font color='green'>-3004.6</font></b>" isn't numeric in numeric gt (>) at ./FHEM/99_Lipo_email.pm line 59.
2015.06.05 14:17:12 1: PERL WARNING: Argument "<b><font color='green'>-2993.5</font></b>" isn't numeric in numeric gt (>) at ./FHEM/99_Lipo_email.pm line 59.
2015.06.05 14:18:09 1: PERL WARNING: Argument "<b><font color='green'>-2986.2</font></b>" isn't numeric in numeric gt (>) at ./FHEM/99_Lipo_email.pm line 59.
2015.06.05 14:19:17 1: PERL WARNING: Argument "<b><font color='green'>-2989.2</font></b>" isn't numeric in numeric gt (>) at ./FHEM/99_Lipo_email.pm line 59.
2015.06.05 14:20:11 1: PERL WARNING: Argument "<b><font color='green'>-2982.5</font></b>" isn't numeric in numeric gt (>) at ./FHEM/99_Lipo_email.pm line 59.
2015.06.05 14:21:16 1: PERL WARNING: Argument "<b><font color='green'>-2971.6</font></b>" isn't numeric in numeric gt (>) at ./FHEM/99_Lipo_email.pm line 59.
2015.06.05 14:22:11 1: PERL WARNING: Argument "<b><font color='green'>-3008.7</font></b>" isn't numeric in numeric gt (>) at ./FHEM/99_Lipo_email.pm line 59.
2015.06.05 14:23:12 1: PERL WARNING: Argument "<b><font color='green'>-2987.1</font></b>" isn't numeric in numeric gt (>) at ./FHEM/99_Lipo_email.pm line 59.
2015.06.05 14:24:09 1: PERL WARNING: Argument "<b><font color='green'>-3011.2</font></b>" isn't numeric in numeric gt (>) at ./FHEM/99_Lipo_email.pm line 59.
2015.06.05 14:25:16 1: PERL WARNING: Argument "<b><font color='green'>-3016.1</font></b>" isn't numeric in numeric gt (>) at ./FHEM/99_Lipo_email.pm line 59.
2015.06.05 14:26:11 1: PERL WARNING: Argument "<b><font color='green'>-3028.4</font></b>" isn't numeric in numeric gt (>) at ./FHEM/99_Lipo_email.pm line 59.
2015.06.05 14:27:16 1: PERL WARNING: Argument "<b><font color='green'>-3033.3</font></b>" isn't numeric in numeric gt (>) at ./FHEM/99_Lipo_email.pm line 59.
2015.06.05 14:28:11 1: PERL WARNING: Argument "<b><font color='green'>-3035.4</font></b>" isn't numeric in numeric gt (>) at ./FHEM/99_Lipo_email.pm line 59.
2015.06.05 14:29:12 1: PERL WARNING: Argument "<b><font color='green'>-3015.8</font></b>" isn't numeric in numeric gt (>) at ./FHEM/99_Lipo_email.pm line 59.
2015.06.05 14:30:09 1: PERL WARNING: Argument "<b><font color='green'>-3004.7</font></b>" isn't numeric in numeric gt (>) at ./FHEM/99_Lipo_email.pm line 59.
2015.06.05 14:31:16 1: PERL WARNING: Argument "<b><font color='green'>-3002.3</font></b>" isn't numeric in numeric gt (>) at ./FHEM/99_Lipo_email.pm line 59.
2015.06.05 14:32:11 1: PERL WARNING: Argument "<b><font color='green'>-2998.6</font></b>" isn't numeric in numeric gt (>) at ./FHEM/99_Lipo_email.pm line 59.
2015.06.05 14:33:17 1: PERL WARNING: Argument "<b><font color='green'>-2988.8</font></b>" isn't numeric in numeric gt (>) at ./FHEM/99_Lipo_email.pm line 59.
2015.06.05 14:34:11 1: PERL WARNING: Argument "<b><font color='green'>-2976.7</font></b>" isn't numeric in numeric gt (>) at ./FHEM/99_Lipo_email.pm line 59.
2015.06.05 14:35:12 1: PERL WARNING: Argument "<b><font color='green'>-2960.1</font></b>" isn't numeric in numeric gt (>) at ./FHEM/99_Lipo_email.pm line 59.
2015.06.05 14:36:09 1: PERL WARNING: Argument "<b><font color='green'>-2956.2</font></b>" isn't numeric in numeric gt (>) at ./FHEM/99_Lipo_email.pm line 59.
2015.06.05 14:37:17 1: PERL WARNING: Argument "<b><font color='green'>-2952.8</font></b>" isn't numeric in numeric gt (>) at ./FHEM/99_Lipo_email.pm line 59.
2015.06.05 14:38:11 1: PERL WARNING: Argument "<b><font color='green'>-2955.1</font></b>" isn't numeric in numeric gt (>) at ./FHEM/99_Lipo_email.pm line 59.
2015.06.05 14:39:16 1: PERL WARNING: Argument "<b><font color='green'>-2928.2</font></b>" isn't numeric in numeric gt (>) at ./FHEM/99_Lipo_email.pm line 59.
2015.06.05 14:40:11 1: PERL WARNING: Argument "<b><font color='green'>-2918.5</font></b>" isn't numeric in numeric gt (>) at ./FHEM/99_Lipo_email.pm line 59.
2015.06.05 14:41:12 1: PERL WARNING: Argument "<b><font color='green'>-2945.1</font></b>" isn't numeric in numeric gt (>) at ./FHEM/99_Lipo_email.pm line 59.
2015.06.05 14:42:09 1: PERL WARNING: Argument "<b><font color='green'>-2943.8</font></b>" isn't numeric in numeric gt (>) at ./FHEM/99_Lipo_email.pm line 59.
2015.06.05 14:43:16 1: PERL WARNING: Argument "<b><font color='green'>-2940.5</font></b>" isn't numeric in numeric gt (>) at ./FHEM/99_Lipo_email.pm line 59.
2015.06.05 14:44:11 1: PERL WARNING: Argument "<b><font color='green'>-2953.8</font></b>" isn't numeric in numeric gt (>) at ./FHEM/99_Lipo_email.pm line 59.
2015.06.05 14:46:09 1: PERL WARNING: Argument "<b><font color='green'>-2949.5</font></b>" isn't numeric in numeric gt (>) at ./FHEM/99_Lipo_email.pm line 59.
2015.06.05 14:47:13 1: PERL WARNING: Argument "<b><font color='green'>-2957.9</font></b>" isn't numeric in numeric gt (>) at ./FHEM/99_Lipo_email.pm line 59.
2015.06.05 14:48:11 1: PERL WARNING: Argument "<b><font color='green'>-2950.6</font></b>" isn't numeric in numeric gt (>) at ./FHEM/99_Lipo_email.pm line 59.
2015.06.05 14:49:16 1: PERL WARNING: Argument "<b><font color='green'>-2880.9</font></b>" isn't numeric in numeric gt (>) at ./FHEM/99_Lipo_email.pm line 59.
2015.06.05 14:50:11 1: PERL WARNING: Argument "<b><font color='green'>-2930.6</font></b>" isn't numeric in numeric gt (>) at ./FHEM/99_Lipo_email.pm line 59.
2015.06.05 14:51:16 1: PERL WARNING: Argument "<b><font color='green'>-2916.4</font></b>" isn't numeric in numeric gt (>) at ./FHEM/99_Lipo_email.pm line 59.
2015.06.05 14:52:11 1: PERL WARNING: Argument "<b><font color='green'>-2858.0</font></b>" isn't numeric in numeric gt (>) at ./FHEM/99_Lipo_email.pm line 59.
2015.06.05 14:53:17 1: PERL WARNING: Argument "<b><font color='green'>-2856.1</font></b>" isn't numeric in numeric gt (>) at ./FHEM/99_Lipo_email.pm line 59.
2015.06.05 14:54:10 1: PERL WARNING: Argument "<b><font color='green'>-517.9</font></b>" isn't numeric in numeric gt (>) at ./FHEM/99_Lipo_email.pm line 59.
2015.06.05 14:56:12 1: PERL WARNING: Argument "<b><font color='green'>-511.2</font></b>" isn't numeric in numeric gt (>) at ./FHEM/99_Lipo_email.pm line 59.
2015.06.05 14:57:17 1: PERL WARNING: Argument "<b><font color='green'>-527.5</font></b>" isn't numeric in numeric gt (>) at ./FHEM/99_Lipo_email.pm line 59.
2015.06.05 14:58:12 1: PERL WARNING: Argument "<b><font color='green'>-523.0</font></b>" isn't numeric in numeric gt (>) at ./FHEM/99_Lipo_email.pm line 59.
2015.06.05 14:59:12 1: PERL WARNING: Argument "<b><font color='green'>-528.4</font></b>" isn't numeric in numeric gt (>) at ./FHEM/99_Lipo_email.pm line 59.
2015.06.05 15:00:10 1: PERL WARNING: Argument "<b><font color='green'>-542.7</font></b>" isn't numeric in numeric gt (>) at ./FHEM/99_Lipo_email.pm line 59.
2015.06.05 15:01:13 1: PERL WARNING: Argument "<b><font color='green'>-535.3</font></b>" isn't numeric in numeric gt (>) at ./FHEM/99_Lipo_email.pm line 59.
2015.06.05 15:02:12 1: PERL WARNING: Argument "<b><font color='green'>-539.8</font></b>" isn't numeric in numeric gt (>) at ./FHEM/99_Lipo_email.pm line 59.
2015.06.05 15:03:16 1: PERL WARNING: Argument "<b><font color='green'>-534.5</font></b>" isn't numeric in numeric gt (>) at ./FHEM/99_Lipo_email.pm line 59.
2015.06.05 15:04:12 1: PERL WARNING: Argument "<b><font color='green'>-529.7</font></b>" isn't numeric in numeric gt (>) at ./FHEM/99_Lipo_email.pm line 59.
2015.06.05 15:05:13 1: PERL WARNING: Argument "<b><font color='green'>-521.1</font></b>" isn't numeric in numeric gt (>) at ./FHEM/99_Lipo_email.pm line 59.
2015.06.05 15:06:10 1: PERL WARNING: Argument "<b><font color='green'>-526.0</font></b>" isn't numeric in numeric gt (>) at ./FHEM/99_Lipo_email.pm line 59.
2015.06.05 15:07:16 1: PERL WARNING: Argument "<b><font color='green'>-2133.8</font></b>" isn't numeric in numeric gt (>) at ./FHEM/99_Lipo_email.pm line 59.
2015.06.05 15:08:12 1: PERL WARNING: Argument "<b><font color='green'>-2644.8</font></b>" isn't numeric in numeric gt (>) at ./FHEM/99_Lipo_email.pm line 59.
2015.06.05 15:09:17 1: PERL WARNING: Argument "<b><font color='green'>-2637.8</font></b>" isn't numeric in numeric gt (>) at ./FHEM/99_Lipo_email.pm line 59.
2015.06.05 15:10:11 1: PERL WARNING: Argument "<b><font color='green'>-2647.7</font></b>" isn't numeric in numeric gt (>) at ./FHEM/99_Lipo_email.pm line 59.
2015.06.05 15:11:13 1: PERL WARNING: Argument "<b><font color='green'>-2634.6</font></b>" isn't numeric in numeric gt (>) at ./FHEM/99_Lipo_email.pm line 59.
2015.06.05 15:12:10 1: PERL WARNING: Argument "<b><font color='green'>-2640.1</font></b>" isn't numeric in numeric gt (>) at ./FHEM/99_Lipo_email.pm line 59.
2015.06.05 15:13:17 1: PERL WARNING: Argument "<b><font color='green'>-2635.6</font></b>" isn't numeric in numeric gt (>) at ./FHEM/99_Lipo_email.pm line 59.
2015.06.05 15:14:11 1: PERL WARNING: Argument "<b><font color='green'>-2628.5</font></b>" isn't numeric in numeric gt (>) at ./FHEM/99_Lipo_email.pm line 59.
2015.06.05 15:15:19 1: PERL WARNING: Argument "<b><font color='green'>-2628.2</font></b>" isn't numeric in numeric gt (>) at ./FHEM/99_Lipo_email.pm line 59.
2015.06.05 15:16:12 1: PERL WARNING: Argument "<b><font color='green'>-2597.9</font></b>" isn't numeric in numeric gt (>) at ./FHEM/99_Lipo_email.pm line 59.
2015.06.05 15:17:13 1: PERL WARNING: Argument "<b><font color='green'>-2607.5</font></b>" isn't numeric in numeric gt (>) at ./FHEM/99_Lipo_email.pm line 59.
2015.06.05 15:18:10 1: PERL WARNING: Argument "<b><font color='green'>-2592.5</font></b>" isn't numeric in numeric gt (>) at ./FHEM/99_Lipo_email.pm line 59.
2015.06.05 15:19:18 1: PERL WARNING: Argument "<b><font color='green'>-2677.9</font></b>" isn't numeric in numeric gt (>) at ./FHEM/99_Lipo_email.pm line 59.
2015.06.05 15:20:12 1: PERL WARNING: Argument "<b><font color='green'>-2705.8</font></b>" isn't numeric in numeric gt (>) at ./FHEM/99_Lipo_email.pm line 59.
2015.06.05 15:21:16 1: PERL WARNING: Argument "<b><font color='green'>-363.6</font></b>" isn't numeric in numeric gt (>) at ./FHEM/99_Lipo_email.pm line 59.
2015.06.05 15:22:12 1: PERL WARNING: Argument "<b><font color='green'>-408.0</font></b>" isn't numeric in numeric gt (>) at ./FHEM/99_Lipo_email.pm line 59.
2015.06.05 15:23:13 1: PERL WARNING: Argument "<b><font color='green'>-412.5</font></b>" isn't numeric in numeric gt (>) at ./FHEM/99_Lipo_email.pm line 59.
2015.06.05 15:24:10 1: PERL WARNING: Argument "<b><font color='green'>-403.1</font></b>" isn't numeric in numeric gt (>) at ./FHEM/99_Lipo_email.pm line 59.
2015.06.05 15:25:17 1: PERL WARNING: Argument "<b><font color='green'>-375.0</font></b>" isn't numeric in numeric gt (>) at ./FHEM/99_Lipo_email.pm line 59.
2015.06.05 15:26:12 1: PERL WARNING: Argument "<b><font color='green'>-387.4</font></b>" isn't numeric in numeric gt (>) at ./FHEM/99_Lipo_email.pm line 59.
2015.06.05 15:27:17 1: PERL WARNING: Argument "<b><font color='green'>-364.0</font></b>" isn't numeric in numeric gt (>) at ./FHEM/99_Lipo_email.pm line 59.
2015.06.05 15:28:12 1: PERL WARNING: Argument "<b><font color='green'>-354.3</font></b>" isn't numeric in numeric gt (>) at ./FHEM/99_Lipo_email.pm line 59.
2015.06.05 15:29:13 1: PERL WARNING: Argument "<b><font color='green'>-347.2</font></b>" isn't numeric in numeric gt (>) at ./FHEM/99_Lipo_email.pm line 59.
2015.06.05 15:30:10 1: PERL WARNING: Argument "<b><font color='green'>-348.8</font></b>" isn't numeric in numeric gt (>) at ./FHEM/99_Lipo_email.pm line 59.
2015.06.05 15:31:16 1: PERL WARNING: Argument "<b><font color='green'>-395.4</font></b>" isn't numeric in numeric gt (>) at ./FHEM/99_Lipo_email.pm line 59.
2015.06.05 15:32:11 1: PERL WARNING: Argument "<b><font color='green'>-397.4</font></b>" isn't numeric in numeric gt (>) at ./FHEM/99_Lipo_email.pm line 59.
2015.06.05 15:33:14 1: PERL WARNING: Argument "<b><font color='green'>-384.6</font></b>" isn't numeric in numeric gt (>) at ./FHEM/99_Lipo_email.pm line 59.
2015.06.05 15:34:10 1: PERL WARNING: Argument "<b><font color='green'>-386.6</font></b>" isn't numeric in numeric gt (>) at ./FHEM/99_Lipo_email.pm line 59.
2015.06.05 15:35:13 1: PERL WARNING: Argument "<b><font color='green'>-386.5</font></b>" isn't numeric in numeric gt (>) at ./FHEM/99_Lipo_email.pm line 59.
2015.06.05 15:36:12 1: PERL WARNING: Argument "<b><font color='green'>-2553.6</font></b>" isn't numeric in numeric gt (>) at ./FHEM/99_Lipo_email.pm line 59.
2015.06.05 15:37:18 1: PERL WARNING: Argument "<b><font color='green'>-2546.6</font></b>" isn't numeric in numeric gt (>) at ./FHEM/99_Lipo_email.pm line 59.
2015.06.05 15:38:12 1: PERL WARNING: Argument "<b><font color='green'>-2543.9</font></b>" isn't numeric in numeric gt (>) at ./FHEM/99_Lipo_email.pm line 59.
2015.06.05 15:39:17 1: PERL WARNING: Argument "<b><font color='green'>-2541.6</font></b>" isn't numeric in numeric gt (>) at ./FHEM/99_Lipo_email.pm line 59.
2015.06.05 15:40:12 1: PERL WARNING: Argument "<b><font color='green'>-2532.9</font></b>" isn't numeric in numeric gt (>) at ./FHEM/99_Lipo_email.pm line 59.
2015.06.05 15:41:13 1: PERL WARNING: Argument "<b><font color='green'>-2521.1</font></b>" isn't numeric in numeric gt (>) at ./FHEM/99_Lipo_email.pm line 59.
2015.06.05 15:42:10 1: PERL WARNING: Argument "<b><font color='green'>-2502.8</font></b>" isn't numeric in numeric gt (>) at ./FHEM/99_Lipo_email.pm line 59.
2015.06.05 15:43:18 1: PERL WARNING: Argument "<b><font color='green'>-2487.2</font></b>" isn't numeric in numeric gt (>) at ./FHEM/99_Lipo_email.pm line 59.
2015.06.05 15:44:12 1: PERL WARNING: Argument "<b><font color='green'>-2479.8</font></b>" isn't numeric in numeric gt (>) at ./FHEM/99_Lipo_email.pm line 59.
2015.06.05 15:45:19 1: PERL WARNING: Argument "<b><font color='green'>-2471.2</font></b>" isn't numeric in numeric gt (>) at ./FHEM/99_Lipo_email.pm line 59.
2015.06.05 15:46:12 1: PERL WARNING: Argument "<b><font color='green'>-2475.1</font></b>" isn't numeric in numeric gt (>) at ./FHEM/99_Lipo_email.pm line 59.
2015.06.05 15:47:13 1: PERL WARNING: Argument "<b><font color='green'>-2462.3</font></b>" isn't numeric in numeric gt (>) at ./FHEM/99_Lipo_email.pm line 59.
2015.06.05 15:48:10 1: PERL WARNING: Argument "<b><font color='green'>-2442.0</font></b>" isn't numeric in numeric gt (>) at ./FHEM/99_Lipo_email.pm line 59.
2015.06.05 15:49:13 1: PERL WARNING: Argument "<b><font color='green'>-2453.0</font></b>" isn't numeric in numeric gt (>) at ./FHEM/99_Lipo_email.pm line 59.
2015.06.05 15:50:12 1: PERL WARNING: Argument "<b><font color='green'>-2442.6</font></b>" isn't numeric in numeric gt (>) at ./FHEM/99_Lipo_email.pm line 59.
2015.06.05 15:51:18 1: PERL WARNING: Argument "<b><font color='green'>-2452.6</font></b>" isn't numeric in numeric gt (>) at ./FHEM/99_Lipo_email.pm line 59.
2015.06.05 15:52:13 1: PERL WARNING: Argument "<b><font color='green'>-2470.6</font></b>" isn't numeric in numeric gt (>) at ./FHEM/99_Lipo_email.pm line 59.
2015.06.05 15:53:13 1: PERL WARNING: Argument "<b><font color='green'>-1192.0</font></b>" isn't numeric in numeric gt (>) at ./FHEM/99_Lipo_email.pm line 59.
2015.06.05 15:54:10 1: PERL WARNING: Argument "<b><font color='green'>-2421.7</font></b>" isn't numeric in numeric gt (>) at ./FHEM/99_Lipo_email.pm line 59.
2015.06.05 15:55:18 1: PERL WARNING: Argument "<b><font color='green'>-2438.0</font></b>" isn't numeric in numeric gt (>) at ./FHEM/99_Lipo_email.pm line 59.
2015.06.05 15:56:12 1: PERL WARNING: Argument "<b><font color='green'>-2427.8</font></b>" isn't numeric in numeric gt (>) at ./FHEM/99_Lipo_email.pm line 59.
2015.06.05 15:58:12 1: PERL WARNING: Argument "<b><font color='green'>-2429.8</font></b>" isn't numeric in numeric gt (>) at ./FHEM/99_Lipo_email.pm line 59.
2015.06.05 15:59:13 1: PERL WARNING: Argument "<b><font color='green'>-2416.7</font></b>" isn't numeric in numeric gt (>) at ./FHEM/99_Lipo_email.pm line 59.
2015.06.05 16:00:10 1: PERL WARNING: Argument "<b><font color='green'>-2396.8</font></b>" isn't numeric in numeric gt (>) at ./FHEM/99_Lipo_email.pm line 59.
2015.06.05 16:01:18 1: PERL WARNING: Argument "<b><font color='green'>-2415.7</font></b>" isn't numeric in numeric gt (>) at ./FHEM/99_Lipo_email.pm line 59.
2015.06.05 16:02:12 1: PERL WARNING: Argument "<b><font color='green'>-2380.4</font></b>" isn't numeric in numeric gt (>) at ./FHEM/99_Lipo_email.pm line 59.
2015.06.05 16:03:18 1: PERL WARNING: Argument "<b><font color='green'>-2387.3</font></b>" isn't numeric in numeric gt (>) at ./FHEM/99_Lipo_email.pm line 59.
2015.06.05 16:04:12 1: PERL WARNING: Argument "<b><font color='green'>-2380.7</font></b>" isn't numeric in numeric gt (>) at ./FHEM/99_Lipo_email.pm line 59.
2015.06.05 16:05:13 1: PERL WARNING: Argument "<b><font color='green'>-2379.1</font></b>" isn't numeric in numeric gt (>) at ./FHEM/99_Lipo_email.pm line 59.
2015.06.05 16:06:10 1: PERL WARNING: Argument "<b><font color='green'>-2357.5</font></b>" isn't numeric in numeric gt (>) at ./FHEM/99_Lipo_email.pm line 59.
2015.06.05 16:07:18 1: PERL WARNING: Argument "<b><font color='green'>-2342.0</font></b>" isn't numeric in numeric gt (>) at ./FHEM/99_Lipo_email.pm line 59.
2015.06.05 16:08:12 1: PERL WARNING: Argument "<b><font color='green'>-2350.1</font></b>" isn't numeric in numeric gt (>) at ./FHEM/99_Lipo_email.pm line 59.
2015.06.05 16:09:18 1: PERL WARNING: Argument "<b><font color='green'>-2327.2</font></b>" isn't numeric in numeric gt (>) at ./FHEM/99_Lipo_email.pm line 59.
2015.06.05 16:10:12 1: PERL WARNING: Argument "<b><font color='green'>-2324.4</font></b>" isn't numeric in numeric gt (>) at ./FHEM/99_Lipo_email.pm line 59.
2015.06.05 16:11:13 1: PERL WARNING: Argument "<b><font color='green'>-2325.1</font></b>" isn't numeric in numeric gt (>) at ./FHEM/99_Lipo_email.pm line 59.
2015.06.05 16:12:10 1: PERL WARNING: Argument "<b><font color='green'>-2427.4</font></b>" isn't numeric in numeric gt (>) at ./FHEM/99_Lipo_email.pm line 59.
2015.06.05 16:13:18 1: PERL WARNING: Argument "<b><font color='green'>-2299.4</font></b>" isn't numeric in numeric gt (>) at ./FHEM/99_Lipo_email.pm line 59.
2015.06.05 16:14:13 1: PERL WARNING: Argument "<b><font color='green'>-2270.5</font></b>" isn't numeric in numeric gt (>) at ./FHEM/99_Lipo_email.pm line 59.
2015.06.05 16:15:17 1: PERL WARNING: Argument "<b><font color='green'>-2272.8</font></b>" isn't numeric in numeric gt (>) at ./FHEM/99_Lipo_email.pm line 59.
2015.06.05 16:16:12 1: PERL WARNING: Argument "<b><font color='green'>-2260.7</font></b>" isn't numeric in numeric gt (>) at ./FHEM/99_Lipo_email.pm line 59.
2015.06.05 16:17:13 1: PERL WARNING: Argument "<b><font color='green'>-2256.5</font></b>" isn't numeric in numeric gt (>) at ./FHEM/99_Lipo_email.pm line 59.
2015.06.05 16:18:10 1: PERL WARNING: Argument "<b><font color='green'>-2248.0</font></b>" isn't numeric in numeric gt (>) at ./FHEM/99_Lipo_email.pm line 59.
2015.06.05 16:19:18 1: PERL WARNING: Argument "<b><font color='green'>-2223.3</font></b>" isn't numeric in numeric gt (>) at ./FHEM/99_Lipo_email.pm line 59.
2015.06.05 16:20:12 1: PERL WARNING: Argument "<b><font color='green'>-2212.5</font></b>" isn't numeric in numeric gt (>) at ./FHEM/99_Lipo_email.pm line 59.
2015.06.05 16:21:14 1: PERL WARNING: Argument "<b><font color='green'>-2199.0</font></b>" isn't numeric in numeric gt (>) at ./FHEM/99_Lipo_email.pm line 59.
2015.06.05 16:22:10 1: PERL WARNING: Argument "<b><font color='green'>-2332.0</font></b>" isn't numeric in numeric gt (>) at ./FHEM/99_Lipo_email.pm line 59.
2015.06.05 16:36:10 1: PERL WARNING: Argument "<b><font color='green'>-2143.7</font></b>" isn't numeric in numeric gt (>) at ./FHEM/99_Lipo_email.pm line 59.
2015.06.05 16:37:14 1: PERL WARNING: Argument "<b><font color='green'>-2209.1</font></b>" isn't numeric in numeric gt (>) at ./FHEM/99_Lipo_email.pm line 59.
2015.06.05 16:38:12 1: PERL WARNING: Argument "<b><font color='green'>-2215.7</font></b>" isn't numeric in numeric gt (>) at ./FHEM/99_Lipo_email.pm line 59.
2015.06.05 16:39:17 1: PERL WARNING: Argument "<b><font color='green'>-2194.6</font></b>" isn't numeric in numeric gt (>) at ./FHEM/99_Lipo_email.pm line 59.
2015.06.05 16:40:12 1: PERL WARNING: Argument "<b><font color='green'>-2189.8</font></b>" isn't numeric in numeric gt (>) at ./FHEM/99_Lipo_email.pm line 59.
2015.06.05 16:41:13 1: PERL WARNING: Argument "<b><font color='green'>-2167.6</font></b>" isn't numeric in numeric gt (>) at ./FHEM/99_Lipo_email.pm line 59.
2015.06.05 16:42:10 1: PERL WARNING: Argument "<b><font color='green'>-2155.4</font></b>" isn't numeric in numeric gt (>) at ./FHEM/99_Lipo_email.pm line 59.
2015.06.05 16:43:18 1: PERL WARNING: Argument "<b><font color='green'>-2160.1</font></b>" isn't numeric in numeric gt (>) at ./FHEM/99_Lipo_email.pm line 59.
2015.06.05 16:44:12 1: PERL WARNING: Argument "<b><font color='green'>-2152.4</font></b>" isn't numeric in numeric gt (>) at ./FHEM/99_Lipo_email.pm line 59.
2015.06.05 16:45:18 1: PERL WARNING: Argument "<b><font color='green'>-2157.2</font></b>" isn't numeric in numeric gt (>) at ./FHEM/99_Lipo_email.pm line 59.
2015.06.05 16:46:12 1: PERL WARNING: Argument "<b><font color='green'>-2139.7</font></b>" isn't numeric in numeric gt (>) at ./FHEM/99_Lipo_email.pm line 59.
2015.06.05 16:47:13 1: PERL WARNING: Argument "<b><font color='green'>-2136.1</font></b>" isn't numeric in numeric gt (>) at ./FHEM/99_Lipo_email.pm line 59.
2015.06.05 16:48:11 1: PERL WARNING: Argument "<b><font color='green'>-2116.4</font></b>" isn't numeric in numeric gt (>) at ./FHEM/99_Lipo_email.pm line 59.
2015.06.05 16:49:17 1: PERL WARNING: Argument "<b><font color='green'>-2102.4</font></b>" isn't numeric in numeric gt (>) at ./FHEM/99_Lipo_email.pm line 59.
2015.06.05 16:50:12 1: PERL WARNING: Argument "<b><font color='green'>-2170.0</font></b>" isn't numeric in numeric gt (>) at ./FHEM/99_Lipo_email.pm line 59.
2015.06.05 16:51:18 1: PERL WARNING: Argument "<b><font color='green'>-2147.3</font></b>" isn't numeric in numeric gt (>) at ./FHEM/99_Lipo_email.pm line 59.
2015.06.05 16:52:14 1: PERL WARNING: Argument "<b><font color='green'>-2134.0</font></b>" isn't numeric in numeric gt (>) at ./FHEM/99_Lipo_email.pm line 59.
2015.06.05 16:53:13 1: PERL WARNING: Argument "<b><font color='green'>-519.0</font></b>" isn't numeric in numeric gt (>) at ./FHEM/99_Lipo_email.pm line 59.
2015.06.05 16:54:11 1: PERL WARNING: Argument "<b><font color='green'>-505.0</font></b>" isn't numeric in numeric gt (>) at ./FHEM/99_Lipo_email.pm line 59.
2015.06.05 16:55:17 1: PERL WARNING: Argument "<b><font color='green'>-2116.3</font></b>" isn't numeric in numeric gt (>) at ./FHEM/99_Lipo_email.pm line 59.
2015.06.05 16:56:13 1: PERL WARNING: Argument "<b><font color='green'>-2107.6</font></b>" isn't numeric in numeric gt (>) at ./FHEM/99_Lipo_email.pm line 59.
2015.06.05 16:57:18 1: PERL WARNING: Argument "<b><font color='green'>-2098.3</font></b>" isn't numeric in numeric gt (>) at ./FHEM/99_Lipo_email.pm line 59.
2015.06.05 16:58:13 1: PERL WARNING: Argument "<b><font color='green'>-2086.3</font></b>" isn't numeric in numeric gt (>) at ./FHEM/99_Lipo_email.pm line 59.
2015.06.05 16:59:14 1: PERL WARNING: Argument "<b><font color='green'>-2076.1</font></b>" isn't numeric in numeric gt (>) at ./FHEM/99_Lipo_email.pm line 59.
2015.06.05 17:00:11 1: PERL WARNING: Argument "<b><font color='green'>-2069.1</font></b>" isn't numeric in numeric gt (>) at ./FHEM/99_Lipo_email.pm line 59.
2015.06.05 17:01:18 1: PERL WARNING: Argument "<b><font color='green'>-2054.5</font></b>" isn't numeric in numeric gt (>) at ./FHEM/99_Lipo_email.pm line 59.
2015.06.05 17:02:12 1: PERL WARNING: Argument "<b><font color='green'>-2048.6</font></b>" isn't numeric in numeric gt (>) at ./FHEM/99_Lipo_email.pm line 59.
2015.06.05 17:03:18 1: PERL WARNING: Argument "<b><font color='green'>-2044.3</font></b>" isn't numeric in numeric gt (>) at ./FHEM/99_Lipo_email.pm line 59.
2015.06.05 17:04:13 1: PERL WARNING: Argument "<b><font color='green'>-2032.2</font></b>" isn't numeric in numeric gt (>) at ./FHEM/99_Lipo_email.pm line 59.
2015.06.05 17:05:14 1: PERL WARNING: Argument "<b><font color='green'>-2018.6</font></b>" isn't numeric in numeric gt (>) at ./FHEM/99_Lipo_email.pm line 59.
2015.06.05 17:06:11 1: PERL WARNING: Argument "<b><font color='green'>-2010.1</font></b>" isn't numeric in numeric gt (>) at ./FHEM/99_Lipo_email.pm line 59.
2015.06.05 17:07:17 1: PERL WARNING: Argument "<b><font color='green'>-1976.6</font></b>" isn't numeric in numeric gt (>) at ./FHEM/99_Lipo_email.pm line 59.
2015.06.05 17:08:12 1: PERL WARNING: Argument "<b><font color='green'>-1974.8</font></b>" isn't numeric in numeric gt (>) at ./FHEM/99_Lipo_email.pm line 59.
2015.06.05 17:09:15 1: PERL WARNING: Argument "<b><font color='green'>-1969.3</font></b>" isn't numeric in numeric gt (>) at ./FHEM/99_Lipo_email.pm line 59.
2015.06.05 17:10:11 1: PERL WARNING: Argument "<b><font color='green'>-1963.2</font></b>" isn't numeric in numeric gt (>) at ./FHEM/99_Lipo_email.pm line 59.
2015.06.05 17:11:15 1: PERL WARNING: Argument "<b><font color='green'>-1942.1</font></b>" isn't numeric in numeric gt (>) at ./FHEM/99_Lipo_email.pm line 59.
2015.06.05 17:12:13 1: PERL WARNING: Argument "<b><font color='green'>-1941.4</font></b>" isn't numeric in numeric gt (>) at ./FHEM/99_Lipo_email.pm line 59.
2015.06.05 17:13:18 1: PERL WARNING: Argument "<b><font color='green'>-1933.3</font></b>" isn't numeric in numeric gt (>) at ./FHEM/99_Lipo_email.pm line 59.
2015.06.05 17:14:13 1: PERL WARNING: Argument "<b><font color='green'>-1922.6</font></b>" isn't numeric in numeric gt (>) at ./FHEM/99_Lipo_email.pm line 59.
2015.06.05 17:15:19 1: PERL WARNING: Argument "<b><font color='green'>-1911.2</font></b>" isn't numeric in numeric gt (>) at ./FHEM/99_Lipo_email.pm line 59.
2015.06.05 17:16:13 1: PERL WARNING: Argument "<b><font color='green'>-1909.3</font></b>" isn't numeric in numeric gt (>) at ./FHEM/99_Lipo_email.pm line 59.
2015.06.05 17:17:14 1: PERL WARNING: Argument "<b><font color='green'>-1902.0</font></b>" isn't numeric in numeric gt (>) at ./FHEM/99_Lipo_email.pm line 59.
2015.06.05 17:18:11 1: PERL WARNING: Argument "<b><font color='green'>-1863.9</font></b>" isn't numeric in numeric gt (>) at ./FHEM/99_Lipo_email.pm line 59.
2015.06.05 17:19:17 1: PERL WARNING: Argument "<b><font color='green'>-338.7</font></b>" isn't numeric in numeric gt (>) at ./FHEM/99_Lipo_email.pm line 59.
2015.06.05 17:22:33 0: Server shutdown
