2013.09.13 16:42:32 1: Including fhem.cfg
2013.09.13 16:42:34 3: telnetPort: port 7072 opened
2013.09.13 16:42:35 3: WEB: port 8083 opened
2013.09.13 16:42:35 3: WEBphone: port 8084 opened
2013.09.13 16:42:35 3: WEBtablet: port 8085 opened
2013.09.13 16:42:36 3: Opening CUL_0 device /dev/ttyACM0
2013.09.13 16:42:37 3: Setting CUL_0 baudrate to 9600
2013.09.13 16:42:37 3: CUL_0 device opened
2013.09.13 16:42:37 3: CUL_0: Possible commands: BCFiAZEGMRTVWXefmltux
2013.09.13 16:42:37 1: Including ./log/fhem.save
2013.09.13 16:42:37 1: usb create starting
2013.09.13 16:42:41 3: Opening CUL device /dev/ttyAMA0
2013.09.13 16:42:41 3: Can't open /dev/ttyAMA0: Permission denied
2013.09.13 16:42:41 1: usb create end
2013.09.13 16:42:41 2: SecurityCheck:  WEB,WEBphone,WEBtablet has no basicAuth attribute. telnetPort has no password/globalpassword attribute.  Restart fhem for a new check if the problem is fixed, or set the global attribute motd to none to supress this message. 
2013.09.13 16:42:41 0: Server started with 12 defined entities (version Fhem 5.4 (DEVELOPMENT), $Id: fhem.pl 3008 2013-04-01 11:19:27Z rudolfkoenig $, pid 2298)
2013.09.13 16:49:38 0: Server shutdown
2013.09.23 19:40:04 1: Including fhem.cfg
2013.09.23 19:40:05 3: telnetPort: port 7072 opened
2013.09.23 19:40:06 3: WEB: port 8083 opened
2013.09.23 19:40:06 3: WEBphone: port 8084 opened
2013.09.23 19:40:06 3: WEBtablet: port 8085 opened
2013.09.23 19:40:07 3: Opening CUL_0 device /dev/ttyACM0
2013.09.23 19:40:08 3: Setting CUL_0 baudrate to 9600
2013.09.23 19:40:08 3: CUL_0 device opened
2013.09.23 19:40:08 3: CUL_0: Possible commands: BCFiAZEGMRTVWXefmltux
2013.09.23 19:40:08 1: Including ./log/fhem.save
2013.09.23 19:40:09 1: usb create starting
2013.09.23 19:40:12 3: Opening CUL device /dev/ttyAMA0
2013.09.23 19:40:12 3: Can't open /dev/ttyAMA0: Permission denied
2013.09.23 19:40:12 1: usb create end
2013.09.23 19:40:13 2: SecurityCheck:  WEB,WEBphone,WEBtablet has no basicAuth attribute. telnetPort has no password/globalpassword attribute.  Restart fhem for a new check if the problem is fixed, or set the global attribute motd to none to supress this message. 
2013.09.23 19:40:13 0: Server started with 12 defined entities (version Fhem 5.4 (DEVELOPMENT), $Id: fhem.pl 3008 2013-04-01 11:19:27Z rudolfkoenig $, pid 2290)
2013.09.23 20:21:31 0: Server shutdown
2013.09.24 16:43:36 1: Including fhem.cfg
2013.09.24 16:43:38 3: telnetPort: port 7072 opened
2013.09.24 16:43:39 3: WEB: port 8083 opened
2013.09.24 16:43:39 3: WEBphone: port 8084 opened
2013.09.24 16:43:39 3: WEBtablet: port 8085 opened
2013.09.24 16:43:40 3: Opening CUL_0 device /dev/ttyACM0
2013.09.24 16:43:41 3: Setting CUL_0 baudrate to 9600
2013.09.24 16:43:41 3: CUL_0 device opened
2013.09.24 16:43:41 3: CUL_0: Possible commands: BCFiAZEGMRTVWXefmltux
2013.09.24 16:43:41 1: Including ./log/fhem.save
2013.09.24 16:43:41 1: usb create starting
2013.09.24 16:43:46 3: Opening CUL device /dev/ttyAMA0
2013.09.24 16:43:46 3: Can't open /dev/ttyAMA0: Permission denied
2013.09.24 16:43:46 1: usb create end
2013.09.24 16:43:46 2: SecurityCheck:  WEB,WEBphone,WEBtablet has no basicAuth attribute. telnetPort has no password/globalpassword attribute.  Restart fhem for a new check if the problem is fixed, or set the global attribute motd to none to supress this message. 
2013.09.24 16:43:46 0: Server started with 12 defined entities (version Fhem 5.4 (DEVELOPMENT), $Id: fhem.pl 3008 2013-04-01 11:19:27Z rudolfkoenig $, pid 2291)
2013.09.24 22:18:16 0: Server shutdown
2013.09.24 22:19:20 1: Including fhem.cfg
2013.09.24 22:19:22 3: telnetPort: port 7072 opened
2013.09.24 22:19:23 3: WEB: port 8083 opened
2013.09.24 22:19:23 3: WEBphone: port 8084 opened
2013.09.24 22:19:23 3: WEBtablet: port 8085 opened
2013.09.24 22:19:24 3: Opening CUL_0 device /dev/ttyACM0
2013.09.24 22:19:25 3: Setting CUL_0 baudrate to 9600
2013.09.24 22:19:25 3: CUL_0 device opened
2013.09.24 22:19:25 3: CUL_0: Possible commands: BCFiAZEGMRTVWXefmltux
2013.09.24 22:19:25 1: Including ./log/fhem.save
2013.09.24 22:19:25 1: usb create starting
2013.09.24 22:19:29 3: Opening CUL device /dev/ttyAMA0
2013.09.24 22:19:29 3: Can't open /dev/ttyAMA0: Permission denied
2013.09.24 22:19:29 1: usb create end
2013.09.24 22:19:29 2: SecurityCheck:  WEB,WEBphone,WEBtablet has no basicAuth attribute. telnetPort has no password/globalpassword attribute.  Restart fhem for a new check if the problem is fixed, or set the global attribute motd to none to supress this message. 
2013.09.24 22:19:29 0: Server started with 12 defined entities (version Fhem 5.4 (DEVELOPMENT), $Id: fhem.pl 3008 2013-04-01 11:19:27Z rudolfkoenig $, pid 2197)
