2014.02.26 17:45:42 1: Including fhem.cfg
2014.02.26 17:45:43 3: telnetPort: port 7072 opened
2014.02.26 17:45:44 3: WEB: port 8083 opened
2014.02.26 17:45:44 3: WEBphone: port 8084 opened
2014.02.26 17:45:44 3: WEBtablet: port 8085 opened
2014.02.26 17:45:46 3: Opening CUL_0 device /dev/ttyACM0
2014.02.26 17:45:46 3: Setting CUL_0 baudrate to 9600
2014.02.26 17:45:46 3: CUL_0 device opened
2014.02.26 17:45:46 3: CUL_0: Possible commands: BCFiAZEGMRTVWXefmltux
2014.02.26 17:45:47 3: Opening CUL_1 device /dev/ttyACM1
2014.02.26 17:45:47 3: Setting CUL_1 baudrate to 9600
2014.02.26 17:45:47 3: CUL_1 device opened
2014.02.26 17:45:47 3: CUL_1: Possible commands: BCFiAZEGMRTVWXefmltux
2014.02.26 17:45:47 1: Including ./log/fhem.save
2014.02.26 17:45:47 1: usb create starting
2014.02.26 17:45:51 3: Opening CUL device /dev/ttyAMA0
2014.02.26 17:45:51 3: Can't open /dev/ttyAMA0: Permission denied
2014.02.26 17:45:51 1: usb create end
2014.02.26 17:45:51 2: SecurityCheck:  WEB,WEBphone,WEBtablet has no basicAuth attribute. telnetPort has no password/globalpassword attribute.  Restart fhem for a new check if the problem is fixed, or set the global attribute motd to none to supress this message. 
2014.02.26 17:45:51 0: Server started with 16 defined entities (version Fhem 5.4 (DEVELOPMENT), $Id: fhem.pl 3008 2013-04-01 11:19:27Z rudolfkoenig $, pid 2323)
2014.02.26 18:43:43 1: CUL_WS UNDEFINED unknown sensor detected, code 8
2014.02.26 18:43:43 2: autocreate: define CUL_WS_8 CUL_WS 8
2014.02.26 18:43:43 2: autocreate: define FileLog_CUL_WS_8 FileLog ./log/CUL_WS_8-%Y.log CUL_WS_8:T:.*
2014.02.26 18:43:43 2: autocreate: define weblink_CUL_WS_8 weblink fileplot FileLog_CUL_WS_8:temp4hum6:CURRENT
2014.02.26 19:02:02 3: CUL_0: Unknown code EFFFFFFFFFFFFFFFFFF, help me!
2014.02.26 19:55:43 0: Server shutdown
2014.02.26 19:58:20 1: Including fhem.cfg
2014.02.26 19:58:21 3: telnetPort: port 7072 opened
2014.02.26 19:58:22 3: WEB: port 8083 opened
2014.02.26 19:58:22 3: WEBphone: port 8084 opened
2014.02.26 19:58:22 3: WEBtablet: port 8085 opened
2014.02.26 19:58:23 3: Opening CUL_0 device /dev/ttyACM0
2014.02.26 19:58:24 3: Setting CUL_0 baudrate to 9600
2014.02.26 19:58:24 3: CUL_0 device opened
2014.02.26 19:58:24 3: CUL_0: Possible commands: BCFiAZEGMRTVWXefmltux
2014.02.26 19:58:24 3: Opening CUL_1 device /dev/ttyACM1
2014.02.26 19:58:24 3: Setting CUL_1 baudrate to 9600
2014.02.26 19:58:24 3: CUL_1 device opened
2014.02.26 19:58:25 3: CUL_1: Possible commands: BCFiAZEGMRTVWXefmltux
2014.02.26 19:58:25 1: Including ./log/fhem.save
2014.02.26 19:58:25 1: usb create starting
2014.02.26 19:58:29 3: Opening CUL device /dev/ttyAMA0
2014.02.26 19:58:29 3: Can't open /dev/ttyAMA0: Permission denied
2014.02.26 19:58:30 1: usb create end
2014.02.26 19:58:30 2: SecurityCheck:  WEB,WEBphone,WEBtablet has no basicAuth attribute. telnetPort has no password/globalpassword attribute.  Restart fhem for a new check if the problem is fixed, or set the global attribute motd to none to supress this message. 
2014.02.26 19:58:30 0: Server started with 19 defined entities (version Fhem 5.4 (DEVELOPMENT), $Id: fhem.pl 3008 2013-04-01 11:19:27Z rudolfkoenig $, pid 2651)
2014.02.26 20:00:21 1: Including fhem.cfg
2014.02.26 20:00:23 1: telnetPort: Can't open server port at 7072: Address already in use. Exiting.
2014.02.26 20:01:03 0: Server shutdown
