2014.01.02 15:58:44 1: Including fhem.cfg
2014.01.02 15:58:45 3: telnetPort: port 7072 opened
2014.01.02 15:58:47 3: WEB: port 8083 opened
2014.01.02 15:58:47 3: WEBphone: port 8084 opened
2014.01.02 15:58:47 3: WEBtablet: port 8085 opened
2014.01.02 15:58:48 3: Opening CUL_0 device /dev/ttyACM0
2014.01.02 15:58:49 3: Setting CUL_0 baudrate to 9600
2014.01.02 15:58:49 3: CUL_0 device opened
2014.01.02 15:58:49 3: CUL_0: Possible commands: BCFiAZEGMRTVWXefmltux
2014.01.02 15:58:49 2: Setting CUL fhtid from 1134 to 1034
2014.01.02 15:58:49 3: Opening CUL_1 device /dev/ttyACM1
2014.01.02 15:58:49 3: Can't open /dev/ttyACM1: No such file or directory
2014.01.02 15:58:49 1: Including ./log/fhem.save
2014.01.02 15:58:49 1: usb create starting
2014.01.02 15:58:51 3: Opening CUL device /dev/ttyAMA0
2014.01.02 15:58:51 3: Can't open /dev/ttyAMA0: Permission denied
2014.01.02 15:58:51 1: usb create end
2014.01.02 15:58:51 2: SecurityCheck:  WEB,WEBphone,WEBtablet has no basicAuth attribute. telnetPort has no password/globalpassword attribute.  Restart fhem for a new check if the problem is fixed, or set the global attribute motd to none to supress this message. 
2014.01.02 15:58:51 0: Server started with 16 defined entities (version Fhem 5.4 (DEVELOPMENT), $Id: fhem.pl 3008 2013-04-01 11:19:27Z rudolfkoenig $, pid 2319)
2014.01.02 17:30:27 1: Including fhem.cfg
2014.01.02 17:30:28 1: telnetPort: Can't open server port at 7072: Address already in use. Exiting.
2014.01.02 19:30:39 1: Including fhem.cfg
2014.01.02 19:30:42 1: telnetPort: Can't open server port at 7072: Address already in use. Exiting.
2014.01.02 19:30:46 1: Including fhem.cfg
2014.01.02 19:30:49 1: telnetPort: Can't open server port at 7072: Address already in use. Exiting.
2014.01.02 21:49:51 0: Server shutdown
2014.01.08 17:30:14 1: Including fhem.cfg
2014.01.08 17:30:15 3: telnetPort: port 7072 opened
2014.01.08 17:30:16 3: WEB: port 8083 opened
2014.01.08 17:30:16 3: WEBphone: port 8084 opened
2014.01.08 17:30:17 3: WEBtablet: port 8085 opened
2014.01.08 17:30:18 3: Opening CUL_0 device /dev/ttyACM0
2014.01.08 17:30:18 3: Setting CUL_0 baudrate to 9600
2014.01.08 17:30:18 3: CUL_0 device opened
2014.01.08 17:30:18 3: CUL_0: Possible commands: BCFiAZEGMRTVWXefmltux
2014.01.08 17:30:19 3: Opening CUL_1 device /dev/ttyACM1
2014.01.08 17:30:19 3: Can't open /dev/ttyACM1: No such file or directory
2014.01.08 17:30:19 1: Including ./log/fhem.save
2014.01.08 17:30:19 1: usb create starting
2014.01.08 17:30:21 3: Opening CUL device /dev/ttyAMA0
2014.01.08 17:30:21 3: Can't open /dev/ttyAMA0: Permission denied
2014.01.08 17:30:21 1: usb create end
2014.01.08 17:30:21 2: SecurityCheck:  WEB,WEBphone,WEBtablet has no basicAuth attribute. telnetPort has no password/globalpassword attribute.  Restart fhem for a new check if the problem is fixed, or set the global attribute motd to none to supress this message. 
2014.01.08 17:30:21 0: Server started with 16 defined entities (version Fhem 5.4 (DEVELOPMENT), $Id: fhem.pl 3008 2013-04-01 11:19:27Z rudolfkoenig $, pid 2358)
2014.01.08 17:38:25 1: Including fhem.cfg
2014.01.08 17:38:27 1: telnetPort: Can't open server port at 7072: Address already in use. Exiting.
2014.01.08 23:18:11 0: Server shutdown
2014.01.18 16:45:22 1: Including fhem.cfg
2014.01.18 16:45:24 3: telnetPort: port 7072 opened
2014.01.18 16:45:26 3: WEB: port 8083 opened
2014.01.18 16:45:26 3: WEBphone: port 8084 opened
2014.01.18 16:45:26 3: WEBtablet: port 8085 opened
2014.01.18 16:45:27 3: Opening CUL_0 device /dev/ttyACM0
2014.01.18 16:45:28 3: Setting CUL_0 baudrate to 9600
2014.01.18 16:45:28 3: CUL_0 device opened
2014.01.18 16:45:28 3: CUL_0: Possible commands: BCFiAZEGMRTVWXefmltux
2014.01.18 16:45:28 1: Including fhem.cfg
2014.01.18 16:45:29 3: Opening CUL_1 device /dev/ttyACM1
2014.01.18 16:45:29 3: Can't open /dev/ttyACM1: No such file or directory
2014.01.18 16:45:29 1: Including ./log/fhem.save
2014.01.18 16:45:29 1: usb create starting
2014.01.18 16:45:32 1: telnetPort: Can't open server port at 7072: Address already in use. Exiting.
2014.01.18 16:45:34 3: Opening CUL device /dev/ttyAMA0
2014.01.18 16:45:34 3: Can't open /dev/ttyAMA0: Permission denied
2014.01.18 16:45:35 1: usb create end
2014.01.18 16:45:35 2: SecurityCheck:  WEB,WEBphone,WEBtablet has no basicAuth attribute. telnetPort has no password/globalpassword attribute.  Restart fhem for a new check if the problem is fixed, or set the global attribute motd to none to supress this message. 
2014.01.18 16:45:35 0: Server started with 16 defined entities (version Fhem 5.4 (DEVELOPMENT), $Id: fhem.pl 3008 2013-04-01 11:19:27Z rudolfkoenig $, pid 2327)
2014.01.18 17:38:17 0: Server shutdown
2014.01.19 12:10:05 1: Including fhem.cfg
2014.01.19 12:10:07 3: telnetPort: port 7072 opened
2014.01.19 12:10:08 3: WEB: port 8083 opened
2014.01.19 12:10:08 3: WEBphone: port 8084 opened
2014.01.19 12:10:08 3: WEBtablet: port 8085 opened
2014.01.19 12:10:09 3: Opening CUL_0 device /dev/ttyACM0
2014.01.19 12:10:10 3: Setting CUL_0 baudrate to 9600
2014.01.19 12:10:10 3: CUL_0 device opened
2014.01.19 12:10:10 3: CUL_0: Possible commands: BCFiAZEGMRTVWXefmltux
2014.01.19 12:10:10 3: Opening CUL_1 device /dev/ttyACM1
2014.01.19 12:10:10 3: Can't open /dev/ttyACM1: No such file or directory
2014.01.19 12:10:10 1: Including ./log/fhem.save
2014.01.19 12:10:11 1: usb create starting
2014.01.19 12:10:14 3: Opening CUL device /dev/ttyAMA0
2014.01.19 12:10:14 3: Can't open /dev/ttyAMA0: Permission denied
2014.01.19 12:10:15 1: usb create end
2014.01.19 12:10:15 2: SecurityCheck:  WEB,WEBphone,WEBtablet has no basicAuth attribute. telnetPort has no password/globalpassword attribute.  Restart fhem for a new check if the problem is fixed, or set the global attribute motd to none to supress this message. 
2014.01.19 12:10:15 0: Server started with 16 defined entities (version Fhem 5.4 (DEVELOPMENT), $Id: fhem.pl 3008 2013-04-01 11:19:27Z rudolfkoenig $, pid 2326)
2014.01.19 12:27:50 1: Including fhem.cfg
2014.01.19 12:27:52 1: telnetPort: Can't open server port at 7072: Address already in use. Exiting.
2014.01.19 12:28:50 3: Setting CUL_1 baudrate to 9600
2014.01.19 12:28:50 1: /dev/ttyACM1 reappeared (CUL_1)
2014.01.19 12:28:50 3: CUL_1: Possible commands: BCFiAZEGMRTVWXefmltux
2014.01.19 12:28:50 2: Setting CUL fhtid from 1034 to 1134
2014.01.19 13:18:25 1: Including fhem.cfg
2014.01.19 13:18:27 1: telnetPort: Can't open server port at 7072: Address already in use. Exiting.
2014.01.19 22:49:40 1: Including fhem.cfg
2014.01.19 22:49:42 1: telnetPort: Can't open server port at 7072: Address already in use. Exiting.
2014.01.19 22:50:52 0: Server shutdown
2014.01.28 16:32:06 1: Including fhem.cfg
2014.01.28 16:32:07 3: telnetPort: port 7072 opened
2014.01.28 16:32:08 3: WEB: port 8083 opened
2014.01.28 16:32:08 3: WEBphone: port 8084 opened
2014.01.28 16:32:08 3: WEBtablet: port 8085 opened
2014.01.28 16:32:10 3: Opening CUL_0 device /dev/ttyACM0
2014.01.28 16:32:10 3: Setting CUL_0 baudrate to 9600
2014.01.28 16:32:10 3: CUL_0 device opened
2014.01.28 16:32:10 3: CUL_0: Possible commands: BCFiAZEGMRTVWXefmltux
2014.01.28 16:32:10 2: Setting CUL fhtid from 1134 to 1034
2014.01.28 16:32:11 3: Opening CUL_1 device /dev/ttyACM1
2014.01.28 16:32:11 3: Setting CUL_1 baudrate to 9600
2014.01.28 16:32:11 3: CUL_1 device opened
2014.01.28 16:32:11 3: CUL_1: Possible commands: BCFiAZEGMRTVWXefmltux
2014.01.28 16:32:11 2: Setting CUL fhtid from 1034 to 1134
2014.01.28 16:32:11 1: Including ./log/fhem.save
2014.01.28 16:32:11 1: usb create starting
2014.01.28 16:32:15 3: Opening CUL device /dev/ttyAMA0
2014.01.28 16:32:15 3: Can't open /dev/ttyAMA0: Permission denied
2014.01.28 16:32:15 1: usb create end
2014.01.28 16:32:15 2: SecurityCheck:  WEB,WEBphone,WEBtablet has no basicAuth attribute. telnetPort has no password/globalpassword attribute.  Restart fhem for a new check if the problem is fixed, or set the global attribute motd to none to supress this message. 
2014.01.28 16:32:15 0: Server started with 16 defined entities (version Fhem 5.4 (DEVELOPMENT), $Id: fhem.pl 3008 2013-04-01 11:19:27Z rudolfkoenig $, pid 2327)
2014.01.28 22:55:22 0: Server shutdown
