2015-05-31_00:47:21 HA_Wetter_6_PP fc8_tempMin: 11
2015-05-31_00:47:21 HA_Wetter_6_PP fc3_cloud21: 75
2015-05-31_00:47:21 HA_Wetter_6_PP fc3_chOfRain03: 5
2015-05-31_00:47:21 HA_Wetter_6_PP fc3_temp18: 18
2015-05-31_00:47:21 HA_Wetter_6_PP fc1_weatherNight: wolkig
2015-05-31_00:47:21 HA_Wetter_6_PP fc1_moonRise: 19:48
2015-05-31_00:47:21 HA_Wetter_6_PP fc0_uv: 5
2015-05-31_00:47:21 HA_Wetter_6_PP fc2_sun: 50
2015-05-31_00:47:21 HA_Wetter_6_PP fc7_tempMin: 12
2015-05-31_00:47:21 HA_Wetter_6_PP fc1_tempMin: 9
2015-05-31_00:47:21 HA_Wetter_6_PP fc2_cloud12: 50
2015-05-31_00:47:21 HA_Wetter_6_PP fc3_temp12: 22
2015-05-31_00:47:21 HA_Wetter_6_PP fc13_moonRise: 03:09
2015-05-31_00:47:21 HA_Wetter_6_PP fc5_cloud00: 0
2015-05-31_00:47:21 HA_Wetter_6_PP fc0_temp12: 20
2015-05-31_00:47:21 HA_Wetter_6_PP fc3_temp21: 14
2015-05-31_00:47:21 HA_Wetter_6_PP fc1_cloud12: 87.5
2015-05-31_00:47:21 HA_Wetter_6_PP fc2_temp06: 15
2015-05-31_00:47:21 HA_Wetter_6_PP fc4_weatherNight: klar
2015-05-31_00:47:21 HA_Wetter_6_PP fc3_chOfRainNight: 10
2015-05-31_00:47:21 HA_Wetter_6_PP fc3_temp09: 22
2015-05-31_00:47:21 HA_Wetter_6_PP fc1_weatherEveningIcon: http://www.proplanta.de/wetterdaten/images/symbole/n5.gif
2015-05-31_00:47:21 HA_Wetter_6_PP fc4_sun: 100
2015-05-31_00:47:21 HA_Wetter_6_PP fc10_date: 10.06.2015
2015-05-31_00:47:21 HA_Wetter_6_PP fc4_weatherEveningIcon: http://www.proplanta.de/wetterdaten/images/symbole/n1.gif
2015-05-31_00:47:21 HA_Wetter_6_PP fc4_temp03: 8
2015-05-31_00:47:21 HA_Wetter_6_PP fc11_moonRise: 02:08
2015-05-31_00:47:21 HA_Wetter_6_PP fc6_temp15: 29
2015-05-31_00:47:21 HA_Wetter_6_PP fc3_cloud12: 25
2015-05-31_00:47:21 HA_Wetter_6_PP fc1_moonSet: 04:36
2015-05-31_00:47:21 HA_Wetter_6_PP fc3_chOfRain18: 10
2015-05-31_00:47:21 HA_Wetter_6_PP fc3_temp00: 15
2015-05-31_00:47:21 HA_Wetter_6_PP fc4_cloud00: 75
2015-05-31_00:47:21 HA_Wetter_6_PP fc8_weatherIcon: http://www.proplanta.de/wetterdaten/images/symbole/t2.gif
2015-05-31_00:47:21 HA_Wetter_6_PP fc1_rain: 0.9
2015-05-31_00:47:21 HA_Wetter_6_PP fc1_cloud09: 75
2015-05-31_00:47:21 HA_Wetter_6_PP fc2_chOfRain03: 10
2015-05-31_00:47:21 HA_Wetter_6_PP fc3_chOfRain06: 5
2015-05-31_00:47:21 HA_Wetter_6_PP fc0_weatherEvening: wolkig
2015-05-31_00:47:21 HA_Wetter_6_PP fc1_weatherMorning: heiter
2015-05-31_00:47:21 HA_Wetter_6_PP fc3_moonRise: 21:49
2015-05-31_00:47:21 HA_Wetter_6_PP fc0_chOfRain18: 10
2015-05-31_00:47:21 HA_Wetter_6_PP fc12_tempMin: 9
2015-05-31_00:47:21 HA_Wetter_6_PP fc13_moonSet: 17:44
2015-05-31_00:47:21 HA_Wetter_6_PP fc2_cloud00: 50
2015-05-31_00:47:21 HA_Wetter_6_PP fc1_sun: 25
2015-05-31_00:47:21 HA_Wetter_6_PP fc1_temp00: 14
2015-05-31_00:47:21 HA_Wetter_6_PP fc3_cloud06: 0
2015-05-31_00:47:21 HA_Wetter_6_PP fc4_evapor: 2
2015-05-31_00:47:21 HA_Wetter_6_PP fc1_rain09: 0.9
2015-05-31_00:47:21 HA_Wetter_6_PP fc2_temp21: 15
2015-05-31_00:47:21 HA_Wetter_6_PP fc0_weatherEveningIcon: http://www.proplanta.de/wetterdaten/images/symbole/n3.gif
2015-05-31_00:47:21 HA_Wetter_6_PP fc4_chOfRain12: 0
2015-05-31_00:47:21 HA_Wetter_6_PP fc2_uv: 7
2015-05-31_00:47:21 HA_Wetter_6_PP fc5_temp21: 14
2015-05-31_00:47:21 HA_Wetter_6_PP fc9_date: 09.06.2015
2015-05-31_00:47:21 HA_Wetter_6_PP fc4_chOfRainDay: 0
2015-05-31_00:47:21 HA_Wetter_6_PP fc3_chOfRain09: 0
2015-05-31_00:47:21 HA_Wetter_6_PP fc1_chOfRainDay: 15
2015-05-31_00:47:21 HA_Wetter_6_PP fc10_weather: wolkig
2015-05-31_00:47:21 HA_Wetter_6_PP fc7_moonSet: 10:14
2015-05-31_00:47:21 HA_Wetter_6_PP fc1_temp18: 11
2015-05-31_00:47:21 HA_Wetter_6_PP fc5_temp15: 25
2015-05-31_00:47:21 HA_Wetter_6_PP fc11_tempMin: 7
2015-05-31_00:47:21 HA_Wetter_6_PP fc0_cloud18: 25
2015-05-31_00:47:21 HA_Wetter_6_PP fc12_moonSet: 16:30
2015-05-31_00:47:21 HA_Wetter_6_PP fc0_sun: 50
2015-05-31_00:47:21 HA_Wetter_6_PP fc8_date: 08.06.2015
2015-05-31_00:47:21 HA_Wetter_6_PP fc2_chOfRain12: 10
2015-05-31_00:47:21 HA_Wetter_6_PP fc0_chOfRainDay: 10
2015-05-31_00:47:21 HA_Wetter_6_PP fc1_dew: 2
2015-05-31_00:47:21 HA_Wetter_6_PP fc10_tempMax: 22
2015-05-31_00:47:21 HA_Wetter_6_PP fc0_rain: 0
2015-05-31_00:47:21 HA_Wetter_6_PP fc10_weatherIcon: http://www.proplanta.de/wetterdaten/images/symbole/t3.gif
2015-05-31_00:47:21 HA_Wetter_6_PP fc8_weather: heiter
2015-05-31_00:47:21 HA_Wetter_6_PP fc4_temp06: 14
2015-05-31_00:47:21 HA_Wetter_6_PP fc0_evapor: 2
2015-05-31_00:47:21 HA_Wetter_6_PP fc4_temp21: 12
2015-05-31_00:47:21 HA_Wetter_6_PP fc4_tempMax: 22
2015-05-31_00:47:21 HA_Wetter_6_PP fc2_weatherMorning: wolkig
2015-05-31_00:47:21 HA_Wetter_6_PP fc3_weatherMorning: heiter
2015-05-31_00:47:21 HA_Wetter_6_PP fc3_cloud15: 75
2015-05-31_00:47:21 HA_Wetter_6_PP fc4_weatherDayIcon: http://www.proplanta.de/wetterdaten/images/symbole/t1.gif
2015-05-31_00:47:21 HA_Wetter_6_PP fc2_date: 02.06.2015
2015-05-31_00:47:21 HA_Wetter_6_PP fc6_temp18: 24
2015-05-31_00:47:21 HA_Wetter_6_PP fc0_rain06: 0
2015-05-31_00:47:21 HA_Wetter_6_PP fc4_moonRise: 22:41
2015-05-31_00:47:21 HA_Wetter_6_PP fc6_tempMax: 29
2015-05-31_00:47:21 HA_Wetter_6_PP fc0_chOfRain21: 10
2015-05-31_00:47:21 HA_Wetter_6_PP fc11_weatherIcon: http://www.proplanta.de/wetterdaten/images/symbole/t6.gif
2015-05-31_00:47:21 HA_Wetter_6_PP fc0_weatherDayIcon: http://www.proplanta.de/wetterdaten/images/symbole/t3.gif
2015-05-31_00:47:21 HA_Wetter_6_PP fc12_weather: wolkig
2015-05-31_00:47:21 HA_Wetter_6_PP fc13_tempMax: 19
2015-05-31_00:47:21 HA_Wetter_6_PP fc0_chOfRain06: 10
2015-05-31_00:47:21 HA_Wetter_6_PP fc5_temp03: 10
2015-05-31_00:47:21 HA_Wetter_6_PP fc1_cloud00: 25
2015-05-31_00:47:21 HA_Wetter_6_PP fc6_temp03: 11
2015-05-31_00:47:21 HA_Wetter_6_PP fc4_rad: 8.4
2015-05-31_00:47:21 HA_Wetter_6_PP fc0_cloud03: 37.5
2015-05-31_00:47:21 HA_Wetter_6_PP fc0_chOfRain03: 10
2015-05-31_00:47:21 HA_Wetter_6_PP fc9_moonSet: 12:43
2015-05-31_00:47:21 HA_Wetter_6_PP fc4_moonSet: 06:52
2015-05-31_00:47:21 HA_Wetter_6_PP fc6_moonRise: --:--
2015-05-31_00:47:21 HA_Wetter_6_PP fc4_cloud03: 0
2015-05-31_00:47:21 HA_Wetter_6_PP fc5_temp00: 10
2015-05-31_00:47:21 HA_Wetter_6_PP fc0_weatherDay: wolkig
2015-05-31_00:47:21 HA_Wetter_6_PP fc2_chOfRain15: 0
2015-05-31_00:47:21 HA_Wetter_6_PP fc3_tempMin: 14
2015-05-31_00:47:21 HA_Wetter_6_PP fc13_date: 13.06.2015
2015-05-31_00:47:21 HA_Wetter_6_PP fc0_moonSet: 04:04
2015-05-31_00:47:21 HA_Wetter_6_PP fc0_chOfRain15: 10
2015-05-31_00:47:21 HA_Wetter_6_PP fc0_cloud09: 25
2015-05-31_00:47:21 HA_Wetter_6_PP fc10_moonRise: 01:40
2015-05-31_00:47:21 HA_Wetter_6_PP fc1_chOfRain21: 15
2015-05-31_00:47:21 HA_Wetter_6_PP fc0_chOfRainNight: 5
2015-05-31_00:47:21 HA_Wetter_6_PP durationFetchReadings: 31.48
2015-05-31_00:47:21 HA_Wetter_6_PP fc4_dew: 0
2015-05-31_00:47:21 HA_Wetter_6_PP fc4_chOfRainNight: 0
2015-05-31_00:47:21 HA_Wetter_6_PP fc12_date: 12.06.2015
2015-05-31_00:47:21 HA_Wetter_6_PP fc2_temp15: 23
2015-05-31_00:47:21 HA_Wetter_6_PP fc3_cloud00: 0
2015-05-31_00:47:21 HA_Wetter_6_PP fc4_date: 04.06.2015
2015-05-31_00:47:21 HA_Wetter_6_PP fc0_cloud12: 50
2015-05-31_00:47:21 HA_Wetter_6_PP fc1_date: 01.06.2015
2015-05-31_00:47:21 HA_Wetter_6_PP fc0_date: 31.05.2015
2015-05-31_00:47:21 HA_Wetter_6_PP fc0_temp15: 22
2015-05-31_00:47:21 HA_Wetter_6_PP fc1_chOfRain06: 5
2015-05-31_00:47:21 HA_Wetter_6_PP fc4_chOfRain15: 0
2015-05-31_00:47:21 HA_Wetter_6_PP fc5_chOfRain00: 0
2015-05-31_00:47:21 HA_Wetter_6_PP fc2_weatherMorningIcon: http://www.proplanta.de/wetterdaten/images/symbole/t3.gif
2015-05-31_00:47:21 HA_Wetter_6_PP fc6_temp06: 18
2015-05-31_00:47:21 HA_Wetter_6_PP fc4_tempMin: 8
2015-05-31_00:47:21 HA_Wetter_6_PP fc2_cloud09: 37.5
2015-05-31_00:47:21 HA_Wetter_6_PP fc1_rad: 3.2
2015-05-31_00:47:21 HA_Wetter_6_PP fc2_temp03: 7
2015-05-31_00:47:21 HA_Wetter_6_PP fc2_rain09: 0
2015-05-31_00:47:21 HA_Wetter_6_PP fc3_tempMax: 24
2015-05-31_00:47:21 HA_Wetter_6_PP fc11_date: 11.06.2015
2015-05-31_00:47:21 HA_Wetter_6_PP fc4_cloud21: 0
2015-05-31_00:47:21 HA_Wetter_6_PP fc4_temp12: 21
2015-05-31_00:47:21 HA_Wetter_6_PP fc1_temp06: 16
2015-05-31_00:47:21 HA_Wetter_6_PP fc4_temp15: 21
2015-05-31_00:47:21 HA_Wetter_6_PP fc0_weatherNight: heiter
2015-05-31_00:47:21 HA_Wetter_6_PP fc6_date: 06.06.2015
2015-05-31_00:47:21 HA_Wetter_6_PP fc8_moonRise: 00:40
2015-05-31_00:47:21 HA_Wetter_6_PP fc2_weatherNightIcon: http://www.proplanta.de/wetterdaten/images/symbole/n2.gif
2015-05-31_00:47:21 HA_Wetter_6_PP fc2_weatherEvening: klar
2015-05-31_00:47:21 HA_Wetter_6_PP fc6_temp00: 11
2015-05-31_00:47:21 HA_Wetter_6_PP fc0_temp00: 7
2015-05-31_00:47:21 HA_Wetter_6_PP fc5_evapor: 3
2015-05-31_00:47:21 HA_Wetter_6_PP fc2_temp18: 20
2015-05-31_00:47:21 HA_Wetter_6_PP fc3_weatherEvening: wolkig
2015-05-31_00:47:21 HA_Wetter_6_PP fc1_chOfRain09: 40
2015-05-31_00:47:21 HA_Wetter_6_PP fc3_weatherEveningIcon: http://www.proplanta.de/wetterdaten/images/symbole/n3.gif
2015-05-31_00:47:21 HA_Wetter_6_PP fc1_chOfRainNight: 10
2015-05-31_00:47:21 HA_Wetter_6_PP fc4_chOfRain00: 15
2015-05-31_00:47:21 HA_Wetter_6_PP fc1_chOfRain12: 15
2015-05-31_00:47:21 HA_Wetter_6_PP fc2_moonSet: 05:14
2015-05-31_00:47:21 HA_Wetter_6_PP fc9_tempMin: 9
2015-05-31_00:47:21 HA_Wetter_6_PP fc4_chOfRain06: 0
2015-05-31_00:47:21 HA_Wetter_6_PP fc3_dew: 1
2015-05-31_00:47:21 HA_Wetter_6_PP fc0_weatherNightIcon: http://www.proplanta.de/wetterdaten/images/symbole/n2.gif
2015-05-31_00:47:21 HA_Wetter_6_PP fc0_temp09: 17
2015-05-31_00:47:21 HA_Wetter_6_PP fc8_tempMax: 24
2015-05-31_00:47:21 HA_Wetter_6_PP fc0_weatherMorning: wolkig
2015-05-31_00:47:21 HA_Wetter_6_PP fc5_temp18: 21
2015-05-31_00:47:21 HA_Wetter_6_PP fc3_rad: 5.7
2015-05-31_00:47:21 HA_Wetter_6_PP fc7_moonRise: 00:06
2015-05-31_00:47:21 HA_Wetter_6_PP fc4_weatherEvening: klar
2015-05-31_00:47:21 HA_Wetter_6_PP fc0_cloud15: 50
2015-05-31_00:47:21 HA_Wetter_6_PP fc2_cloud18: 0
2015-05-31_00:47:21 HA_Wetter_6_PP fc0_chOfRain09: 10
2015-05-31_00:47:21 HA_Wetter_6_PP fc2_cloud03: 50
2015-05-31_00:47:21 HA_Wetter_6_PP fc1_temp15: 12
2015-05-31_00:47:21 HA_Wetter_6_PP fc2_chOfRain09: 10
2015-05-31_00:47:21 HA_Wetter_6_PP fc1_cloud03: 12.5
2015-05-31_00:47:21 HA_Wetter_6_PP fc4_temp00: 12
2015-05-31_00:47:21 HA_Wetter_6_PP fc2_moonRise: 20:50
2015-05-31_00:47:21 HA_Wetter_6_PP fc9_moonRise: 01:11
2015-05-31_00:47:21 HA_Wetter_6_PP fc3_cloud03: 12.5
2015-05-31_00:47:21 HA_Wetter_6_PP fc4_chOfRain18: 0
2015-05-31_00:47:21 HA_Wetter_6_PP fc6_temp09: 26
2015-05-31_00:47:21 HA_Wetter_6_PP fc0_temp18: 19
2015-05-31_00:47:21 HA_Wetter_6_PP fc0_tempMax: 22
2015-05-31_00:47:21 HA_Wetter_6_PP fc2_cloud21: 0
2015-05-31_00:47:21 HA_Wetter_6_PP fc1_temp09: 15
2015-05-31_00:47:21 HA_Wetter_6_PP fc3_temp15: 22
2015-05-31_00:47:21 HA_Wetter_6_PP fc3_temp03: 14
2015-05-31_00:47:21 HA_Wetter_6_PP fc4_temp09: 18
2015-05-31_00:47:21 HA_Wetter_6_PP fc2_weatherDayIcon: http://www.proplanta.de/wetterdaten/images/symbole/t3.gif
2015-05-31_00:47:21 HA_Wetter_6_PP fc1_weatherDay: stark bewoelkt
2015-05-31_00:47:21 HA_Wetter_6_PP fc4_weatherMorningIcon: http://www.proplanta.de/wetterdaten/images/symbole/t1.gif
2015-05-31_00:47:21 HA_Wetter_6_PP fc1_uv: 2
2015-05-31_00:47:21 HA_Wetter_6_PP fc4_weatherMorning: sonnig
2015-05-31_00:47:21 HA_Wetter_6_PP fc5_tempMin: 10
2015-05-31_00:47:21 HA_Wetter_6_PP fc7_tempMax: 31
2015-05-31_00:47:21 HA_Wetter_6_PP fc3_weatherMorningIcon: http://www.proplanta.de/wetterdaten/images/symbole/t2.gif
2015-05-31_00:47:21 HA_Wetter_6_PP fc4_cloud18: 0
2015-05-31_00:47:21 HA_Wetter_6_PP fc0_rad: 7.9
2015-05-31_00:47:21 HA_Wetter_6_PP fc5_moonSet: 07:54
2015-05-31_00:47:21 HA_Wetter_6_PP fc0_dew: 1
2015-05-31_00:47:21 HA_Wetter_6_PP fc11_tempMax: 25
2015-05-31_00:47:21 HA_Wetter_6_PP fc2_chOfRain21: 0
2015-05-31_00:47:21 HA_Wetter_6_PP fc2_chOfRainNight: 5
2015-05-31_00:47:21 HA_Wetter_6_PP fc6_temp12: 28
2015-05-31_00:47:21 HA_Wetter_6_PP fc0_cloud21: 25
2015-05-31_00:47:21 HA_Wetter_6_PP fc3_date: 03.06.2015
2015-05-31_00:47:21 HA_Wetter_6_PP fc4_chOfRain03: 0
2015-05-31_00:47:21 HA_Wetter_6_PP fc2_chOfRain18: 0
2015-05-31_00:47:21 HA_Wetter_6_PP fc2_chOfRainDay: 10
2015-05-31_00:47:21 HA_Wetter_6_PP fc1_weatherDayIcon: http://www.proplanta.de/wetterdaten/images/symbole/t4.gif
2015-05-31_00:47:21 HA_Wetter_6_PP fc5_date: 05.06.2015
2015-05-31_00:47:21 HA_Wetter_6_PP fc3_cloud18: 62.5
2015-05-31_00:47:21 HA_Wetter_6_PP fc1_weatherMorningIcon: http://www.proplanta.de/wetterdaten/images/symbole/t2.gif
2015-05-31_00:47:21 HA_Wetter_6_PP fc1_cloud18: 87.5
2015-05-31_00:47:21 HA_Wetter_6_PP fc0_cloud06: 37.5
2015-05-31_00:47:21 HA_Wetter_6_PP fc4_cloud12: 0
2015-05-31_00:47:21 HA_Wetter_6_PP fc3_weatherNightIcon: http://www.proplanta.de/wetterdaten/images/symbole/n3.gif
2015-05-31_00:47:21 HA_Wetter_6_PP fc8_moonSet: 11:28
2015-05-31_00:47:21 HA_Wetter_6_PP fc10_tempMin: 8
2015-05-31_00:47:21 HA_Wetter_6_PP fc3_evapor: 3
2015-05-31_00:47:21 HA_Wetter_6_PP fc11_weather: Regenschauer
2015-05-31_00:47:21 HA_Wetter_6_PP fc10_moonSet: 13:59
2015-05-31_00:47:21 HA_Wetter_6_PP fc0_cloud00: 37.5
2015-05-31_00:47:21 HA_Wetter_6_PP fc0_temp03: 7
2015-05-31_00:47:21 HA_Wetter_6_PP fc3_moonSet: 05:59
2015-05-31_00:47:21 HA_Wetter_6_PP fc0_temp06: 12
2015-05-31_00:47:21 HA_Wetter_6_PP fc0_weatherMorningIcon: http://www.proplanta.de/wetterdaten/images/symbole/t3.gif
2015-05-31_00:47:21 HA_Wetter_6_PP fc4_weatherDay: sonnig
2015-05-31_00:47:21 HA_Wetter_6_PP fc2_chOfRain06: 10
2015-05-31_00:47:21 HA_Wetter_6_PP fc1_chOfRain03: 5
2015-05-31_00:47:21 HA_Wetter_6_PP fc1_weatherEvening: bedeckt
2015-05-31_00:47:21 HA_Wetter_6_PP fc4_cloud15: 0
2015-05-31_00:47:21 HA_Wetter_6_PP fc3_weatherNight: wolkig
2015-05-31_00:47:21 HA_Wetter_6_PP fc2_weatherEveningIcon: http://www.proplanta.de/wetterdaten/images/symbole/n1.gif
2015-05-31_00:47:21 HA_Wetter_6_PP fc12_moonRise: 02:37
2015-05-31_00:47:21 HA_Wetter_6_PP fc2_rain: 0
2015-05-31_00:47:21 HA_Wetter_6_PP fc3_chOfRain00: 0
2015-05-31_00:47:21 HA_Wetter_6_PP fc2_cloud15: 0
2015-05-31_00:47:21 HA_Wetter_6_PP fc2_rad: 7.2
2015-05-31_00:47:21 HA_Wetter_6_PP fc5_tempMax: 26
2015-05-31_00:47:21 HA_Wetter_6_PP fc1_cloud21: 62.5
2015-05-31_00:47:21 HA_Wetter_6_PP fc1_temp03: 13
2015-05-31_00:47:21 HA_Wetter_6_PP fc2_temp09: 19
2015-05-31_00:47:21 HA_Wetter_6_PP fc5_temp12: 25
2015-05-31_00:47:21 HA_Wetter_6_PP fc12_tempMax: 24
2015-05-31_00:47:21 HA_Wetter_6_PP fc5_temp06: 17
2015-05-31_00:47:21 HA_Wetter_6_PP fc2_temp12: 23
2015-05-31_00:47:21 HA_Wetter_6_PP fc4_uv: 9
2015-05-31_00:47:21 HA_Wetter_6_PP fc5_moonRise: 23:27
2015-05-31_00:47:21 HA_Wetter_6_PP fc2_tempMax: 23
2015-05-31_00:47:21 HA_Wetter_6_PP fc2_weatherNight: heiter
2015-05-31_00:47:21 HA_Wetter_6_PP fc12_weatherIcon: http://www.proplanta.de/wetterdaten/images/symbole/t3.gif
2015-05-31_00:47:21 HA_Wetter_6_PP fc1_cloud06: 12.5
2015-05-31_00:47:21 HA_Wetter_6_PP fc6_temp21: 16
2015-05-31_00:47:21 HA_Wetter_6_PP fc4_weatherNightIcon: http://www.proplanta.de/wetterdaten/images/symbole/n1.gif
2015-05-31_00:47:21 HA_Wetter_6_PP fc2_temp00: 7
2015-05-31_00:47:21 HA_Wetter_6_PP fc1_chOfRain15: 20
2015-05-31_00:47:21 HA_Wetter_6_PP fc0_temp21: 14
2015-05-31_00:47:21 HA_Wetter_6_PP fc1_weatherNightIcon: http://www.proplanta.de/wetterdaten/images/symbole/n3.gif
2015-05-31_00:47:21 HA_Wetter_6_PP fc3_chOfRain21: 15
2015-05-31_00:47:21 HA_Wetter_6_PP fc0_moonRise: 18:44
2015-05-31_00:47:21 HA_Wetter_6_PP fc3_chOfRain15: 15
2015-05-31_00:47:21 HA_Wetter_6_PP fc13_tempMin: 8
2015-05-31_00:47:21 HA_Wetter_6_PP fc5_temp09: 23
2015-05-31_00:47:21 HA_Wetter_6_PP fc2_cloud06: 37.5
2015-05-31_00:47:21 HA_Wetter_6_PP fc1_temp21: 9
2015-05-31_00:47:21 HA_Wetter_6_PP fc6_moonSet: 09:02
2015-05-31_00:47:21 HA_Wetter_6_PP fc4_chOfRain21: 0
2015-05-31_00:47:21 HA_Wetter_6_PP fc3_temp06: 18
2015-05-31_00:47:21 HA_Wetter_6_PP fc0_tempMin: 7
2015-05-31_00:47:21 HA_Wetter_6_PP fc3_cloud09: 0
2015-05-31_00:47:21 HA_Wetter_6_PP fc1_chOfRain18: 20
2015-05-31_00:47:21 HA_Wetter_6_PP fc1_tempMax: 17
2015-05-31_00:47:21 HA_Wetter_6_PP fc1_cloud15: 100
2015-05-31_00:47:21 HA_Wetter_6_PP fc3_uv: 6
2015-05-31_00:47:21 HA_Wetter_6_PP fc1_temp12: 12
2015-05-31_00:47:21 HA_Wetter_6_PP fc7_date: 07.06.2015
2015-05-31_00:47:21 HA_Wetter_6_PP fc11_moonSet: 15:15
2015-05-31_00:47:21 HA_Wetter_6_PP fc2_weatherDay: wolkig
2015-05-31_00:47:21 HA_Wetter_6_PP fc2_tempMin: 7
2015-05-31_00:47:21 HA_Wetter_6_PP Tmin: 7 Tmax: 22
2015-05-31_00:47:21 HA_Wetter_6_PP lastConnection: 428 values captured in 31.48 s
2015-05-31_02:47:23 HA_Wetter_6_PP wind: 10.8
2015-05-31_02:47:23 HA_Wetter_6_PP cloudBaseMin: -
2015-05-31_02:47:23 HA_Wetter_6_PP dewPoint: 3
2015-05-31_02:47:23 HA_Wetter_6_PP windDirIcon: http://www.proplanta.de/wetterdaten/images/symbole/w27.gif
2015-05-31_02:47:23 HA_Wetter_6_PP obsTime: 02:00
2015-05-31_02:47:23 HA_Wetter_6_PP durationFetchReadings: 32.50
2015-05-31_02:47:23 HA_Wetter_6_PP humidity: 85.5
2015-05-31_02:47:23 HA_Wetter_6_PP visibility: 21
2015-05-31_02:47:23 HA_Wetter_6_PP pressure: 1019.2
2015-05-31_02:47:23 HA_Wetter_6_PP temperature: 5.2
2015-05-31_02:47:23 HA_Wetter_6_PP cloudBaseMax: -
2015-05-31_02:47:23 HA_Wetter_6_PP windDir: 180
2015-05-31_02:47:23 HA_Wetter_6_PP Tmin: 7 Tmax: 22 T: 5.2 H: 85.5 W: 10.8 P: 1019.2
2015-05-31_02:47:23 HA_Wetter_6_PP lastConnection: 439 values captured in 32.50 s
2015-05-31_03:47:20 HA_Wetter_6_PP wind: 14.4
2015-05-31_03:47:20 HA_Wetter_6_PP dewPoint: 2.9
2015-05-31_03:47:20 HA_Wetter_6_PP obsTime: 03:00
2015-05-31_03:47:20 HA_Wetter_6_PP durationFetchReadings: 29.39
2015-05-31_03:47:20 HA_Wetter_6_PP humidity: 88
2015-05-31_03:47:20 HA_Wetter_6_PP visibility: 19
2015-05-31_03:47:20 HA_Wetter_6_PP pressure: 1019
2015-05-31_03:47:20 HA_Wetter_6_PP temperature: 4.7
2015-05-31_03:47:20 HA_Wetter_6_PP Tmin: 7 Tmax: 22 T: 4.7 H: 88 W: 14.4 P: 1019
2015-05-31_03:47:20 HA_Wetter_6_PP lastConnection: 439 values captured in 29.39 s
2015-05-31_04:47:21 HA_Wetter_6_PP dewPoint: 2.6
2015-05-31_04:47:21 HA_Wetter_6_PP obsTime: 04:00
2015-05-31_04:47:21 HA_Wetter_6_PP durationFetchReadings: 30.33
2015-05-31_04:47:21 HA_Wetter_6_PP humidity: 88.6
2015-05-31_04:47:21 HA_Wetter_6_PP visibility: 17
2015-05-31_04:47:21 HA_Wetter_6_PP temperature: 4.3
2015-05-31_04:47:21 HA_Wetter_6_PP Tmin: 7 Tmax: 22 T: 4.3 H: 88.6 W: 14.4 P: 1019
2015-05-31_04:47:21 HA_Wetter_6_PP lastConnection: 439 values captured in 30.33 s
2015-05-31_05:47:24 HA_Wetter_6_PP dewPoint: 2.8
2015-05-31_05:47:24 HA_Wetter_6_PP obsTime: 05:00
2015-05-31_05:47:24 HA_Wetter_6_PP durationFetchReadings: 33.11
2015-05-31_05:47:24 HA_Wetter_6_PP humidity: 88
2015-05-31_05:47:24 HA_Wetter_6_PP temperature: 4.6
2015-05-31_05:47:24 HA_Wetter_6_PP Tmin: 7 Tmax: 22 T: 4.6 H: 88 W: 14.4 P: 1019
2015-05-31_05:47:24 HA_Wetter_6_PP lastConnection: 439 values captured in 33.11 s
2015-05-31_06:47:29 HA_Wetter_6_PP dewPoint: 3.3
2015-05-31_06:47:29 HA_Wetter_6_PP obsTime: 06:00
2015-05-31_06:47:29 HA_Wetter_6_PP durationFetchReadings: 37.20
2015-05-31_06:47:29 HA_Wetter_6_PP humidity: 85.6
2015-05-31_06:47:29 HA_Wetter_6_PP visibility: 70
2015-05-31_06:47:29 HA_Wetter_6_PP pressure: 1018.7
2015-05-31_06:47:29 HA_Wetter_6_PP temperature: 5.5
2015-05-31_06:47:29 HA_Wetter_6_PP Tmin: 7 Tmax: 22 T: 5.5 H: 85.6 W: 14.4 P: 1018.7
2015-05-31_06:47:29 HA_Wetter_6_PP lastConnection: 439 values captured in 37.20 s
2015-05-31_07:47:26 HA_Wetter_6_PP wind: 10.8
2015-05-31_07:47:26 HA_Wetter_6_PP dewPoint: 3.9
2015-05-31_07:47:26 HA_Wetter_6_PP obsTime: 07:00
2015-05-31_07:47:26 HA_Wetter_6_PP durationFetchReadings: 34.71
2015-05-31_07:47:26 HA_Wetter_6_PP humidity: 81.6
2015-05-31_07:47:26 HA_Wetter_6_PP pressure: 1018.5
2015-05-31_07:47:26 HA_Wetter_6_PP temperature: 6.8
2015-05-31_07:47:26 HA_Wetter_6_PP Tmin: 7 Tmax: 22 T: 6.8 H: 81.6 W: 10.8 P: 1018.5
2015-05-31_07:47:26 HA_Wetter_6_PP lastConnection: 439 values captured in 34.71 s
2015-05-31_08:47:28 HA_Wetter_6_PP dewPoint: 4.8
2015-05-31_08:47:28 HA_Wetter_6_PP obsTime: 08:00
2015-05-31_08:47:28 HA_Wetter_6_PP durationFetchReadings: 36.27
2015-05-31_08:47:28 HA_Wetter_6_PP humidity: 72.2
2015-05-31_08:47:28 HA_Wetter_6_PP pressure: 1018
2015-05-31_08:47:28 HA_Wetter_6_PP temperature: 9.5
2015-05-31_08:47:28 HA_Wetter_6_PP Tmin: 7 Tmax: 22 T: 9.5 H: 72.2 W: 10.8 P: 1018
2015-05-31_08:47:28 HA_Wetter_6_PP lastConnection: 439 values captured in 36.27 s
2015-05-31_09:47:29 HA_Wetter_6_PP dewPoint: 6.4
2015-05-31_09:47:29 HA_Wetter_6_PP obsTime: 09:00
2015-05-31_09:47:29 HA_Wetter_6_PP durationFetchReadings: 37.77
2015-05-31_09:47:29 HA_Wetter_6_PP humidity: 63.5
2015-05-31_09:47:29 HA_Wetter_6_PP pressure: 1017.1
2015-05-31_09:47:29 HA_Wetter_6_PP temperature: 13.1
2015-05-31_09:47:29 HA_Wetter_6_PP Tmin: 7 Tmax: 22 T: 13.1 H: 63.5 W: 10.8 P: 1017.1
2015-05-31_09:47:29 HA_Wetter_6_PP lastConnection: 439 values captured in 37.77 s
2015-05-31_10:47:35 HA_Wetter_6_PP fc8_tempMin: 7
2015-05-31_10:47:35 HA_Wetter_6_PP fc3_cloud21: 100
2015-05-31_10:47:35 HA_Wetter_6_PP fc3_chOfRain03: 0
2015-05-31_10:47:35 HA_Wetter_6_PP fc0_uv: 6
2015-05-31_10:47:35 HA_Wetter_6_PP fc2_sun: 75
2015-05-31_10:47:35 HA_Wetter_6_PP fc7_tempMin: 10
2015-05-31_10:47:35 HA_Wetter_6_PP fc1_tempMin: 7
2015-05-31_10:47:35 HA_Wetter_6_PP fc2_cloud12: 25
2015-05-31_10:47:35 HA_Wetter_6_PP fc3_temp12: 20
2015-05-31_10:47:35 HA_Wetter_6_PP fc1_cloud12: 100
2015-05-31_10:47:35 HA_Wetter_6_PP fc3_chOfRainNight: 20
2015-05-31_10:47:35 HA_Wetter_6_PP fc3_temp09: 20
2015-05-31_10:47:35 HA_Wetter_6_PP wind: 18
2015-05-31_10:47:35 HA_Wetter_6_PP fc1_weatherEveningIcon: http://www.proplanta.de/wetterdaten/images/symbole/n4.gif
2015-05-31_10:47:35 HA_Wetter_6_PP fc4_sun: 75
2015-05-31_10:47:35 HA_Wetter_6_PP fc4_temp03: 10
2015-05-31_10:47:35 HA_Wetter_6_PP fc6_temp15: 31
2015-05-31_10:47:35 HA_Wetter_6_PP fc3_cloud12: 62.5
2015-05-31_10:47:35 HA_Wetter_6_PP cloudBaseMin: 1000
2015-05-31_10:47:35 HA_Wetter_6_PP fc6_chOfRainNight: 10
2015-05-31_10:47:35 HA_Wetter_6_PP fc3_chOfRain18: 20
2015-05-31_10:47:35 HA_Wetter_6_PP fc3_temp00: 14
2015-05-31_10:47:35 HA_Wetter_6_PP fc4_cloud00: 100
2015-05-31_10:47:35 HA_Wetter_6_PP fc8_weatherIcon: http://www.proplanta.de/wetterdaten/images/symbole/t1.gif
2015-05-31_10:47:35 HA_Wetter_6_PP fc1_rain: 2.7
2015-05-31_10:47:35 HA_Wetter_6_PP fc1_cloud09: 87.5
2015-05-31_10:47:35 HA_Wetter_6_PP fc3_chOfRain06: 0
2015-05-31_10:47:35 HA_Wetter_6_PP fc0_weatherEvening: heiter
2015-05-31_10:47:35 HA_Wetter_6_PP fc1_weatherMorning: stark bewoelkt
2015-05-31_10:47:35 HA_Wetter_6_PP fc6_chOfRain12: 5
2015-05-31_10:47:35 HA_Wetter_6_PP fc0_chOfRain18: 5
2015-05-31_10:47:35 HA_Wetter_6_PP fc4_temp18: 17
2015-05-31_10:47:35 HA_Wetter_6_PP fc2_cloud00: 37.5
2015-05-31_10:47:35 HA_Wetter_6_PP fc1_sun: 5
2015-05-31_10:47:35 HA_Wetter_6_PP fc1_temp00: 15
2015-05-31_10:47:35 HA_Wetter_6_PP fc1_rain09: 1.4
2015-05-31_10:47:35 HA_Wetter_6_PP fc2_temp21: 16
2015-05-31_10:47:35 HA_Wetter_6_PP fc0_weatherEveningIcon: http://www.proplanta.de/wetterdaten/images/symbole/n2.gif
2015-05-31_10:47:35 HA_Wetter_6_PP fc2_uv: 8
2015-05-31_10:47:35 HA_Wetter_6_PP fc4_chOfRainDay: 5
2015-05-31_10:47:35 HA_Wetter_6_PP fc3_chOfRain09: 10
2015-05-31_10:47:35 HA_Wetter_6_PP fc1_chOfRainDay: 80
2015-05-31_10:47:35 HA_Wetter_6_PP fc1_temp18: 12
2015-05-31_10:47:35 HA_Wetter_6_PP fc5_temp15: 26
2015-05-31_10:47:35 HA_Wetter_6_PP fc11_tempMin: 6
2015-05-31_10:47:35 HA_Wetter_6_PP fc0_cloud18: 12.5
2015-05-31_10:47:35 HA_Wetter_6_PP fc6_weatherNight: wolkig
2015-05-31_10:47:35 HA_Wetter_6_PP fc9_weatherIcon: http://www.proplanta.de/wetterdaten/images/symbole/t4.gif
2015-05-31_10:47:35 HA_Wetter_6_PP dewPoint: 5.4
2015-05-31_10:47:35 HA_Wetter_6_PP fc1_dew: 3
2015-05-31_10:47:35 HA_Wetter_6_PP fc10_tempMax: 20
2015-05-31_10:47:35 HA_Wetter_6_PP windDirIcon: http://www.proplanta.de/wetterdaten/images/symbole/w5.gif
2015-05-31_10:47:35 HA_Wetter_6_PP obsTime: 10:00
2015-05-31_10:47:35 HA_Wetter_6_PP fc8_weather: sonnig
2015-05-31_10:47:35 HA_Wetter_6_PP fc4_temp06: 12
2015-05-31_10:47:35 HA_Wetter_6_PP fc4_temp21: 11
2015-05-31_10:47:35 HA_Wetter_6_PP fc4_tempMax: 21
2015-05-31_10:47:35 HA_Wetter_6_PP fc2_weatherMorning: heiter
2015-05-31_10:47:35 HA_Wetter_6_PP fc3_weatherMorning: sonnig
2015-05-31_10:47:35 HA_Wetter_6_PP fc3_cloud15: 100
2015-05-31_10:47:35 HA_Wetter_6_PP fc4_weatherDayIcon: http://www.proplanta.de/wetterdaten/images/symbole/t2.gif
2015-05-31_10:47:35 HA_Wetter_6_PP fc6_temp18: 26
2015-05-31_10:47:35 HA_Wetter_6_PP fc1_evapor: 1
2015-05-31_10:47:35 HA_Wetter_6_PP fc6_uv: 8
2015-05-31_10:47:35 HA_Wetter_6_PP fc6_tempMax: 31
2015-05-31_10:47:35 HA_Wetter_6_PP fc13_weather: heiter
2015-05-31_10:47:35 HA_Wetter_6_PP fc0_chOfRain21: 5
2015-05-31_10:47:35 HA_Wetter_6_PP fc11_weatherIcon: http://www.proplanta.de/wetterdaten/images/symbole/t2.gif
2015-05-31_10:47:35 HA_Wetter_6_PP fc12_weather: heiter
2015-05-31_10:47:35 HA_Wetter_6_PP fc13_tempMax: 31
2015-05-31_10:47:35 HA_Wetter_6_PP fc1_cloud00: 37.5
2015-05-31_10:47:35 HA_Wetter_6_PP fc4_rad: 8.5
2015-05-31_10:47:35 HA_Wetter_6_PP fc4_cloud03: 87.5
2015-05-31_10:47:35 HA_Wetter_6_PP fc5_temp00: 12
2015-05-31_10:47:35 HA_Wetter_6_PP fc13_weatherIcon: http://www.proplanta.de/wetterdaten/images/symbole/t2.gif
2015-05-31_10:47:35 HA_Wetter_6_PP fc0_chOfRain15: 5
2015-05-31_10:47:35 HA_Wetter_6_PP fc0_cloud09: 37.5
2015-05-31_10:47:35 HA_Wetter_6_PP fc1_chOfRain21: 10
2015-05-31_10:47:35 HA_Wetter_6_PP fc0_chOfRainNight: 10
2015-05-31_10:47:35 HA_Wetter_6_PP durationFetchReadings: 42.95
2015-05-31_10:47:35 HA_Wetter_6_PP fc4_dew: 1
2015-05-31_10:47:35 HA_Wetter_6_PP fc6_cloud12: 12.5
2015-05-31_10:47:35 HA_Wetter_6_PP fc0_cloud12: 62.5
2015-05-31_10:47:35 HA_Wetter_6_PP humidity: 51.3
2015-05-31_10:47:35 HA_Wetter_6_PP fc1_chOfRain06: 15
2015-05-31_10:47:35 HA_Wetter_6_PP fc5_rad: 8.5
2015-05-31_10:47:35 HA_Wetter_6_PP fc2_weatherMorningIcon: http://www.proplanta.de/wetterdaten/images/symbole/t2.gif
2015-05-31_10:47:35 HA_Wetter_6_PP fc6_temp06: 20
2015-05-31_10:47:35 HA_Wetter_6_PP fc4_tempMin: 7
2015-05-31_10:47:35 HA_Wetter_6_PP fc2_cloud09: 12.5
2015-05-31_10:47:35 HA_Wetter_6_PP fc7_weatherIcon: http://www.proplanta.de/wetterdaten/images/symbole/t3.gif
2015-05-31_10:47:35 HA_Wetter_6_PP fc1_rad: 1.4
2015-05-31_10:47:35 HA_Wetter_6_PP fc2_temp03: 9
2015-05-31_10:47:35 HA_Wetter_6_PP pressure: 1016.4
2015-05-31_10:47:35 HA_Wetter_6_PP fc3_tempMax: 20
2015-05-31_10:47:35 HA_Wetter_6_PP fc4_temp12: 20
2015-05-31_10:47:35 HA_Wetter_6_PP fc1_rain15: 1.3
2015-05-31_10:47:35 HA_Wetter_6_PP fc1_temp06: 17
2015-05-31_10:47:35 HA_Wetter_6_PP fc0_weatherNight: wolkig
2015-05-31_10:47:35 HA_Wetter_6_PP temperature: 15.3
2015-05-31_10:47:35 HA_Wetter_6_PP fc2_weatherNightIcon: http://www.proplanta.de/wetterdaten/images/symbole/n1.gif
2015-05-31_10:47:35 HA_Wetter_6_PP fc6_temp00: 13
2015-05-31_10:47:35 HA_Wetter_6_PP fc3_weatherEvening: bedeckt
2015-05-31_10:47:35 HA_Wetter_6_PP fc1_chOfRain09: 80
2015-05-31_10:47:35 HA_Wetter_6_PP fc3_weatherEveningIcon: http://www.proplanta.de/wetterdaten/images/symbole/n5.gif
2015-05-31_10:47:35 HA_Wetter_6_PP cloudBaseMax: 1500
2015-05-31_10:47:35 HA_Wetter_6_PP fc4_chOfRain00: 20
2015-05-31_10:47:35 HA_Wetter_6_PP fc1_chOfRain12: 20
2015-05-31_10:47:35 HA_Wetter_6_PP fc4_chOfRain06: 10
2015-05-31_10:47:35 HA_Wetter_6_PP fc0_weatherNightIcon: http://www.proplanta.de/wetterdaten/images/symbole/n3.gif
2015-05-31_10:47:35 HA_Wetter_6_PP fc8_tempMax: 22
2015-05-31_10:47:35 HA_Wetter_6_PP fc3_rad: 4
2015-05-31_10:47:35 HA_Wetter_6_PP fc0_cloud15: 25
2015-05-31_10:47:35 HA_Wetter_6_PP fc7_weather: wolkig
2015-05-31_10:47:35 HA_Wetter_6_PP fc2_cloud03: 37.5
2015-05-31_10:47:35 HA_Wetter_6_PP fc1_temp15: 10
2015-05-31_10:47:35 HA_Wetter_6_PP fc2_chOfRain09: 5
2015-05-31_10:47:35 HA_Wetter_6_PP fc1_cloud03: 62.5
2015-05-31_10:47:35 HA_Wetter_6_PP fc6_tempMin: 11
2015-05-31_10:47:35 HA_Wetter_6_PP fc3_cloud03: 0
2015-05-31_10:47:35 HA_Wetter_6_PP fc4_cloud06: 50
2015-05-31_10:47:35 HA_Wetter_6_PP fc1_temp09: 9
2015-05-31_10:47:35 HA_Wetter_6_PP fc3_temp15: 20
2015-05-31_10:47:35 HA_Wetter_6_PP fc4_temp09: 16
2015-05-31_10:47:35 HA_Wetter_6_PP fc2_weatherDayIcon: http://www.proplanta.de/wetterdaten/images/symbole/t2.gif
2015-05-31_10:47:35 HA_Wetter_6_PP fc1_weatherDay: Regen
2015-05-31_10:47:35 HA_Wetter_6_PP fc4_weatherMorningIcon: http://www.proplanta.de/wetterdaten/images/symbole/t3.gif
2015-05-31_10:47:35 HA_Wetter_6_PP fc4_weatherMorning: wolkig
2015-05-31_10:47:35 HA_Wetter_6_PP fc5_tempMin: 9
2015-05-31_10:47:35 HA_Wetter_6_PP fc7_tempMax: 20
2015-05-31_10:47:35 HA_Wetter_6_PP fc3_weatherMorningIcon: http://www.proplanta.de/wetterdaten/images/symbole/t1.gif
2015-05-31_10:47:35 HA_Wetter_6_PP fc0_rad: 7.7
2015-05-31_10:47:35 HA_Wetter_6_PP fc2_chOfRainNight: 0
2015-05-31_10:47:35 HA_Wetter_6_PP windDir: 203
2015-05-31_10:47:35 HA_Wetter_6_PP fc6_temp12: 30
2015-05-31_10:47:35 HA_Wetter_6_PP fc4_chOfRain03: 15
2015-05-31_10:47:35 HA_Wetter_6_PP fc2_chOfRainDay: 5
2015-05-31_10:47:35 HA_Wetter_6_PP fc1_weatherDayIcon: http://www.proplanta.de/wetterdaten/images/symbole/t7.gif
2015-05-31_10:47:35 HA_Wetter_6_PP fc3_cloud18: 100
2015-05-31_10:47:35 HA_Wetter_6_PP fc1_weatherMorningIcon: http://www.proplanta.de/wetterdaten/images/symbole/t4.gif
2015-05-31_10:47:35 HA_Wetter_6_PP fc1_cloud18: 75
2015-05-31_10:47:35 HA_Wetter_6_PP fc3_weatherNightIcon: http://www.proplanta.de/wetterdaten/images/symbole/n5.gif
2015-05-31_10:47:35 HA_Wetter_6_PP fc10_tempMin: 5
2015-05-31_10:47:35 HA_Wetter_6_PP fc3_evapor: 2
2015-05-31_10:47:35 HA_Wetter_6_PP fc11_weather: heiter
2015-05-31_10:47:35 HA_Wetter_6_PP fc6_weatherNightIcon: http://www.proplanta.de/wetterdaten/images/symbole/n3.gif
2015-05-31_10:47:35 HA_Wetter_6_PP fc0_cloud00: 50
2015-05-31_10:47:35 HA_Wetter_6_PP fc4_weatherDay: heiter
2015-05-31_10:47:35 HA_Wetter_6_PP fc2_chOfRain06: 5
2015-05-31_10:47:35 HA_Wetter_6_PP fc1_chOfRain03: 15
2015-05-31_10:47:35 HA_Wetter_6_PP fc1_weatherEvening: stark bewoelkt
2015-05-31_10:47:35 HA_Wetter_6_PP fc3_weatherNight: bedeckt
2015-05-31_10:47:35 HA_Wetter_6_PP fc2_rad: 8
2015-05-31_10:47:35 HA_Wetter_6_PP fc9_weather: stark bewoelkt
2015-05-31_10:47:35 HA_Wetter_6_PP fc1_cloud21: 37.5
2015-05-31_10:47:35 HA_Wetter_6_PP fc1_temp03: 15
2015-05-31_10:47:35 HA_Wetter_6_PP fc2_temp09: 20
2015-05-31_10:47:35 HA_Wetter_6_PP fc5_temp12: 26
2015-05-31_10:47:35 HA_Wetter_6_PP fc12_tempMax: 27
2015-05-31_10:47:35 HA_Wetter_6_PP fc5_temp06: 16
2015-05-31_10:47:35 HA_Wetter_6_PP fc2_temp12: 22
2015-05-31_10:47:35 HA_Wetter_6_PP fc2_weatherNight: klar
2015-05-31_10:47:35 HA_Wetter_6_PP fc12_weatherIcon: http://www.proplanta.de/wetterdaten/images/symbole/t2.gif
2015-05-31_10:47:35 HA_Wetter_6_PP fc1_cloud06: 75
2015-05-31_10:47:35 HA_Wetter_6_PP fc6_temp21: 20
2015-05-31_10:47:35 HA_Wetter_6_PP fc1_chOfRain15: 80
2015-05-31_10:47:35 HA_Wetter_6_PP fc0_temp21: 15
2015-05-31_10:47:35 HA_Wetter_6_PP fc3_chOfRain21: 20
2015-05-31_10:47:35 HA_Wetter_6_PP fc3_chOfRain15: 20
2015-05-31_10:47:35 HA_Wetter_6_PP fc2_cloud06: 25
2015-05-31_10:47:35 HA_Wetter_6_PP fc1_temp21: 7
2015-05-31_10:47:35 HA_Wetter_6_PP fc3_cloud09: 25
2015-05-31_10:47:35 HA_Wetter_6_PP fc1_chOfRain18: 15
2015-05-31_10:47:35 HA_Wetter_6_PP fc3_uv: 3
2015-05-31_10:47:35 HA_Wetter_6_PP fc1_temp12: 9
2015-05-31_10:47:35 HA_Wetter_6_PP fc9_tempMax: 16
2015-05-31_10:47:35 HA_Wetter_6_PP fc2_weatherDay: heiter
2015-05-31_10:47:35 HA_Wetter_6_PP Tmin: 7 Tmax: 22 T: 15.3 H: 51.3 W: 18 P: 1016.4
2015-05-31_10:47:35 HA_Wetter_6_PP lastConnection: 439 values captured in 42.95 s
2015-05-31_11:47:34 HA_Wetter_6_PP wind: 21.6
2015-05-31_11:47:34 HA_Wetter_6_PP cloudBaseMin: 1500
2015-05-31_11:47:34 HA_Wetter_6_PP dewPoint: 4.4
2015-05-31_11:47:34 HA_Wetter_6_PP windDirIcon: http://www.proplanta.de/wetterdaten/images/symbole/w28.gif
2015-05-31_11:47:34 HA_Wetter_6_PP obsTime: 11:00
2015-05-31_11:47:34 HA_Wetter_6_PP durationFetchReadings: 41.43
2015-05-31_11:47:34 HA_Wetter_6_PP humidity: 45.4
2015-05-31_11:47:34 HA_Wetter_6_PP pressure: 1016.1
2015-05-31_11:47:34 HA_Wetter_6_PP temperature: 16.1
2015-05-31_11:47:34 HA_Wetter_6_PP cloudBaseMax: 2000
2015-05-31_11:47:34 HA_Wetter_6_PP windDir: 225
2015-05-31_11:47:34 HA_Wetter_6_PP Tmin: 7 Tmax: 22 T: 16.1 H: 45.4 W: 21.6 P: 1016.1
2015-05-31_11:47:34 HA_Wetter_6_PP lastConnection: 439 values captured in 41.43 s
2015-05-31_12:47:27 HA_Wetter_6_PP wind: 18
2015-05-31_12:47:27 HA_Wetter_6_PP obsTime: 12:00
2015-05-31_12:47:27 HA_Wetter_6_PP durationFetchReadings: 35.18
2015-05-31_12:47:27 HA_Wetter_6_PP humidity: 43.7
2015-05-31_12:47:27 HA_Wetter_6_PP pressure: 1015.8
2015-05-31_12:47:27 HA_Wetter_6_PP temperature: 16.7
2015-05-31_12:47:27 HA_Wetter_6_PP Tmin: 7 Tmax: 22 T: 16.7 H: 43.7 W: 18 P: 1015.8
2015-05-31_12:47:27 HA_Wetter_6_PP lastConnection: 439 values captured in 35.18 s
2015-05-31_13:47:30 HA_Wetter_6_PP wind: 25.2
2015-05-31_13:47:30 HA_Wetter_6_PP dewPoint: 2.8
2015-05-31_13:47:30 HA_Wetter_6_PP obsTime: 13:00
2015-05-31_13:47:30 HA_Wetter_6_PP durationFetchReadings: 38.15
2015-05-31_13:47:30 HA_Wetter_6_PP humidity: 40
2015-05-31_13:47:30 HA_Wetter_6_PP temperature: 16.3
2015-05-31_13:47:30 HA_Wetter_6_PP Tmin: 7 Tmax: 22 T: 16.3 H: 40 W: 25.2 P: 1015.8
2015-05-31_13:47:30 HA_Wetter_6_PP lastConnection: 439 values captured in 38.15 s
2015-05-31_14:47:29 HA_Wetter_6_PP cloudBaseMin: 1000
2015-05-31_14:47:29 HA_Wetter_6_PP dewPoint: 5.6
2015-05-31_14:47:29 HA_Wetter_6_PP obsTime: 14:00
2015-05-31_14:47:29 HA_Wetter_6_PP durationFetchReadings: 36.83
2015-05-31_14:47:29 HA_Wetter_6_PP humidity: 44.9
2015-05-31_14:47:29 HA_Wetter_6_PP pressure: 1015.3
2015-05-31_14:47:29 HA_Wetter_6_PP temperature: 17.6
2015-05-31_14:47:29 HA_Wetter_6_PP cloudBaseMax: 1500
2015-05-31_14:47:29 HA_Wetter_6_PP Tmin: 7 Tmax: 22 T: 17.6 H: 44.9 W: 25.2 P: 1015.3
2015-05-31_14:47:29 HA_Wetter_6_PP lastConnection: 439 values captured in 36.83 s
2015-05-31_15:47:31 HA_Wetter_6_PP fc8_tempMin: 8
2015-05-31_15:47:31 HA_Wetter_6_PP fc3_cloud21: 50
2015-05-31_15:47:31 HA_Wetter_6_PP fc3_chOfRain03: 10
2015-05-31_15:47:31 HA_Wetter_6_PP fc3_temp18: 19
2015-05-31_15:47:31 HA_Wetter_6_PP fc7_tempMin: 11
2015-05-31_15:47:31 HA_Wetter_6_PP fc1_tempMin: 10
2015-05-31_15:47:31 HA_Wetter_6_PP fc2_cloud12: 12.5
2015-05-31_15:47:31 HA_Wetter_6_PP fc3_weatherDayIcon: http://www.proplanta.de/wetterdaten/images/symbole/t4.gif
2015-05-31_15:47:31 HA_Wetter_6_PP fc6_weatherDayIcon: http://www.proplanta.de/wetterdaten/images/symbole/t2.gif
2015-05-31_15:47:31 HA_Wetter_6_PP fc3_temp21: 15
2015-05-31_15:47:31 HA_Wetter_6_PP fc2_temp06: 16
2015-05-31_15:47:31 HA_Wetter_6_PP fc3_sun: 25
2015-05-31_15:47:31 HA_Wetter_6_PP fc3_chOfRainNight: 15
2015-05-31_15:47:31 HA_Wetter_6_PP fc6_cloud21: 75
2015-05-31_15:47:31 HA_Wetter_6_PP fc4_sun: 50
2015-05-31_15:47:31 HA_Wetter_6_PP fc4_temp03: 12
2015-05-31_15:47:31 HA_Wetter_6_PP fc6_temp15: 32
2015-05-31_15:47:31 HA_Wetter_6_PP fc3_cloud12: 87.5
2015-05-31_15:47:31 HA_Wetter_6_PP cloudBaseMin: 1500
2015-05-31_15:47:31 HA_Wetter_6_PP fc6_chOfRainNight: 40
2015-05-31_15:47:31 HA_Wetter_6_PP fc3_chOfRain18: 10
2015-05-31_15:47:31 HA_Wetter_6_PP fc3_temp00: 16
2015-05-31_15:47:31 HA_Wetter_6_PP fc4_cloud00: 75
2015-05-31_15:47:31 HA_Wetter_6_PP fc8_weatherIcon: http://www.proplanta.de/wetterdaten/images/symbole/t2.gif
2015-05-31_15:47:31 HA_Wetter_6_PP fc1_rain: 1.3
2015-05-31_15:47:31 HA_Wetter_6_PP fc1_cloud09: 100
2015-05-31_15:47:31 HA_Wetter_6_PP fc3_chOfRain06: 5
2015-05-31_15:47:31 HA_Wetter_6_PP fc1_weatherMorning: wolkig
2015-05-31_15:47:31 HA_Wetter_6_PP fc12_tempMin: 8
2015-05-31_15:47:31 HA_Wetter_6_PP fc2_cloud00: 50
2015-05-31_15:47:31 HA_Wetter_6_PP fc4_cloud09: 75
2015-05-31_15:47:31 HA_Wetter_6_PP fc3_cloud06: 12.5
2015-05-31_15:47:31 HA_Wetter_6_PP fc1_rain09: 0.8
2015-05-31_15:47:31 HA_Wetter_6_PP fc2_temp21: 17
2015-05-31_15:47:31 HA_Wetter_6_PP fc4_chOfRain12: 15
2015-05-31_15:47:31 HA_Wetter_6_PP fc5_temp21: 15
2015-05-31_15:47:31 HA_Wetter_6_PP fc4_chOfRainDay: 10
2015-05-31_15:47:31 HA_Wetter_6_PP fc3_chOfRain09: 15
2015-05-31_15:47:31 HA_Wetter_6_PP fc1_temp18: 14
2015-05-31_15:47:31 HA_Wetter_6_PP fc5_temp15: 27
2015-05-31_15:47:31 HA_Wetter_6_PP fc6_weatherNight: Regenschauer
2015-05-31_15:47:31 HA_Wetter_6_PP fc2_chOfRain12: 5
2015-05-31_15:47:31 HA_Wetter_6_PP fc9_weatherIcon: http://www.proplanta.de/wetterdaten/images/symbole/t8.gif
2015-05-31_15:47:31 HA_Wetter_6_PP fc1_rain12: 0.5
2015-05-31_15:47:31 HA_Wetter_6_PP dewPoint: 6.3
2015-05-31_15:47:31 HA_Wetter_6_PP fc10_tempMax: 18
2015-05-31_15:47:31 HA_Wetter_6_PP windDirIcon: http://www.proplanta.de/wetterdaten/images/symbole/w5.gif
2015-05-31_15:47:31 HA_Wetter_6_PP obsTime: 15:00
2015-05-31_15:47:31 HA_Wetter_6_PP fc8_weather: heiter
2015-05-31_15:47:31 HA_Wetter_6_PP fc4_temp06: 13
2015-05-31_15:47:31 HA_Wetter_6_PP fc4_temp21: 12
2015-05-31_15:47:31 HA_Wetter_6_PP fc4_tempMax: 20
2015-05-31_15:47:31 HA_Wetter_6_PP fc2_weatherMorning: wolkig
2015-05-31_15:47:31 HA_Wetter_6_PP fc3_weatherMorning: heiter
2015-05-31_15:47:31 HA_Wetter_6_PP fc4_weatherDayIcon: http://www.proplanta.de/wetterdaten/images/symbole/t3.gif
2015-05-31_15:47:31 HA_Wetter_6_PP fc6_temp18: 27
2015-05-31_15:47:31 HA_Wetter_6_PP fc6_tempMax: 32
2015-05-31_15:47:31 HA_Wetter_6_PP fc13_weather: sonnig
2015-05-31_15:47:31 HA_Wetter_6_PP fc11_weatherIcon: http://www.proplanta.de/wetterdaten/images/symbole/t3.gif
2015-05-31_15:47:31 HA_Wetter_6_PP fc12_weather: sonnig
2015-05-31_15:47:31 HA_Wetter_6_PP fc5_temp03: 11
2015-05-31_15:47:31 HA_Wetter_6_PP fc1_cloud00: 12.5
2015-05-31_15:47:31 HA_Wetter_6_PP fc6_temp03: 13
2015-05-31_15:47:31 HA_Wetter_6_PP fc4_rad: 6.5
2015-05-31_15:47:31 HA_Wetter_6_PP fc4_cloud03: 100
2015-05-31_15:47:31 HA_Wetter_6_PP fc5_temp00: 11
2015-05-31_15:47:31 HA_Wetter_6_PP fc13_weatherIcon: http://www.proplanta.de/wetterdaten/images/symbole/t1.gif
2015-05-31_15:47:31 HA_Wetter_6_PP fc2_chOfRain15: 5
2015-05-31_15:47:31 HA_Wetter_6_PP fc3_tempMin: 15
2015-05-31_15:47:31 HA_Wetter_6_PP fc6_chOfRainDay: 5
2015-05-31_15:47:31 HA_Wetter_6_PP fc0_cloud09: 25
2015-05-31_15:47:31 HA_Wetter_6_PP fc4_chOfRain09: 15
2015-05-31_15:47:31 HA_Wetter_6_PP durationFetchReadings: 38.04
2015-05-31_15:47:31 HA_Wetter_6_PP fc6_rad: 8.3
2015-05-31_15:47:31 HA_Wetter_6_PP humidity: 43.7
2015-05-31_15:47:31 HA_Wetter_6_PP fc1_chOfRain06: 10
2015-05-31_15:47:31 HA_Wetter_6_PP fc5_rad: 8.3
2015-05-31_15:47:31 HA_Wetter_6_PP fc2_weatherMorningIcon: http://www.proplanta.de/wetterdaten/images/symbole/t3.gif
2015-05-31_15:47:31 HA_Wetter_6_PP fc4_tempMin: 12
2015-05-31_15:47:31 HA_Wetter_6_PP fc2_cloud09: 0
2015-05-31_15:47:31 HA_Wetter_6_PP fc2_dew: 3
2015-05-31_15:47:31 HA_Wetter_6_PP fc1_rad: 2.2
2015-05-31_15:47:31 HA_Wetter_6_PP fc2_temp03: 11
2015-05-31_15:47:31 HA_Wetter_6_PP pressure: 1014.6
2015-05-31_15:47:31 HA_Wetter_6_PP fc3_tempMax: 21
2015-05-31_15:47:31 HA_Wetter_6_PP fc4_temp12: 19
2015-05-31_15:47:31 HA_Wetter_6_PP fc1_rain15: 0
2015-05-31_15:47:31 HA_Wetter_6_PP fc4_temp15: 20
2015-05-31_15:47:31 HA_Wetter_6_PP temperature: 18.8
2015-05-31_15:47:31 HA_Wetter_6_PP fc2_weatherNightIcon: http://www.proplanta.de/wetterdaten/images/symbole/n2.gif
2015-05-31_15:47:31 HA_Wetter_6_PP fc6_temp00: 14
2015-05-31_15:47:31 HA_Wetter_6_PP fc6_chOfRain09: 5
2015-05-31_15:47:31 HA_Wetter_6_PP fc3_weatherEvening: wolkig
2015-05-31_15:47:31 HA_Wetter_6_PP fc1_chOfRain09: 40
2015-05-31_15:47:31 HA_Wetter_6_PP fc3_weatherEveningIcon: http://www.proplanta.de/wetterdaten/images/symbole/n3.gif
2015-05-31_15:47:31 HA_Wetter_6_PP cloudBaseMax: 2000
2015-05-31_15:47:31 HA_Wetter_6_PP fc4_chOfRain00: 15
2015-05-31_15:47:31 HA_Wetter_6_PP fc1_chOfRain12: 80
2015-05-31_15:47:31 HA_Wetter_6_PP fc9_tempMin: 14
2015-05-31_15:47:31 HA_Wetter_6_PP fc4_chOfRain06: 20
2015-05-31_15:47:31 HA_Wetter_6_PP fc6_cloud09: 12.5
2015-05-31_15:47:31 HA_Wetter_6_PP fc8_tempMax: 24
2015-05-31_15:47:31 HA_Wetter_6_PP fc5_temp18: 22
2015-05-31_15:47:31 HA_Wetter_6_PP fc3_rad: 3.2
2015-05-31_15:47:31 HA_Wetter_6_PP fc6_chOfRain21: 15
2015-05-31_15:47:31 HA_Wetter_6_PP fc6_chOfRain06: 5
2015-05-31_15:47:31 HA_Wetter_6_PP fc0_chOfRain09: 5
2015-05-31_15:47:31 HA_Wetter_6_PP fc2_cloud03: 50
2015-05-31_15:47:31 HA_Wetter_6_PP fc1_temp15: 14
2015-05-31_15:47:31 HA_Wetter_6_PP fc2_chOfRain09: 0
2015-05-31_15:47:31 HA_Wetter_6_PP fc1_cloud03: 75
2015-05-31_15:47:31 HA_Wetter_6_PP fc4_temp00: 13
2015-05-31_15:47:31 HA_Wetter_6_PP fc6_tempMin: 13
2015-05-31_15:47:31 HA_Wetter_6_PP fc3_cloud03: 25
2015-05-31_15:47:31 HA_Wetter_6_PP fc6_temp09: 27
2015-05-31_15:47:31 HA_Wetter_6_PP fc4_cloud06: 87.5
2015-05-31_15:47:31 HA_Wetter_6_PP fc1_temp09: 14
2015-05-31_15:47:31 HA_Wetter_6_PP fc3_temp03: 15
2015-05-31_15:47:31 HA_Wetter_6_PP fc4_weatherMorningIcon: http://www.proplanta.de/wetterdaten/images/symbole/t5.gif
2015-05-31_15:47:31 HA_Wetter_6_PP fc1_uv: 3
2015-05-31_15:47:31 HA_Wetter_6_PP fc4_weatherMorning: bedeckt
2015-05-31_15:47:31 HA_Wetter_6_PP fc5_tempMin: 11
2015-05-31_15:47:31 HA_Wetter_6_PP fc3_weatherMorningIcon: http://www.proplanta.de/wetterdaten/images/symbole/t2.gif
2015-05-31_15:47:31 HA_Wetter_6_PP fc6_sun: 75
2015-05-31_15:47:31 HA_Wetter_6_PP fc11_tempMax: 21
2015-05-31_15:47:31 HA_Wetter_6_PP fc2_chOfRainNight: 5
2015-05-31_15:47:31 HA_Wetter_6_PP fc3_weatherDay: stark bewoelkt
2015-05-31_15:47:31 HA_Wetter_6_PP windDir: 203
2015-05-31_15:47:31 HA_Wetter_6_PP fc6_temp12: 31
2015-05-31_15:47:31 HA_Wetter_6_PP fc4_chOfRain03: 20
2015-05-31_15:47:31 HA_Wetter_6_PP fc1_chOfRain00: 5
2015-05-31_15:47:31 HA_Wetter_6_PP fc6_weatherMorning: heiter
2015-05-31_15:47:31 HA_Wetter_6_PP fc3_cloud18: 62.5
2015-05-31_15:47:31 HA_Wetter_6_PP fc1_weatherMorningIcon: http://www.proplanta.de/wetterdaten/images/symbole/t3.gif
2015-05-31_15:47:31 HA_Wetter_6_PP fc1_cloud18: 62.5
2015-05-31_15:47:31 HA_Wetter_6_PP fc4_cloud12: 75
2015-05-31_15:47:31 HA_Wetter_6_PP fc3_weatherNightIcon: http://www.proplanta.de/wetterdaten/images/symbole/n4.gif
2015-05-31_15:47:31 HA_Wetter_6_PP fc10_tempMin: 6
2015-05-31_15:47:31 HA_Wetter_6_PP fc11_weather: wolkig
2015-05-31_15:47:31 HA_Wetter_6_PP fc6_weatherNightIcon: http://www.proplanta.de/wetterdaten/images/symbole/n6.gif
2015-05-31_15:47:31 HA_Wetter_6_PP fc4_weatherDay: wolkig
2015-05-31_15:47:31 HA_Wetter_6_PP fc2_chOfRain06: 10
2015-05-31_15:47:31 HA_Wetter_6_PP fc3_weatherNight: stark bewoelkt
2015-05-31_15:47:31 HA_Wetter_6_PP fc2_cloud15: 12.5
2015-05-31_15:47:31 HA_Wetter_6_PP fc2_rad: 8.1
2015-05-31_15:47:31 HA_Wetter_6_PP fc5_tempMax: 27
2015-05-31_15:47:31 HA_Wetter_6_PP fc9_weather: unterschiedlich bewoelkt, vereinzelt Schauer und Gewitter
2015-05-31_15:47:31 HA_Wetter_6_PP fc1_cloud21: 50
2015-05-31_15:47:31 HA_Wetter_6_PP fc2_temp09: 21
2015-05-31_15:47:31 HA_Wetter_6_PP fc5_temp12: 27
2015-05-31_15:47:31 HA_Wetter_6_PP fc5_temp06: 17
2015-05-31_15:47:31 HA_Wetter_6_PP fc2_temp12: 23
2015-05-31_15:47:31 HA_Wetter_6_PP fc4_uv: 6
2015-05-31_15:47:31 HA_Wetter_6_PP fc3_chOfRain12: 15
2015-05-31_15:47:31 HA_Wetter_6_PP fc2_weatherNight: heiter
2015-05-31_15:47:31 HA_Wetter_6_PP fc12_weatherIcon: http://www.proplanta.de/wetterdaten/images/symbole/t1.gif
2015-05-31_15:47:31 HA_Wetter_6_PP fc1_cloud06: 62.5
2015-05-31_15:47:31 HA_Wetter_6_PP fc6_temp21: 22
2015-05-31_15:47:31 HA_Wetter_6_PP fc2_temp00: 11
2015-05-31_15:47:31 HA_Wetter_6_PP fc1_chOfRain15: 15
2015-05-31_15:47:31 HA_Wetter_6_PP fc6_weatherMorningIcon: http://www.proplanta.de/wetterdaten/images/symbole/t2.gif
2015-05-31_15:47:31 HA_Wetter_6_PP fc3_chOfRain21: 10
2015-05-31_15:47:31 HA_Wetter_6_PP fc13_tempMin: 12
2015-05-31_15:47:31 HA_Wetter_6_PP fc1_temp21: 10
2015-05-31_15:47:31 HA_Wetter_6_PP fc3_cloud09: 75
2015-05-31_15:47:31 HA_Wetter_6_PP fc1_cloud15: 75
2015-05-31_15:47:31 HA_Wetter_6_PP fc1_temp12: 10
2015-05-31_15:47:31 HA_Wetter_6_PP fc6_weatherDay: heiter
2015-05-31_15:47:31 HA_Wetter_6_PP fc9_tempMax: 26
2015-05-31_15:47:31 HA_Wetter_6_PP fc3_chOfRainDay: 15
2015-05-31_15:47:31 HA_Wetter_6_PP fc2_tempMin: 11
2015-05-31_15:47:31 HA_Wetter_6_PP Tmin: 7 Tmax: 22 T: 18.8 H: 43.7 W: 25.2 P: 1014.6
2015-05-31_15:47:31 HA_Wetter_6_PP lastConnection: 439 values captured in 38.04 s
2015-05-31_16:47:32 HA_Wetter_6_PP wind: 18
2015-05-31_16:47:32 HA_Wetter_6_PP dewPoint: 6.9
2015-05-31_16:47:32 HA_Wetter_6_PP windDirIcon: http://www.proplanta.de/wetterdaten/images/symbole/w28.gif
2015-05-31_16:47:32 HA_Wetter_6_PP obsTime: 16:00
2015-05-31_16:47:32 HA_Wetter_6_PP durationFetchReadings: 39.04
2015-05-31_16:47:32 HA_Wetter_6_PP humidity: 44.1
2015-05-31_16:47:32 HA_Wetter_6_PP pressure: 1013.9
2015-05-31_16:47:32 HA_Wetter_6_PP temperature: 19.3
2015-05-31_16:47:32 HA_Wetter_6_PP windDir: 225
2015-05-31_16:47:32 HA_Wetter_6_PP Tmin: 7 Tmax: 22 T: 19.3 H: 44.1 W: 18 P: 1013.9
2015-05-31_16:47:32 HA_Wetter_6_PP lastConnection: 439 values captured in 39.04 s
2015-05-31_17:47:31 HA_Wetter_6_PP dewPoint: 7.5
2015-05-31_17:47:31 HA_Wetter_6_PP obsTime: 17:00
2015-05-31_17:47:31 HA_Wetter_6_PP durationFetchReadings: 38.37
2015-05-31_17:47:31 HA_Wetter_6_PP humidity: 45.7
2015-05-31_17:47:31 HA_Wetter_6_PP pressure: 1013.4
2015-05-31_17:47:31 HA_Wetter_6_PP temperature: 19.4
2015-05-31_17:47:31 HA_Wetter_6_PP Tmin: 7 Tmax: 22 T: 19.4 H: 45.7 W: 18 P: 1013.4
2015-05-31_17:47:31 HA_Wetter_6_PP lastConnection: 439 values captured in 38.37 s
2015-05-31_18:47:33 HA_Wetter_6_PP wind: 21.6
2015-05-31_18:47:33 HA_Wetter_6_PP dewPoint: 7.1
2015-05-31_18:47:33 HA_Wetter_6_PP obsTime: 18:00
2015-05-31_18:47:33 HA_Wetter_6_PP durationFetchReadings: 40.89
2015-05-31_18:47:33 HA_Wetter_6_PP humidity: 45
2015-05-31_18:47:33 HA_Wetter_6_PP pressure: 1013.1
2015-05-31_18:47:33 HA_Wetter_6_PP temperature: 19.2
2015-05-31_18:47:33 HA_Wetter_6_PP Tmin: 7 Tmax: 22 T: 19.2 H: 45 W: 21.6 P: 1013.1
2015-05-31_18:47:33 HA_Wetter_6_PP lastConnection: 439 values captured in 40.89 s
2015-05-31_19:47:32 HA_Wetter_6_PP dewPoint: 6.5
2015-05-31_19:47:32 HA_Wetter_6_PP windDirIcon: http://www.proplanta.de/wetterdaten/images/symbole/w5.gif
2015-05-31_19:47:32 HA_Wetter_6_PP obsTime: 19:00
2015-05-31_19:47:32 HA_Wetter_6_PP durationFetchReadings: 39.58
2015-05-31_19:47:32 HA_Wetter_6_PP humidity: 42.9
2015-05-31_19:47:32 HA_Wetter_6_PP pressure: 1012.6
2015-05-31_19:47:32 HA_Wetter_6_PP temperature: 19.3
2015-05-31_19:47:32 HA_Wetter_6_PP windDir: 203
2015-05-31_19:47:32 HA_Wetter_6_PP Tmin: 7 Tmax: 22 T: 19.3 H: 42.9 W: 21.6 P: 1012.6
2015-05-31_19:47:32 HA_Wetter_6_PP lastConnection: 439 values captured in 39.58 s
2015-05-31_20:47:31 HA_Wetter_6_PP dewPoint: 6.8
2015-05-31_20:47:31 HA_Wetter_6_PP windDirIcon: http://www.proplanta.de/wetterdaten/images/symbole/w28.gif
2015-05-31_20:47:31 HA_Wetter_6_PP obsTime: 20:00
2015-05-31_20:47:31 HA_Wetter_6_PP durationFetchReadings: 38.59
2015-05-31_20:47:31 HA_Wetter_6_PP humidity: 44.4
2015-05-31_20:47:31 HA_Wetter_6_PP temperature: 19.1
2015-05-31_20:47:31 HA_Wetter_6_PP windDir: 225
2015-05-31_20:47:31 HA_Wetter_6_PP Tmin: 7 Tmax: 22 T: 19.1 H: 44.4 W: 21.6 P: 1012.6
2015-05-31_20:47:31 HA_Wetter_6_PP lastConnection: 439 values captured in 38.59 s
2015-05-31_21:47:22 HA_Wetter_6_PP fc3_cloud21: 62.5
2015-05-31_21:47:22 HA_Wetter_6_PP fc3_chOfRain03: 0
2015-05-31_21:47:22 HA_Wetter_6_PP fc3_temp18: 20
2015-05-31_21:47:22 HA_Wetter_6_PP fc7_tempMin: 5
2015-05-31_21:47:22 HA_Wetter_6_PP fc1_tempMin: 11
2015-05-31_21:47:22 HA_Wetter_6_PP fc2_cloud12: 25
2015-05-31_21:47:22 HA_Wetter_6_PP fc3_weatherDayIcon: http://www.proplanta.de/wetterdaten/images/symbole/t3.gif
2015-05-31_21:47:22 HA_Wetter_6_PP fc6_weatherDayIcon: http://www.proplanta.de/wetterdaten/images/symbole/t3.gif
2015-05-31_21:47:22 HA_Wetter_6_PP fc2_temp06: 17
2015-05-31_21:47:22 HA_Wetter_6_PP fc3_sun: 50
2015-05-31_21:47:22 HA_Wetter_6_PP fc6_cloud21: 12.5
2015-05-31_21:47:22 HA_Wetter_6_PP fc3_temp09: 21
2015-05-31_21:47:22 HA_Wetter_6_PP wind: 14.4
2015-05-31_21:47:22 HA_Wetter_6_PP fc5_weatherNight: wolkig
2015-05-31_21:47:22 HA_Wetter_6_PP fc5_weatherMorningIcon: http://www.proplanta.de/wetterdaten/images/symbole/t2.gif
2015-05-31_21:47:22 HA_Wetter_6_PP fc4_sun: 75
2015-05-31_21:47:22 HA_Wetter_6_PP fc6_temp15: 24
2015-05-31_21:47:22 HA_Wetter_6_PP fc3_cloud12: 62.5
2015-05-31_21:47:22 HA_Wetter_6_PP cloudBaseMin: -
2015-05-31_21:47:22 HA_Wetter_6_PP fc6_chOfRainNight: 10
2015-05-31_21:47:22 HA_Wetter_6_PP fc3_chOfRain18: 20
2015-05-31_21:47:22 HA_Wetter_6_PP fc3_temp00: 15
2015-05-31_21:47:22 HA_Wetter_6_PP fc8_weatherIcon: http://www.proplanta.de/wetterdaten/images/symbole/t1.gif
2015-05-31_21:47:22 HA_Wetter_6_PP fc1_rain: 2.2
2015-05-31_21:47:22 HA_Wetter_6_PP fc5_chOfRainNight: 10
2015-05-31_21:47:22 HA_Wetter_6_PP fc3_chOfRain06: 0
2015-05-31_21:47:22 HA_Wetter_6_PP fc6_chOfRain12: 15
2015-05-31_21:47:22 HA_Wetter_6_PP fc4_temp18: 19
2015-05-31_21:47:22 HA_Wetter_6_PP fc2_cloud00: 37.5
2015-05-31_21:47:22 HA_Wetter_6_PP fc1_temp00: 14
2015-05-31_21:47:22 HA_Wetter_6_PP fc4_cloud09: 25
2015-05-31_21:47:22 HA_Wetter_6_PP fc3_cloud06: 0
2015-05-31_21:47:22 HA_Wetter_6_PP fc1_rain09: 0
2015-05-31_21:47:22 HA_Wetter_6_PP fc4_chOfRain12: 5
2015-05-31_21:47:22 HA_Wetter_6_PP fc2_uv: 7
2015-05-31_21:47:22 HA_Wetter_6_PP fc5_temp21: 21
2015-05-31_21:47:22 HA_Wetter_6_PP fc4_chOfRainDay: 5
2015-05-31_21:47:22 HA_Wetter_6_PP fc3_chOfRain09: 5
2015-05-31_21:47:22 HA_Wetter_6_PP fc5_temp15: 29
2015-05-31_21:47:22 HA_Wetter_6_PP fc11_tempMin: 7
2015-05-31_21:47:22 HA_Wetter_6_PP fc5_cloud06: 12.5
2015-05-31_21:47:22 HA_Wetter_6_PP fc6_weatherNight: wolkig
2015-05-31_21:47:22 HA_Wetter_6_PP fc9_weatherIcon: http://www.proplanta.de/wetterdaten/images/symbole/t1.gif
2015-05-31_21:47:22 HA_Wetter_6_PP fc1_rain12: 1.5
2015-05-31_21:47:22 HA_Wetter_6_PP dewPoint: 7.4
2015-05-31_21:47:22 HA_Wetter_6_PP fc10_tempMax: 30
2015-05-31_21:47:22 HA_Wetter_6_PP windDirIcon: http://www.proplanta.de/wetterdaten/images/symbole/w5.gif
2015-05-31_21:47:22 HA_Wetter_6_PP obsTime: 21:00
2015-05-31_21:47:22 HA_Wetter_6_PP fc5_weatherMorning: heiter
2015-05-31_21:47:22 HA_Wetter_6_PP fc8_weather: sonnig
2015-05-31_21:47:22 HA_Wetter_6_PP fc4_temp21: 13
2015-05-31_21:47:22 HA_Wetter_6_PP fc4_tempMax: 22
2015-05-31_21:47:22 HA_Wetter_6_PP fc6_cloud03: 37.5
2015-05-31_21:47:22 HA_Wetter_6_PP fc3_weatherMorning: sonnig
2015-05-31_21:47:22 HA_Wetter_6_PP fc3_cloud15: 87.5
2015-05-31_21:47:22 HA_Wetter_6_PP fc4_weatherDayIcon: http://www.proplanta.de/wetterdaten/images/symbole/t2.gif
2015-05-31_21:47:22 HA_Wetter_6_PP fc6_temp18: 19
2015-05-31_21:47:22 HA_Wetter_6_PP fc6_uv: 6
2015-05-31_21:47:22 HA_Wetter_6_PP fc6_tempMax: 24
2015-05-31_21:47:22 HA_Wetter_6_PP fc13_weather: wolkig
2015-05-31_21:47:22 HA_Wetter_6_PP fc12_weather: heiter
2015-05-31_21:47:22 HA_Wetter_6_PP fc13_tempMax: 29
2015-05-31_21:47:22 HA_Wetter_6_PP fc6_temp03: 18
2015-05-31_21:47:22 HA_Wetter_6_PP fc4_rad: 8
2015-05-31_21:47:22 HA_Wetter_6_PP fc4_cloud03: 62.5
2015-05-31_21:47:22 HA_Wetter_6_PP fc5_temp00: 12
2015-05-31_21:47:22 HA_Wetter_6_PP fc13_weatherIcon: http://www.proplanta.de/wetterdaten/images/symbole/t3.gif
2015-05-31_21:47:22 HA_Wetter_6_PP fc5_chOfRain06: 5
2015-05-31_21:47:22 HA_Wetter_6_PP fc6_chOfRainDay: 10
2015-05-31_21:47:22 HA_Wetter_6_PP fc5_chOfRain21: 5
2015-05-31_21:47:22 HA_Wetter_6_PP fc4_chOfRain09: 10
2015-05-31_21:47:22 HA_Wetter_6_PP durationFetchReadings: 29.52
2015-05-31_21:47:22 HA_Wetter_6_PP fc6_rad: 4.8
2015-05-31_21:47:22 HA_Wetter_6_PP fc3_cloud00: 12.5
2015-05-31_21:47:22 HA_Wetter_6_PP fc6_cloud12: 87.5
2015-05-31_21:47:22 HA_Wetter_6_PP humidity: 51.5
2015-05-31_21:47:22 HA_Wetter_6_PP fc6_temp06: 18
2015-05-31_21:47:22 HA_Wetter_6_PP fc2_cloud09: 25
2015-05-31_21:47:22 HA_Wetter_6_PP fc2_dew: 2
2015-05-31_21:47:22 HA_Wetter_6_PP fc7_weatherIcon: http://www.proplanta.de/wetterdaten/images/symbole/t2.gif
2015-05-31_21:47:22 HA_Wetter_6_PP fc1_rad: 2.3
2015-05-31_21:47:22 HA_Wetter_6_PP pressure: 1012.8
2015-05-31_21:47:22 HA_Wetter_6_PP fc4_temp12: 21
2015-05-31_21:47:22 HA_Wetter_6_PP fc1_rain15: 0.7
2015-05-31_21:47:22 HA_Wetter_6_PP fc1_temp06: 16
2015-05-31_21:47:22 HA_Wetter_6_PP fc4_temp15: 22
2015-05-31_21:47:22 HA_Wetter_6_PP temperature: 17.4
2015-05-31_21:47:22 HA_Wetter_6_PP fc2_weatherEvening: heiter
2015-05-31_21:47:22 HA_Wetter_6_PP fc6_temp00: 20
2015-05-31_21:47:22 HA_Wetter_6_PP fc6_chOfRain09: 20
2015-05-31_21:47:22 HA_Wetter_6_PP fc3_weatherEvening: bedeckt
2015-05-31_21:47:22 HA_Wetter_6_PP fc1_chOfRain09: 20
2015-05-31_21:47:22 HA_Wetter_6_PP fc3_weatherEveningIcon: http://www.proplanta.de/wetterdaten/images/symbole/n5.gif
2015-05-31_21:47:22 HA_Wetter_6_PP cloudBaseMax: -
2015-05-31_21:47:22 HA_Wetter_6_PP fc6_cloud06: 62.5
2015-05-31_21:47:22 HA_Wetter_6_PP fc9_tempMin: 10
2015-05-31_21:47:22 HA_Wetter_6_PP fc4_chOfRain06: 15
2015-05-31_21:47:22 HA_Wetter_6_PP fc6_cloud09: 100
2015-05-31_21:47:22 HA_Wetter_6_PP fc8_tempMax: 23
2015-05-31_21:47:22 HA_Wetter_6_PP fc5_temp18: 24
2015-05-31_21:47:22 HA_Wetter_6_PP fc3_rad: 4.4
2015-05-31_21:47:22 HA_Wetter_6_PP fc6_chOfRain21: 5
2015-05-31_21:47:22 HA_Wetter_6_PP fc6_chOfRain06: 10
2015-05-31_21:47:22 HA_Wetter_6_PP fc6_chOfRain00: 5
2015-05-31_21:47:22 HA_Wetter_6_PP fc7_weather: heiter
2015-05-31_21:47:22 HA_Wetter_6_PP fc2_cloud03: 37.5
2015-05-31_21:47:22 HA_Wetter_6_PP fc1_temp15: 13
2015-05-31_21:47:22 HA_Wetter_6_PP fc2_chOfRain09: 5
2015-05-31_21:47:22 HA_Wetter_6_PP fc1_cloud03: 50
2015-05-31_21:47:22 HA_Wetter_6_PP fc6_tempMin: 12
2015-05-31_21:47:22 HA_Wetter_6_PP fc3_cloud03: 0
2015-05-31_21:47:22 HA_Wetter_6_PP fc6_temp09: 18
2015-05-31_21:47:22 HA_Wetter_6_PP fc4_cloud06: 75
2015-05-31_21:47:22 HA_Wetter_6_PP fc1_temp09: 16
2015-05-31_21:47:22 HA_Wetter_6_PP fc3_temp15: 21
2015-05-31_21:47:22 HA_Wetter_6_PP fc4_temp09: 17
2015-05-31_21:47:22 HA_Wetter_6_PP fc4_weatherMorningIcon: http://www.proplanta.de/wetterdaten/images/symbole/t4.gif
2015-05-31_21:47:22 HA_Wetter_6_PP fc1_uv: 2
2015-05-31_21:47:22 HA_Wetter_6_PP fc4_weatherMorning: stark bewoelkt
2015-05-31_21:47:22 HA_Wetter_6_PP fc7_tempMax: 21
2015-05-31_21:47:22 HA_Wetter_6_PP fc3_weatherMorningIcon: http://www.proplanta.de/wetterdaten/images/symbole/t1.gif
2015-05-31_21:47:22 HA_Wetter_6_PP fc6_sun: 50
2015-05-31_21:47:22 HA_Wetter_6_PP fc11_tempMax: 31
2015-05-31_21:47:22 HA_Wetter_6_PP fc3_weatherDay: wolkig
2015-05-31_21:47:22 HA_Wetter_6_PP windDir: 203
2015-05-31_21:47:22 HA_Wetter_6_PP fc6_temp12: 21
2015-05-31_21:47:22 HA_Wetter_6_PP fc4_chOfRain03: 15
2015-05-31_21:47:22 HA_Wetter_6_PP fc2_chOfRain18: 5
2015-05-31_21:47:22 HA_Wetter_6_PP fc6_weatherMorning: wolkig
2015-05-31_21:47:22 HA_Wetter_6_PP fc3_cloud18: 87.5
2015-05-31_21:47:22 HA_Wetter_6_PP fc4_cloud12: 12.5
2015-05-31_21:47:22 HA_Wetter_6_PP fc10_tempMin: 10
2015-05-31_21:47:22 HA_Wetter_6_PP fc6_weatherNightIcon: http://www.proplanta.de/wetterdaten/images/symbole/n3.gif
2015-05-31_21:47:22 HA_Wetter_6_PP fc4_weatherDay: heiter
2015-05-31_21:47:22 HA_Wetter_6_PP fc1_chOfRain03: 10
2015-05-31_21:47:22 HA_Wetter_6_PP fc2_weatherEveningIcon: http://www.proplanta.de/wetterdaten/images/symbole/n2.gif
2015-05-31_21:47:22 HA_Wetter_6_PP fc3_chOfRain00: 5
2015-05-31_21:47:22 HA_Wetter_6_PP fc5_tempMax: 29
2015-05-31_21:47:22 HA_Wetter_6_PP fc5_weatherNightIcon: http://www.proplanta.de/wetterdaten/images/symbole/n3.gif
2015-05-31_21:47:22 HA_Wetter_6_PP fc9_weather: sonnig
2015-05-31_21:47:22 HA_Wetter_6_PP fc1_cloud21: 25
2015-05-31_21:47:22 HA_Wetter_6_PP fc5_temp12: 28
2015-05-31_21:47:22 HA_Wetter_6_PP fc12_tempMax: 25
2015-05-31_21:47:22 HA_Wetter_6_PP fc5_temp06: 19
2015-05-31_21:47:22 HA_Wetter_6_PP fc4_uv: 8
2015-05-31_21:47:22 HA_Wetter_6_PP fc5_cloud21: 12.5
2015-05-31_21:47:22 HA_Wetter_6_PP fc3_chOfRain12: 10
2015-05-31_21:47:22 HA_Wetter_6_PP fc12_weatherIcon: http://www.proplanta.de/wetterdaten/images/symbole/t2.gif
2015-05-31_21:47:22 HA_Wetter_6_PP fc1_cloud06: 50
2015-05-31_21:47:22 HA_Wetter_6_PP fc6_temp21: 12
2015-05-31_21:47:22 HA_Wetter_6_PP fc1_chOfRain15: 80
2015-05-31_21:47:22 HA_Wetter_6_PP fc6_weatherMorningIcon: http://www.proplanta.de/wetterdaten/images/symbole/t3.gif
2015-05-31_21:47:22 HA_Wetter_6_PP fc3_chOfRain21: 15
2015-05-31_21:47:22 HA_Wetter_6_PP fc5_temp09: 25
2015-05-31_21:47:22 HA_Wetter_6_PP fc2_cloud06: 37.5
2015-05-31_21:47:22 HA_Wetter_6_PP fc1_temp21: 11
2015-05-31_21:47:22 HA_Wetter_6_PP fc3_cloud09: 25
2015-05-31_21:47:22 HA_Wetter_6_PP fc1_tempMax: 16
2015-05-31_21:47:22 HA_Wetter_6_PP fc1_cloud15: 87.5
2015-05-31_21:47:22 HA_Wetter_6_PP fc3_uv: 4
2015-05-31_21:47:22 HA_Wetter_6_PP fc6_cloud00: 25
2015-05-31_21:47:22 HA_Wetter_6_PP fc1_temp12: 11
2015-05-31_21:47:22 HA_Wetter_6_PP fc6_weatherDay: wolkig
2015-05-31_21:47:22 HA_Wetter_6_PP fc3_chOfRainDay: 10
2015-05-31_21:47:22 HA_Wetter_6_PP fc6_chOfRain03: 10
2015-05-31_21:47:22 HA_Wetter_6_PP Tmin: 7 Tmax: 22 T: 17.4 H: 51.5 W: 14.4 P: 1012.8
2015-05-31_21:47:22 HA_Wetter_6_PP lastConnection: 439 values captured in 29.52 s
2015-05-31_22:47:22 HA_Wetter_6_PP dewPoint: 7.7
2015-05-31_22:47:22 HA_Wetter_6_PP windDirIcon: http://www.proplanta.de/wetterdaten/images/symbole/w27.gif
2015-05-31_22:47:22 HA_Wetter_6_PP obsTime: 22:00
2015-05-31_22:47:22 HA_Wetter_6_PP durationFetchReadings: 29.91
2015-05-31_22:47:22 HA_Wetter_6_PP humidity: 61.8
2015-05-31_22:47:22 HA_Wetter_6_PP visibility: 29
2015-05-31_22:47:22 HA_Wetter_6_PP pressure: 1013.2
2015-05-31_22:47:22 HA_Wetter_6_PP temperature: 14.9
2015-05-31_22:47:22 HA_Wetter_6_PP windDir: 180
2015-05-31_22:47:22 HA_Wetter_6_PP Tmin: 7 Tmax: 22 T: 14.9 H: 61.8 W: 14.4 P: 1013.2
2015-05-31_22:47:22 HA_Wetter_6_PP lastConnection: 439 values captured in 29.91 s
2015-05-31_23:47:20 HA_Wetter_6_PP obsTime: 23:00
2015-05-31_23:47:20 HA_Wetter_6_PP durationFetchReadings: 27.10
2015-05-31_23:47:20 HA_Wetter_6_PP humidity: 63.4
2015-05-31_23:47:20 HA_Wetter_6_PP visibility: 40
2015-05-31_23:47:20 HA_Wetter_6_PP temperature: 14.5
2015-05-31_23:47:20 HA_Wetter_6_PP Tmin: 7 Tmax: 22 T: 14.5 H: 63.4 W: 14.4 P: 1013.2
2015-05-31_23:47:20 HA_Wetter_6_PP lastConnection: 439 values captured in 27.10 s
