2015-06-03_00:25:03 HA_Wetter_6_PP durationFetchReadings: 31.12
2015-06-03_00:25:03 HA_Wetter_6_PP Tmin: 10 Tmax: 23
2015-06-03_00:25:03 HA_Wetter_6_PP lastConnection: 428 values captured in 31.12 s
2015-06-03_01:25:04 HA_Wetter_6_PP fc8_tempMin: 6
2015-06-03_01:25:04 HA_Wetter_6_PP fc5_chOfRain09: 10
2015-06-03_01:25:04 HA_Wetter_6_PP fc3_cloud21: 100
2015-06-03_01:25:04 HA_Wetter_6_PP fc3_chOfRain03: 10
2015-06-03_01:25:04 HA_Wetter_6_PP fc3_temp18: 24
2015-06-03_01:25:04 HA_Wetter_6_PP fc1_weatherNight: klar
2015-06-03_01:25:04 HA_Wetter_6_PP fc1_moonRise: 22:41
2015-06-03_01:25:04 HA_Wetter_6_PP fc0_uv: 3
2015-06-03_01:25:04 HA_Wetter_6_PP fc2_sun: 100
2015-06-03_01:25:04 HA_Wetter_6_PP fc1_tempMin: 8
2015-06-03_01:25:04 HA_Wetter_6_PP fc3_temp12: 31
2015-06-03_01:25:04 HA_Wetter_6_PP fc13_moonRise: 05:13
2015-06-03_01:25:04 HA_Wetter_6_PP fc3_weatherDayIcon: http://www.proplanta.de/wetterdaten/images/symbole/t8.gif
2015-06-03_01:25:04 HA_Wetter_6_PP fc6_weatherDayIcon: http://www.proplanta.de/wetterdaten/images/symbole/t2.gif
2015-06-03_01:25:04 HA_Wetter_6_PP fc5_cloud00: 25
2015-06-03_01:25:04 HA_Wetter_6_PP fc0_temp12: 19
2015-06-03_01:25:04 HA_Wetter_6_PP fc3_temp21: 20
2015-06-03_01:25:04 HA_Wetter_6_PP fc1_cloud12: 0
2015-06-03_01:25:04 HA_Wetter_6_PP fc2_temp06: 18
2015-06-03_01:25:04 HA_Wetter_6_PP fc3_sun: 60
2015-06-03_01:25:04 HA_Wetter_6_PP fc4_weatherNight: heiter
2015-06-03_01:25:04 HA_Wetter_6_PP fc3_chOfRainNight: 40
2015-06-03_01:25:04 HA_Wetter_6_PP fc6_cloud21: 37.5
2015-06-03_01:25:04 HA_Wetter_6_PP fc3_temp09: 28
2015-06-03_01:25:04 HA_Wetter_6_PP fc1_weatherEveningIcon: http://www.proplanta.de/wetterdaten/images/symbole/n1.gif
2015-06-03_01:25:04 HA_Wetter_6_PP fc5_weatherNight: wolkig
2015-06-03_01:25:04 HA_Wetter_6_PP fc5_weatherMorningIcon: http://www.proplanta.de/wetterdaten/images/symbole/t2.gif
2015-06-03_01:25:04 HA_Wetter_6_PP fc4_sun: 25
2015-06-03_01:25:04 HA_Wetter_6_PP fc10_date: 13.06.2015
2015-06-03_01:25:04 HA_Wetter_6_PP fc4_weatherEveningIcon: http://www.proplanta.de/wetterdaten/images/symbole/n3.gif
2015-06-03_01:25:04 HA_Wetter_6_PP fc4_temp03: 13
2015-06-03_01:25:04 HA_Wetter_6_PP fc11_moonRise: 03:45
2015-06-03_01:25:04 HA_Wetter_6_PP fc6_temp15: 18
2015-06-03_01:25:04 HA_Wetter_6_PP fc1_moonSet: 06:52
2015-06-03_01:25:04 HA_Wetter_6_PP fc3_chOfRain18: 50
2015-06-03_01:25:04 HA_Wetter_6_PP fc3_temp00: 16
2015-06-03_01:25:04 HA_Wetter_6_PP fc4_cloud00: 100
2015-06-03_01:25:04 HA_Wetter_6_PP fc8_weatherIcon: http://www.proplanta.de/wetterdaten/images/symbole/t1.gif
2015-06-03_01:25:04 HA_Wetter_6_PP fc1_cloud09: 0
2015-06-03_01:25:04 HA_Wetter_6_PP fc2_chOfRain03: 0
2015-06-03_01:25:04 HA_Wetter_6_PP fc5_chOfRainNight: 10
2015-06-03_01:25:04 HA_Wetter_6_PP fc0_weatherEvening: bedeckt
2015-06-03_01:25:04 HA_Wetter_6_PP fc6_chOfRain12: 10
2015-06-03_01:25:04 HA_Wetter_6_PP fc3_moonRise: --:--
2015-06-03_01:25:04 HA_Wetter_6_PP fc0_chOfRain18: 20
2015-06-03_01:25:04 HA_Wetter_6_PP fc12_tempMin: 12
2015-06-03_01:25:04 HA_Wetter_6_PP fc4_temp18: 16
2015-06-03_01:25:04 HA_Wetter_6_PP fc13_moonSet: 20:59
2015-06-03_01:25:04 HA_Wetter_6_PP fc2_cloud00: 0
2015-06-03_01:25:04 HA_Wetter_6_PP fc1_sun: 75
2015-06-03_01:25:04 HA_Wetter_6_PP fc1_temp00: 12
2015-06-03_01:25:04 HA_Wetter_6_PP fc4_cloud09: 75
2015-06-03_01:25:04 HA_Wetter_6_PP fc3_cloud06: 25
2015-06-03_01:25:04 HA_Wetter_6_PP fc4_evapor: 2
2015-06-03_01:25:04 HA_Wetter_6_PP fc2_temp21: 17
2015-06-03_01:25:04 HA_Wetter_6_PP fc0_weatherEveningIcon: http://www.proplanta.de/wetterdaten/images/symbole/n5.gif
2015-06-03_01:25:04 HA_Wetter_6_PP fc4_chOfRain12: 10
2015-06-03_01:25:04 HA_Wetter_6_PP fc5_temp21: 8
2015-06-03_01:25:04 HA_Wetter_6_PP fc9_date: 12.06.2015
2015-06-03_01:25:04 HA_Wetter_6_PP fc4_chOfRainDay: 15
2015-06-03_01:25:04 HA_Wetter_6_PP fc1_chOfRainDay: 5
2015-06-03_01:25:04 HA_Wetter_6_PP fc10_weather: Regen
2015-06-03_01:25:04 HA_Wetter_6_PP fc7_moonSet: 13:59
2015-06-03_01:25:04 HA_Wetter_6_PP fc1_temp18: 18
2015-06-03_01:25:04 HA_Wetter_6_PP fc11_tempMin: 8
2015-06-03_01:25:04 HA_Wetter_6_PP fc5_cloud06: 12.5
2015-06-03_01:25:04 HA_Wetter_6_PP fc6_cloud15: 25
2015-06-03_01:25:04 HA_Wetter_6_PP fc0_cloud18: 100
2015-06-03_01:25:04 HA_Wetter_6_PP fc12_moonSet: 20:00
2015-06-03_01:25:04 HA_Wetter_6_PP fc0_sun: 25
2015-06-03_01:25:04 HA_Wetter_6_PP fc8_date: 11.06.2015
2015-06-03_01:25:04 HA_Wetter_6_PP fc9_weatherIcon: http://www.proplanta.de/wetterdaten/images/symbole/t3.gif
2015-06-03_01:25:04 HA_Wetter_6_PP fc0_chOfRainDay: 15
2015-06-03_01:25:04 HA_Wetter_6_PP fc1_dew: 0
2015-06-03_01:25:04 HA_Wetter_6_PP fc10_tempMax: 19
2015-06-03_01:25:04 HA_Wetter_6_PP fc10_weatherIcon: http://www.proplanta.de/wetterdaten/images/symbole/t7.gif
2015-06-03_01:25:04 HA_Wetter_6_PP fc5_weatherMorning: heiter
2015-06-03_01:25:04 HA_Wetter_6_PP fc8_weather: sonnig
2015-06-03_01:25:04 HA_Wetter_6_PP fc4_temp06: 12
2015-06-03_01:25:04 HA_Wetter_6_PP fc4_temp21: 11
2015-06-03_01:25:04 HA_Wetter_6_PP fc4_tempMax: 18
2015-06-03_01:25:04 HA_Wetter_6_PP fc6_cloud03: 62.5
2015-06-03_01:25:04 HA_Wetter_6_PP fc2_weatherMorning: heiter
2015-06-03_01:25:04 HA_Wetter_6_PP fc6_weatherEveningIcon: http://www.proplanta.de/wetterdaten/images/symbole/n1.gif
2015-06-03_01:25:04 HA_Wetter_6_PP fc4_weatherDayIcon: http://www.proplanta.de/wetterdaten/images/symbole/t4.gif
2015-06-03_01:25:04 HA_Wetter_6_PP fc2_date: 05.06.2015
2015-06-03_01:25:04 HA_Wetter_6_PP fc4_rain: 1.7
2015-06-03_01:25:04 HA_Wetter_6_PP fc4_moonRise: 00:06
2015-06-03_01:25:04 HA_Wetter_6_PP fc5_cloud12: 62.5
2015-06-03_01:25:04 HA_Wetter_6_PP fc5_sun: 50
2015-06-03_01:25:04 HA_Wetter_6_PP fc5_weatherDayIcon: http://www.proplanta.de/wetterdaten/images/symbole/t3.gif
2015-06-03_01:25:04 HA_Wetter_6_PP fc6_uv: 7
2015-06-03_01:25:04 HA_Wetter_6_PP fc6_tempMax: 18
2015-06-03_01:25:04 HA_Wetter_6_PP fc13_weather: heiter
2015-06-03_01:25:04 HA_Wetter_6_PP fc6_cloud18: 0
2015-06-03_01:25:04 HA_Wetter_6_PP fc0_chOfRain21: 20
2015-06-03_01:25:04 HA_Wetter_6_PP fc11_weatherIcon: http://www.proplanta.de/wetterdaten/images/symbole/t2.gif
2015-06-03_01:25:04 HA_Wetter_6_PP fc0_weatherDayIcon: http://www.proplanta.de/wetterdaten/images/symbole/t4.gif
2015-06-03_01:25:04 HA_Wetter_6_PP fc12_weather: Regenschauer
2015-06-03_01:25:04 HA_Wetter_6_PP fc5_rain: 0
2015-06-03_01:25:04 HA_Wetter_6_PP fc13_tempMax: 29
2015-06-03_01:25:04 HA_Wetter_6_PP fc0_chOfRain06: 10
2015-06-03_01:25:04 HA_Wetter_6_PP fc5_temp03: 8
2015-06-03_01:25:04 HA_Wetter_6_PP fc1_cloud00: 100
2015-06-03_01:25:04 HA_Wetter_6_PP fc6_temp03: 6
2015-06-03_01:25:04 HA_Wetter_6_PP fc4_rad: 5.9
2015-06-03_01:25:04 HA_Wetter_6_PP fc0_cloud03: 37.5
2015-06-03_01:25:04 HA_Wetter_6_PP fc0_chOfRain03: 10
2015-06-03_01:25:04 HA_Wetter_6_PP fc9_moonSet: 16:30
2015-06-03_01:25:04 HA_Wetter_6_PP fc4_moonSet: 10:14
2015-06-03_01:25:04 HA_Wetter_6_PP fc6_moonRise: 01:11
2015-06-03_01:25:04 HA_Wetter_6_PP fc4_cloud03: 100
2015-06-03_01:25:04 HA_Wetter_6_PP fc5_temp00: 9
2015-06-03_01:25:04 HA_Wetter_6_PP fc0_weatherDay: stark bewoelkt
2015-06-03_01:25:04 HA_Wetter_6_PP fc13_weatherIcon: http://www.proplanta.de/wetterdaten/images/symbole/t2.gif
2015-06-03_01:25:04 HA_Wetter_6_PP fc5_chOfRain03: 0
2015-06-03_01:25:04 HA_Wetter_6_PP fc4_rain21: 0
2015-06-03_01:25:04 HA_Wetter_6_PP fc5_chOfRain06: 5
2015-06-03_01:25:04 HA_Wetter_6_PP fc0_chOfRain00: 5
2015-06-03_01:25:04 HA_Wetter_6_PP fc3_tempMin: 15
2015-06-03_01:25:04 HA_Wetter_6_PP fc13_date: 16.06.2015
2015-06-03_01:25:04 HA_Wetter_6_PP fc4_rain18: 0
2015-06-03_01:25:04 HA_Wetter_6_PP fc0_moonSet: 05:59
2015-06-03_01:25:04 HA_Wetter_6_PP fc0_chOfRain15: 20
2015-06-03_01:25:04 HA_Wetter_6_PP fc6_chOfRainDay: 5
2015-06-03_01:25:04 HA_Wetter_6_PP fc0_cloud09: 62.5
2015-06-03_01:25:04 HA_Wetter_6_PP fc10_moonRise: 03:09
2015-06-03_01:25:04 HA_Wetter_6_PP fc1_chOfRain21: 0
2015-06-03_01:25:04 HA_Wetter_6_PP fc0_chOfRainNight: 15
2015-06-03_01:25:04 HA_Wetter_6_PP fc5_cloud03: 0
2015-06-03_01:25:04 HA_Wetter_6_PP fc4_chOfRain09: 15
2015-06-03_01:25:04 HA_Wetter_6_PP durationFetchReadings: 32.20
2015-06-03_01:25:04 HA_Wetter_6_PP fc4_chOfRainNight: 5
2015-06-03_01:25:04 HA_Wetter_6_PP fc12_date: 15.06.2015
2015-06-03_01:25:04 HA_Wetter_6_PP fc2_temp15: 28
2015-06-03_01:25:04 HA_Wetter_6_PP fc6_rad: 8.5
2015-06-03_01:25:04 HA_Wetter_6_PP fc3_cloud00: 12.5
2015-06-03_01:25:04 HA_Wetter_6_PP fc4_date: 07.06.2015
2015-06-03_01:25:04 HA_Wetter_6_PP fc6_cloud12: 50
2015-06-03_01:25:04 HA_Wetter_6_PP fc0_cloud12: 75
2015-06-03_01:25:04 HA_Wetter_6_PP fc1_date: 04.06.2015
2015-06-03_01:25:04 HA_Wetter_6_PP fc5_weatherDay: wolkig
2015-06-03_01:25:04 HA_Wetter_6_PP fc5_rain00: 0
2015-06-03_01:25:04 HA_Wetter_6_PP fc0_date: 03.06.2015
2015-06-03_01:25:04 HA_Wetter_6_PP fc0_temp15: 19
2015-06-03_01:25:04 HA_Wetter_6_PP fc4_chOfRain15: 10
2015-06-03_01:25:04 HA_Wetter_6_PP fc5_chOfRain00: 5
2015-06-03_01:25:04 HA_Wetter_6_PP fc5_rad: 7
2015-06-03_01:25:04 HA_Wetter_6_PP fc2_weatherMorningIcon: http://www.proplanta.de/wetterdaten/images/symbole/t2.gif
2015-06-03_01:25:04 HA_Wetter_6_PP fc6_temp06: 10
2015-06-03_01:25:04 HA_Wetter_6_PP fc4_tempMin: 11
2015-06-03_01:25:04 HA_Wetter_6_PP fc1_rad: 8.4
2015-06-03_01:25:04 HA_Wetter_6_PP fc2_temp03: 10
2015-06-03_01:25:04 HA_Wetter_6_PP fc2_evapor: 3
2015-06-03_01:25:04 HA_Wetter_6_PP fc3_tempMax: 32
2015-06-03_01:25:04 HA_Wetter_6_PP fc11_date: 14.06.2015
2015-06-03_01:25:04 HA_Wetter_6_PP fc4_cloud21: 37.5
2015-06-03_01:25:04 HA_Wetter_6_PP fc4_temp12: 17
2015-06-03_01:25:04 HA_Wetter_6_PP fc1_temp06: 13
2015-06-03_01:25:04 HA_Wetter_6_PP fc4_temp15: 17
2015-06-03_01:25:04 HA_Wetter_6_PP fc0_weatherNight: stark bewoelkt
2015-06-03_01:25:04 HA_Wetter_6_PP fc6_date: 09.06.2015
2015-06-03_01:25:04 HA_Wetter_6_PP fc8_moonRise: 02:08
2015-06-03_01:25:04 HA_Wetter_6_PP fc2_weatherNightIcon: http://www.proplanta.de/wetterdaten/images/symbole/n2.gif
2015-06-03_01:25:04 HA_Wetter_6_PP fc6_temp00: 6
2015-06-03_01:25:04 HA_Wetter_6_PP fc0_temp00: 17
2015-06-03_01:25:04 HA_Wetter_6_PP fc6_chOfRain09: 5
2015-06-03_01:25:04 HA_Wetter_6_PP fc2_temp18: 23
2015-06-03_01:25:04 HA_Wetter_6_PP fc5_chOfRain12: 15
2015-06-03_01:25:04 HA_Wetter_6_PP fc3_weatherEvening: unterschiedlich bewoelkt, vereinzelt Schauer und Gewitter
2015-06-03_01:25:04 HA_Wetter_6_PP fc1_chOfRain09: 0
2015-06-03_01:25:04 HA_Wetter_6_PP fc3_weatherEveningIcon: http://www.proplanta.de/wetterdaten/images/symbole/n8.gif
2015-06-03_01:25:04 HA_Wetter_6_PP fc6_cloud06: 0
2015-06-03_01:25:04 HA_Wetter_6_PP fc1_chOfRainNight: 0
2015-06-03_01:25:04 HA_Wetter_6_PP fc4_chOfRain00: 50
2015-06-03_01:25:04 HA_Wetter_6_PP fc1_chOfRain12: 0
2015-06-03_01:25:04 HA_Wetter_6_PP fc2_moonSet: 07:54
2015-06-03_01:25:04 HA_Wetter_6_PP fc9_tempMin: 7
2015-06-03_01:25:04 HA_Wetter_6_PP fc4_chOfRain06: 20
2015-06-03_01:25:04 HA_Wetter_6_PP fc3_dew: 3
2015-06-03_01:25:04 HA_Wetter_6_PP fc5_chOfRainDay: 10
2015-06-03_01:25:04 HA_Wetter_6_PP fc5_cloud09: 50
2015-06-03_01:25:04 HA_Wetter_6_PP fc0_weatherNightIcon: http://www.proplanta.de/wetterdaten/images/symbole/n4.gif
2015-06-03_01:25:04 HA_Wetter_6_PP fc6_cloud09: 25
2015-06-03_01:25:04 HA_Wetter_6_PP fc0_temp09: 19
2015-06-03_01:25:04 HA_Wetter_6_PP fc8_tempMax: 21
2015-06-03_01:25:04 HA_Wetter_6_PP fc0_weatherMorning: wolkig
2015-06-03_01:25:04 HA_Wetter_6_PP fc5_temp18: 15
2015-06-03_01:25:04 HA_Wetter_6_PP fc3_rad: 7.9
2015-06-03_01:25:04 HA_Wetter_6_PP fc6_chOfRain06: 0
2015-06-03_01:25:04 HA_Wetter_6_PP fc7_moonRise: 01:40
2015-06-03_01:25:04 HA_Wetter_6_PP fc4_weatherEvening: wolkig
2015-06-03_01:25:04 HA_Wetter_6_PP fc0_cloud15: 100
2015-06-03_01:25:04 HA_Wetter_6_PP fc2_cloud03: 0
2015-06-03_01:25:04 HA_Wetter_6_PP fc1_temp15: 21
2015-06-03_01:25:04 HA_Wetter_6_PP fc1_cloud03: 75
2015-06-03_01:25:04 HA_Wetter_6_PP fc4_temp00: 18
2015-06-03_01:25:04 HA_Wetter_6_PP fc2_moonRise: 23:27
2015-06-03_01:25:04 HA_Wetter_6_PP fc9_moonRise: 02:37
2015-06-03_01:25:04 HA_Wetter_6_PP fc6_tempMin: 6
2015-06-03_01:25:04 HA_Wetter_6_PP fc3_cloud03: 25
2015-06-03_01:25:04 HA_Wetter_6_PP fc4_chOfRain18: 10
2015-06-03_01:25:04 HA_Wetter_6_PP fc4_cloud06: 100
2015-06-03_01:25:04 HA_Wetter_6_PP fc3_rain: 5.3
2015-06-03_01:25:04 HA_Wetter_6_PP fc0_temp18: 17
2015-06-03_01:25:04 HA_Wetter_6_PP fc0_tempMax: 19
2015-06-03_01:25:04 HA_Wetter_6_PP fc1_temp09: 17
2015-06-03_01:25:04 HA_Wetter_6_PP fc3_temp15: 31
2015-06-03_01:25:04 HA_Wetter_6_PP fc3_temp03: 15
2015-06-03_01:25:04 HA_Wetter_6_PP fc4_temp09: 15
2015-06-03_01:25:04 HA_Wetter_6_PP fc2_weatherDayIcon: http://www.proplanta.de/wetterdaten/images/symbole/t1.gif
2015-06-03_01:25:04 HA_Wetter_6_PP fc1_weatherDay: heiter
2015-06-03_01:25:04 HA_Wetter_6_PP fc4_weatherMorningIcon: http://www.proplanta.de/wetterdaten/images/symbole/t5.gif
2015-06-03_01:25:04 HA_Wetter_6_PP fc1_uv: 9
2015-06-03_01:25:04 HA_Wetter_6_PP fc4_weatherMorning: bedeckt
2015-06-03_01:25:04 HA_Wetter_6_PP fc5_tempMin: 8
2015-06-03_01:25:04 HA_Wetter_6_PP fc0_rad: 2.7
2015-06-03_01:25:04 HA_Wetter_6_PP fc5_moonSet: 11:28
2015-06-03_01:25:04 HA_Wetter_6_PP fc6_sun: 75
2015-06-03_01:25:04 HA_Wetter_6_PP fc0_dew: 1
2015-06-03_01:25:04 HA_Wetter_6_PP fc11_tempMax: 25
2015-06-03_01:25:04 HA_Wetter_6_PP fc6_dew: 2
2015-06-03_01:25:04 HA_Wetter_6_PP fc2_chOfRainNight: 5
2015-06-03_01:25:04 HA_Wetter_6_PP fc3_weatherDay: unterschiedlich bewoelkt, vereinzelt Schauer und Gewitter
2015-06-03_01:25:04 HA_Wetter_6_PP fc6_temp12: 17
2015-06-03_01:25:04 HA_Wetter_6_PP fc0_cloud21: 87.5
2015-06-03_01:25:04 HA_Wetter_6_PP fc3_date: 06.06.2015
2015-06-03_01:25:04 HA_Wetter_6_PP fc4_chOfRain03: 20
2015-06-03_01:25:04 HA_Wetter_6_PP fc2_chOfRainDay: 0
2015-06-03_01:25:04 HA_Wetter_6_PP fc1_chOfRain00: 20
2015-06-03_01:25:04 HA_Wetter_6_PP fc1_weatherDayIcon: http://www.proplanta.de/wetterdaten/images/symbole/t2.gif
2015-06-03_01:25:04 HA_Wetter_6_PP fc6_weatherMorning: sonnig
2015-06-03_01:25:04 HA_Wetter_6_PP fc4_rain00: 1.7
2015-06-03_01:25:04 HA_Wetter_6_PP fc5_date: 08.06.2015
2015-06-03_01:25:04 HA_Wetter_6_PP fc3_cloud18: 50
2015-06-03_01:25:04 HA_Wetter_6_PP fc5_dew: 0
2015-06-03_01:25:04 HA_Wetter_6_PP fc1_cloud18: 0
2015-06-03_01:25:04 HA_Wetter_6_PP fc0_cloud06: 25
2015-06-03_01:25:04 HA_Wetter_6_PP fc5_cloud15: 37.5
2015-06-03_01:25:04 HA_Wetter_6_PP fc4_cloud12: 50
2015-06-03_01:25:04 HA_Wetter_6_PP fc3_weatherNightIcon: http://www.proplanta.de/wetterdaten/images/symbole/n6.gif
2015-06-03_01:25:04 HA_Wetter_6_PP fc8_moonSet: 15:15
2015-06-03_01:25:04 HA_Wetter_6_PP fc10_tempMin: 11
2015-06-03_01:25:04 HA_Wetter_6_PP fc11_weather: heiter
2015-06-03_01:25:04 HA_Wetter_6_PP fc10_moonSet: 17:44
2015-06-03_01:25:04 HA_Wetter_6_PP fc0_cloud00: 12.5
2015-06-03_01:25:04 HA_Wetter_6_PP fc0_temp03: 16
2015-06-03_01:25:04 HA_Wetter_6_PP fc3_moonSet: 09:02
2015-06-03_01:25:04 HA_Wetter_6_PP fc0_temp06: 19
2015-06-03_01:25:04 HA_Wetter_6_PP fc0_weatherMorningIcon: http://www.proplanta.de/wetterdaten/images/symbole/t3.gif
2015-06-03_01:25:04 HA_Wetter_6_PP fc4_weatherDay: stark bewoelkt
2015-06-03_01:25:04 HA_Wetter_6_PP fc2_chOfRain06: 5
2015-06-03_01:25:04 HA_Wetter_6_PP fc1_chOfRain03: 15
2015-06-03_01:25:04 HA_Wetter_6_PP fc1_weatherEvening: klar
2015-06-03_01:25:04 HA_Wetter_6_PP fc4_cloud15: 50
2015-06-03_01:25:04 HA_Wetter_6_PP fc3_weatherNight: Regenschauer
2015-06-03_01:25:04 HA_Wetter_6_PP fc6_weatherEvening: klar
2015-06-03_01:25:04 HA_Wetter_6_PP fc12_moonRise: 04:26
2015-06-03_01:25:04 HA_Wetter_6_PP fc3_chOfRain00: 5
2015-06-03_01:25:04 HA_Wetter_6_PP fc2_rad: 8.3
2015-06-03_01:25:04 HA_Wetter_6_PP fc5_tempMax: 17
2015-06-03_01:25:04 HA_Wetter_6_PP fc5_weatherNightIcon: http://www.proplanta.de/wetterdaten/images/symbole/n3.gif
2015-06-03_01:25:04 HA_Wetter_6_PP fc9_weather: wolkig
2015-06-03_01:25:04 HA_Wetter_6_PP fc1_cloud21: 0
2015-06-03_01:25:04 HA_Wetter_6_PP fc1_temp03: 9
2015-06-03_01:25:04 HA_Wetter_6_PP fc2_temp09: 25
2015-06-03_01:25:04 HA_Wetter_6_PP fc5_temp12: 15
2015-06-03_01:25:04 HA_Wetter_6_PP fc12_tempMax: 28
2015-06-03_01:25:04 HA_Wetter_6_PP fc5_temp06: 11
2015-06-03_01:25:04 HA_Wetter_6_PP fc2_temp12: 28
2015-06-03_01:25:04 HA_Wetter_6_PP fc4_uv: 4
2015-06-03_01:25:04 HA_Wetter_6_PP fc5_moonRise: 00:40
2015-06-03_01:25:04 HA_Wetter_6_PP fc2_tempMax: 28
2015-06-03_01:25:04 HA_Wetter_6_PP fc5_cloud21: 25
2015-06-03_01:25:04 HA_Wetter_6_PP fc2_weatherNight: heiter
2015-06-03_01:25:04 HA_Wetter_6_PP fc12_weatherIcon: http://www.proplanta.de/wetterdaten/images/symbole/t6.gif
2015-06-03_01:25:04 HA_Wetter_6_PP fc1_cloud06: 37.5
2015-06-03_01:25:04 HA_Wetter_6_PP fc3_rain21: 2.1
2015-06-03_01:25:04 HA_Wetter_6_PP fc3_rain18: 3.2
2015-06-03_01:25:04 HA_Wetter_6_PP fc0_chOfRain12: 15
2015-06-03_01:25:04 HA_Wetter_6_PP fc6_temp21: 9
2015-06-03_01:25:04 HA_Wetter_6_PP fc4_weatherNightIcon: http://www.proplanta.de/wetterdaten/images/symbole/n2.gif
2015-06-03_01:25:04 HA_Wetter_6_PP fc2_temp00: 11
2015-06-03_01:25:04 HA_Wetter_6_PP fc1_chOfRain15: 0
2015-06-03_01:25:04 HA_Wetter_6_PP fc6_weatherMorningIcon: http://www.proplanta.de/wetterdaten/images/symbole/t1.gif
2015-06-03_01:25:04 HA_Wetter_6_PP fc0_temp21: 15
2015-06-03_01:25:04 HA_Wetter_6_PP fc1_weatherNightIcon: http://www.proplanta.de/wetterdaten/images/symbole/n1.gif
2015-06-03_01:25:04 HA_Wetter_6_PP fc3_chOfRain21: 40
2015-06-03_01:25:04 HA_Wetter_6_PP fc0_moonRise: 21:49
2015-06-03_01:25:04 HA_Wetter_6_PP fc13_tempMin: 13
2015-06-03_01:25:04 HA_Wetter_6_PP fc5_temp09: 14
2015-06-03_01:25:04 HA_Wetter_6_PP fc2_cloud06: 0
2015-06-03_01:25:04 HA_Wetter_6_PP fc1_temp21: 13
2015-06-03_01:25:04 HA_Wetter_6_PP fc6_moonSet: 12:43
2015-06-03_01:25:04 HA_Wetter_6_PP fc4_chOfRain21: 10
2015-06-03_01:25:04 HA_Wetter_6_PP fc3_temp06: 21
2015-06-03_01:25:04 HA_Wetter_6_PP fc0_tempMin: 15
2015-06-03_01:25:04 HA_Wetter_6_PP fc2_chOfRain00: 0
2015-06-03_01:25:04 HA_Wetter_6_PP fc6_chOfRain15: 5
2015-06-03_01:25:04 HA_Wetter_6_PP fc1_chOfRain18: 0
2015-06-03_01:25:04 HA_Wetter_6_PP fc1_tempMax: 22
2015-06-03_01:25:04 HA_Wetter_6_PP fc1_cloud15: 0
2015-06-03_01:25:04 HA_Wetter_6_PP fc3_uv: 8
2015-06-03_01:25:04 HA_Wetter_6_PP fc6_cloud00: 12.5
2015-06-03_01:25:04 HA_Wetter_6_PP fc1_temp12: 21
2015-06-03_01:25:04 HA_Wetter_6_PP fc7_date: 10.06.2015
2015-06-03_01:25:04 HA_Wetter_6_PP fc6_weatherDay: heiter
2015-06-03_01:25:04 HA_Wetter_6_PP fc11_moonSet: 18:55
2015-06-03_01:25:04 HA_Wetter_6_PP fc9_tempMax: 22
2015-06-03_01:25:04 HA_Wetter_6_PP fc3_chOfRainDay: 50
2015-06-03_01:25:04 HA_Wetter_6_PP fc6_chOfRain18: 0
2015-06-03_01:25:04 HA_Wetter_6_PP fc6_chOfRain03: 30
2015-06-03_01:25:04 HA_Wetter_6_PP fc2_weatherDay: sonnig
2015-06-03_01:25:04 HA_Wetter_6_PP fc2_tempMin: 10
2015-06-03_01:25:04 HA_Wetter_6_PP Tmin: 15 Tmax: 19
2015-06-03_01:25:04 HA_Wetter_6_PP lastConnection: 428 values captured in 32.20 s
2015-06-03_02:25:02 HA_Wetter_6_PP durationFetchReadings: 29.95
2015-06-03_02:25:02 HA_Wetter_6_PP lastConnection: 428 values captured in 29.95 s
2015-06-03_03:25:05 HA_Wetter_6_PP durationFetchReadings: 33.16
2015-06-03_03:25:05 HA_Wetter_6_PP lastConnection: 428 values captured in 33.16 s
2015-06-03_04:25:05 HA_Wetter_6_PP durationFetchReadings: 32.75
2015-06-03_04:25:05 HA_Wetter_6_PP lastConnection: 428 values captured in 32.75 s
2015-06-03_05:25:06 HA_Wetter_6_PP durationFetchReadings: 33.87
2015-06-03_05:25:06 HA_Wetter_6_PP lastConnection: 428 values captured in 33.87 s
2015-06-03_06:25:12 HA_Wetter_6_PP durationFetchReadings: 39.00
2015-06-03_06:25:12 HA_Wetter_6_PP lastConnection: 428 values captured in 39.00 s
2015-06-03_07:25:11 HA_Wetter_6_PP durationFetchReadings: 38.45
2015-06-03_07:25:11 HA_Wetter_6_PP lastConnection: 428 values captured in 38.45 s
2015-06-03_08:25:15 HA_Wetter_6_PP durationFetchReadings: 42.76
2015-06-03_08:25:15 HA_Wetter_6_PP lastConnection: 428 values captured in 42.76 s
2015-06-03_09:25:20 HA_Wetter_6_PP wind: 14.4
2015-06-03_09:25:20 HA_Wetter_6_PP dewPoint: 11.6
2015-06-03_09:25:20 HA_Wetter_6_PP windDirIcon: http://www.proplanta.de/wetterdaten/images/symbole/w28.gif
2015-06-03_09:25:20 HA_Wetter_6_PP obsTime: 08:00
2015-06-03_09:25:20 HA_Wetter_6_PP durationFetchReadings: 48.06
2015-06-03_09:25:20 HA_Wetter_6_PP humidity: 61.5
2015-06-03_09:25:20 HA_Wetter_6_PP visibility: 70
2015-06-03_09:25:20 HA_Wetter_6_PP pressure: 1017.2
2015-06-03_09:25:20 HA_Wetter_6_PP temperature: 19.1
2015-06-03_09:25:20 HA_Wetter_6_PP windDir: 225
2015-06-03_09:25:20 HA_Wetter_6_PP Tmin: 15 Tmax: 19 T: 19.1 H: 61.5 W: 14.4 P: 1017.2
2015-06-03_09:25:20 HA_Wetter_6_PP lastConnection: 439 values captured in 48.06 s
2015-06-03_10:25:20 HA_Wetter_6_PP fc3_cloud21: 62.5
2015-06-03_10:25:20 HA_Wetter_6_PP fc3_temp18: 21
2015-06-03_10:25:20 HA_Wetter_6_PP fc0_uv: 4
2015-06-03_10:25:20 HA_Wetter_6_PP fc7_tempMin: 5
2015-06-03_10:25:20 HA_Wetter_6_PP fc1_tempMin: 10
2015-06-03_10:25:20 HA_Wetter_6_PP fc3_temp12: 30
2015-06-03_10:25:20 HA_Wetter_6_PP fc3_weatherDayIcon: http://www.proplanta.de/wetterdaten/images/symbole/t2.gif
2015-06-03_10:25:20 HA_Wetter_6_PP fc6_weatherDayIcon: http://www.proplanta.de/wetterdaten/images/symbole/t3.gif
2015-06-03_10:25:20 HA_Wetter_6_PP fc5_cloud00: 12.5
2015-06-03_10:25:20 HA_Wetter_6_PP fc0_temp12: 21
2015-06-03_10:25:20 HA_Wetter_6_PP fc3_temp21: 17
2015-06-03_10:25:20 HA_Wetter_6_PP fc3_sun: 75
2015-06-03_10:25:20 HA_Wetter_6_PP fc3_chOfRainNight: 15
2015-06-03_10:25:20 HA_Wetter_6_PP fc6_cloud21: 0
2015-06-03_10:25:20 HA_Wetter_6_PP fc3_temp09: 27
2015-06-03_10:25:20 HA_Wetter_6_PP wind: 25.2
2015-06-03_10:25:20 HA_Wetter_6_PP fc5_weatherNight: klar
2015-06-03_10:25:20 HA_Wetter_6_PP fc5_weatherMorningIcon: http://www.proplanta.de/wetterdaten/images/symbole/t3.gif
2015-06-03_10:25:20 HA_Wetter_6_PP fc4_sun: 75
2015-06-03_10:25:20 HA_Wetter_6_PP fc4_weatherEveningIcon: http://www.proplanta.de/wetterdaten/images/symbole/n2.gif
2015-06-03_10:25:20 HA_Wetter_6_PP fc6_temp15: 16
2015-06-03_10:25:20 HA_Wetter_6_PP fc3_cloud12: 12.5
2015-06-03_10:25:20 HA_Wetter_6_PP fc3_temp00: 15
2015-06-03_10:25:20 HA_Wetter_6_PP fc4_cloud00: 75
2015-06-03_10:25:20 HA_Wetter_6_PP fc8_weatherIcon: http://www.proplanta.de/wetterdaten/images/symbole/t3.gif
2015-06-03_10:25:20 HA_Wetter_6_PP fc5_chOfRainNight: 0
2015-06-03_10:25:20 HA_Wetter_6_PP fc3_chOfRain06: 10
2015-06-03_10:25:20 HA_Wetter_6_PP fc0_weatherEvening: wolkig
2015-06-03_10:25:20 HA_Wetter_6_PP fc1_weatherMorning: stark bewoelkt
2015-06-03_10:25:20 HA_Wetter_6_PP fc0_chOfRain18: 10
2015-06-03_10:25:20 HA_Wetter_6_PP fc12_tempMin: 11
2015-06-03_10:25:20 HA_Wetter_6_PP fc4_temp18: 18
2015-06-03_10:25:20 HA_Wetter_6_PP fc5_weatherEveningIcon: http://www.proplanta.de/wetterdaten/images/symbole/n1.gif
2015-06-03_10:25:20 HA_Wetter_6_PP fc1_temp00: 11
2015-06-03_10:25:20 HA_Wetter_6_PP fc4_cloud09: 0
2015-06-03_10:25:20 HA_Wetter_6_PP fc3_cloud06: 37.5
2015-06-03_10:25:20 HA_Wetter_6_PP fc2_temp21: 15
2015-06-03_10:25:20 HA_Wetter_6_PP fc0_weatherEveningIcon: http://www.proplanta.de/wetterdaten/images/symbole/n3.gif
2015-06-03_10:25:20 HA_Wetter_6_PP fc4_chOfRain12: 0
2015-06-03_10:25:20 HA_Wetter_6_PP fc5_temp21: 11
2015-06-03_10:25:20 HA_Wetter_6_PP fc4_chOfRainDay: 5
2015-06-03_10:25:20 HA_Wetter_6_PP fc3_chOfRain09: 5
2015-06-03_10:25:20 HA_Wetter_6_PP fc10_weather: Regenschauer
2015-06-03_10:25:20 HA_Wetter_6_PP fc5_temp15: 19
2015-06-03_10:25:20 HA_Wetter_6_PP fc11_tempMin: 10
2015-06-03_10:25:20 HA_Wetter_6_PP fc5_cloud06: 25
2015-06-03_10:25:20 HA_Wetter_6_PP fc6_cloud15: 75
2015-06-03_10:25:20 HA_Wetter_6_PP fc0_cloud18: 62.5
2015-06-03_10:25:20 HA_Wetter_6_PP fc0_sun: 50
2015-06-03_10:25:20 HA_Wetter_6_PP fc5_chOfRain18: 0
2015-06-03_10:25:20 HA_Wetter_6_PP fc9_weatherIcon: http://www.proplanta.de/wetterdaten/images/symbole/t7.gif
2015-06-03_10:25:20 HA_Wetter_6_PP dewPoint: 10.7
2015-06-03_10:25:20 HA_Wetter_6_PP fc0_chOfRainDay: 10
2015-06-03_10:25:20 HA_Wetter_6_PP fc10_tempMax: 22
2015-06-03_10:25:20 HA_Wetter_6_PP windDirIcon: http://www.proplanta.de/wetterdaten/images/symbole/w6.gif
2015-06-03_10:25:20 HA_Wetter_6_PP fc10_weatherIcon: http://www.proplanta.de/wetterdaten/images/symbole/t6.gif
2015-06-03_10:25:20 HA_Wetter_6_PP obsTime: 09:00
2015-06-03_10:25:20 HA_Wetter_6_PP fc5_weatherMorning: wolkig
2015-06-03_10:25:20 HA_Wetter_6_PP fc8_weather: wolkig
2015-06-03_10:25:20 HA_Wetter_6_PP fc4_temp06: 14
2015-06-03_10:25:20 HA_Wetter_6_PP fc4_temp21: 13
2015-06-03_10:25:20 HA_Wetter_6_PP fc4_tempMax: 22
2015-06-03_10:25:20 HA_Wetter_6_PP fc6_cloud03: 0
2015-06-03_10:25:20 HA_Wetter_6_PP fc2_weatherMorning: sonnig
2015-06-03_10:25:20 HA_Wetter_6_PP fc6_weatherEveningIcon: http://www.proplanta.de/wetterdaten/images/symbole/n4.gif
2015-06-03_10:25:20 HA_Wetter_6_PP fc3_weatherMorning: wolkig
2015-06-03_10:25:20 HA_Wetter_6_PP fc4_weatherDayIcon: http://www.proplanta.de/wetterdaten/images/symbole/t2.gif
2015-06-03_10:25:20 HA_Wetter_6_PP fc5_weatherEvening: klar
2015-06-03_10:25:20 HA_Wetter_6_PP fc4_rain: 0
2015-06-03_10:25:20 HA_Wetter_6_PP fc5_cloud12: 12.5
2015-06-03_10:25:20 HA_Wetter_6_PP fc5_sun: 75
2015-06-03_10:25:20 HA_Wetter_6_PP fc5_weatherDayIcon: http://www.proplanta.de/wetterdaten/images/symbole/t2.gif
2015-06-03_10:25:20 HA_Wetter_6_PP fc6_uv: 4
2015-06-03_10:25:20 HA_Wetter_6_PP fc6_tempMax: 16
2015-06-03_10:25:20 HA_Wetter_6_PP fc13_weather: wolkig
2015-06-03_10:25:20 HA_Wetter_6_PP fc6_cloud18: 75
2015-06-03_10:25:20 HA_Wetter_6_PP fc11_weatherIcon: http://www.proplanta.de/wetterdaten/images/symbole/t3.gif
2015-06-03_10:25:20 HA_Wetter_6_PP fc0_weatherDayIcon: http://www.proplanta.de/wetterdaten/images/symbole/t3.gif
2015-06-03_10:25:20 HA_Wetter_6_PP fc12_weather: wolkig
2015-06-03_10:25:20 HA_Wetter_6_PP fc13_tempMax: 19
2015-06-03_10:25:20 HA_Wetter_6_PP fc0_chOfRain06: 0
2015-06-03_10:25:20 HA_Wetter_6_PP fc1_cloud00: 87.5
2015-06-03_10:25:20 HA_Wetter_6_PP fc6_temp03: 7
2015-06-03_10:25:20 HA_Wetter_6_PP fc4_rad: 8.3
2015-06-03_10:25:20 HA_Wetter_6_PP fc0_cloud03: 0
2015-06-03_10:25:20 HA_Wetter_6_PP fc0_chOfRain03: 5
2015-06-03_10:25:20 HA_Wetter_6_PP fc4_cloud03: 75
2015-06-03_10:25:20 HA_Wetter_6_PP fc5_chOfRain15: 0
2015-06-03_10:25:20 HA_Wetter_6_PP fc5_temp00: 10
2015-06-03_10:25:20 HA_Wetter_6_PP fc0_weatherDay: wolkig
2015-06-03_10:25:20 HA_Wetter_6_PP fc13_weatherIcon: http://www.proplanta.de/wetterdaten/images/symbole/t3.gif
2015-06-03_10:25:20 HA_Wetter_6_PP fc5_chOfRain03: 10
2015-06-03_10:25:20 HA_Wetter_6_PP fc5_chOfRain06: 10
2015-06-03_10:25:20 HA_Wetter_6_PP fc3_tempMin: 13
2015-06-03_10:25:20 HA_Wetter_6_PP fc0_chOfRain15: 15
2015-06-03_10:25:20 HA_Wetter_6_PP fc6_chOfRainDay: 10
2015-06-03_10:25:20 HA_Wetter_6_PP fc0_cloud09: 25
2015-06-03_10:25:20 HA_Wetter_6_PP fc5_chOfRain21: 0
2015-06-03_10:25:20 HA_Wetter_6_PP fc0_chOfRainNight: 20
2015-06-03_10:25:20 HA_Wetter_6_PP fc5_cloud03: 25
2015-06-03_10:25:20 HA_Wetter_6_PP fc4_chOfRain09: 0
2015-06-03_10:25:20 HA_Wetter_6_PP durationFetchReadings: 47.66
2015-06-03_10:25:20 HA_Wetter_6_PP fc4_dew: 1
2015-06-03_10:25:20 HA_Wetter_6_PP fc2_temp15: 27
2015-06-03_10:25:20 HA_Wetter_6_PP fc6_rad: 5.9
2015-06-03_10:25:20 HA_Wetter_6_PP fc3_cloud00: 0
2015-06-03_10:25:20 HA_Wetter_6_PP fc0_cloud12: 62.5
2015-06-03_10:25:20 HA_Wetter_6_PP fc5_weatherDay: heiter
2015-06-03_10:25:20 HA_Wetter_6_PP humidity: 51.1
2015-06-03_10:25:20 HA_Wetter_6_PP fc0_temp15: 20
2015-06-03_10:25:20 HA_Wetter_6_PP fc1_chOfRain06: 15
2015-06-03_10:25:20 HA_Wetter_6_PP fc4_chOfRain15: 5
2015-06-03_10:25:20 HA_Wetter_6_PP fc5_rad: 8.3
2015-06-03_10:25:20 HA_Wetter_6_PP fc2_weatherMorningIcon: http://www.proplanta.de/wetterdaten/images/symbole/t1.gif
2015-06-03_10:25:20 HA_Wetter_6_PP fc4_tempMin: 13
2015-06-03_10:25:20 HA_Wetter_6_PP fc1_rad: 8.2
2015-06-03_10:25:20 HA_Wetter_6_PP pressure: 1017
2015-06-03_10:25:20 HA_Wetter_6_PP fc3_tempMax: 31
2015-06-03_10:25:20 HA_Wetter_6_PP fc4_cloud21: 12.5
2015-06-03_10:25:20 HA_Wetter_6_PP fc4_temp12: 21
2015-06-03_10:25:20 HA_Wetter_6_PP fc4_temp15: 22
2015-06-03_10:25:20 HA_Wetter_6_PP fc0_weatherNight: bedeckt
2015-06-03_10:25:20 HA_Wetter_6_PP temperature: 21.1
2015-06-03_10:25:20 HA_Wetter_6_PP fc6_temp00: 8
2015-06-03_10:25:20 HA_Wetter_6_PP fc6_chOfRain09: 10
2015-06-03_10:25:20 HA_Wetter_6_PP fc2_temp18: 22
2015-06-03_10:25:20 HA_Wetter_6_PP fc5_chOfRain12: 5
2015-06-03_10:25:20 HA_Wetter_6_PP fc6_cloud06: 25
2015-06-03_10:25:20 HA_Wetter_6_PP fc4_chOfRain00: 15
2015-06-03_10:25:20 HA_Wetter_6_PP fc1_chOfRain12: 5
2015-06-03_10:25:20 HA_Wetter_6_PP fc9_tempMin: 10
2015-06-03_10:25:20 HA_Wetter_6_PP fc4_chOfRain06: 15
2015-06-03_10:25:20 HA_Wetter_6_PP fc3_dew: 2
2015-06-03_10:25:20 HA_Wetter_6_PP fc5_chOfRainDay: 5
2015-06-03_10:25:20 HA_Wetter_6_PP fc5_cloud09: 25
2015-06-03_10:25:20 HA_Wetter_6_PP fc0_weatherNightIcon: http://www.proplanta.de/wetterdaten/images/symbole/n5.gif
2015-06-03_10:25:20 HA_Wetter_6_PP fc6_cloud09: 37.5
2015-06-03_10:25:20 HA_Wetter_6_PP fc0_temp09: 21
2015-06-03_10:25:20 HA_Wetter_6_PP fc8_tempMax: 20
2015-06-03_10:25:20 HA_Wetter_6_PP fc0_weatherMorning: sonnig
2015-06-03_10:25:20 HA_Wetter_6_PP fc5_temp18: 16
2015-06-03_10:25:20 HA_Wetter_6_PP fc3_rad: 8
2015-06-03_10:25:20 HA_Wetter_6_PP fc6_chOfRain21: 0
2015-06-03_10:25:20 HA_Wetter_6_PP fc6_chOfRain06: 5
2015-06-03_10:25:20 HA_Wetter_6_PP fc4_weatherEvening: heiter
2015-06-03_10:25:20 HA_Wetter_6_PP fc0_cloud15: 75
2015-06-03_10:25:20 HA_Wetter_6_PP fc6_chOfRain00: 0
2015-06-03_10:25:20 HA_Wetter_6_PP fc1_cloud03: 87.5
2015-06-03_10:25:20 HA_Wetter_6_PP fc4_temp00: 15
2015-06-03_10:25:20 HA_Wetter_6_PP fc6_tempMin: 7
2015-06-03_10:25:20 HA_Wetter_6_PP fc4_chOfRain18: 5
2015-06-03_10:25:20 HA_Wetter_6_PP fc4_cloud06: 75
2015-06-03_10:25:20 HA_Wetter_6_PP fc3_rain: 3.4
2015-06-03_10:25:20 HA_Wetter_6_PP fc0_tempMax: 22
2015-06-03_10:25:20 HA_Wetter_6_PP fc3_temp15: 30
2015-06-03_10:25:20 HA_Wetter_6_PP fc3_temp03: 13
2015-06-03_10:25:20 HA_Wetter_6_PP fc4_temp09: 18
2015-06-03_10:25:20 HA_Wetter_6_PP fc4_weatherMorningIcon: http://www.proplanta.de/wetterdaten/images/symbole/t4.gif
2015-06-03_10:25:20 HA_Wetter_6_PP fc1_uv: 8
2015-06-03_10:25:20 HA_Wetter_6_PP fc4_weatherMorning: stark bewoelkt
2015-06-03_10:25:20 HA_Wetter_6_PP fc7_tempMax: 19
2015-06-03_10:25:20 HA_Wetter_6_PP fc3_weatherMorningIcon: http://www.proplanta.de/wetterdaten/images/symbole/t3.gif
2015-06-03_10:25:20 HA_Wetter_6_PP fc4_cloud18: 12.5
2015-06-03_10:25:20 HA_Wetter_6_PP fc0_rad: 4.4
2015-06-03_10:25:20 HA_Wetter_6_PP fc6_sun: 50
2015-06-03_10:25:20 HA_Wetter_6_PP fc6_dew: 0
2015-06-03_10:25:20 HA_Wetter_6_PP fc3_weatherDay: heiter
2015-06-03_10:25:20 HA_Wetter_6_PP windDir: 248
2015-06-03_10:25:20 HA_Wetter_6_PP fc5_cloud18: 0
2015-06-03_10:25:20 HA_Wetter_6_PP fc6_temp12: 15
2015-06-03_10:25:20 HA_Wetter_6_PP fc0_cloud21: 100
2015-06-03_10:25:20 HA_Wetter_6_PP fc4_chOfRain03: 15
2015-06-03_10:25:20 HA_Wetter_6_PP fc6_weatherMorning: heiter
2015-06-03_10:25:20 HA_Wetter_6_PP fc4_rain00: 0
2015-06-03_10:25:20 HA_Wetter_6_PP fc1_weatherMorningIcon: http://www.proplanta.de/wetterdaten/images/symbole/t4.gif
2015-06-03_10:25:20 HA_Wetter_6_PP fc5_dew: 2
2015-06-03_10:25:20 HA_Wetter_6_PP fc0_cloud06: 0
2015-06-03_10:25:20 HA_Wetter_6_PP fc5_cloud15: 0
2015-06-03_10:25:20 HA_Wetter_6_PP fc4_cloud12: 0
2015-06-03_10:25:20 HA_Wetter_6_PP fc3_weatherNightIcon: http://www.proplanta.de/wetterdaten/images/symbole/n4.gif
2015-06-03_10:25:20 HA_Wetter_6_PP fc10_tempMin: 9
2015-06-03_10:25:20 HA_Wetter_6_PP fc11_weather: wolkig
2015-06-03_10:25:20 HA_Wetter_6_PP fc0_temp06: 20
2015-06-03_10:25:20 HA_Wetter_6_PP fc0_weatherMorningIcon: http://www.proplanta.de/wetterdaten/images/symbole/t1.gif
2015-06-03_10:25:20 HA_Wetter_6_PP fc4_weatherDay: heiter
2015-06-03_10:25:20 HA_Wetter_6_PP fc2_chOfRain06: 0
2015-06-03_10:25:20 HA_Wetter_6_PP fc4_cloud15: 12.5
2015-06-03_10:25:20 HA_Wetter_6_PP fc3_weatherNight: stark bewoelkt
2015-06-03_10:25:20 HA_Wetter_6_PP fc6_weatherEvening: stark bewoelkt
2015-06-03_10:25:20 HA_Wetter_6_PP fc3_chOfRain00: 0
2015-06-03_10:25:20 HA_Wetter_6_PP fc5_tempMax: 19
2015-06-03_10:25:20 HA_Wetter_6_PP fc5_weatherNightIcon: http://www.proplanta.de/wetterdaten/images/symbole/n1.gif
2015-06-03_10:25:20 HA_Wetter_6_PP fc9_weather: Regen
2015-06-03_10:25:20 HA_Wetter_6_PP fc1_temp03: 11
2015-06-03_10:25:20 HA_Wetter_6_PP fc2_temp09: 24
2015-06-03_10:25:20 HA_Wetter_6_PP fc5_temp12: 19
2015-06-03_10:25:20 HA_Wetter_6_PP fc12_tempMax: 26
2015-06-03_10:25:20 HA_Wetter_6_PP fc5_temp06: 12
2015-06-03_10:25:20 HA_Wetter_6_PP fc2_temp12: 27
2015-06-03_10:25:20 HA_Wetter_6_PP fc4_uv: 8
2015-06-03_10:25:20 HA_Wetter_6_PP fc5_cloud21: 0
2015-06-03_10:25:20 HA_Wetter_6_PP fc3_chOfRain12: 5
2015-06-03_10:25:20 HA_Wetter_6_PP fc12_weatherIcon: http://www.proplanta.de/wetterdaten/images/symbole/t3.gif
2015-06-03_10:25:20 HA_Wetter_6_PP fc1_cloud06: 75
2015-06-03_10:25:20 HA_Wetter_6_PP fc3_rain21: 0
2015-06-03_10:25:20 HA_Wetter_6_PP fc3_rain18: 3.4
2015-06-03_10:25:20 HA_Wetter_6_PP fc6_temp21: 8
2015-06-03_10:25:20 HA_Wetter_6_PP fc6_weatherMorningIcon: http://www.proplanta.de/wetterdaten/images/symbole/t2.gif
2015-06-03_10:25:20 HA_Wetter_6_PP fc0_temp21: 14
2015-06-03_10:25:20 HA_Wetter_6_PP fc3_chOfRain21: 15
2015-06-03_10:25:20 HA_Wetter_6_PP fc13_tempMin: 8
2015-06-03_10:25:20 HA_Wetter_6_PP fc5_temp09: 16
2015-06-03_10:25:20 HA_Wetter_6_PP fc4_chOfRain21: 5
2015-06-03_10:25:20 HA_Wetter_6_PP fc3_temp06: 20
2015-06-03_10:25:20 HA_Wetter_6_PP fc0_tempMin: 14
2015-06-03_10:25:20 HA_Wetter_6_PP fc6_chOfRain15: 15
2015-06-03_10:25:20 HA_Wetter_6_PP fc3_cloud09: 12.5
2015-06-03_10:25:20 HA_Wetter_6_PP fc1_tempMax: 21
2015-06-03_10:25:20 HA_Wetter_6_PP fc3_uv: 7
2015-06-03_10:25:20 HA_Wetter_6_PP fc6_cloud00: 0
2015-06-03_10:25:20 HA_Wetter_6_PP fc5_uv: 8
2015-06-03_10:25:20 HA_Wetter_6_PP fc1_temp12: 20
2015-06-03_10:25:20 HA_Wetter_6_PP fc6_weatherDay: wolkig
2015-06-03_10:25:20 HA_Wetter_6_PP fc9_tempMax: 19
2015-06-03_10:25:20 HA_Wetter_6_PP fc3_chOfRainDay: 5
2015-06-03_10:25:20 HA_Wetter_6_PP fc6_chOfRain18: 15
2015-06-03_10:25:20 HA_Wetter_6_PP fc6_chOfRain03: 0
2015-06-03_10:25:20 HA_Wetter_6_PP Tmin: 14 Tmax: 22 T: 21.1 H: 51.1 W: 25.2 P: 1017
2015-06-03_10:25:20 HA_Wetter_6_PP lastConnection: 439 values captured in 47.66 s
2015-06-03_11:25:14 HA_Wetter_6_PP wind: 28.8
2015-06-03_11:25:14 HA_Wetter_6_PP dewPoint: 10.8
2015-06-03_11:25:14 HA_Wetter_6_PP obsTime: 10:00
2015-06-03_11:25:14 HA_Wetter_6_PP durationFetchReadings: 42.21
2015-06-03_11:25:14 HA_Wetter_6_PP humidity: 49
2015-06-03_11:25:14 HA_Wetter_6_PP pressure: 1017.6
2015-06-03_11:25:14 HA_Wetter_6_PP temperature: 21.9
2015-06-03_11:25:14 HA_Wetter_6_PP Tmin: 14 Tmax: 22 T: 21.9 H: 49 W: 28.8 P: 1017.6
2015-06-03_11:25:14 HA_Wetter_6_PP lastConnection: 439 values captured in 42.21 s
2015-06-03_12:25:16 HA_Wetter_6_PP wind: 25.2
2015-06-03_12:25:16 HA_Wetter_6_PP cloudBaseMin: 1000
2015-06-03_12:25:16 HA_Wetter_6_PP dewPoint: 11.3
2015-06-03_12:25:16 HA_Wetter_6_PP windDirIcon: http://www.proplanta.de/wetterdaten/images/symbole/w28.gif
2015-06-03_12:25:16 HA_Wetter_6_PP obsTime: 11:00
2015-06-03_12:25:16 HA_Wetter_6_PP durationFetchReadings: 43.95
2015-06-03_12:25:16 HA_Wetter_6_PP humidity: 47.4
2015-06-03_12:25:16 HA_Wetter_6_PP pressure: 1017.5
2015-06-03_12:25:16 HA_Wetter_6_PP temperature: 23
2015-06-03_12:25:16 HA_Wetter_6_PP cloudBaseMax: 1500
2015-06-03_12:25:16 HA_Wetter_6_PP windDir: 225
2015-06-03_12:25:16 HA_Wetter_6_PP Tmin: 14 Tmax: 22 T: 23 H: 47.4 W: 25.2 P: 1017.5
2015-06-03_12:25:16 HA_Wetter_6_PP lastConnection: 439 values captured in 43.95 s
2015-06-03_13:25:18 HA_Wetter_6_PP cloudBaseMin: 1500
2015-06-03_13:25:18 HA_Wetter_6_PP dewPoint: 10.9
2015-06-03_13:25:18 HA_Wetter_6_PP obsTime: 12:00
2015-06-03_13:25:18 HA_Wetter_6_PP durationFetchReadings: 45.27
2015-06-03_13:25:18 HA_Wetter_6_PP humidity: 42.9
2015-06-03_13:25:18 HA_Wetter_6_PP pressure: 1017.6
2015-06-03_13:25:18 HA_Wetter_6_PP temperature: 24.2
2015-06-03_13:25:18 HA_Wetter_6_PP cloudBaseMax: 2000
2015-06-03_13:25:18 HA_Wetter_6_PP Tmin: 14 Tmax: 22 T: 24.2 H: 42.9 W: 25.2 P: 1017.6
2015-06-03_13:25:18 HA_Wetter_6_PP lastConnection: 439 values captured in 45.27 s
2015-06-03_14:25:13 HA_Wetter_6_PP wind: 21.6
2015-06-03_14:25:13 HA_Wetter_6_PP dewPoint: 11
2015-06-03_14:25:13 HA_Wetter_6_PP windDirIcon: http://www.proplanta.de/wetterdaten/images/symbole/w29.gif
2015-06-03_14:25:13 HA_Wetter_6_PP obsTime: 13:00
2015-06-03_14:25:13 HA_Wetter_6_PP durationFetchReadings: 40.99
2015-06-03_14:25:13 HA_Wetter_6_PP humidity: 40.9
2015-06-03_14:25:13 HA_Wetter_6_PP pressure: 1017.5
2015-06-03_14:25:13 HA_Wetter_6_PP temperature: 25.1
2015-06-03_14:25:13 HA_Wetter_6_PP windDir: 270
2015-06-03_14:25:13 HA_Wetter_6_PP Tmin: 14 Tmax: 22 T: 25.1 H: 40.9 W: 21.6 P: 1017.5
2015-06-03_14:25:13 HA_Wetter_6_PP lastConnection: 439 values captured in 40.99 s
2015-06-03_15:25:10 HA_Wetter_6_PP wind: 28.8
2015-06-03_15:25:10 HA_Wetter_6_PP dewPoint: 10.3
2015-06-03_15:25:10 HA_Wetter_6_PP obsTime: 14:00
2015-06-03_15:25:10 HA_Wetter_6_PP durationFetchReadings: 38.03
2015-06-03_15:25:10 HA_Wetter_6_PP humidity: 38.1
2015-06-03_15:25:10 HA_Wetter_6_PP pressure: 1017.9
2015-06-03_15:25:10 HA_Wetter_6_PP temperature: 25.5
2015-06-03_15:25:10 HA_Wetter_6_PP Tmin: 14 Tmax: 22 T: 25.5 H: 38.1 W: 28.8 P: 1017.9
2015-06-03_15:25:10 HA_Wetter_6_PP lastConnection: 439 values captured in 38.03 s
2015-06-03_16:25:10 HA_Wetter_6_PP fc8_tempMin: 7
2015-06-03_16:25:10 HA_Wetter_6_PP fc5_chOfRain09: 0
2015-06-03_16:25:10 HA_Wetter_6_PP fc3_cloud21: 50
2015-06-03_16:25:10 HA_Wetter_6_PP fc3_chOfRain03: 5
2015-06-03_16:25:10 HA_Wetter_6_PP fc3_temp18: 22
2015-06-03_16:25:10 HA_Wetter_6_PP fc7_tempMin: 4
2015-06-03_16:25:10 HA_Wetter_6_PP fc1_tempMin: 8
2015-06-03_16:25:10 HA_Wetter_6_PP fc3_weatherDayIcon: http://www.proplanta.de/wetterdaten/images/symbole/t6.gif
2015-06-03_16:25:10 HA_Wetter_6_PP fc3_temp21: 16
2015-06-03_16:25:10 HA_Wetter_6_PP fc2_temp06: 17
2015-06-03_16:25:10 HA_Wetter_6_PP fc3_sun: 30
2015-06-03_16:25:10 HA_Wetter_6_PP fc5_weatherMorningIcon: http://www.proplanta.de/wetterdaten/images/symbole/t2.gif
2015-06-03_16:25:10 HA_Wetter_6_PP fc4_sun: 50
2015-06-03_16:25:10 HA_Wetter_6_PP fc4_temp03: 12
2015-06-03_16:25:10 HA_Wetter_6_PP fc6_temp15: 17
2015-06-03_16:25:10 HA_Wetter_6_PP fc6_chOfRainNight: 0
2015-06-03_16:25:10 HA_Wetter_6_PP fc3_chOfRain18: 40
2015-06-03_16:25:10 HA_Wetter_6_PP fc3_temp00: 13
2015-06-03_16:25:10 HA_Wetter_6_PP fc1_weatherMorning: wolkig
2015-06-03_16:25:10 HA_Wetter_6_PP fc5_weatherEveningIcon: http://www.proplanta.de/wetterdaten/images/symbole/n3.gif
2015-06-03_16:25:10 HA_Wetter_6_PP fc1_temp00: 12
2015-06-03_16:25:10 HA_Wetter_6_PP fc4_cloud09: 12.5
2015-06-03_16:25:10 HA_Wetter_6_PP fc3_cloud06: 25
2015-06-03_16:25:10 HA_Wetter_6_PP fc4_chOfRain12: 5
2015-06-03_16:25:10 HA_Wetter_6_PP fc5_temp21: 9
2015-06-03_16:25:10 HA_Wetter_6_PP fc4_chOfRainDay: 10
2015-06-03_16:25:10 HA_Wetter_6_PP fc5_temp15: 18
2015-06-03_16:25:10 HA_Wetter_6_PP fc11_tempMin: 6
2015-06-03_16:25:10 HA_Wetter_6_PP fc5_cloud06: 12.5
2015-06-03_16:25:10 HA_Wetter_6_PP fc6_cloud15: 62.5
2015-06-03_16:25:10 HA_Wetter_6_PP fc6_weatherNight: klar
2015-06-03_16:25:10 HA_Wetter_6_PP fc5_chOfRain18: 10
2015-06-03_16:25:10 HA_Wetter_6_PP fc9_weatherIcon: http://www.proplanta.de/wetterdaten/images/symbole/t3.gif
2015-06-03_16:25:10 HA_Wetter_6_PP fc5_weatherMorning: heiter
2015-06-03_16:25:10 HA_Wetter_6_PP fc4_temp21: 12
2015-06-03_16:25:10 HA_Wetter_6_PP fc6_weatherEveningIcon: http://www.proplanta.de/wetterdaten/images/symbole/n3.gif
2015-06-03_16:25:10 HA_Wetter_6_PP fc3_cloud15: 12.5
2015-06-03_16:25:10 HA_Wetter_6_PP fc4_weatherDayIcon: http://www.proplanta.de/wetterdaten/images/symbole/t3.gif
2015-06-03_16:25:10 HA_Wetter_6_PP fc5_weatherEvening: wolkig
2015-06-03_16:25:10 HA_Wetter_6_PP fc5_cloud12: 0
2015-06-03_16:25:10 HA_Wetter_6_PP fc5_sun: 50
2015-06-03_16:25:10 HA_Wetter_6_PP fc5_weatherDayIcon: http://www.proplanta.de/wetterdaten/images/symbole/t3.gif
2015-06-03_16:25:10 HA_Wetter_6_PP fc6_uv: 6
2015-06-03_16:25:10 HA_Wetter_6_PP fc6_tempMax: 18
2015-06-03_16:25:10 HA_Wetter_6_PP fc13_weather: Regenschauer
2015-06-03_16:25:10 HA_Wetter_6_PP fc6_cloud18: 50
2015-06-03_16:25:10 HA_Wetter_6_PP fc12_weather: heiter
2015-06-03_16:25:10 HA_Wetter_6_PP fc13_tempMax: 31
2015-06-03_16:25:10 HA_Wetter_6_PP fc5_temp03: 9
2015-06-03_16:25:10 HA_Wetter_6_PP fc1_cloud00: 100
2015-06-03_16:25:10 HA_Wetter_6_PP fc6_temp03: 6
2015-06-03_16:25:10 HA_Wetter_6_PP fc5_chOfRain15: 15
2015-06-03_16:25:10 HA_Wetter_6_PP fc13_weatherIcon: http://www.proplanta.de/wetterdaten/images/symbole/t6.gif
2015-06-03_16:25:10 HA_Wetter_6_PP fc5_chOfRain03: 5
2015-06-03_16:25:10 HA_Wetter_6_PP fc5_chOfRain06: 5
2015-06-03_16:25:10 HA_Wetter_6_PP fc4_chOfRain09: 5
2015-06-03_16:25:10 HA_Wetter_6_PP durationFetchReadings: 37.78
2015-06-03_16:25:10 HA_Wetter_6_PP fc4_dew: 2
2015-06-03_16:25:10 HA_Wetter_6_PP fc6_rad: 7.4
2015-06-03_16:25:10 HA_Wetter_6_PP fc6_cloud12: 25
2015-06-03_16:25:10 HA_Wetter_6_PP fc5_weatherDay: wolkig
2015-06-03_16:25:10 HA_Wetter_6_PP fc1_chOfRain06: 10
2015-06-03_16:25:10 HA_Wetter_6_PP fc5_rad: 7.3
2015-06-03_16:25:10 HA_Wetter_6_PP fc4_tempMin: 12
2015-06-03_16:25:10 HA_Wetter_6_PP fc7_weatherIcon: http://www.proplanta.de/wetterdaten/images/symbole/t3.gif
2015-06-03_16:25:10 HA_Wetter_6_PP fc1_rad: 8.4
2015-06-03_16:25:10 HA_Wetter_6_PP fc4_cloud21: 0
2015-06-03_16:25:10 HA_Wetter_6_PP fc6_temp00: 7
2015-06-03_16:25:10 HA_Wetter_6_PP fc6_chOfRain09: 5
2015-06-03_16:25:10 HA_Wetter_6_PP fc3_weatherEvening: Regenschauer
2015-06-03_16:25:10 HA_Wetter_6_PP fc3_weatherEveningIcon: http://www.proplanta.de/wetterdaten/images/symbole/n6.gif
2015-06-03_16:25:10 HA_Wetter_6_PP fc6_cloud06: 0
2015-06-03_16:25:10 HA_Wetter_6_PP fc1_chOfRain12: 0
2015-06-03_16:25:10 HA_Wetter_6_PP fc9_tempMin: 7
2015-06-03_16:25:10 HA_Wetter_6_PP fc4_chOfRain06: 10
2015-06-03_16:25:10 HA_Wetter_6_PP fc5_chOfRainDay: 10
2015-06-03_16:25:10 HA_Wetter_6_PP fc5_cloud09: 0
2015-06-03_16:25:10 HA_Wetter_6_PP fc6_cloud09: 25
2015-06-03_16:25:10 HA_Wetter_6_PP fc8_tempMax: 19
2015-06-03_16:25:10 HA_Wetter_6_PP fc3_rad: 7.9
2015-06-03_16:25:10 HA_Wetter_6_PP fc6_chOfRain06: 0
2015-06-03_16:25:10 HA_Wetter_6_PP fc0_chOfRain09: 5
2015-06-03_16:25:10 HA_Wetter_6_PP fc7_weather: wolkig
2015-06-03_16:25:10 HA_Wetter_6_PP fc1_cloud03: 75
2015-06-03_16:25:10 HA_Wetter_6_PP fc4_temp00: 16
2015-06-03_16:25:10 HA_Wetter_6_PP fc6_tempMin: 6
2015-06-03_16:25:10 HA_Wetter_6_PP fc4_cloud06: 62.5
2015-06-03_16:25:10 HA_Wetter_6_PP fc3_rain: 2.1
2015-06-03_16:25:10 HA_Wetter_6_PP fc4_weatherMorningIcon: http://www.proplanta.de/wetterdaten/images/symbole/t3.gif
2015-06-03_16:25:10 HA_Wetter_6_PP fc1_uv: 9
2015-06-03_16:25:10 HA_Wetter_6_PP fc4_weatherMorning: wolkig
2015-06-03_16:25:10 HA_Wetter_6_PP fc5_tempMin: 9
2015-06-03_16:25:10 HA_Wetter_6_PP fc7_tempMax: 18
2015-06-03_16:25:10 HA_Wetter_6_PP fc3_weatherDay: Regenschauer
2015-06-03_16:25:10 HA_Wetter_6_PP fc5_cloud18: 50
2015-06-03_16:25:10 HA_Wetter_6_PP fc6_temp12: 17
2015-06-03_16:25:10 HA_Wetter_6_PP fc6_weatherMorning: sonnig
2015-06-03_16:25:10 HA_Wetter_6_PP fc1_weatherMorningIcon: http://www.proplanta.de/wetterdaten/images/symbole/t3.gif
2015-06-03_16:25:10 HA_Wetter_6_PP fc5_cloud15: 75
2015-06-03_16:25:10 HA_Wetter_6_PP fc4_cloud12: 12.5
2015-06-03_16:25:10 HA_Wetter_6_PP fc6_weatherNightIcon: http://www.proplanta.de/wetterdaten/images/symbole/n1.gif
2015-06-03_16:25:10 HA_Wetter_6_PP fc4_weatherDay: wolkig
2015-06-03_16:25:10 HA_Wetter_6_PP fc4_cloud15: 25
2015-06-03_16:25:10 HA_Wetter_6_PP fc6_weatherEvening: wolkig
2015-06-03_16:25:10 HA_Wetter_6_PP fc2_rad: 8.4
2015-06-03_16:25:10 HA_Wetter_6_PP fc9_weather: wolkig
2015-06-03_16:25:10 HA_Wetter_6_PP fc1_temp03: 10
2015-06-03_16:25:10 HA_Wetter_6_PP fc2_temp09: 23
2015-06-03_16:25:10 HA_Wetter_6_PP fc5_temp12: 18
2015-06-03_16:25:10 HA_Wetter_6_PP fc12_tempMax: 28
2015-06-03_16:25:10 HA_Wetter_6_PP fc2_temp12: 26
2015-06-03_16:25:10 HA_Wetter_6_PP fc4_uv: 7
2015-06-03_16:25:10 HA_Wetter_6_PP fc2_tempMax: 27
2015-06-03_16:25:10 HA_Wetter_6_PP fc12_weatherIcon: http://www.proplanta.de/wetterdaten/images/symbole/t2.gif
2015-06-03_16:25:10 HA_Wetter_6_PP fc1_cloud06: 37.5
2015-06-03_16:25:10 HA_Wetter_6_PP fc3_rain18: 2.1
2015-06-03_16:25:10 HA_Wetter_6_PP fc6_weatherMorningIcon: http://www.proplanta.de/wetterdaten/images/symbole/t1.gif
2015-06-03_16:25:10 HA_Wetter_6_PP fc3_chOfRain21: 10
2015-06-03_16:25:10 HA_Wetter_6_PP fc3_chOfRain15: 5
2015-06-03_16:25:10 HA_Wetter_6_PP fc13_tempMin: 10
2015-06-03_16:25:10 HA_Wetter_6_PP fc1_temp21: 12
2015-06-03_16:25:10 HA_Wetter_6_PP fc4_chOfRain21: 0
2015-06-03_16:25:10 HA_Wetter_6_PP fc6_chOfRain15: 10
2015-06-03_16:25:10 HA_Wetter_6_PP fc3_cloud09: 25
2015-06-03_16:25:10 HA_Wetter_6_PP fc3_uv: 6
2015-06-03_16:25:10 HA_Wetter_6_PP fc5_uv: 6
2015-06-03_16:25:10 HA_Wetter_6_PP fc9_tempMax: 17
2015-06-03_16:25:10 HA_Wetter_6_PP fc3_chOfRainDay: 40
2015-06-03_16:25:10 HA_Wetter_6_PP fc6_chOfRain18: 10
2015-06-03_16:25:10 HA_Wetter_6_PP lastConnection: 439 values captured in 37.78 s
2015-06-03_17:25:10 HA_Wetter_6_PP durationFetchReadings: 38.04
2015-06-03_17:25:10 HA_Wetter_6_PP lastConnection: 439 values captured in 38.04 s
2015-06-03_18:25:11 HA_Wetter_6_PP durationFetchReadings: 38.34
2015-06-03_18:25:11 HA_Wetter_6_PP lastConnection: 439 values captured in 38.34 s
2015-06-03_19:25:08 HA_Wetter_6_PP durationFetchReadings: 35.07
2015-06-03_19:25:08 HA_Wetter_6_PP lastConnection: 439 values captured in 35.07 s
2015-06-03_20:25:03 HA_Wetter_6_PP durationFetchReadings: 30.21
2015-06-03_20:25:03 HA_Wetter_6_PP lastConnection: 439 values captured in 30.21 s
2015-06-03_21:25:03 HA_Wetter_6_PP durationFetchReadings: 30.60
2015-06-03_21:25:03 HA_Wetter_6_PP lastConnection: 439 values captured in 30.60 s
2015-06-03_22:25:17 HA_Wetter_6_PP fc5_chOfRain09: 20
2015-06-03_22:25:17 HA_Wetter_6_PP fc3_cloud21: 62.5
2015-06-03_22:25:17 HA_Wetter_6_PP fc3_chOfRain03: 10
2015-06-03_22:25:17 HA_Wetter_6_PP fc7_tempMin: 10
2015-06-03_22:25:17 HA_Wetter_6_PP fc1_tempMin: 9
2015-06-03_22:25:17 HA_Wetter_6_PP fc3_temp12: 31
2015-06-03_22:25:17 HA_Wetter_6_PP fc3_weatherDayIcon: http://www.proplanta.de/wetterdaten/images/symbole/t8.gif
2015-06-03_22:25:17 HA_Wetter_6_PP fc5_cloud00: 87.5
2015-06-03_22:25:17 HA_Wetter_6_PP fc3_temp21: 18
2015-06-03_22:25:17 HA_Wetter_6_PP fc3_sun: 60
2015-06-03_22:25:17 HA_Wetter_6_PP fc4_weatherNight: stark bewoelkt
2015-06-03_22:25:17 HA_Wetter_6_PP fc3_temp09: 28
2015-06-03_22:25:17 HA_Wetter_6_PP fc5_weatherNight: bedeckt
2015-06-03_22:25:17 HA_Wetter_6_PP fc5_weatherMorningIcon: http://www.proplanta.de/wetterdaten/images/symbole/t5.gif
2015-06-03_22:25:17 HA_Wetter_6_PP fc4_temp03: 14
2015-06-03_22:25:17 HA_Wetter_6_PP fc6_temp15: 21
2015-06-03_22:25:17 HA_Wetter_6_PP fc3_temp00: 15
2015-06-03_22:25:17 HA_Wetter_6_PP fc4_cloud00: 87.5
2015-06-03_22:25:17 HA_Wetter_6_PP fc5_chOfRainNight: 20
2015-06-03_22:25:17 HA_Wetter_6_PP fc6_chOfRain12: 15
2015-06-03_22:25:17 HA_Wetter_6_PP fc4_temp18: 19
2015-06-03_22:25:17 HA_Wetter_6_PP fc5_weatherEveningIcon: http://www.proplanta.de/wetterdaten/images/symbole/n5.gif
2015-06-03_22:25:17 HA_Wetter_6_PP fc4_cloud09: 25
2015-06-03_22:25:17 HA_Wetter_6_PP fc5_temp21: 13
2015-06-03_22:25:17 HA_Wetter_6_PP fc3_chOfRain09: 10
2015-06-03_22:25:17 HA_Wetter_6_PP fc10_weather: heiter
2015-06-03_22:25:17 HA_Wetter_6_PP fc1_temp18: 17
2015-06-03_22:25:17 HA_Wetter_6_PP fc5_temp15: 15
2015-06-03_22:25:17 HA_Wetter_6_PP fc5_cloud06: 100
2015-06-03_22:25:17 HA_Wetter_6_PP fc6_cloud15: 0
2015-06-03_22:25:17 HA_Wetter_6_PP fc5_chOfRain18: 20
2015-06-03_22:25:17 HA_Wetter_6_PP fc9_weatherIcon: http://www.proplanta.de/wetterdaten/images/symbole/t1.gif
2015-06-03_22:25:17 HA_Wetter_6_PP fc1_dew: 1
2015-06-03_22:25:17 HA_Wetter_6_PP fc10_tempMax: 23
2015-06-03_22:25:17 HA_Wetter_6_PP fc10_weatherIcon: http://www.proplanta.de/wetterdaten/images/symbole/t2.gif
2015-06-03_22:25:17 HA_Wetter_6_PP fc5_weatherMorning: bedeckt
2015-06-03_22:25:17 HA_Wetter_6_PP fc4_temp06: 15
2015-06-03_22:25:17 HA_Wetter_6_PP fc4_temp21: 16
2015-06-03_22:25:17 HA_Wetter_6_PP fc6_cloud03: 100
2015-06-03_22:25:17 HA_Wetter_6_PP fc6_weatherEveningIcon: http://www.proplanta.de/wetterdaten/images/symbole/n1.gif
2015-06-03_22:25:17 HA_Wetter_6_PP fc3_cloud15: 50
2015-06-03_22:25:17 HA_Wetter_6_PP fc5_weatherEvening: bedeckt
2015-06-03_22:25:17 HA_Wetter_6_PP fc6_temp18: 19
2015-06-03_22:25:17 HA_Wetter_6_PP fc5_cloud12: 100
2015-06-03_22:25:17 HA_Wetter_6_PP fc5_sun: 5
2015-06-03_22:25:17 HA_Wetter_6_PP fc5_weatherDayIcon: http://www.proplanta.de/wetterdaten/images/symbole/t5.gif
2015-06-03_22:25:17 HA_Wetter_6_PP fc6_tempMax: 21
2015-06-03_22:25:17 HA_Wetter_6_PP fc6_cloud18: 0
2015-06-03_22:25:17 HA_Wetter_6_PP fc12_weather: unterschiedlich bewoelkt, vereinzelt Schauer und Gewitter
2015-06-03_22:25:17 HA_Wetter_6_PP fc13_tempMax: 28
2015-06-03_22:25:17 HA_Wetter_6_PP fc5_temp03: 13
2015-06-03_22:25:17 HA_Wetter_6_PP fc6_temp03: 12
2015-06-03_22:25:17 HA_Wetter_6_PP fc4_rad: 7.9
2015-06-03_22:25:17 HA_Wetter_6_PP fc4_cloud03: 87.5
2015-06-03_22:25:17 HA_Wetter_6_PP fc5_chOfRain15: 20
2015-06-03_22:25:17 HA_Wetter_6_PP fc5_temp00: 15
2015-06-03_22:25:17 HA_Wetter_6_PP fc5_chOfRain03: 20
2015-06-03_22:25:17 HA_Wetter_6_PP fc5_chOfRain06: 20
2015-06-03_22:25:17 HA_Wetter_6_PP fc3_tempMin: 15
2015-06-03_22:25:17 HA_Wetter_6_PP fc0_chOfRain15: 10
2015-06-03_22:25:17 HA_Wetter_6_PP fc5_chOfRain21: 20
2015-06-03_22:25:17 HA_Wetter_6_PP fc5_cloud03: 100
2015-06-03_22:25:17 HA_Wetter_6_PP fc4_chOfRain09: 10
2015-06-03_22:25:17 HA_Wetter_6_PP durationFetchReadings: 40.71
2015-06-03_22:25:17 HA_Wetter_6_PP fc4_dew: 0
2015-06-03_22:25:17 HA_Wetter_6_PP fc4_chOfRainNight: 15
2015-06-03_22:25:17 HA_Wetter_6_PP fc6_rad: 5.4
2015-06-03_22:25:17 HA_Wetter_6_PP fc6_cloud12: 87.5
2015-06-03_22:25:17 HA_Wetter_6_PP fc5_weatherDay: bedeckt
2015-06-03_22:25:17 HA_Wetter_6_PP fc5_chOfRain00: 15
2015-06-03_22:25:17 HA_Wetter_6_PP fc5_rad: 1.3
2015-06-03_22:25:17 HA_Wetter_6_PP fc6_temp06: 12
2015-06-03_22:25:17 HA_Wetter_6_PP fc4_tempMin: 14
2015-06-03_22:25:17 HA_Wetter_6_PP fc7_weatherIcon: http://www.proplanta.de/wetterdaten/images/symbole/t1.gif
2015-06-03_22:25:17 HA_Wetter_6_PP fc1_rad: 8.3
2015-06-03_22:25:17 HA_Wetter_6_PP fc4_cloud21: 75
2015-06-03_22:25:17 HA_Wetter_6_PP fc4_temp12: 22
2015-06-03_22:25:17 HA_Wetter_6_PP fc6_temp00: 13
2015-06-03_22:25:17 HA_Wetter_6_PP fc6_chOfRain09: 20
2015-06-03_22:25:17 HA_Wetter_6_PP fc5_chOfRain12: 20
2015-06-03_22:25:17 HA_Wetter_6_PP fc6_cloud06: 100
2015-06-03_22:25:17 HA_Wetter_6_PP fc4_chOfRain06: 15
2015-06-03_22:25:17 HA_Wetter_6_PP fc5_chOfRainDay: 20
2015-06-03_22:25:17 HA_Wetter_6_PP fc5_cloud09: 100
2015-06-03_22:25:17 HA_Wetter_6_PP fc6_cloud09: 100
2015-06-03_22:25:17 HA_Wetter_6_PP fc8_tempMax: 21
2015-06-03_22:25:17 HA_Wetter_6_PP fc5_temp18: 15
2015-06-03_22:25:17 HA_Wetter_6_PP fc3_rad: 7.1
2015-06-03_22:25:17 HA_Wetter_6_PP fc6_chOfRain06: 20
2015-06-03_22:25:17 HA_Wetter_6_PP fc0_cloud15: 50
2015-06-03_22:25:17 HA_Wetter_6_PP fc6_chOfRain00: 20
2015-06-03_22:25:17 HA_Wetter_6_PP fc7_weather: sonnig
2015-06-03_22:25:17 HA_Wetter_6_PP fc4_temp00: 15
2015-06-03_22:25:17 HA_Wetter_6_PP fc6_tempMin: 12
2015-06-03_22:25:17 HA_Wetter_6_PP fc6_temp09: 13
2015-06-03_22:25:17 HA_Wetter_6_PP fc4_cloud06: 87.5
2015-06-03_22:25:17 HA_Wetter_6_PP fc3_rain: 4.2
2015-06-03_22:25:17 HA_Wetter_6_PP fc3_temp15: 24
2015-06-03_22:25:17 HA_Wetter_6_PP fc3_temp03: 15
2015-06-03_22:25:17 HA_Wetter_6_PP fc4_temp09: 19
2015-06-03_22:25:17 HA_Wetter_6_PP fc4_weatherMorningIcon: http://www.proplanta.de/wetterdaten/images/symbole/t4.gif
2015-06-03_22:25:17 HA_Wetter_6_PP fc4_weatherMorning: stark bewoelkt
2015-06-03_22:25:17 HA_Wetter_6_PP fc5_tempMin: 13
2015-06-03_22:25:17 HA_Wetter_6_PP fc7_tempMax: 24
2015-06-03_22:25:17 HA_Wetter_6_PP fc11_tempMax: 26
2015-06-03_22:25:17 HA_Wetter_6_PP fc3_weatherDay: unterschiedlich bewoelkt, vereinzelt Schauer und Gewitter
2015-06-03_22:25:17 HA_Wetter_6_PP fc5_cloud18: 100
2015-06-03_22:25:17 HA_Wetter_6_PP fc6_temp12: 19
2015-06-03_22:25:17 HA_Wetter_6_PP fc6_weatherMorning: bedeckt
2015-06-03_22:25:17 HA_Wetter_6_PP fc5_dew: 1
2015-06-03_22:25:17 HA_Wetter_6_PP fc5_cloud15: 100
2015-06-03_22:25:17 HA_Wetter_6_PP fc10_tempMin: 8
2015-06-03_22:25:17 HA_Wetter_6_PP fc3_rain15: 2.1
2015-06-03_22:25:17 HA_Wetter_6_PP fc4_cloud15: 12.5
2015-06-03_22:25:17 HA_Wetter_6_PP fc6_weatherEvening: klar
2015-06-03_22:25:17 HA_Wetter_6_PP fc5_tempMax: 15
2015-06-03_22:25:17 HA_Wetter_6_PP fc5_weatherNightIcon: http://www.proplanta.de/wetterdaten/images/symbole/n5.gif
2015-06-03_22:25:17 HA_Wetter_6_PP fc9_weather: sonnig
2015-06-03_22:25:17 HA_Wetter_6_PP fc1_temp03: 9
2015-06-03_22:25:17 HA_Wetter_6_PP fc2_temp09: 24
2015-06-03_22:25:17 HA_Wetter_6_PP fc5_temp12: 15
2015-06-03_22:25:17 HA_Wetter_6_PP fc5_temp06: 13
2015-06-03_22:25:17 HA_Wetter_6_PP fc2_temp12: 27
2015-06-03_22:25:17 HA_Wetter_6_PP fc4_uv: 6
2015-06-03_22:25:17 HA_Wetter_6_PP fc5_cloud21: 87.5
2015-06-03_22:25:17 HA_Wetter_6_PP fc12_weatherIcon: http://www.proplanta.de/wetterdaten/images/symbole/t8.gif
2015-06-03_22:25:17 HA_Wetter_6_PP fc6_temp21: 13
2015-06-03_22:25:17 HA_Wetter_6_PP fc4_weatherNightIcon: http://www.proplanta.de/wetterdaten/images/symbole/n4.gif
2015-06-03_22:25:17 HA_Wetter_6_PP fc6_weatherMorningIcon: http://www.proplanta.de/wetterdaten/images/symbole/t5.gif
2015-06-03_22:25:17 HA_Wetter_6_PP fc3_chOfRain21: 15
2015-06-03_22:25:17 HA_Wetter_6_PP fc3_chOfRain15: 50
2015-06-03_22:25:17 HA_Wetter_6_PP fc13_tempMin: 15
2015-06-03_22:25:17 HA_Wetter_6_PP fc5_temp09: 14
2015-06-03_22:25:17 HA_Wetter_6_PP fc4_chOfRain21: 15
2015-06-03_22:25:17 HA_Wetter_6_PP fc3_temp06: 21
2015-06-03_22:25:17 HA_Wetter_6_PP fc6_chOfRain15: 0
2015-06-03_22:25:17 HA_Wetter_6_PP fc3_uv: 5
2015-06-03_22:25:17 HA_Wetter_6_PP fc6_cloud00: 87.5
2015-06-03_22:25:17 HA_Wetter_6_PP fc5_uv: 1
2015-06-03_22:25:17 HA_Wetter_6_PP fc9_tempMax: 22
2015-06-03_22:25:17 HA_Wetter_6_PP fc3_chOfRainDay: 50
2015-06-03_22:25:17 HA_Wetter_6_PP fc6_chOfRain18: 0
2015-06-03_22:25:17 HA_Wetter_6_PP fc6_chOfRain03: 20
2015-06-03_22:25:17 HA_Wetter_6_PP lastConnection: 439 values captured in 40.71 s
2015-06-03_23:25:02 HA_Wetter_6_PP durationFetchReadings: 29.70
2015-06-03_23:25:02 HA_Wetter_6_PP lastConnection: 439 values captured in 29.70 s
2015-06-03_23:51:18 HA_Wetter_6_PP durationFetchReadings: 69.30
2015-06-03_23:51:18 HA_Wetter_6_PP lastConnection: 439 values captured in 69.30 s
