2015-06-02_00:24:59 HA_Wetter_6_PP durationFetchReadings: 28.67
2015-06-02_00:24:59 HA_Wetter_6_PP Tmin: 11 Tmax: 18
2015-06-02_00:24:59 HA_Wetter_6_PP lastConnection: 428 values captured in 28.67 s
2015-06-02_01:24:58 HA_Wetter_6_PP fc8_tempMin: 5
2015-06-02_01:24:58 HA_Wetter_6_PP fc5_chOfRain09: 20
2015-06-02_01:24:58 HA_Wetter_6_PP fc3_chOfRain03: 0
2015-06-02_01:24:58 HA_Wetter_6_PP fc3_temp18: 22
2015-06-02_01:24:58 HA_Wetter_6_PP fc1_weatherNight: wolkig
2015-06-02_01:24:58 HA_Wetter_6_PP fc1_moonRise: 21:49
2015-06-02_01:24:58 HA_Wetter_6_PP fc0_uv: 8
2015-06-02_01:24:58 HA_Wetter_6_PP fc2_sun: 75
2015-06-02_01:24:58 HA_Wetter_6_PP fc7_tempMin: 9
2015-06-02_01:24:58 HA_Wetter_6_PP fc1_tempMin: 16
2015-06-02_01:24:58 HA_Wetter_6_PP fc2_cloud12: 25
2015-06-02_01:24:58 HA_Wetter_6_PP fc3_temp12: 25
2015-06-02_01:24:58 HA_Wetter_6_PP fc13_moonRise: 04:26
2015-06-02_01:24:58 HA_Wetter_6_PP fc3_weatherDayIcon: http://www.proplanta.de/wetterdaten/images/symbole/t1.gif
2015-06-02_01:24:58 HA_Wetter_6_PP fc6_weatherDayIcon: http://www.proplanta.de/wetterdaten/images/symbole/t6.gif
2015-06-02_01:24:58 HA_Wetter_6_PP fc5_cloud00: 50
2015-06-02_01:24:58 HA_Wetter_6_PP fc0_temp12: 22
2015-06-02_01:24:58 HA_Wetter_6_PP fc3_temp21: 16
2015-06-02_01:24:58 HA_Wetter_6_PP fc1_cloud12: 87.5
2015-06-02_01:24:58 HA_Wetter_6_PP fc2_temp06: 14
2015-06-02_01:24:58 HA_Wetter_6_PP fc3_sun: 100
2015-06-02_01:24:58 HA_Wetter_6_PP fc4_weatherNight: unterschiedlich bewoelkt, vereinzelt Schauer und Gewitter
2015-06-02_01:24:58 HA_Wetter_6_PP fc3_chOfRainNight: 5
2015-06-02_01:24:58 HA_Wetter_6_PP fc6_cloud21: 25
2015-06-02_01:24:58 HA_Wetter_6_PP fc3_temp09: 22
2015-06-02_01:24:58 HA_Wetter_6_PP fc1_weatherEveningIcon: http://www.proplanta.de/wetterdaten/images/symbole/n4.gif
2015-06-02_01:24:58 HA_Wetter_6_PP fc5_weatherNight: wolkig
2015-06-02_01:24:58 HA_Wetter_6_PP fc5_weatherMorningIcon: http://www.proplanta.de/wetterdaten/images/symbole/t6.gif
2015-06-02_01:24:58 HA_Wetter_6_PP fc4_sun: 75
2015-06-02_01:24:58 HA_Wetter_6_PP fc10_date: 12.06.2015
2015-06-02_01:24:58 HA_Wetter_6_PP fc4_temp03: 14
2015-06-02_01:24:58 HA_Wetter_6_PP fc11_moonRise: 03:09
2015-06-02_01:24:58 HA_Wetter_6_PP fc3_cloud12: 0
2015-06-02_01:24:58 HA_Wetter_6_PP fc1_moonSet: 05:59
2015-06-02_01:24:58 HA_Wetter_6_PP fc3_temp00: 12
2015-06-02_01:24:58 HA_Wetter_6_PP fc8_weatherIcon: http://www.proplanta.de/wetterdaten/images/symbole/t2.gif
2015-06-02_01:24:58 HA_Wetter_6_PP fc1_cloud09: 62.5
2015-06-02_01:24:58 HA_Wetter_6_PP fc2_chOfRain03: 10
2015-06-02_01:24:58 HA_Wetter_6_PP fc5_chOfRainNight: 10
2015-06-02_01:24:58 HA_Wetter_6_PP fc3_chOfRain06: 0
2015-06-02_01:24:58 HA_Wetter_6_PP fc0_weatherEvening: klar
2015-06-02_01:24:58 HA_Wetter_6_PP fc6_chOfRain12: 40
2015-06-02_01:24:58 HA_Wetter_6_PP fc3_moonRise: 23:27
2015-06-02_01:24:58 HA_Wetter_6_PP fc0_chOfRain18: 0
2015-06-02_01:24:58 HA_Wetter_6_PP fc4_temp18: 26
2015-06-02_01:24:58 HA_Wetter_6_PP fc13_moonSet: 20:00
2015-06-02_01:24:58 HA_Wetter_6_PP fc2_cloud00: 62.5
2015-06-02_01:24:58 HA_Wetter_6_PP fc6_rain00: 0
2015-06-02_01:24:58 HA_Wetter_6_PP fc6_rain09: 1
2015-06-02_01:24:58 HA_Wetter_6_PP fc1_sun: 25
2015-06-02_01:24:58 HA_Wetter_6_PP fc5_weatherEveningIcon: http://www.proplanta.de/wetterdaten/images/symbole/n2.gif
2015-06-02_01:24:58 HA_Wetter_6_PP fc1_temp00: 16
2015-06-02_01:24:58 HA_Wetter_6_PP fc4_cloud09: 25
2015-06-02_01:24:58 HA_Wetter_6_PP fc3_cloud06: 0
2015-06-02_01:24:58 HA_Wetter_6_PP fc2_temp21: 13
2015-06-02_01:24:58 HA_Wetter_6_PP fc0_weatherEveningIcon: http://www.proplanta.de/wetterdaten/images/symbole/n1.gif
2015-06-02_01:24:58 HA_Wetter_6_PP fc4_chOfRain12: 5
2015-06-02_01:24:58 HA_Wetter_6_PP fc2_uv: 8
2015-06-02_01:24:58 HA_Wetter_6_PP fc5_temp21: 19
2015-06-02_01:24:58 HA_Wetter_6_PP fc9_date: 11.06.2015
2015-06-02_01:24:58 HA_Wetter_6_PP fc4_chOfRainDay: 5
2015-06-02_01:24:58 HA_Wetter_6_PP fc3_chOfRain09: 0
2015-06-02_01:24:58 HA_Wetter_6_PP fc1_chOfRainDay: 15
2015-06-02_01:24:58 HA_Wetter_6_PP fc10_weather: heiter
2015-06-02_01:24:58 HA_Wetter_6_PP fc7_moonSet: 12:43
2015-06-02_01:24:58 HA_Wetter_6_PP fc6_evapor: 2
2015-06-02_01:24:58 HA_Wetter_6_PP fc5_temp15: 27
2015-06-02_01:24:58 HA_Wetter_6_PP fc11_tempMin: 9
2015-06-02_01:24:58 HA_Wetter_6_PP fc5_cloud06: 62.5
2015-06-02_01:24:58 HA_Wetter_6_PP fc6_cloud15: 50
2015-06-02_01:24:58 HA_Wetter_6_PP fc6_rain: 5.1
2015-06-02_01:24:58 HA_Wetter_6_PP fc0_cloud18: 0
2015-06-02_01:24:58 HA_Wetter_6_PP fc12_moonSet: 18:55
2015-06-02_01:24:58 HA_Wetter_6_PP fc0_sun: 75
2015-06-02_01:24:58 HA_Wetter_6_PP fc8_date: 10.06.2015
2015-06-02_01:24:58 HA_Wetter_6_PP fc5_chOfRain18: 5
2015-06-02_01:24:58 HA_Wetter_6_PP fc2_chOfRain12: 5
2015-06-02_01:24:58 HA_Wetter_6_PP fc9_weatherIcon: http://www.proplanta.de/wetterdaten/images/symbole/t1.gif
2015-06-02_01:24:58 HA_Wetter_6_PP fc0_chOfRainDay: 5
2015-06-02_01:24:58 HA_Wetter_6_PP fc1_dew: 1
2015-06-02_01:24:58 HA_Wetter_6_PP fc10_tempMax: 25
2015-06-02_01:24:58 HA_Wetter_6_PP fc0_rain: 0
2015-06-02_01:24:58 HA_Wetter_6_PP fc10_weatherIcon: http://www.proplanta.de/wetterdaten/images/symbole/t2.gif
2015-06-02_01:24:58 HA_Wetter_6_PP fc5_weatherMorning: Regenschauer
2015-06-02_01:24:58 HA_Wetter_6_PP fc8_weather: heiter
2015-06-02_01:24:58 HA_Wetter_6_PP fc4_temp06: 20
2015-06-02_01:24:58 HA_Wetter_6_PP fc0_evapor: 2
2015-06-02_01:24:58 HA_Wetter_6_PP fc6_rain06: 0
2015-06-02_01:24:58 HA_Wetter_6_PP fc4_temp21: 20
2015-06-02_01:24:58 HA_Wetter_6_PP fc4_tempMax: 30
2015-06-02_01:24:58 HA_Wetter_6_PP fc6_cloud03: 37.5
2015-06-02_01:24:58 HA_Wetter_6_PP fc2_weatherMorning: wolkig
2015-06-02_01:24:58 HA_Wetter_6_PP fc6_weatherEveningIcon: http://www.proplanta.de/wetterdaten/images/symbole/n7.gif
2015-06-02_01:24:58 HA_Wetter_6_PP fc3_weatherMorning: sonnig
2015-06-02_01:24:58 HA_Wetter_6_PP fc4_weatherDayIcon: http://www.proplanta.de/wetterdaten/images/symbole/t2.gif
2015-06-02_01:24:58 HA_Wetter_6_PP fc5_weatherEvening: heiter
2015-06-02_01:24:58 HA_Wetter_6_PP fc2_date: 04.06.2015
2015-06-02_01:24:58 HA_Wetter_6_PP fc6_temp18: 23
2015-06-02_01:24:58 HA_Wetter_6_PP fc4_moonRise: --:--
2015-06-02_01:24:58 HA_Wetter_6_PP fc6_rain15: 0.5
2015-06-02_01:24:58 HA_Wetter_6_PP fc5_cloud12: 87.5
2015-06-02_01:24:58 HA_Wetter_6_PP fc5_sun: 50
2015-06-02_01:24:58 HA_Wetter_6_PP fc5_weatherDayIcon: http://www.proplanta.de/wetterdaten/images/symbole/t3.gif
2015-06-02_01:24:58 HA_Wetter_6_PP fc6_uv: 4
2015-06-02_01:24:58 HA_Wetter_6_PP fc6_tempMax: 30
2015-06-02_01:24:58 HA_Wetter_6_PP fc6_cloud18: 62.5
2015-06-02_01:24:58 HA_Wetter_6_PP fc0_chOfRain21: 5
2015-06-02_01:24:58 HA_Wetter_6_PP fc11_weatherIcon: http://www.proplanta.de/wetterdaten/images/symbole/t3.gif
2015-06-02_01:24:58 HA_Wetter_6_PP fc0_weatherDayIcon: http://www.proplanta.de/wetterdaten/images/symbole/t2.gif
2015-06-02_01:24:58 HA_Wetter_6_PP fc5_rain: 4.7
2015-06-02_01:24:58 HA_Wetter_6_PP fc13_tempMax: 25
2015-06-02_01:24:58 HA_Wetter_6_PP fc0_chOfRain06: 5
2015-06-02_01:24:58 HA_Wetter_6_PP fc5_temp03: 19
2015-06-02_01:24:58 HA_Wetter_6_PP fc1_cloud00: 12.5
2015-06-02_01:24:58 HA_Wetter_6_PP fc6_temp03: 17
2015-06-02_01:24:58 HA_Wetter_6_PP fc0_cloud03: 25
2015-06-02_01:24:58 HA_Wetter_6_PP fc9_moonSet: 15:15
2015-06-02_01:24:58 HA_Wetter_6_PP fc4_moonSet: 09:02
2015-06-02_01:24:58 HA_Wetter_6_PP fc6_moonRise: 00:40
2015-06-02_01:24:58 HA_Wetter_6_PP fc4_cloud03: 12.5
2015-06-02_01:24:58 HA_Wetter_6_PP fc5_chOfRain15: 5
2015-06-02_01:24:58 HA_Wetter_6_PP fc5_temp00: 19
2015-06-02_01:24:58 HA_Wetter_6_PP fc0_weatherDay: heiter
2015-06-02_01:24:58 HA_Wetter_6_PP fc5_chOfRain03: 50
2015-06-02_01:24:58 HA_Wetter_6_PP fc2_chOfRain15: 0
2015-06-02_01:24:58 HA_Wetter_6_PP fc5_chOfRain06: 40
2015-06-02_01:24:58 HA_Wetter_6_PP fc3_tempMin: 11
2015-06-02_01:24:58 HA_Wetter_6_PP fc13_date: 15.06.2015
2015-06-02_01:24:58 HA_Wetter_6_PP fc0_moonSet: 05:14
2015-06-02_01:24:58 HA_Wetter_6_PP fc0_chOfRain15: 0
2015-06-02_01:24:58 HA_Wetter_6_PP fc6_chOfRainDay: 40
2015-06-02_01:24:58 HA_Wetter_6_PP fc0_cloud09: 0
2015-06-02_01:24:58 HA_Wetter_6_PP fc10_moonRise: 02:37
2015-06-02_01:24:58 HA_Wetter_6_PP fc1_chOfRain21: 10
2015-06-02_01:24:58 HA_Wetter_6_PP fc0_chOfRainNight: 5
2015-06-02_01:24:58 HA_Wetter_6_PP fc5_cloud03: 50
2015-06-02_01:24:58 HA_Wetter_6_PP fc4_chOfRain09: 10
2015-06-02_01:24:58 HA_Wetter_6_PP durationFetchReadings: 28.38
2015-06-02_01:24:58 HA_Wetter_6_PP fc4_chOfRainNight: 50
2015-06-02_01:24:58 HA_Wetter_6_PP fc12_date: 14.06.2015
2015-06-02_01:24:58 HA_Wetter_6_PP fc2_temp15: 22
2015-06-02_01:24:58 HA_Wetter_6_PP fc6_rad: 7.7
2015-06-02_01:24:58 HA_Wetter_6_PP fc3_cloud00: 0
2015-06-02_01:24:58 HA_Wetter_6_PP fc4_date: 06.06.2015
2015-06-02_01:24:58 HA_Wetter_6_PP fc6_cloud12: 50
2015-06-02_01:24:58 HA_Wetter_6_PP fc6_rain03: 0
2015-06-02_01:24:58 HA_Wetter_6_PP fc0_cloud12: 12.5
2015-06-02_01:24:58 HA_Wetter_6_PP fc1_date: 03.06.2015
2015-06-02_01:24:58 HA_Wetter_6_PP fc5_weatherDay: wolkig
2015-06-02_01:24:58 HA_Wetter_6_PP fc5_rain00: 2.1
2015-06-02_01:24:58 HA_Wetter_6_PP fc0_date: 02.06.2015
2015-06-02_01:24:58 HA_Wetter_6_PP fc0_temp15: 23
2015-06-02_01:24:58 HA_Wetter_6_PP fc5_chOfRain00: 50
2015-06-02_01:24:58 HA_Wetter_6_PP fc5_rad: 5.8
2015-06-02_01:24:58 HA_Wetter_6_PP fc2_weatherMorningIcon: http://www.proplanta.de/wetterdaten/images/symbole/t3.gif
2015-06-02_01:24:58 HA_Wetter_6_PP fc6_temp06: 21
2015-06-02_01:24:58 HA_Wetter_6_PP fc4_tempMin: 14
2015-06-02_01:24:58 HA_Wetter_6_PP fc2_cloud09: 37.5
2015-06-02_01:24:58 HA_Wetter_6_PP fc7_weatherIcon: http://www.proplanta.de/wetterdaten/images/symbole/t3.gif
2015-06-02_01:24:58 HA_Wetter_6_PP fc1_rad: 3.9
2015-06-02_01:24:58 HA_Wetter_6_PP fc2_temp03: 11
2015-06-02_01:24:58 HA_Wetter_6_PP fc3_tempMax: 26
2015-06-02_01:24:58 HA_Wetter_6_PP fc11_date: 13.06.2015
2015-06-02_01:24:58 HA_Wetter_6_PP fc4_cloud21: 25
2015-06-02_01:24:58 HA_Wetter_6_PP fc4_temp12: 29
2015-06-02_01:24:58 HA_Wetter_6_PP fc1_temp06: 19
2015-06-02_01:24:58 HA_Wetter_6_PP fc4_temp15: 30
2015-06-02_01:24:58 HA_Wetter_6_PP fc0_weatherNight: heiter
2015-06-02_01:24:58 HA_Wetter_6_PP fc6_date: 08.06.2015
2015-06-02_01:24:58 HA_Wetter_6_PP fc8_moonRise: 01:40
2015-06-02_01:24:58 HA_Wetter_6_PP fc2_weatherNightIcon: http://www.proplanta.de/wetterdaten/images/symbole/n1.gif
2015-06-02_01:24:58 HA_Wetter_6_PP fc2_weatherEvening: klar
2015-06-02_01:24:58 HA_Wetter_6_PP fc6_temp00: 17
2015-06-02_01:24:58 HA_Wetter_6_PP fc0_temp00: 11
2015-06-02_01:24:58 HA_Wetter_6_PP fc6_rain12: 3.1
2015-06-02_01:24:58 HA_Wetter_6_PP fc6_chOfRain09: 50
2015-06-02_01:24:58 HA_Wetter_6_PP fc2_temp18: 19
2015-06-02_01:24:58 HA_Wetter_6_PP fc5_chOfRain12: 15
2015-06-02_01:24:58 HA_Wetter_6_PP fc1_chOfRain09: 15
2015-06-02_01:24:58 HA_Wetter_6_PP fc6_cloud06: 50
2015-06-02_01:24:58 HA_Wetter_6_PP fc1_chOfRainNight: 10
2015-06-02_01:24:58 HA_Wetter_6_PP fc1_chOfRain12: 15
2015-06-02_01:24:58 HA_Wetter_6_PP fc2_moonSet: 06:52
2015-06-02_01:24:58 HA_Wetter_6_PP fc9_tempMin: 7
2015-06-02_01:24:58 HA_Wetter_6_PP fc4_chOfRain06: 5
2015-06-02_01:24:58 HA_Wetter_6_PP fc3_dew: 0
2015-06-02_01:24:58 HA_Wetter_6_PP fc5_chOfRainDay: 10
2015-06-02_01:24:58 HA_Wetter_6_PP fc5_cloud09: 100
2015-06-02_01:24:58 HA_Wetter_6_PP fc0_weatherNightIcon: http://www.proplanta.de/wetterdaten/images/symbole/n2.gif
2015-06-02_01:24:58 HA_Wetter_6_PP fc6_cloud09: 62.5
2015-06-02_01:24:58 HA_Wetter_6_PP fc0_temp09: 20
2015-06-02_01:24:58 HA_Wetter_6_PP fc0_weatherMorning: heiter
2015-06-02_01:24:58 HA_Wetter_6_PP fc5_temp18: 24
2015-06-02_01:24:58 HA_Wetter_6_PP fc3_rad: 8.3
2015-06-02_01:24:58 HA_Wetter_6_PP fc6_chOfRain06: 10
2015-06-02_01:24:58 HA_Wetter_6_PP fc7_moonRise: 01:11
2015-06-02_01:24:58 HA_Wetter_6_PP fc0_cloud15: 0
2015-06-02_01:24:58 HA_Wetter_6_PP fc2_cloud18: 0
2015-06-02_01:24:58 HA_Wetter_6_PP fc6_chOfRain00: 10
2015-06-02_01:24:58 HA_Wetter_6_PP fc0_chOfRain09: 5
2015-06-02_01:24:58 HA_Wetter_6_PP fc7_weather: wolkig
2015-06-02_01:24:58 HA_Wetter_6_PP fc2_cloud03: 50
2015-06-02_01:24:58 HA_Wetter_6_PP fc1_temp15: 21
2015-06-02_01:24:58 HA_Wetter_6_PP fc2_chOfRain09: 10
2015-06-02_01:24:58 HA_Wetter_6_PP fc1_cloud03: 12.5
2015-06-02_01:24:58 HA_Wetter_6_PP fc4_temp00: 14
2015-06-02_01:24:58 HA_Wetter_6_PP fc2_moonRise: 22:41
2015-06-02_01:24:58 HA_Wetter_6_PP fc9_moonRise: 02:08
2015-06-02_01:24:58 HA_Wetter_6_PP fc6_tempMin: 17
2015-06-02_01:24:58 HA_Wetter_6_PP fc3_cloud03: 0
2015-06-02_01:24:58 HA_Wetter_6_PP fc6_temp09: 25
2015-06-02_01:24:58 HA_Wetter_6_PP fc4_cloud06: 12.5
2015-06-02_01:24:58 HA_Wetter_6_PP fc0_temp18: 20
2015-06-02_01:24:58 HA_Wetter_6_PP fc0_tempMax: 23
2015-06-02_01:24:58 HA_Wetter_6_PP fc2_cloud21: 0
2015-06-02_01:24:58 HA_Wetter_6_PP fc1_temp09: 21
2015-06-02_01:24:58 HA_Wetter_6_PP fc3_temp15: 26
2015-06-02_01:24:58 HA_Wetter_6_PP fc4_temp09: 26
2015-06-02_01:24:58 HA_Wetter_6_PP fc5_rain06: 1.5
2015-06-02_01:24:58 HA_Wetter_6_PP fc2_weatherDayIcon: http://www.proplanta.de/wetterdaten/images/symbole/t2.gif
2015-06-02_01:24:58 HA_Wetter_6_PP fc0_rain12: 0
2015-06-02_01:24:58 HA_Wetter_6_PP fc1_weatherDay: stark bewoelkt
2015-06-02_01:24:58 HA_Wetter_6_PP fc4_weatherMorningIcon: http://www.proplanta.de/wetterdaten/images/symbole/t2.gif
2015-06-02_01:24:58 HA_Wetter_6_PP fc1_uv: 3
2015-06-02_01:24:58 HA_Wetter_6_PP fc4_weatherMorning: heiter
2015-06-02_01:24:58 HA_Wetter_6_PP fc5_tempMin: 19
2015-06-02_01:24:58 HA_Wetter_6_PP fc7_tempMax: 19
2015-06-02_01:24:58 HA_Wetter_6_PP fc3_weatherMorningIcon: http://www.proplanta.de/wetterdaten/images/symbole/t1.gif
2015-06-02_01:24:58 HA_Wetter_6_PP fc0_rad: 8.2
2015-06-02_01:24:58 HA_Wetter_6_PP fc5_moonSet: 10:14
2015-06-02_01:24:58 HA_Wetter_6_PP fc6_rain18: 0.5
2015-06-02_01:24:58 HA_Wetter_6_PP fc6_sun: 30
2015-06-02_01:24:58 HA_Wetter_6_PP fc0_dew: 2
2015-06-02_01:24:58 HA_Wetter_6_PP fc11_tempMax: 22
2015-06-02_01:24:58 HA_Wetter_6_PP fc6_dew: 2
2015-06-02_01:24:58 HA_Wetter_6_PP fc2_chOfRain21: 0
2015-06-02_01:24:58 HA_Wetter_6_PP fc2_chOfRainNight: 0
2015-06-02_01:24:58 HA_Wetter_6_PP fc3_weatherDay: sonnig
2015-06-02_01:24:58 HA_Wetter_6_PP fc5_cloud18: 12.5
2015-06-02_01:24:58 HA_Wetter_6_PP fc6_temp12: 27
2015-06-02_01:24:58 HA_Wetter_6_PP fc0_cloud21: 12.5
2015-06-02_01:24:58 HA_Wetter_6_PP fc3_date: 05.06.2015
2015-06-02_01:24:58 HA_Wetter_6_PP fc4_chOfRain03: 5
2015-06-02_01:24:58 HA_Wetter_6_PP fc2_chOfRain18: 0
2015-06-02_01:24:58 HA_Wetter_6_PP fc2_chOfRainDay: 5
2015-06-02_01:24:58 HA_Wetter_6_PP fc1_chOfRain00: 5
2015-06-02_01:24:58 HA_Wetter_6_PP fc1_weatherDayIcon: http://www.proplanta.de/wetterdaten/images/symbole/t4.gif
2015-06-02_01:24:58 HA_Wetter_6_PP fc6_weatherMorning: wolkig
2015-06-02_01:24:58 HA_Wetter_6_PP fc5_date: 07.06.2015
2015-06-02_01:24:58 HA_Wetter_6_PP fc1_cloud18: 62.5
2015-06-02_01:24:58 HA_Wetter_6_PP fc0_cloud06: 12.5
2015-06-02_01:24:58 HA_Wetter_6_PP fc5_cloud15: 25
2015-06-02_01:24:58 HA_Wetter_6_PP fc4_cloud12: 25
2015-06-02_01:24:58 HA_Wetter_6_PP fc3_weatherNightIcon: http://www.proplanta.de/wetterdaten/images/symbole/n2.gif
2015-06-02_01:24:58 HA_Wetter_6_PP fc8_moonSet: 13:59
2015-06-02_01:24:58 HA_Wetter_6_PP fc10_tempMin: 8
2015-06-02_01:24:58 HA_Wetter_6_PP fc3_evapor: 3
2015-06-02_01:24:58 HA_Wetter_6_PP fc11_weather: wolkig
2015-06-02_01:24:58 HA_Wetter_6_PP fc10_moonSet: 16:30
2015-06-02_01:24:58 HA_Wetter_6_PP fc0_cloud00: 62.5
2015-06-02_01:24:58 HA_Wetter_6_PP fc0_temp03: 11
2015-06-02_01:24:58 HA_Wetter_6_PP fc3_moonSet: 07:54
2015-06-02_01:24:58 HA_Wetter_6_PP fc0_temp06: 15
2015-06-02_01:24:58 HA_Wetter_6_PP fc0_weatherMorningIcon: http://www.proplanta.de/wetterdaten/images/symbole/t2.gif
2015-06-02_01:24:58 HA_Wetter_6_PP fc4_weatherDay: heiter
2015-06-02_01:24:58 HA_Wetter_6_PP fc2_chOfRain06: 10
2015-06-02_01:24:58 HA_Wetter_6_PP fc1_chOfRain03: 5
2015-06-02_01:24:58 HA_Wetter_6_PP fc1_weatherEvening: stark bewoelkt
2015-06-02_01:24:58 HA_Wetter_6_PP fc3_weatherNight: heiter
2015-06-02_01:24:58 HA_Wetter_6_PP fc2_weatherEveningIcon: http://www.proplanta.de/wetterdaten/images/symbole/n1.gif
2015-06-02_01:24:58 HA_Wetter_6_PP fc6_weatherEvening: Regen
2015-06-02_01:24:58 HA_Wetter_6_PP fc12_moonRise: 03:45
2015-06-02_01:24:58 HA_Wetter_6_PP fc3_chOfRain00: 0
2015-06-02_01:24:58 HA_Wetter_6_PP fc2_cloud15: 0
2015-06-02_01:24:58 HA_Wetter_6_PP fc2_rad: 7.8
2015-06-02_01:24:58 HA_Wetter_6_PP fc5_tempMax: 27
2015-06-02_01:24:58 HA_Wetter_6_PP fc5_weatherNightIcon: http://www.proplanta.de/wetterdaten/images/symbole/n3.gif
2015-06-02_01:24:58 HA_Wetter_6_PP fc9_weather: sonnig
2015-06-02_01:24:58 HA_Wetter_6_PP fc1_cloud21: 37.5
2015-06-02_01:24:58 HA_Wetter_6_PP fc1_temp03: 16
2015-06-02_01:24:58 HA_Wetter_6_PP fc2_temp09: 18
2015-06-02_01:24:58 HA_Wetter_6_PP fc5_temp12: 25
2015-06-02_01:24:58 HA_Wetter_6_PP fc5_temp06: 19
2015-06-02_01:24:58 HA_Wetter_6_PP fc4_uv: 8
2015-06-02_01:24:58 HA_Wetter_6_PP fc5_moonRise: 00:06
2015-06-02_01:24:58 HA_Wetter_6_PP fc5_rain03: 1.1
2015-06-02_01:24:58 HA_Wetter_6_PP fc2_tempMax: 22
2015-06-02_01:24:58 HA_Wetter_6_PP fc5_cloud21: 12.5
2015-06-02_01:24:58 HA_Wetter_6_PP fc3_chOfRain12: 0
2015-06-02_01:24:58 HA_Wetter_6_PP fc2_weatherNight: klar
2015-06-02_01:24:58 HA_Wetter_6_PP fc1_cloud06: 25
2015-06-02_01:24:58 HA_Wetter_6_PP fc0_chOfRain12: 5
2015-06-02_01:24:58 HA_Wetter_6_PP fc6_temp21: 17
2015-06-02_01:24:58 HA_Wetter_6_PP fc4_weatherNightIcon: http://www.proplanta.de/wetterdaten/images/symbole/n8.gif
2015-06-02_01:24:58 HA_Wetter_6_PP fc2_temp00: 13
2015-06-02_01:24:58 HA_Wetter_6_PP fc1_chOfRain15: 20
2015-06-02_01:24:58 HA_Wetter_6_PP fc6_weatherMorningIcon: http://www.proplanta.de/wetterdaten/images/symbole/t3.gif
2015-06-02_01:24:58 HA_Wetter_6_PP fc0_temp21: 17
2015-06-02_01:24:58 HA_Wetter_6_PP fc1_weatherNightIcon: http://www.proplanta.de/wetterdaten/images/symbole/n3.gif
2015-06-02_01:24:58 HA_Wetter_6_PP fc0_moonRise: 20:50
2015-06-02_01:24:58 HA_Wetter_6_PP fc13_tempMin: 8
2015-06-02_01:24:58 HA_Wetter_6_PP fc5_temp09: 20
2015-06-02_01:24:58 HA_Wetter_6_PP fc2_cloud06: 37.5
2015-06-02_01:24:58 HA_Wetter_6_PP fc1_temp21: 16
2015-06-02_01:24:58 HA_Wetter_6_PP fc6_moonSet: 11:28
2015-06-02_01:24:58 HA_Wetter_6_PP fc4_chOfRain21: 5
2015-06-02_01:24:58 HA_Wetter_6_PP fc3_temp06: 16
2015-06-02_01:24:58 HA_Wetter_6_PP fc2_chOfRain00: 10
2015-06-02_01:24:58 HA_Wetter_6_PP fc6_chOfRain15: 40
2015-06-02_01:24:58 HA_Wetter_6_PP fc3_cloud09: 0
2015-06-02_01:24:58 HA_Wetter_6_PP fc1_chOfRain18: 15
2015-06-02_01:24:58 HA_Wetter_6_PP fc1_tempMax: 21
2015-06-02_01:24:58 HA_Wetter_6_PP fc1_cloud15: 87.5
2015-06-02_01:24:58 HA_Wetter_6_PP fc3_uv: 9
2015-06-02_01:24:58 HA_Wetter_6_PP fc6_cloud00: 25
2015-06-02_01:24:58 HA_Wetter_6_PP fc5_uv: 5
2015-06-02_01:24:58 HA_Wetter_6_PP fc0_rain09: 0
2015-06-02_01:24:58 HA_Wetter_6_PP fc1_temp12: 21
2015-06-02_01:24:58 HA_Wetter_6_PP fc7_date: 09.06.2015
2015-06-02_01:24:58 HA_Wetter_6_PP fc6_weatherDay: Regenschauer
2015-06-02_01:24:58 HA_Wetter_6_PP fc11_moonSet: 17:44
2015-06-02_01:24:58 HA_Wetter_6_PP fc9_tempMax: 23
2015-06-02_01:24:58 HA_Wetter_6_PP fc3_chOfRainDay: 0
2015-06-02_01:24:58 HA_Wetter_6_PP fc6_chOfRain18: 80
2015-06-02_01:24:58 HA_Wetter_6_PP fc6_chOfRain03: 10
2015-06-02_01:24:58 HA_Wetter_6_PP fc2_weatherDay: heiter
2015-06-02_01:24:58 HA_Wetter_6_PP fc2_tempMin: 9
2015-06-02_01:24:58 HA_Wetter_6_PP Tmin: 11 Tmax: 23
2015-06-02_01:24:58 HA_Wetter_6_PP lastConnection: 428 values captured in 28.38 s
2015-06-02_02:24:58 HA_Wetter_6_PP durationFetchReadings: 28.47
2015-06-02_02:24:58 HA_Wetter_6_PP lastConnection: 428 values captured in 28.47 s
2015-06-02_03:24:58 HA_Wetter_6_PP durationFetchReadings: 28.01
2015-06-02_03:24:58 HA_Wetter_6_PP lastConnection: 428 values captured in 28.01 s
2015-06-02_04:24:58 HA_Wetter_6_PP durationFetchReadings: 28.22
2015-06-02_04:24:58 HA_Wetter_6_PP lastConnection: 428 values captured in 28.22 s
2015-06-02_05:24:58 HA_Wetter_6_PP durationFetchReadings: 28.49
2015-06-02_05:24:58 HA_Wetter_6_PP lastConnection: 428 values captured in 28.49 s
2015-06-02_06:25:02 HA_Wetter_6_PP durationFetchReadings: 31.27
2015-06-02_06:25:02 HA_Wetter_6_PP lastConnection: 428 values captured in 31.27 s
2015-06-02_07:25:03 HA_Wetter_6_PP durationFetchReadings: 32.84
2015-06-02_07:25:03 HA_Wetter_6_PP lastConnection: 428 values captured in 32.84 s
2015-06-02_08:25:09 HA_Wetter_6_PP durationFetchReadings: 38.37
2015-06-02_08:25:09 HA_Wetter_6_PP lastConnection: 428 values captured in 38.37 s
2015-06-02_09:25:12 HA_Wetter_6_PP wind: 14.4
2015-06-02_09:25:12 HA_Wetter_6_PP cloudBaseMin: -
2015-06-02_09:25:12 HA_Wetter_6_PP dewPoint: 10.2
2015-06-02_09:25:12 HA_Wetter_6_PP windDirIcon: http://www.proplanta.de/wetterdaten/images/symbole/w5.gif
2015-06-02_09:25:12 HA_Wetter_6_PP obsTime: 08:00
2015-06-02_09:25:12 HA_Wetter_6_PP durationFetchReadings: 41.07
2015-06-02_09:25:12 HA_Wetter_6_PP humidity: 83
2015-06-02_09:25:12 HA_Wetter_6_PP visibility: 45
2015-06-02_09:25:12 HA_Wetter_6_PP pressure: 1016.3
2015-06-02_09:25:12 HA_Wetter_6_PP temperature: 13
2015-06-02_09:25:12 HA_Wetter_6_PP cloudBaseMax: -
2015-06-02_09:25:12 HA_Wetter_6_PP windDir: 203
2015-06-02_09:25:12 HA_Wetter_6_PP Tmin: 11 Tmax: 23 T: 13 H: 83 W: 14.4 P: 1016.3
2015-06-02_09:25:12 HA_Wetter_6_PP lastConnection: 439 values captured in 41.07 s
2015-06-02_10:25:08 HA_Wetter_6_PP fc5_chOfRain09: 40
2015-06-02_10:25:08 HA_Wetter_6_PP fc1_weatherNight: bedeckt
2015-06-02_10:25:08 HA_Wetter_6_PP fc0_uv: 7
2015-06-02_10:25:08 HA_Wetter_6_PP fc7_tempMin: 7
2015-06-02_10:25:08 HA_Wetter_6_PP fc1_tempMin: 15
2015-06-02_10:25:08 HA_Wetter_6_PP fc2_cloud12: 0
2015-06-02_10:25:08 HA_Wetter_6_PP fc3_temp12: 27
2015-06-02_10:25:08 HA_Wetter_6_PP fc6_weatherDayIcon: http://www.proplanta.de/wetterdaten/images/symbole/t3.gif
2015-06-02_10:25:08 HA_Wetter_6_PP fc5_cloud00: 37.5
2015-06-02_10:25:08 HA_Wetter_6_PP fc0_temp12: 23
2015-06-02_10:25:08 HA_Wetter_6_PP fc3_temp21: 15
2015-06-02_10:25:08 HA_Wetter_6_PP fc1_cloud12: 100
2015-06-02_10:25:08 HA_Wetter_6_PP fc2_temp06: 13
2015-06-02_10:25:08 HA_Wetter_6_PP fc4_weatherNight: wolkig
2015-06-02_10:25:08 HA_Wetter_6_PP fc3_chOfRainNight: 0
2015-06-02_10:25:08 HA_Wetter_6_PP fc6_cloud21: 0
2015-06-02_10:25:08 HA_Wetter_6_PP fc3_temp09: 24
2015-06-02_10:25:08 HA_Wetter_6_PP wind: 18
2015-06-02_10:25:08 HA_Wetter_6_PP fc1_weatherEveningIcon: http://www.proplanta.de/wetterdaten/images/symbole/n5.gif
2015-06-02_10:25:08 HA_Wetter_6_PP fc5_weatherMorningIcon: http://www.proplanta.de/wetterdaten/images/symbole/t8.gif
2015-06-02_10:25:08 HA_Wetter_6_PP fc4_sun: 100
2015-06-02_10:25:08 HA_Wetter_6_PP fc4_temp03: 12
2015-06-02_10:25:08 HA_Wetter_6_PP fc6_temp15: 19
2015-06-02_10:25:08 HA_Wetter_6_PP cloudBaseMin: 300
2015-06-02_10:25:08 HA_Wetter_6_PP fc6_chOfRainNight: 5
2015-06-02_10:25:08 HA_Wetter_6_PP fc8_weatherIcon: http://www.proplanta.de/wetterdaten/images/symbole/t3.gif
2015-06-02_10:25:08 HA_Wetter_6_PP fc1_cloud09: 100
2015-06-02_10:25:08 HA_Wetter_6_PP fc2_chOfRain03: 15
2015-06-02_10:25:08 HA_Wetter_6_PP fc1_weatherMorning: wolkig
2015-06-02_10:25:08 HA_Wetter_6_PP fc6_chOfRain12: 10
2015-06-02_10:25:08 HA_Wetter_6_PP fc12_tempMin: 7
2015-06-02_10:25:08 HA_Wetter_6_PP fc4_temp18: 25
2015-06-02_10:25:08 HA_Wetter_6_PP fc2_cloud00: 100
2015-06-02_10:25:08 HA_Wetter_6_PP fc6_rain09: 0
2015-06-02_10:25:08 HA_Wetter_6_PP fc5_weatherEveningIcon: http://www.proplanta.de/wetterdaten/images/symbole/n5.gif
2015-06-02_10:25:08 HA_Wetter_6_PP fc4_cloud09: 0
2015-06-02_10:25:08 HA_Wetter_6_PP fc2_temp21: 12
2015-06-02_10:25:08 HA_Wetter_6_PP fc4_chOfRain12: 0
2015-06-02_10:25:08 HA_Wetter_6_PP fc2_uv: 9
2015-06-02_10:25:08 HA_Wetter_6_PP fc5_temp21: 15
2015-06-02_10:25:08 HA_Wetter_6_PP fc4_chOfRainDay: 0
2015-06-02_10:25:08 HA_Wetter_6_PP fc3_chOfRain09: 5
2015-06-02_10:25:08 HA_Wetter_6_PP fc10_weather: wolkig
2015-06-02_10:25:08 HA_Wetter_6_PP fc1_temp18: 18
2015-06-02_10:25:08 HA_Wetter_6_PP fc5_temp15: 19
2015-06-02_10:25:08 HA_Wetter_6_PP fc11_tempMin: 8
2015-06-02_10:25:08 HA_Wetter_6_PP fc5_cloud06: 50
2015-06-02_10:25:08 HA_Wetter_6_PP fc6_cloud15: 25
2015-06-02_10:25:08 HA_Wetter_6_PP fc6_rain: 0
2015-06-02_10:25:08 HA_Wetter_6_PP fc6_weatherNight: heiter
2015-06-02_10:25:08 HA_Wetter_6_PP fc5_chOfRain18: 20
2015-06-02_10:25:08 HA_Wetter_6_PP fc2_chOfRain12: 0
2015-06-02_10:25:08 HA_Wetter_6_PP fc9_weatherIcon: http://www.proplanta.de/wetterdaten/images/symbole/t3.gif
2015-06-02_10:25:08 HA_Wetter_6_PP dewPoint: 10.7
2015-06-02_10:25:08 HA_Wetter_6_PP fc1_dew: 0
2015-06-02_10:25:08 HA_Wetter_6_PP fc10_tempMax: 21
2015-06-02_10:25:08 HA_Wetter_6_PP windDirIcon: http://www.proplanta.de/wetterdaten/images/symbole/w28.gif
2015-06-02_10:25:08 HA_Wetter_6_PP fc10_weatherIcon: http://www.proplanta.de/wetterdaten/images/symbole/t3.gif
2015-06-02_10:25:08 HA_Wetter_6_PP obsTime: 09:00
2015-06-02_10:25:08 HA_Wetter_6_PP fc5_weatherMorning: unterschiedlich bewoelkt, vereinzelt Schauer und Gewitter
2015-06-02_10:25:08 HA_Wetter_6_PP fc8_weather: wolkig
2015-06-02_10:25:08 HA_Wetter_6_PP fc4_temp21: 22
2015-06-02_10:25:08 HA_Wetter_6_PP fc4_tempMax: 31
2015-06-02_10:25:08 HA_Wetter_6_PP fc2_weatherMorning: stark bewoelkt
2015-06-02_10:25:08 HA_Wetter_6_PP fc6_weatherEveningIcon: http://www.proplanta.de/wetterdaten/images/symbole/n2.gif
2015-06-02_10:25:08 HA_Wetter_6_PP fc4_weatherDayIcon: http://www.proplanta.de/wetterdaten/images/symbole/t1.gif
2015-06-02_10:25:08 HA_Wetter_6_PP fc5_weatherEvening: bedeckt
2015-06-02_10:25:08 HA_Wetter_6_PP fc6_temp18: 16
2015-06-02_10:25:08 HA_Wetter_6_PP fc6_rain15: 0
2015-06-02_10:25:08 HA_Wetter_6_PP fc5_cloud12: 100
2015-06-02_10:25:08 HA_Wetter_6_PP fc5_sun: 60
2015-06-02_10:25:08 HA_Wetter_6_PP fc5_weatherDayIcon: http://www.proplanta.de/wetterdaten/images/symbole/t8.gif
2015-06-02_10:25:08 HA_Wetter_6_PP fc6_uv: 6
2015-06-02_10:25:08 HA_Wetter_6_PP fc6_tempMax: 19
2015-06-02_10:25:08 HA_Wetter_6_PP fc6_cloud18: 0
2015-06-02_10:25:08 HA_Wetter_6_PP fc5_rain: 6.4
2015-06-02_10:25:08 HA_Wetter_6_PP fc13_tempMax: 22
2015-06-02_10:25:08 HA_Wetter_6_PP fc5_temp03: 18
2015-06-02_10:25:08 HA_Wetter_6_PP fc6_temp03: 10
2015-06-02_10:25:08 HA_Wetter_6_PP fc4_rad: 8.4
2015-06-02_10:25:08 HA_Wetter_6_PP fc0_chOfRain03: 5
2015-06-02_10:25:08 HA_Wetter_6_PP fc4_cloud03: 0
2015-06-02_10:25:08 HA_Wetter_6_PP fc5_chOfRain15: 20
2015-06-02_10:25:08 HA_Wetter_6_PP fc5_chOfRain06: 50
2015-06-02_10:25:08 HA_Wetter_6_PP fc5_rain09: 0.7
2015-06-02_10:25:08 HA_Wetter_6_PP fc3_tempMin: 10
2015-06-02_10:25:08 HA_Wetter_6_PP fc6_chOfRainDay: 10
2015-06-02_10:25:08 HA_Wetter_6_PP fc0_cloud09: 25
2015-06-02_10:25:08 HA_Wetter_6_PP fc1_chOfRain21: 20
2015-06-02_10:25:08 HA_Wetter_6_PP fc5_chOfRain21: 15
2015-06-02_10:25:08 HA_Wetter_6_PP fc0_chOfRainNight: 10
2015-06-02_10:25:08 HA_Wetter_6_PP fc4_chOfRain09: 0
2015-06-02_10:25:08 HA_Wetter_6_PP durationFetchReadings: 37.63
2015-06-02_10:25:08 HA_Wetter_6_PP fc4_chOfRainNight: 10
2015-06-02_10:25:08 HA_Wetter_6_PP fc2_temp15: 21
2015-06-02_10:25:08 HA_Wetter_6_PP fc6_rad: 8.3
2015-06-02_10:25:08 HA_Wetter_6_PP fc6_cloud12: 37.5
2015-06-02_10:25:08 HA_Wetter_6_PP fc0_cloud12: 25
2015-06-02_10:25:08 HA_Wetter_6_PP fc5_weatherDay: unterschiedlich bewoelkt, vereinzelt Schauer und Gewitter
2015-06-02_10:25:08 HA_Wetter_6_PP humidity: 75.8
2015-06-02_10:25:08 HA_Wetter_6_PP fc5_rain00: 0
2015-06-02_10:25:08 HA_Wetter_6_PP fc1_chOfRain06: 10
2015-06-02_10:25:08 HA_Wetter_6_PP fc5_chOfRain00: 10
2015-06-02_10:25:08 HA_Wetter_6_PP fc5_rad: 1.1
2015-06-02_10:25:08 HA_Wetter_6_PP fc2_weatherMorningIcon: http://www.proplanta.de/wetterdaten/images/symbole/t4.gif
2015-06-02_10:25:08 HA_Wetter_6_PP fc6_temp06: 12
2015-06-02_10:25:08 HA_Wetter_6_PP fc4_tempMin: 12
2015-06-02_10:25:08 HA_Wetter_6_PP fc2_cloud09: 0
2015-06-02_10:25:08 HA_Wetter_6_PP fc2_dew: 0
2015-06-02_10:25:08 HA_Wetter_6_PP fc7_weatherIcon: http://www.proplanta.de/wetterdaten/images/symbole/t4.gif
2015-06-02_10:25:08 HA_Wetter_6_PP fc1_rad: 2.4
2015-06-02_10:25:08 HA_Wetter_6_PP pressure: 1015.9
2015-06-02_10:25:08 HA_Wetter_6_PP fc3_tempMax: 27
2015-06-02_10:25:08 HA_Wetter_6_PP fc4_temp12: 30
2015-06-02_10:25:08 HA_Wetter_6_PP fc4_temp15: 31
2015-06-02_10:25:08 HA_Wetter_6_PP fc0_weatherNight: wolkig
2015-06-02_10:25:08 HA_Wetter_6_PP temperature: 14.9
2015-06-02_10:25:08 HA_Wetter_6_PP fc6_temp00: 13
2015-06-02_10:25:08 HA_Wetter_6_PP fc5_evapor: 1
2015-06-02_10:25:08 HA_Wetter_6_PP fc6_rain12: 0
2015-06-02_10:25:08 HA_Wetter_6_PP fc6_chOfRain09: 10
2015-06-02_10:25:08 HA_Wetter_6_PP fc2_temp18: 18
2015-06-02_10:25:08 HA_Wetter_6_PP fc5_chOfRain12: 20
2015-06-02_10:25:08 HA_Wetter_6_PP fc1_chOfRain09: 20
2015-06-02_10:25:08 HA_Wetter_6_PP cloudBaseMax: 600
2015-06-02_10:25:08 HA_Wetter_6_PP fc6_cloud06: 37.5
2015-06-02_10:25:08 HA_Wetter_6_PP fc1_chOfRainNight: 20
2015-06-02_10:25:08 HA_Wetter_6_PP fc1_chOfRain12: 20
2015-06-02_10:25:08 HA_Wetter_6_PP fc9_tempMin: 4
2015-06-02_10:25:08 HA_Wetter_6_PP fc4_chOfRain06: 0
2015-06-02_10:25:08 HA_Wetter_6_PP fc5_chOfRainDay: 50
2015-06-02_10:25:08 HA_Wetter_6_PP fc0_weatherNightIcon: http://www.proplanta.de/wetterdaten/images/symbole/n3.gif
2015-06-02_10:25:08 HA_Wetter_6_PP fc6_cloud09: 37.5
2015-06-02_10:25:08 HA_Wetter_6_PP fc0_temp09: 21
2015-06-02_10:25:08 HA_Wetter_6_PP fc8_tempMax: 18
2015-06-02_10:25:08 HA_Wetter_6_PP fc5_temp18: 17
2015-06-02_10:25:08 HA_Wetter_6_PP fc6_chOfRain21: 0
2015-06-02_10:25:08 HA_Wetter_6_PP fc0_chOfRain09: 10
2015-06-02_10:25:08 HA_Wetter_6_PP fc7_weather: stark bewoelkt
2015-06-02_10:25:08 HA_Wetter_6_PP fc2_cloud03: 87.5
2015-06-02_10:25:08 HA_Wetter_6_PP fc1_temp15: 20
2015-06-02_10:25:08 HA_Wetter_6_PP fc2_chOfRain09: 0
2015-06-02_10:25:08 HA_Wetter_6_PP fc1_cloud03: 62.5
2015-06-02_10:25:08 HA_Wetter_6_PP fc6_tempMin: 9
2015-06-02_10:25:08 HA_Wetter_6_PP fc6_temp09: 16
2015-06-02_10:25:08 HA_Wetter_6_PP fc4_cloud06: 0
2015-06-02_10:25:08 HA_Wetter_6_PP fc1_temp09: 20
2015-06-02_10:25:08 HA_Wetter_6_PP fc3_temp15: 27
2015-06-02_10:25:08 HA_Wetter_6_PP fc3_temp03: 10
2015-06-02_10:25:08 HA_Wetter_6_PP fc4_temp09: 27
2015-06-02_10:25:08 HA_Wetter_6_PP fc5_rain06: 3.2
2015-06-02_10:25:08 HA_Wetter_6_PP fc4_weatherMorningIcon: http://www.proplanta.de/wetterdaten/images/symbole/t1.gif
2015-06-02_10:25:08 HA_Wetter_6_PP fc1_uv: 1
2015-06-02_10:25:08 HA_Wetter_6_PP fc4_weatherMorning: sonnig
2015-06-02_10:25:08 HA_Wetter_6_PP fc5_tempMin: 15
2015-06-02_10:25:08 HA_Wetter_6_PP fc7_tempMax: 18
2015-06-02_10:25:08 HA_Wetter_6_PP fc0_rad: 8.1
2015-06-02_10:25:08 HA_Wetter_6_PP fc6_rain18: 0
2015-06-02_10:25:08 HA_Wetter_6_PP fc6_sun: 50
2015-06-02_10:25:08 HA_Wetter_6_PP fc11_tempMax: 20
2015-06-02_10:25:08 HA_Wetter_6_PP fc6_dew: 0
2015-06-02_10:25:08 HA_Wetter_6_PP windDir: 225
2015-06-02_10:25:08 HA_Wetter_6_PP fc5_cloud18: 100
2015-06-02_10:25:08 HA_Wetter_6_PP fc6_temp12: 18
2015-06-02_10:25:08 HA_Wetter_6_PP fc4_chOfRain03: 0
2015-06-02_10:25:08 HA_Wetter_6_PP fc1_weatherMorningIcon: http://www.proplanta.de/wetterdaten/images/symbole/t3.gif
2015-06-02_10:25:08 HA_Wetter_6_PP fc5_dew: 3
2015-06-02_10:25:08 HA_Wetter_6_PP fc1_cloud18: 87.5
2015-06-02_10:25:08 HA_Wetter_6_PP fc5_cloud15: 100
2015-06-02_10:25:08 HA_Wetter_6_PP fc4_cloud12: 0
2015-06-02_10:25:08 HA_Wetter_6_PP fc3_weatherNightIcon: http://www.proplanta.de/wetterdaten/images/symbole/n1.gif
2015-06-02_10:25:08 HA_Wetter_6_PP fc10_tempMin: 7
2015-06-02_10:25:08 HA_Wetter_6_PP fc6_weatherNightIcon: http://www.proplanta.de/wetterdaten/images/symbole/n2.gif
2015-06-02_10:25:08 HA_Wetter_6_PP fc0_temp03: 10
2015-06-02_10:25:08 HA_Wetter_6_PP fc0_temp06: 16
2015-06-02_10:25:08 HA_Wetter_6_PP fc4_weatherDay: sonnig
2015-06-02_10:25:08 HA_Wetter_6_PP fc2_chOfRain06: 15
2015-06-02_10:25:08 HA_Wetter_6_PP fc1_chOfRain03: 10
2015-06-02_10:25:08 HA_Wetter_6_PP fc1_weatherEvening: bedeckt
2015-06-02_10:25:08 HA_Wetter_6_PP fc3_weatherNight: klar
2015-06-02_10:25:08 HA_Wetter_6_PP fc6_weatherEvening: heiter
2015-06-02_10:25:08 HA_Wetter_6_PP fc2_rad: 8.3
2015-06-02_10:25:08 HA_Wetter_6_PP fc5_tempMax: 19
2015-06-02_10:25:08 HA_Wetter_6_PP fc9_weather: wolkig
2015-06-02_10:25:08 HA_Wetter_6_PP fc1_cloud21: 100
2015-06-02_10:25:08 HA_Wetter_6_PP fc1_temp03: 17
2015-06-02_10:25:08 HA_Wetter_6_PP fc2_temp09: 17
2015-06-02_10:25:08 HA_Wetter_6_PP fc5_temp12: 19
2015-06-02_10:25:08 HA_Wetter_6_PP fc12_tempMax: 21
2015-06-02_10:25:08 HA_Wetter_6_PP fc2_temp12: 20
2015-06-02_10:25:08 HA_Wetter_6_PP fc4_uv: 9
2015-06-02_10:25:08 HA_Wetter_6_PP fc5_rain03: 2.5
2015-06-02_10:25:08 HA_Wetter_6_PP fc2_tempMax: 21
2015-06-02_10:25:08 HA_Wetter_6_PP fc5_cloud21: 62.5
2015-06-02_10:25:08 HA_Wetter_6_PP fc1_cloud06: 62.5
2015-06-02_10:25:08 HA_Wetter_6_PP fc0_chOfRain12: 10
2015-06-02_10:25:08 HA_Wetter_6_PP fc6_temp21: 10
2015-06-02_10:25:08 HA_Wetter_6_PP fc4_weatherNightIcon: http://www.proplanta.de/wetterdaten/images/symbole/n3.gif
2015-06-02_10:25:08 HA_Wetter_6_PP fc2_temp00: 12
2015-06-02_10:25:08 HA_Wetter_6_PP fc1_weatherNightIcon: http://www.proplanta.de/wetterdaten/images/symbole/n5.gif
2015-06-02_10:25:08 HA_Wetter_6_PP fc5_temp09: 18
2015-06-02_10:25:08 HA_Wetter_6_PP fc2_cloud06: 75
2015-06-02_10:25:08 HA_Wetter_6_PP fc1_temp21: 15
2015-06-02_10:25:08 HA_Wetter_6_PP fc3_temp06: 17
2015-06-02_10:25:08 HA_Wetter_6_PP fc0_tempMin: 10
2015-06-02_10:25:08 HA_Wetter_6_PP fc2_chOfRain00: 20
2015-06-02_10:25:08 HA_Wetter_6_PP fc6_chOfRain15: 5
2015-06-02_10:25:08 HA_Wetter_6_PP fc3_cloud09: 12.5
2015-06-02_10:25:08 HA_Wetter_6_PP fc1_chOfRain18: 20
2015-06-02_10:25:08 HA_Wetter_6_PP fc1_tempMax: 20
2015-06-02_10:25:08 HA_Wetter_6_PP fc3_uv: 8
2015-06-02_10:25:08 HA_Wetter_6_PP fc6_cloud00: 62.5
2015-06-02_10:25:08 HA_Wetter_6_PP fc5_uv: 2
2015-06-02_10:25:08 HA_Wetter_6_PP fc1_temp12: 20
2015-06-02_10:25:08 HA_Wetter_6_PP fc6_weatherDay: wolkig
2015-06-02_10:25:08 HA_Wetter_6_PP fc9_tempMax: 19
2015-06-02_10:25:08 HA_Wetter_6_PP fc6_chOfRain18: 5
2015-06-02_10:25:08 HA_Wetter_6_PP fc2_tempMin: 10
2015-06-02_10:25:08 HA_Wetter_6_PP Tmin: 10 Tmax: 23 T: 14.9 H: 75.8 W: 18 P: 1015.9
2015-06-02_10:25:08 HA_Wetter_6_PP lastConnection: 439 values captured in 37.63 s
2015-06-02_11:25:06 HA_Wetter_6_PP wind: 28.8
2015-06-02_11:25:06 HA_Wetter_6_PP cloudBaseMin: 600
2015-06-02_11:25:06 HA_Wetter_6_PP dewPoint: 9.4
2015-06-02_11:25:06 HA_Wetter_6_PP obsTime: 10:00
2015-06-02_11:25:06 HA_Wetter_6_PP durationFetchReadings: 34.92
2015-06-02_11:25:06 HA_Wetter_6_PP humidity: 64.6
2015-06-02_11:25:06 HA_Wetter_6_PP visibility: 55
2015-06-02_11:25:06 HA_Wetter_6_PP pressure: 1016.1
2015-06-02_11:25:06 HA_Wetter_6_PP temperature: 16
2015-06-02_11:25:06 HA_Wetter_6_PP cloudBaseMax: 1000
2015-06-02_11:25:06 HA_Wetter_6_PP Tmin: 10 Tmax: 23 T: 16 H: 64.6 W: 28.8 P: 1016.1
2015-06-02_11:25:06 HA_Wetter_6_PP lastConnection: 439 values captured in 34.92 s
2015-06-02_12:25:06 HA_Wetter_6_PP wind: 25.2
2015-06-02_12:25:06 HA_Wetter_6_PP cloudBaseMin: -
2015-06-02_12:25:06 HA_Wetter_6_PP dewPoint: 9.8
2015-06-02_12:25:06 HA_Wetter_6_PP obsTime: 11:00
2015-06-02_12:25:06 HA_Wetter_6_PP durationFetchReadings: 35.15
2015-06-02_12:25:06 HA_Wetter_6_PP humidity: 66.4
2015-06-02_12:25:06 HA_Wetter_6_PP pressure: 1016.2
2015-06-02_12:25:06 HA_Wetter_6_PP cloudBaseMax: -
2015-06-02_12:25:06 HA_Wetter_6_PP Tmin: 10 Tmax: 23 T: 16 H: 66.4 W: 25.2 P: 1016.2
2015-06-02_12:25:06 HA_Wetter_6_PP lastConnection: 439 values captured in 35.15 s
2015-06-02_13:25:07 HA_Wetter_6_PP wind: 32.4
2015-06-02_13:25:07 HA_Wetter_6_PP dewPoint: 9.9
2015-06-02_13:25:07 HA_Wetter_6_PP obsTime: 12:00
2015-06-02_13:25:07 HA_Wetter_6_PP durationFetchReadings: 36.31
2015-06-02_13:25:07 HA_Wetter_6_PP humidity: 64.7
2015-06-02_13:25:07 HA_Wetter_6_PP visibility: 60
2015-06-02_13:25:07 HA_Wetter_6_PP pressure: 1016.1
2015-06-02_13:25:07 HA_Wetter_6_PP temperature: 16.5
2015-06-02_13:25:07 HA_Wetter_6_PP Tmin: 10 Tmax: 23 T: 16.5 H: 64.7 W: 32.4 P: 1016.1
2015-06-02_13:25:07 HA_Wetter_6_PP lastConnection: 439 values captured in 36.31 s
2015-06-02_14:25:04 HA_Wetter_6_PP wind: 28.8
2015-06-02_14:25:04 HA_Wetter_6_PP dewPoint: 10.6
2015-06-02_14:25:04 HA_Wetter_6_PP obsTime: 13:00
2015-06-02_14:25:04 HA_Wetter_6_PP durationFetchReadings: 32.60
2015-06-02_14:25:04 HA_Wetter_6_PP humidity: 60.5
2015-06-02_14:25:04 HA_Wetter_6_PP pressure: 1015.7
2015-06-02_14:25:04 HA_Wetter_6_PP temperature: 18.3
2015-06-02_14:25:04 HA_Wetter_6_PP Tmin: 10 Tmax: 23 T: 18.3 H: 60.5 W: 28.8 P: 1015.7
2015-06-02_14:25:04 HA_Wetter_6_PP lastConnection: 439 values captured in 32.60 s
2015-06-02_15:25:07 HA_Wetter_6_PP wind: 39.6
2015-06-02_15:25:07 HA_Wetter_6_PP dewPoint: 9.5
2015-06-02_15:25:07 HA_Wetter_6_PP windDirIcon: http://www.proplanta.de/wetterdaten/images/symbole/w5.gif
2015-06-02_15:25:07 HA_Wetter_6_PP obsTime: 14:00
2015-06-02_15:25:07 HA_Wetter_6_PP durationFetchReadings: 35.13
2015-06-02_15:25:07 HA_Wetter_6_PP humidity: 52.1
2015-06-02_15:25:07 HA_Wetter_6_PP visibility: 65
2015-06-02_15:25:07 HA_Wetter_6_PP pressure: 1015.2
2015-06-02_15:25:07 HA_Wetter_6_PP temperature: 19.5
2015-06-02_15:25:07 HA_Wetter_6_PP windDir: 203
2015-06-02_15:25:07 HA_Wetter_6_PP Tmin: 10 Tmax: 23 T: 19.5 H: 52.1 W: 39.6 P: 1015.2
2015-06-02_15:25:07 HA_Wetter_6_PP lastConnection: 439 values captured in 35.13 s
2015-06-02_16:25:08 HA_Wetter_6_PP fc8_tempMin: 7
2015-06-02_16:25:08 HA_Wetter_6_PP fc5_chOfRain09: 10
2015-06-02_16:25:08 HA_Wetter_6_PP fc3_temp18: 23
2015-06-02_16:25:08 HA_Wetter_6_PP fc0_uv: 8
2015-06-02_16:25:08 HA_Wetter_6_PP fc7_tempMin: 5
2015-06-02_16:25:08 HA_Wetter_6_PP fc6_weatherDayIcon: http://www.proplanta.de/wetterdaten/images/symbole/t2.gif
2015-06-02_16:25:08 HA_Wetter_6_PP fc5_cloud00: 75
2015-06-02_16:25:08 HA_Wetter_6_PP fc3_temp21: 16
2015-06-02_16:25:08 HA_Wetter_6_PP fc1_cloud12: 87.5
2015-06-02_16:25:08 HA_Wetter_6_PP fc4_weatherNight: stark bewoelkt
2015-06-02_16:25:08 HA_Wetter_6_PP fc3_chOfRainNight: 5
2015-06-02_16:25:08 HA_Wetter_6_PP fc6_cloud21: 75
2015-06-02_16:25:08 HA_Wetter_6_PP wind: 28.8
2015-06-02_16:25:08 HA_Wetter_6_PP fc5_weatherNight: klar
2015-06-02_16:25:08 HA_Wetter_6_PP fc5_weatherMorningIcon: http://www.proplanta.de/wetterdaten/images/symbole/t4.gif
2015-06-02_16:25:08 HA_Wetter_6_PP fc4_sun: 60
2015-06-02_16:25:08 HA_Wetter_6_PP fc4_weatherEveningIcon: http://www.proplanta.de/wetterdaten/images/symbole/n8.gif
2015-06-02_16:25:08 HA_Wetter_6_PP fc4_temp03: 16
2015-06-02_16:25:08 HA_Wetter_6_PP fc6_chOfRainNight: 10
2015-06-02_16:25:08 HA_Wetter_6_PP fc3_temp00: 11
2015-06-02_16:25:08 HA_Wetter_6_PP fc4_cloud00: 12.5
2015-06-02_16:25:08 HA_Wetter_6_PP fc8_weatherIcon: http://www.proplanta.de/wetterdaten/images/symbole/t6.gif
2015-06-02_16:25:08 HA_Wetter_6_PP fc1_cloud09: 62.5
2015-06-02_16:25:08 HA_Wetter_6_PP fc5_chOfRainNight: 0
2015-06-02_16:25:08 HA_Wetter_6_PP fc1_weatherMorning: heiter
2015-06-02_16:25:08 HA_Wetter_6_PP fc6_chOfRain12: 5
2015-06-02_16:25:08 HA_Wetter_6_PP fc4_rain15: 1.6
2015-06-02_16:25:08 HA_Wetter_6_PP fc4_temp18: 24
2015-06-02_16:25:08 HA_Wetter_6_PP fc5_weatherEveningIcon: http://www.proplanta.de/wetterdaten/images/symbole/n1.gif
2015-06-02_16:25:08 HA_Wetter_6_PP fc2_temp21: 13
2015-06-02_16:25:08 HA_Wetter_6_PP fc5_temp21: 12
2015-06-02_16:25:08 HA_Wetter_6_PP fc4_chOfRainDay: 50
2015-06-02_16:25:08 HA_Wetter_6_PP fc3_chOfRain09: 0
2015-06-02_16:25:08 HA_Wetter_6_PP fc10_weather: Regen
2015-06-02_16:25:08 HA_Wetter_6_PP fc5_temp15: 20
2015-06-02_16:25:08 HA_Wetter_6_PP fc5_cloud06: 75
2015-06-02_16:25:08 HA_Wetter_6_PP fc6_cloud15: 12.5
2015-06-02_16:25:08 HA_Wetter_6_PP fc6_weatherNight: wolkig
2015-06-02_16:25:08 HA_Wetter_6_PP fc5_chOfRain18: 0
2015-06-02_16:25:08 HA_Wetter_6_PP dewPoint: 8.6
2015-06-02_16:25:08 HA_Wetter_6_PP windDirIcon: http://www.proplanta.de/wetterdaten/images/symbole/w28.gif
2015-06-02_16:25:08 HA_Wetter_6_PP fc10_weatherIcon: http://www.proplanta.de/wetterdaten/images/symbole/t7.gif
2015-06-02_16:25:08 HA_Wetter_6_PP obsTime: 15:00
2015-06-02_16:25:08 HA_Wetter_6_PP fc5_weatherMorning: stark bewoelkt
2015-06-02_16:25:08 HA_Wetter_6_PP fc8_weather: Regenschauer
2015-06-02_16:25:08 HA_Wetter_6_PP fc4_temp06: 22
2015-06-02_16:25:08 HA_Wetter_6_PP fc4_temp21: 18
2015-06-02_16:25:08 HA_Wetter_6_PP fc6_cloud03: 0
2015-06-02_16:25:08 HA_Wetter_6_PP fc4_weatherDayIcon: http://www.proplanta.de/wetterdaten/images/symbole/t8.gif
2015-06-02_16:25:08 HA_Wetter_6_PP fc5_weatherEvening: klar
2015-06-02_16:25:08 HA_Wetter_6_PP fc4_rain: 6.3
2015-06-02_16:25:08 HA_Wetter_6_PP fc6_temp18: 15
2015-06-02_16:25:08 HA_Wetter_6_PP fc5_cloud12: 37.5
2015-06-02_16:25:08 HA_Wetter_6_PP fc5_sun: 50
2015-06-02_16:25:08 HA_Wetter_6_PP fc5_weatherDayIcon: http://www.proplanta.de/wetterdaten/images/symbole/t3.gif
2015-06-02_16:25:08 HA_Wetter_6_PP fc6_uv: 7
2015-06-02_16:25:08 HA_Wetter_6_PP fc13_weather: Regenschauer
2015-06-02_16:25:08 HA_Wetter_6_PP fc6_cloud18: 12.5
2015-06-02_16:25:08 HA_Wetter_6_PP fc11_weatherIcon: http://www.proplanta.de/wetterdaten/images/symbole/t7.gif
2015-06-02_16:25:08 HA_Wetter_6_PP fc12_weather: heiter
2015-06-02_16:25:08 HA_Wetter_6_PP fc5_rain: 0
2015-06-02_16:25:08 HA_Wetter_6_PP fc13_tempMax: 29
2015-06-02_16:25:08 HA_Wetter_6_PP fc5_temp03: 12
2015-06-02_16:25:08 HA_Wetter_6_PP fc6_temp03: 9
2015-06-02_16:25:08 HA_Wetter_6_PP fc4_rad: 7.6
2015-06-02_16:25:08 HA_Wetter_6_PP fc4_cloud03: 37.5
2015-06-02_16:25:08 HA_Wetter_6_PP fc5_chOfRain15: 5
2015-06-02_16:25:08 HA_Wetter_6_PP fc5_temp00: 15
2015-06-02_16:25:08 HA_Wetter_6_PP fc13_weatherIcon: http://www.proplanta.de/wetterdaten/images/symbole/t6.gif
2015-06-02_16:25:08 HA_Wetter_6_PP fc5_chOfRain03: 20
2015-06-02_16:25:08 HA_Wetter_6_PP fc4_rain21: 1.5
2015-06-02_16:25:08 HA_Wetter_6_PP fc5_chOfRain06: 15
2015-06-02_16:25:08 HA_Wetter_6_PP fc5_rain09: 0
2015-06-02_16:25:08 HA_Wetter_6_PP fc4_rain18: 3.2
2015-06-02_16:25:08 HA_Wetter_6_PP fc6_chOfRainDay: 5
2015-06-02_16:25:08 HA_Wetter_6_PP fc5_chOfRain21: 0
2015-06-02_16:25:08 HA_Wetter_6_PP fc0_chOfRainNight: 5
2015-06-02_16:25:08 HA_Wetter_6_PP fc5_cloud03: 100
2015-06-02_16:25:08 HA_Wetter_6_PP durationFetchReadings: 35.77
2015-06-02_16:25:08 HA_Wetter_6_PP fc4_dew: 3
2015-06-02_16:25:08 HA_Wetter_6_PP fc4_chOfRainNight: 15
2015-06-02_16:25:08 HA_Wetter_6_PP fc6_rad: 8.1
2015-06-02_16:25:08 HA_Wetter_6_PP fc6_cloud12: 12.5
2015-06-02_16:25:08 HA_Wetter_6_PP fc5_weatherDay: wolkig
2015-06-02_16:25:08 HA_Wetter_6_PP humidity: 42.5
2015-06-02_16:25:08 HA_Wetter_6_PP fc1_chOfRain06: 5
2015-06-02_16:25:08 HA_Wetter_6_PP fc4_chOfRain15: 50
2015-06-02_16:25:08 HA_Wetter_6_PP fc5_chOfRain00: 15
2015-06-02_16:25:08 HA_Wetter_6_PP fc5_rad: 8.4
2015-06-02_16:25:08 HA_Wetter_6_PP fc4_tempMin: 16
2015-06-02_16:25:08 HA_Wetter_6_PP fc7_weatherIcon: http://www.proplanta.de/wetterdaten/images/symbole/t3.gif
2015-06-02_16:25:08 HA_Wetter_6_PP fc1_rad: 2.7
2015-06-02_16:25:08 HA_Wetter_6_PP fc2_temp03: 9
2015-06-02_16:25:08 HA_Wetter_6_PP pressure: 1014.4
2015-06-02_16:25:08 HA_Wetter_6_PP fc3_tempMax: 28
2015-06-02_16:25:08 HA_Wetter_6_PP fc4_cloud21: 62.5
2015-06-02_16:25:08 HA_Wetter_6_PP fc4_temp12: 31
2015-06-02_16:25:08 HA_Wetter_6_PP fc4_temp15: 28
2015-06-02_16:25:08 HA_Wetter_6_PP fc0_weatherNight: heiter
2015-06-02_16:25:08 HA_Wetter_6_PP temperature: 21.8
2015-06-02_16:25:08 HA_Wetter_6_PP fc6_temp00: 9
2015-06-02_16:25:08 HA_Wetter_6_PP fc5_evapor: 2
2015-06-02_16:25:08 HA_Wetter_6_PP fc6_chOfRain09: 5
2015-06-02_16:25:08 HA_Wetter_6_PP fc5_chOfRain12: 10
2015-06-02_16:25:08 HA_Wetter_6_PP fc1_chOfRain09: 15
2015-06-02_16:25:08 HA_Wetter_6_PP fc6_cloud06: 0
2015-06-02_16:25:08 HA_Wetter_6_PP fc4_chOfRain00: 5
2015-06-02_16:25:08 HA_Wetter_6_PP fc1_chOfRain12: 15
2015-06-02_16:25:08 HA_Wetter_6_PP fc9_tempMin: 7
2015-06-02_16:25:08 HA_Wetter_6_PP fc4_chOfRain06: 10
2015-06-02_16:25:08 HA_Wetter_6_PP fc5_chOfRainDay: 10
2015-06-02_16:25:08 HA_Wetter_6_PP fc5_cloud09: 37.5
2015-06-02_16:25:08 HA_Wetter_6_PP fc0_weatherNightIcon: http://www.proplanta.de/wetterdaten/images/symbole/n2.gif
2015-06-02_16:25:08 HA_Wetter_6_PP fc6_cloud09: 25
2015-06-02_16:25:08 HA_Wetter_6_PP fc8_tempMax: 19
2015-06-02_16:25:08 HA_Wetter_6_PP fc5_temp18: 18
2015-06-02_16:25:08 HA_Wetter_6_PP fc6_chOfRain21: 15
2015-06-02_16:25:08 HA_Wetter_6_PP fc6_chOfRain06: 0
2015-06-02_16:25:08 HA_Wetter_6_PP fc4_weatherEvening: unterschiedlich bewoelkt, vereinzelt Schauer und Gewitter
2015-06-02_16:25:08 HA_Wetter_6_PP fc6_chOfRain00: 0
2015-06-02_16:25:08 HA_Wetter_6_PP fc7_weather: wolkig
2015-06-02_16:25:08 HA_Wetter_6_PP fc2_cloud03: 75
2015-06-02_16:25:08 HA_Wetter_6_PP fc1_temp15: 19
2015-06-02_16:25:08 HA_Wetter_6_PP fc1_cloud03: 0
2015-06-02_16:25:08 HA_Wetter_6_PP fc4_temp00: 16
2015-06-02_16:25:08 HA_Wetter_6_PP fc4_chOfRain18: 50
2015-06-02_16:25:08 HA_Wetter_6_PP fc4_cloud06: 25
2015-06-02_16:25:08 HA_Wetter_6_PP fc0_temp18: 21
2015-06-02_16:25:08 HA_Wetter_6_PP fc3_temp15: 28
2015-06-02_16:25:08 HA_Wetter_6_PP fc4_temp09: 28
2015-06-02_16:25:08 HA_Wetter_6_PP fc5_rain06: 0
2015-06-02_16:25:08 HA_Wetter_6_PP fc4_weatherMorningIcon: http://www.proplanta.de/wetterdaten/images/symbole/t3.gif
2015-06-02_16:25:08 HA_Wetter_6_PP fc1_uv: 2
2015-06-02_16:25:08 HA_Wetter_6_PP fc4_weatherMorning: wolkig
2015-06-02_16:25:08 HA_Wetter_6_PP fc5_tempMin: 12
2015-06-02_16:25:08 HA_Wetter_6_PP fc7_tempMax: 15
2015-06-02_16:25:08 HA_Wetter_6_PP fc4_cloud18: 62.5
2015-06-02_16:25:08 HA_Wetter_6_PP fc6_sun: 75
2015-06-02_16:25:08 HA_Wetter_6_PP windDir: 225
2015-06-02_16:25:08 HA_Wetter_6_PP fc5_cloud18: 0
2015-06-02_16:25:08 HA_Wetter_6_PP fc0_cloud21: 0
2015-06-02_16:25:08 HA_Wetter_6_PP fc4_chOfRain03: 10
2015-06-02_16:25:08 HA_Wetter_6_PP fc6_weatherMorning: sonnig
2015-06-02_16:25:08 HA_Wetter_6_PP fc1_weatherMorningIcon: http://www.proplanta.de/wetterdaten/images/symbole/t2.gif
2015-06-02_16:25:08 HA_Wetter_6_PP fc5_dew: 2
2015-06-02_16:25:08 HA_Wetter_6_PP fc1_cloud18: 100
2015-06-02_16:25:08 HA_Wetter_6_PP fc5_cloud15: 0
2015-06-02_16:25:08 HA_Wetter_6_PP fc3_weatherNightIcon: http://www.proplanta.de/wetterdaten/images/symbole/n2.gif
2015-06-02_16:25:08 HA_Wetter_6_PP fc11_weather: Regen
2015-06-02_16:25:08 HA_Wetter_6_PP fc6_weatherNightIcon: http://www.proplanta.de/wetterdaten/images/symbole/n3.gif
2015-06-02_16:25:08 HA_Wetter_6_PP fc4_weatherDay: unterschiedlich bewoelkt, vereinzelt Schauer und Gewitter
2015-06-02_16:25:08 HA_Wetter_6_PP fc1_chOfRain03: 0
2015-06-02_16:25:08 HA_Wetter_6_PP fc4_cloud15: 50
2015-06-02_16:25:08 HA_Wetter_6_PP fc3_weatherNight: heiter
2015-06-02_16:25:08 HA_Wetter_6_PP fc5_tempMax: 20
2015-06-02_16:25:08 HA_Wetter_6_PP fc5_weatherNightIcon: http://www.proplanta.de/wetterdaten/images/symbole/n1.gif
2015-06-02_16:25:08 HA_Wetter_6_PP fc1_temp03: 15
2015-06-02_16:25:08 HA_Wetter_6_PP fc12_tempMax: 25
2015-06-02_16:25:08 HA_Wetter_6_PP fc5_temp06: 12
2015-06-02_16:25:08 HA_Wetter_6_PP fc4_uv: 7
2015-06-02_16:25:08 HA_Wetter_6_PP fc5_rain03: 0
2015-06-02_16:25:08 HA_Wetter_6_PP fc5_cloud21: 0
2015-06-02_16:25:08 HA_Wetter_6_PP fc12_weatherIcon: http://www.proplanta.de/wetterdaten/images/symbole/t2.gif
2015-06-02_16:25:08 HA_Wetter_6_PP fc1_cloud06: 12.5
2015-06-02_16:25:08 HA_Wetter_6_PP fc0_chOfRain12: 5
2015-06-02_16:25:08 HA_Wetter_6_PP fc4_weatherNightIcon: http://www.proplanta.de/wetterdaten/images/symbole/n4.gif
2015-06-02_16:25:08 HA_Wetter_6_PP fc6_weatherMorningIcon: http://www.proplanta.de/wetterdaten/images/symbole/t1.gif
2015-06-02_16:25:08 HA_Wetter_6_PP fc13_tempMin: 9
2015-06-02_16:25:08 HA_Wetter_6_PP fc5_temp09: 16
2015-06-02_16:25:08 HA_Wetter_6_PP fc2_cloud06: 62.5
2015-06-02_16:25:08 HA_Wetter_6_PP fc4_chOfRain21: 50
2015-06-02_16:25:08 HA_Wetter_6_PP fc3_temp06: 18
2015-06-02_16:25:08 HA_Wetter_6_PP fc3_cloud09: 0
2015-06-02_16:25:08 HA_Wetter_6_PP fc1_cloud15: 100
2015-06-02_16:25:08 HA_Wetter_6_PP fc3_uv: 9
2015-06-02_16:25:08 HA_Wetter_6_PP fc6_cloud00: 0
2015-06-02_16:25:08 HA_Wetter_6_PP fc5_uv: 6
2015-06-02_16:25:08 HA_Wetter_6_PP fc6_weatherDay: heiter
2015-06-02_16:25:08 HA_Wetter_6_PP fc9_tempMax: 18
2015-06-02_16:25:08 HA_Wetter_6_PP fc6_chOfRain03: 0
2015-06-02_16:25:08 HA_Wetter_6_PP fc2_tempMin: 9
2015-06-02_16:25:08 HA_Wetter_6_PP Tmin: 10 Tmax: 23 T: 21.8 H: 42.5 W: 28.8 P: 1014.4
2015-06-02_16:25:08 HA_Wetter_6_PP lastConnection: 439 values captured in 35.77 s
2015-06-02_17:25:09 HA_Wetter_6_PP wind: 36
2015-06-02_17:25:09 HA_Wetter_6_PP dewPoint: 7.9
2015-06-02_17:25:09 HA_Wetter_6_PP windDirIcon: http://www.proplanta.de/wetterdaten/images/symbole/w6.gif
2015-06-02_17:25:09 HA_Wetter_6_PP obsTime: 16:00
2015-06-02_17:25:09 HA_Wetter_6_PP durationFetchReadings: 36.72
2015-06-02_17:25:09 HA_Wetter_6_PP humidity: 38.3
2015-06-02_17:25:09 HA_Wetter_6_PP pressure: 1013.9
2015-06-02_17:25:09 HA_Wetter_6_PP temperature: 22.7
2015-06-02_17:25:09 HA_Wetter_6_PP windDir: 248
2015-06-02_17:25:09 HA_Wetter_6_PP Tmin: 10 Tmax: 23 T: 22.7 H: 38.3 W: 36 P: 1013.9
2015-06-02_17:25:09 HA_Wetter_6_PP lastConnection: 439 values captured in 36.72 s
2015-06-02_18:25:10 HA_Wetter_6_PP wind: 39.6
2015-06-02_18:25:10 HA_Wetter_6_PP dewPoint: 6.8
2015-06-02_18:25:10 HA_Wetter_6_PP obsTime: 17:00
2015-06-02_18:25:10 HA_Wetter_6_PP durationFetchReadings: 38.36
2015-06-02_18:25:10 HA_Wetter_6_PP humidity: 34.4
2015-06-02_18:25:10 HA_Wetter_6_PP temperature: 23.2
2015-06-02_18:25:10 HA_Wetter_6_PP Tmin: 10 Tmax: 23 T: 23.2 H: 34.4 W: 39.6 P: 1013.9
2015-06-02_18:25:10 HA_Wetter_6_PP lastConnection: 439 values captured in 38.36 s
2015-06-02_19:25:07 HA_Wetter_6_PP wind: 32.4
2015-06-02_19:25:07 HA_Wetter_6_PP dewPoint: 7.3
2015-06-02_19:25:07 HA_Wetter_6_PP windDirIcon: http://www.proplanta.de/wetterdaten/images/symbole/w28.gif
2015-06-02_19:25:07 HA_Wetter_6_PP obsTime: 18:00
2015-06-02_19:25:07 HA_Wetter_6_PP durationFetchReadings: 35.02
2015-06-02_19:25:07 HA_Wetter_6_PP humidity: 35.4
2015-06-02_19:25:07 HA_Wetter_6_PP visibility: 60
2015-06-02_19:25:07 HA_Wetter_6_PP pressure: 1014.1
2015-06-02_19:25:07 HA_Wetter_6_PP temperature: 23.3
2015-06-02_19:25:07 HA_Wetter_6_PP windDir: 225
2015-06-02_19:25:07 HA_Wetter_6_PP Tmin: 10 Tmax: 23 T: 23.3 H: 35.4 W: 32.4 P: 1014.1
2015-06-02_19:25:07 HA_Wetter_6_PP lastConnection: 439 values captured in 35.02 s
2015-06-02_20:25:08 HA_Wetter_6_PP wind: 28.8
2015-06-02_20:25:08 HA_Wetter_6_PP dewPoint: 5.9
2015-06-02_20:25:08 HA_Wetter_6_PP windDirIcon: http://www.proplanta.de/wetterdaten/images/symbole/w6.gif
2015-06-02_20:25:08 HA_Wetter_6_PP obsTime: 19:00
2015-06-02_20:25:08 HA_Wetter_6_PP durationFetchReadings: 35.72
2015-06-02_20:25:08 HA_Wetter_6_PP humidity: 33.8
2015-06-02_20:25:08 HA_Wetter_6_PP visibility: 65
2015-06-02_20:25:08 HA_Wetter_6_PP pressure: 1014.4
2015-06-02_20:25:08 HA_Wetter_6_PP temperature: 22.5
2015-06-02_20:25:08 HA_Wetter_6_PP windDir: 248
2015-06-02_20:25:08 HA_Wetter_6_PP Tmin: 10 Tmax: 23 T: 22.5 H: 33.8 W: 28.8 P: 1014.4
2015-06-02_20:25:08 HA_Wetter_6_PP lastConnection: 439 values captured in 35.72 s
2015-06-02_21:25:11 HA_Wetter_6_PP wind: 21.6
2015-06-02_21:25:11 HA_Wetter_6_PP dewPoint: 7.6
2015-06-02_21:25:11 HA_Wetter_6_PP obsTime: 20:00
2015-06-02_21:25:11 HA_Wetter_6_PP durationFetchReadings: 38.98
2015-06-02_21:25:11 HA_Wetter_6_PP humidity: 39.7
2015-06-02_21:25:11 HA_Wetter_6_PP pressure: 1014.7
2015-06-02_21:25:11 HA_Wetter_6_PP temperature: 21.8
2015-06-02_21:25:11 HA_Wetter_6_PP Tmin: 10 Tmax: 23 T: 21.8 H: 39.7 W: 21.6 P: 1014.7
2015-06-02_21:25:11 HA_Wetter_6_PP lastConnection: 439 values captured in 38.98 s
2015-06-02_22:25:06 HA_Wetter_6_PP fc8_tempMin: 4
2015-06-02_22:25:06 HA_Wetter_6_PP fc5_chOfRain09: 15
2015-06-02_22:25:06 HA_Wetter_6_PP fc1_weatherNight: stark bewoelkt
2015-06-02_22:25:06 HA_Wetter_6_PP fc7_tempMin: 4
2015-06-02_22:25:06 HA_Wetter_6_PP fc3_temp12: 28
2015-06-02_22:25:06 HA_Wetter_6_PP fc6_weatherDayIcon: http://www.proplanta.de/wetterdaten/images/symbole/t3.gif
2015-06-02_22:25:06 HA_Wetter_6_PP fc5_cloud00: 100
2015-06-02_22:25:06 HA_Wetter_6_PP fc3_temp21: 17
2015-06-02_22:25:06 HA_Wetter_6_PP fc1_cloud12: 75
2015-06-02_22:25:06 HA_Wetter_6_PP fc4_weatherNight: Regenschauer
2015-06-02_22:25:06 HA_Wetter_6_PP fc6_cloud21: 25
2015-06-02_22:25:06 HA_Wetter_6_PP fc3_temp09: 25
2015-06-02_22:25:06 HA_Wetter_6_PP fc5_weatherNight: heiter
2015-06-02_22:25:06 HA_Wetter_6_PP fc5_weatherMorningIcon: http://www.proplanta.de/wetterdaten/images/symbole/t5.gif
2015-06-02_22:25:06 HA_Wetter_6_PP fc4_temp03: 15
2015-06-02_22:25:06 HA_Wetter_6_PP fc6_temp15: 17
2015-06-02_22:25:06 HA_Wetter_6_PP fc8_weatherIcon: http://www.proplanta.de/wetterdaten/images/symbole/t2.gif
2015-06-02_22:25:06 HA_Wetter_6_PP fc5_chOfRainNight: 5
2015-06-02_22:25:06 HA_Wetter_6_PP fc3_chOfRain06: 5
2015-06-02_22:25:06 HA_Wetter_6_PP fc1_weatherMorning: wolkig
2015-06-02_22:25:06 HA_Wetter_6_PP fc6_chOfRain12: 15
2015-06-02_22:25:06 HA_Wetter_6_PP fc4_rain15: 0
2015-06-02_22:25:06 HA_Wetter_6_PP fc12_tempMin: 8
2015-06-02_22:25:06 HA_Wetter_6_PP fc5_weatherEveningIcon: http://www.proplanta.de/wetterdaten/images/symbole/n3.gif
2015-06-02_22:25:06 HA_Wetter_6_PP fc1_temp00: 17
2015-06-02_22:25:06 HA_Wetter_6_PP fc5_temp21: 11
2015-06-02_22:25:06 HA_Wetter_6_PP fc10_weather: wolkig
2015-06-02_22:25:06 HA_Wetter_6_PP fc1_temp18: 17
2015-06-02_22:25:06 HA_Wetter_6_PP fc5_temp15: 17
2015-06-02_22:25:06 HA_Wetter_6_PP fc11_tempMin: 11
2015-06-02_22:25:06 HA_Wetter_6_PP fc5_cloud06: 100
2015-06-02_22:25:06 HA_Wetter_6_PP fc6_cloud15: 37.5
2015-06-02_22:25:06 HA_Wetter_6_PP fc5_chOfRain18: 10
2015-06-02_22:25:06 HA_Wetter_6_PP fc9_weatherIcon: http://www.proplanta.de/wetterdaten/images/symbole/t1.gif
2015-06-02_22:25:06 HA_Wetter_6_PP fc1_dew: 1
2015-06-02_22:25:06 HA_Wetter_6_PP fc10_tempMax: 22
2015-06-02_22:25:06 HA_Wetter_6_PP fc10_weatherIcon: http://www.proplanta.de/wetterdaten/images/symbole/t3.gif
2015-06-02_22:25:06 HA_Wetter_6_PP fc5_weatherMorning: bedeckt
2015-06-02_22:25:06 HA_Wetter_6_PP fc8_weather: heiter
2015-06-02_22:25:06 HA_Wetter_6_PP fc4_temp06: 21
2015-06-02_22:25:06 HA_Wetter_6_PP fc4_temp21: 20
2015-06-02_22:25:06 HA_Wetter_6_PP fc4_tempMax: 32
2015-06-02_22:25:06 HA_Wetter_6_PP fc2_weatherMorning: wolkig
2015-06-02_22:25:06 HA_Wetter_6_PP fc6_weatherEveningIcon: http://www.proplanta.de/wetterdaten/images/symbole/n3.gif
2015-06-02_22:25:06 HA_Wetter_6_PP fc3_weatherMorning: heiter
2015-06-02_22:25:06 HA_Wetter_6_PP fc5_weatherEvening: wolkig
2015-06-02_22:25:06 HA_Wetter_6_PP fc4_rain: 5.3
2015-06-02_22:25:06 HA_Wetter_6_PP fc5_cloud12: 50
2015-06-02_22:25:06 HA_Wetter_6_PP fc5_sun: 25
2015-06-02_22:25:06 HA_Wetter_6_PP fc5_weatherDayIcon: http://www.proplanta.de/wetterdaten/images/symbole/t4.gif
2015-06-02_22:25:06 HA_Wetter_6_PP fc6_uv: 4
2015-06-02_22:25:06 HA_Wetter_6_PP fc6_tempMax: 17
2015-06-02_22:25:06 HA_Wetter_6_PP fc6_cloud18: 50
2015-06-02_22:25:06 HA_Wetter_6_PP fc5_rain: 1.7
2015-06-02_22:25:06 HA_Wetter_6_PP fc13_tempMax: 28
2015-06-02_22:25:06 HA_Wetter_6_PP fc5_temp03: 13
2015-06-02_22:25:06 HA_Wetter_6_PP fc6_temp03: 8
2015-06-02_22:25:06 HA_Wetter_6_PP fc4_rad: 7.9
2015-06-02_22:25:06 HA_Wetter_6_PP fc4_cloud03: 25
2015-06-02_22:25:06 HA_Wetter_6_PP fc5_chOfRain15: 10
2015-06-02_22:25:06 HA_Wetter_6_PP fc5_temp00: 18
2015-06-02_22:25:06 HA_Wetter_6_PP fc4_rain21: 2.1
2015-06-02_22:25:06 HA_Wetter_6_PP fc5_chOfRain06: 20
2015-06-02_22:25:06 HA_Wetter_6_PP fc0_chOfRain15: 5
2015-06-02_22:25:06 HA_Wetter_6_PP fc6_chOfRainDay: 10
2015-06-02_22:25:06 HA_Wetter_6_PP fc5_chOfRain21: 10
2015-06-02_22:25:06 HA_Wetter_6_PP durationFetchReadings: 33.99
2015-06-02_22:25:06 HA_Wetter_6_PP fc4_chOfRainNight: 40
2015-06-02_22:25:06 HA_Wetter_6_PP fc6_rad: 7
2015-06-02_22:25:06 HA_Wetter_6_PP fc6_cloud12: 62.5
2015-06-02_22:25:06 HA_Wetter_6_PP fc5_weatherDay: stark bewoelkt
2015-06-02_22:25:06 HA_Wetter_6_PP fc5_rain00: 1.7
2015-06-02_22:25:06 HA_Wetter_6_PP fc1_chOfRain06: 10
2015-06-02_22:25:06 HA_Wetter_6_PP fc4_chOfRain15: 0
2015-06-02_22:25:06 HA_Wetter_6_PP fc5_chOfRain00: 50
2015-06-02_22:25:06 HA_Wetter_6_PP fc5_rad: 5.9
2015-06-02_22:25:06 HA_Wetter_6_PP fc2_weatherMorningIcon: http://www.proplanta.de/wetterdaten/images/symbole/t3.gif
2015-06-02_22:25:06 HA_Wetter_6_PP fc6_temp06: 11
2015-06-02_22:25:06 HA_Wetter_6_PP fc4_tempMin: 15
2015-06-02_22:25:06 HA_Wetter_6_PP fc7_weatherIcon: http://www.proplanta.de/wetterdaten/images/symbole/t2.gif
2015-06-02_22:25:06 HA_Wetter_6_PP fc4_cloud21: 100
2015-06-02_22:25:06 HA_Wetter_6_PP fc4_temp15: 31
2015-06-02_22:25:06 HA_Wetter_6_PP fc6_chOfRain09: 10
2015-06-02_22:25:06 HA_Wetter_6_PP fc1_chOfRain09: 10
2015-06-02_22:25:06 HA_Wetter_6_PP fc6_cloud06: 12.5
2015-06-02_22:25:06 HA_Wetter_6_PP fc1_chOfRainNight: 15
2015-06-02_22:25:06 HA_Wetter_6_PP fc9_tempMin: 6
2015-06-02_22:25:06 HA_Wetter_6_PP fc4_chOfRain06: 5
2015-06-02_22:25:06 HA_Wetter_6_PP fc5_chOfRainDay: 15
2015-06-02_22:25:06 HA_Wetter_6_PP fc5_cloud09: 75
2015-06-02_22:25:06 HA_Wetter_6_PP fc6_cloud09: 50
2015-06-02_22:25:06 HA_Wetter_6_PP fc8_tempMax: 18
2015-06-02_22:25:06 HA_Wetter_6_PP fc5_temp18: 16
2015-06-02_22:25:06 HA_Wetter_6_PP fc6_chOfRain21: 10
2015-06-02_22:25:06 HA_Wetter_6_PP fc6_chOfRain06: 5
2015-06-02_22:25:06 HA_Wetter_6_PP fc0_cloud15: 25
2015-06-02_22:25:06 HA_Wetter_6_PP fc6_chOfRain00: 5
2015-06-02_22:25:06 HA_Wetter_6_PP fc7_weather: heiter
2015-06-02_22:25:06 HA_Wetter_6_PP fc1_cloud03: 37.5
2015-06-02_22:25:06 HA_Wetter_6_PP fc6_tempMin: 8
2015-06-02_22:25:06 HA_Wetter_6_PP fc6_temp09: 14
2015-06-02_22:25:06 HA_Wetter_6_PP fc1_temp09: 19
2015-06-02_22:25:06 HA_Wetter_6_PP fc4_weatherMorningIcon: http://www.proplanta.de/wetterdaten/images/symbole/t2.gif
2015-06-02_22:25:06 HA_Wetter_6_PP fc1_uv: 3
2015-06-02_22:25:06 HA_Wetter_6_PP fc4_weatherMorning: heiter
2015-06-02_22:25:06 HA_Wetter_6_PP fc5_tempMin: 11
2015-06-02_22:25:06 HA_Wetter_6_PP fc7_tempMax: 18
2015-06-02_22:25:06 HA_Wetter_6_PP fc3_weatherMorningIcon: http://www.proplanta.de/wetterdaten/images/symbole/t2.gif
2015-06-02_22:25:06 HA_Wetter_6_PP fc4_cloud18: 50
2015-06-02_22:25:06 HA_Wetter_6_PP fc6_sun: 50
2015-06-02_22:25:06 HA_Wetter_6_PP fc11_tempMax: 19
2015-06-02_22:25:06 HA_Wetter_6_PP fc5_cloud18: 50
2015-06-02_22:25:06 HA_Wetter_6_PP fc6_temp12: 15
2015-06-02_22:25:06 HA_Wetter_6_PP fc6_weatherMorning: heiter
2015-06-02_22:25:06 HA_Wetter_6_PP fc1_weatherMorningIcon: http://www.proplanta.de/wetterdaten/images/symbole/t3.gif
2015-06-02_22:25:06 HA_Wetter_6_PP fc5_dew: 3
2015-06-02_22:25:06 HA_Wetter_6_PP fc5_cloud15: 50
2015-06-02_22:25:06 HA_Wetter_6_PP fc2_chOfRain06: 10
2015-06-02_22:25:06 HA_Wetter_6_PP fc1_chOfRain03: 10
2015-06-02_22:25:06 HA_Wetter_6_PP fc4_cloud15: 0
2015-06-02_22:25:06 HA_Wetter_6_PP fc6_weatherEvening: wolkig
2015-06-02_22:25:06 HA_Wetter_6_PP fc2_rad: 8.4
2015-06-02_22:25:06 HA_Wetter_6_PP fc5_tempMax: 18
2015-06-02_22:25:06 HA_Wetter_6_PP fc5_weatherNightIcon: http://www.proplanta.de/wetterdaten/images/symbole/n2.gif
2015-06-02_22:25:06 HA_Wetter_6_PP fc9_weather: sonnig
2015-06-02_22:25:06 HA_Wetter_6_PP fc1_cloud21: 87.5
2015-06-02_22:25:06 HA_Wetter_6_PP fc1_temp03: 16
2015-06-02_22:25:06 HA_Wetter_6_PP fc5_temp12: 17
2015-06-02_22:25:06 HA_Wetter_6_PP fc2_temp12: 21
2015-06-02_22:25:06 HA_Wetter_6_PP fc4_uv: 8
2015-06-02_22:25:06 HA_Wetter_6_PP fc2_tempMax: 22
2015-06-02_22:25:06 HA_Wetter_6_PP fc5_cloud21: 37.5
2015-06-02_22:25:06 HA_Wetter_6_PP fc1_cloud06: 25
2015-06-02_22:25:06 HA_Wetter_6_PP fc6_temp21: 8
2015-06-02_22:25:06 HA_Wetter_6_PP fc4_weatherNightIcon: http://www.proplanta.de/wetterdaten/images/symbole/n6.gif
2015-06-02_22:25:06 HA_Wetter_6_PP fc6_weatherMorningIcon: http://www.proplanta.de/wetterdaten/images/symbole/t2.gif
2015-06-02_22:25:06 HA_Wetter_6_PP fc1_weatherNightIcon: http://www.proplanta.de/wetterdaten/images/symbole/n4.gif
2015-06-02_22:25:06 HA_Wetter_6_PP fc13_tempMin: 12
2015-06-02_22:25:06 HA_Wetter_6_PP fc5_temp09: 15
2015-06-02_22:25:06 HA_Wetter_6_PP fc2_cloud06: 37.5
2015-06-02_22:25:06 HA_Wetter_6_PP fc4_chOfRain21: 40
2015-06-02_22:25:06 HA_Wetter_6_PP fc6_chOfRain15: 10
2015-06-02_22:25:06 HA_Wetter_6_PP fc1_tempMax: 19
2015-06-02_22:25:06 HA_Wetter_6_PP fc6_cloud00: 25
2015-06-02_22:25:06 HA_Wetter_6_PP fc5_uv: 4
2015-06-02_22:25:06 HA_Wetter_6_PP fc1_temp12: 19
2015-06-02_22:25:06 HA_Wetter_6_PP fc6_weatherDay: wolkig
2015-06-02_22:25:06 HA_Wetter_6_PP fc9_tempMax: 21
2015-06-02_22:25:06 HA_Wetter_6_PP fc6_chOfRain18: 10
2015-06-02_22:25:06 HA_Wetter_6_PP fc2_tempMin: 8
2015-06-02_22:25:06 HA_Wetter_6_PP lastConnection: 439 values captured in 33.99 s
2015-06-02_23:25:07 HA_Wetter_6_PP durationFetchReadings: 34.44
2015-06-02_23:25:07 HA_Wetter_6_PP lastConnection: 439 values captured in 34.44 s
