2015-05-27_00:15:23 HA_Wetter_6_PP durationFetchReadings: 28.93
2015-05-27_00:15:23 HA_Wetter_6_PP Tmin: 8 Tmax: 15
2015-05-27_00:15:23 HA_Wetter_6_PP lastConnection: 428 values captured in 28.93 s
2015-05-27_01:15:24 HA_Wetter_6_PP fc5_chOfRain09: 50
2015-05-27_01:15:24 HA_Wetter_6_PP fc3_cloud21: 100
2015-05-27_01:15:24 HA_Wetter_6_PP fc3_chOfRain03: 15
2015-05-27_01:15:24 HA_Wetter_6_PP fc3_temp18: 15
2015-05-27_01:15:24 HA_Wetter_6_PP fc1_weatherNight: Regenschauer
2015-05-27_01:15:24 HA_Wetter_6_PP fc1_moonRise: 15:33
2015-05-27_01:15:24 HA_Wetter_6_PP fc0_uv: 2
2015-05-27_01:15:24 HA_Wetter_6_PP fc2_sun: 30
2015-05-27_01:15:24 HA_Wetter_6_PP fc7_tempMin: 8
2015-05-27_01:15:24 HA_Wetter_6_PP fc1_tempMin: 6
2015-05-27_01:15:24 HA_Wetter_6_PP fc2_cloud12: 62.5
2015-05-27_01:15:24 HA_Wetter_6_PP fc3_temp12: 17
2015-05-27_01:15:24 HA_Wetter_6_PP fc13_moonRise: 01:11
2015-05-27_01:15:24 HA_Wetter_6_PP fc3_weatherDayIcon: http://www.proplanta.de/wetterdaten/images/symbole/t4.gif
2015-05-27_01:15:24 HA_Wetter_6_PP fc6_weatherDayIcon: http://www.proplanta.de/wetterdaten/images/symbole/t8.gif
2015-05-27_01:15:24 HA_Wetter_6_PP fc0_temp12: 10
2015-05-27_01:15:24 HA_Wetter_6_PP fc3_temp21: 13
2015-05-27_01:15:24 HA_Wetter_6_PP fc1_cloud12: 50
2015-05-27_01:15:24 HA_Wetter_6_PP fc2_temp06: 13
2015-05-27_01:15:24 HA_Wetter_6_PP fc3_sun: 25
2015-05-27_01:15:24 HA_Wetter_6_PP fc6_cloud21: 87.5
2015-05-27_01:15:24 HA_Wetter_6_PP fc3_temp09: 16
2015-05-27_01:15:24 HA_Wetter_6_PP fc1_weatherEveningIcon: http://www.proplanta.de/wetterdaten/images/symbole/n4.gif
2015-05-27_01:15:24 HA_Wetter_6_PP fc5_weatherNight: Regenschauer
2015-05-27_01:15:24 HA_Wetter_6_PP fc5_weatherMorningIcon: http://www.proplanta.de/wetterdaten/images/symbole/t6.gif
2015-05-27_01:15:24 HA_Wetter_6_PP fc4_sun: 50
2015-05-27_01:15:24 HA_Wetter_6_PP fc10_date: 06.06.2015
2015-05-27_01:15:24 HA_Wetter_6_PP fc4_weatherEveningIcon: http://www.proplanta.de/wetterdaten/images/symbole/n3.gif
2015-05-27_01:15:24 HA_Wetter_6_PP fc4_temp03: 5
2015-05-27_01:15:24 HA_Wetter_6_PP fc11_moonRise: 00:06
2015-05-27_01:15:24 HA_Wetter_6_PP fc6_temp15: 16
2015-05-27_01:15:24 HA_Wetter_6_PP fc3_cloud12: 50
2015-05-27_01:15:24 HA_Wetter_6_PP fc5_rain12: 0.5
2015-05-27_01:15:24 HA_Wetter_6_PP fc1_moonSet: 02:47
2015-05-27_01:15:24 HA_Wetter_6_PP fc3_temp00: 10
2015-05-27_01:15:24 HA_Wetter_6_PP fc4_cloud00: 75
2015-05-27_01:15:24 HA_Wetter_6_PP fc1_rain: 1.4
2015-05-27_01:15:24 HA_Wetter_6_PP fc1_cloud09: 50
2015-05-27_01:15:24 HA_Wetter_6_PP fc5_chOfRainNight: 40
2015-05-27_01:15:24 HA_Wetter_6_PP fc3_chOfRain06: 15
2015-05-27_01:15:24 HA_Wetter_6_PP fc0_weatherEvening: bedeckt
2015-05-27_01:15:24 HA_Wetter_6_PP fc1_weatherMorning: heiter
2015-05-27_01:15:24 HA_Wetter_6_PP fc6_chOfRain12: 15
2015-05-27_01:15:24 HA_Wetter_6_PP fc3_moonRise: 17:40
2015-05-27_01:15:24 HA_Wetter_6_PP fc0_chOfRain18: 20
2015-05-27_01:15:24 HA_Wetter_6_PP fc12_tempMin: 9
2015-05-27_01:15:24 HA_Wetter_6_PP fc4_temp18: 17
2015-05-27_01:15:24 HA_Wetter_6_PP fc0_rain00: 0
2015-05-27_01:15:24 HA_Wetter_6_PP fc13_moonSet: 12:43
2015-05-27_01:15:24 HA_Wetter_6_PP fc2_cloud00: 50
2015-05-27_01:15:24 HA_Wetter_6_PP fc6_rain00: 1.4
2015-05-27_01:15:24 HA_Wetter_6_PP fc6_rain09: 0.8
2015-05-27_01:15:24 HA_Wetter_6_PP fc1_sun: 50
2015-05-27_01:15:24 HA_Wetter_6_PP fc1_temp00: 6
2015-05-27_01:15:24 HA_Wetter_6_PP fc4_cloud09: 75
2015-05-27_01:15:24 HA_Wetter_6_PP fc3_cloud06: 87.5
2015-05-27_01:15:24 HA_Wetter_6_PP fc1_rain09: 0
2015-05-27_01:15:24 HA_Wetter_6_PP fc0_weatherEveningIcon: http://www.proplanta.de/wetterdaten/images/symbole/n5.gif
2015-05-27_01:15:24 HA_Wetter_6_PP fc4_chOfRain12: 15
2015-05-27_01:15:24 HA_Wetter_6_PP fc5_temp21: 16
2015-05-27_01:15:24 HA_Wetter_6_PP fc9_date: 05.06.2015
2015-05-27_01:15:24 HA_Wetter_6_PP fc4_chOfRainDay: 10
2015-05-27_01:15:24 HA_Wetter_6_PP fc3_chOfRain09: 10
2015-05-27_01:15:24 HA_Wetter_6_PP fc1_chOfRainDay: 10
2015-05-27_01:15:24 HA_Wetter_6_PP fc10_weather: wolkig
2015-05-27_01:15:24 HA_Wetter_6_PP fc7_moonSet: 05:59
2015-05-27_01:15:24 HA_Wetter_6_PP fc1_temp18: 15
2015-05-27_01:15:24 HA_Wetter_6_PP fc6_evapor: 1
2015-05-27_01:15:24 HA_Wetter_6_PP fc5_temp15: 26
2015-05-27_01:15:24 HA_Wetter_6_PP fc11_tempMin: 11
2015-05-27_01:15:24 HA_Wetter_6_PP fc5_cloud06: 50
2015-05-27_01:15:24 HA_Wetter_6_PP fc6_cloud15: 75
2015-05-27_01:15:24 HA_Wetter_6_PP fc6_rain: 5.2
2015-05-27_01:15:24 HA_Wetter_6_PP fc0_cloud18: 100
2015-05-27_01:15:24 HA_Wetter_6_PP fc12_moonSet: 11:28
2015-05-27_01:15:24 HA_Wetter_6_PP fc0_sun: 25
2015-05-27_01:15:24 HA_Wetter_6_PP fc8_date: 04.06.2015
2015-05-27_01:15:24 HA_Wetter_6_PP fc2_chOfRain12: 40
2015-05-27_01:15:24 HA_Wetter_6_PP fc9_weatherIcon: http://www.proplanta.de/wetterdaten/images/symbole/t1.gif
2015-05-27_01:15:24 HA_Wetter_6_PP fc0_chOfRainDay: 15
2015-05-27_01:15:24 HA_Wetter_6_PP fc1_dew: 2
2015-05-27_01:15:24 HA_Wetter_6_PP fc10_tempMax: 22
2015-05-27_01:15:24 HA_Wetter_6_PP fc0_rain: 0.2
2015-05-27_01:15:24 HA_Wetter_6_PP fc10_weatherIcon: http://www.proplanta.de/wetterdaten/images/symbole/t3.gif
2015-05-27_01:15:24 HA_Wetter_6_PP fc1_rain21: 1.4
2015-05-27_01:15:24 HA_Wetter_6_PP fc5_weatherMorning: Regenschauer
2015-05-27_01:15:24 HA_Wetter_6_PP fc4_temp06: 12
2015-05-27_01:15:24 HA_Wetter_6_PP fc0_evapor: 1
2015-05-27_01:15:24 HA_Wetter_6_PP fc6_rain06: 0
2015-05-27_01:15:24 HA_Wetter_6_PP fc4_tempMax: 21
2015-05-27_01:15:24 HA_Wetter_6_PP fc6_cloud03: 100
2015-05-27_01:15:24 HA_Wetter_6_PP fc0_rain18: 0
2015-05-27_01:15:24 HA_Wetter_6_PP fc2_weatherMorning: wolkig
2015-05-27_01:15:24 HA_Wetter_6_PP fc6_weatherEveningIcon: http://www.proplanta.de/wetterdaten/images/symbole/n8.gif
2015-05-27_01:15:24 HA_Wetter_6_PP fc3_weatherMorning: stark bewoelkt
2015-05-27_01:15:24 HA_Wetter_6_PP fc3_cloud15: 100
2015-05-27_01:15:24 HA_Wetter_6_PP fc4_weatherDayIcon: http://www.proplanta.de/wetterdaten/images/symbole/t3.gif
2015-05-27_01:15:24 HA_Wetter_6_PP fc2_date: 29.05.2015
2015-05-27_01:15:24 HA_Wetter_6_PP fc6_temp18: 12
2015-05-27_01:15:24 HA_Wetter_6_PP fc4_moonRise: 18:44
2015-05-27_01:15:24 HA_Wetter_6_PP fc5_cloud12: 50
2015-05-27_01:15:24 HA_Wetter_6_PP fc5_sun: 30
2015-05-27_01:15:24 HA_Wetter_6_PP fc1_evapor: 2
2015-05-27_01:15:24 HA_Wetter_6_PP fc5_weatherDayIcon: http://www.proplanta.de/wetterdaten/images/symbole/t6.gif
2015-05-27_01:15:24 HA_Wetter_6_PP fc6_uv: 3
2015-05-27_01:15:24 HA_Wetter_6_PP fc6_tempMax: 21
2015-05-27_01:15:24 HA_Wetter_6_PP fc13_weather: wolkig
2015-05-27_01:15:24 HA_Wetter_6_PP fc6_cloud18: 62.5
2015-05-27_01:15:24 HA_Wetter_6_PP fc0_weatherDayIcon: http://www.proplanta.de/wetterdaten/images/symbole/t4.gif
2015-05-27_01:15:24 HA_Wetter_6_PP fc12_weather: heiter
2015-05-27_01:15:24 HA_Wetter_6_PP fc5_rain: 3.8
2015-05-27_01:15:24 HA_Wetter_6_PP fc13_tempMax: 28
2015-05-27_01:15:24 HA_Wetter_6_PP fc0_chOfRain06: 10
2015-05-27_01:15:24 HA_Wetter_6_PP fc5_temp03: 12
2015-05-27_01:15:24 HA_Wetter_6_PP fc1_cloud00: 37.5
2015-05-27_01:15:24 HA_Wetter_6_PP fc4_rad: 7.6
2015-05-27_01:15:24 HA_Wetter_6_PP fc0_cloud03: 75
2015-05-27_01:15:24 HA_Wetter_6_PP fc0_chOfRain03: 15
2015-05-27_01:15:24 HA_Wetter_6_PP fc9_moonSet: 07:54
2015-05-27_01:15:24 HA_Wetter_6_PP fc4_moonSet: 04:04
2015-05-27_01:15:24 HA_Wetter_6_PP fc6_moonRise: 20:50
2015-05-27_01:15:24 HA_Wetter_6_PP fc4_cloud03: 37.5
2015-05-27_01:15:24 HA_Wetter_6_PP fc5_temp00: 12
2015-05-27_01:15:24 HA_Wetter_6_PP fc0_weatherDay: stark bewoelkt
2015-05-27_01:15:24 HA_Wetter_6_PP fc13_weatherIcon: http://www.proplanta.de/wetterdaten/images/symbole/t3.gif
2015-05-27_01:15:24 HA_Wetter_6_PP fc5_chOfRain03: 80
2015-05-27_01:15:24 HA_Wetter_6_PP fc5_chOfRain06: 40
2015-05-27_01:15:24 HA_Wetter_6_PP fc5_rain09: 0.6
2015-05-27_01:15:24 HA_Wetter_6_PP fc0_chOfRain00: 10
2015-05-27_01:15:24 HA_Wetter_6_PP fc13_date: 09.06.2015
2015-05-27_01:15:24 HA_Wetter_6_PP fc0_moonSet: 02:24
2015-05-27_01:15:24 HA_Wetter_6_PP fc6_chOfRainDay: 50
2015-05-27_01:15:24 HA_Wetter_6_PP fc0_cloud09: 87.5
2015-05-27_01:15:24 HA_Wetter_6_PP fc10_moonRise: --:--
2015-05-27_01:15:24 HA_Wetter_6_PP fc1_chOfRain21: 40
2015-05-27_01:15:24 HA_Wetter_6_PP fc5_chOfRain21: 40
2015-05-27_01:15:24 HA_Wetter_6_PP fc5_cloud03: 62.5
2015-05-27_01:15:24 HA_Wetter_6_PP fc4_chOfRain09: 15
2015-05-27_01:15:24 HA_Wetter_6_PP durationFetchReadings: 29.41
2015-05-27_01:15:24 HA_Wetter_6_PP fc4_dew: 1
2015-05-27_01:15:24 HA_Wetter_6_PP fc12_date: 08.06.2015
2015-05-27_01:15:24 HA_Wetter_6_PP fc6_rad: 4.2
2015-05-27_01:15:24 HA_Wetter_6_PP fc3_cloud00: 87.5
2015-05-27_01:15:24 HA_Wetter_6_PP fc4_date: 31.05.2015
2015-05-27_01:15:24 HA_Wetter_6_PP fc6_cloud12: 75
2015-05-27_01:15:24 HA_Wetter_6_PP fc6_rain03: 0.8
2015-05-27_01:15:24 HA_Wetter_6_PP fc0_cloud12: 87.5
2015-05-27_01:15:24 HA_Wetter_6_PP fc1_date: 28.05.2015
2015-05-27_01:15:24 HA_Wetter_6_PP fc5_weatherDay: Regenschauer
2015-05-27_01:15:24 HA_Wetter_6_PP fc0_date: 27.05.2015
2015-05-27_01:15:24 HA_Wetter_6_PP fc0_temp15: 11
2015-05-27_01:15:24 HA_Wetter_6_PP fc1_chOfRain06: 5
2015-05-27_01:15:24 HA_Wetter_6_PP fc4_chOfRain15: 10
2015-05-27_01:15:24 HA_Wetter_6_PP fc5_rad: 7.2
2015-05-27_01:15:24 HA_Wetter_6_PP fc2_weatherMorningIcon: http://www.proplanta.de/wetterdaten/images/symbole/t3.gif
2015-05-27_01:15:24 HA_Wetter_6_PP fc6_temp06: 13
2015-05-27_01:15:24 HA_Wetter_6_PP fc4_tempMin: 5
2015-05-27_01:15:24 HA_Wetter_6_PP fc2_cloud09: 62.5
2015-05-27_01:15:24 HA_Wetter_6_PP fc7_weatherIcon: http://www.proplanta.de/wetterdaten/images/symbole/t3.gif
2015-05-27_01:15:24 HA_Wetter_6_PP fc1_rad: 7.6
2015-05-27_01:15:24 HA_Wetter_6_PP fc2_temp03: 9
2015-05-27_01:15:24 HA_Wetter_6_PP fc2_evapor: 1
2015-05-27_01:15:24 HA_Wetter_6_PP fc2_rain09: 0.6
2015-05-27_01:15:24 HA_Wetter_6_PP fc3_tempMax: 17
2015-05-27_01:15:24 HA_Wetter_6_PP fc11_date: 07.06.2015
2015-05-27_01:15:24 HA_Wetter_6_PP fc4_cloud21: 75
2015-05-27_01:15:24 HA_Wetter_6_PP fc4_temp12: 18
2015-05-27_01:15:24 HA_Wetter_6_PP fc1_temp06: 11
2015-05-27_01:15:24 HA_Wetter_6_PP fc4_temp15: 20
2015-05-27_01:15:24 HA_Wetter_6_PP fc6_date: 02.06.2015
2015-05-27_01:15:24 HA_Wetter_6_PP fc8_moonRise: 22:41
2015-05-27_01:15:24 HA_Wetter_6_PP fc2_weatherNightIcon: http://www.proplanta.de/wetterdaten/images/symbole/n4.gif
2015-05-27_01:15:24 HA_Wetter_6_PP fc6_temp00: 15
2015-05-27_01:15:24 HA_Wetter_6_PP fc0_temp00: 7
2015-05-27_01:15:24 HA_Wetter_6_PP fc6_rain12: 0
2015-05-27_01:15:24 HA_Wetter_6_PP fc6_chOfRain09: 80
2015-05-27_01:15:24 HA_Wetter_6_PP fc2_temp18: 17
2015-05-27_01:15:24 HA_Wetter_6_PP fc5_chOfRain12: 40
2015-05-27_01:15:24 HA_Wetter_6_PP fc1_chOfRain09: 10
2015-05-27_01:15:24 HA_Wetter_6_PP fc6_cloud06: 87.5
2015-05-27_01:15:24 HA_Wetter_6_PP fc1_chOfRainNight: 40
2015-05-27_01:15:24 HA_Wetter_6_PP fc4_chOfRain00: 15
2015-05-27_01:15:24 HA_Wetter_6_PP fc1_chOfRain12: 10
2015-05-27_01:15:24 HA_Wetter_6_PP fc2_moonSet: 03:11
2015-05-27_01:15:24 HA_Wetter_6_PP fc9_tempMin: 5
2015-05-27_01:15:24 HA_Wetter_6_PP fc4_chOfRain06: 10
2015-05-27_01:15:24 HA_Wetter_6_PP fc5_chOfRainDay: 40
2015-05-27_01:15:24 HA_Wetter_6_PP fc5_cloud09: 62.5
2015-05-27_01:15:24 HA_Wetter_6_PP fc6_cloud09: 87.5
2015-05-27_01:15:24 HA_Wetter_6_PP fc0_temp09: 10
2015-05-27_01:15:24 HA_Wetter_6_PP fc8_tempMax: 19
2015-05-27_01:15:24 HA_Wetter_6_PP fc0_weatherMorning: wolkig
2015-05-27_01:15:24 HA_Wetter_6_PP fc5_temp18: 21
2015-05-27_01:15:24 HA_Wetter_6_PP fc3_rad: 5.3
2015-05-27_01:15:24 HA_Wetter_6_PP fc6_chOfRain06: 15
2015-05-27_01:15:24 HA_Wetter_6_PP fc7_moonRise: 21:49
2015-05-27_01:15:24 HA_Wetter_6_PP fc4_weatherEvening: wolkig
2015-05-27_01:15:24 HA_Wetter_6_PP fc2_rain12: 0.8
2015-05-27_01:15:24 HA_Wetter_6_PP fc3_rain12: 0
2015-05-27_01:15:24 HA_Wetter_6_PP fc6_chOfRain00: 40
2015-05-27_01:15:24 HA_Wetter_6_PP fc0_chOfRain09: 15
2015-05-27_01:15:24 HA_Wetter_6_PP fc7_weather: wolkig
2015-05-27_01:15:24 HA_Wetter_6_PP fc2_cloud03: 12.5
2015-05-27_01:15:24 HA_Wetter_6_PP fc1_temp15: 20
2015-05-27_01:15:24 HA_Wetter_6_PP fc2_chOfRain09: 40
2015-05-27_01:15:24 HA_Wetter_6_PP fc1_cloud03: 0
2015-05-27_01:15:24 HA_Wetter_6_PP fc4_temp00: 8
2015-05-27_01:15:24 HA_Wetter_6_PP fc2_moonRise: 16:35
2015-05-27_01:15:24 HA_Wetter_6_PP fc9_moonRise: 23:27
2015-05-27_01:15:24 HA_Wetter_6_PP fc3_cloud03: 87.5
2015-05-27_01:15:24 HA_Wetter_6_PP fc4_chOfRain18: 10
2015-05-27_01:15:24 HA_Wetter_6_PP fc6_temp09: 12
2015-05-27_01:15:24 HA_Wetter_6_PP fc4_cloud06: 37.5
2015-05-27_01:15:24 HA_Wetter_6_PP fc3_rain: 0
2015-05-27_01:15:24 HA_Wetter_6_PP fc0_tempMax: 11
2015-05-27_01:15:24 HA_Wetter_6_PP fc2_cloud21: 87.5
2015-05-27_01:15:24 HA_Wetter_6_PP fc1_temp09: 16
2015-05-27_01:15:24 HA_Wetter_6_PP fc3_temp15: 17
2015-05-27_01:15:24 HA_Wetter_6_PP fc4_temp09: 15
2015-05-27_01:15:24 HA_Wetter_6_PP fc5_rain06: 0.8
2015-05-27_01:15:24 HA_Wetter_6_PP fc2_weatherDayIcon: http://www.proplanta.de/wetterdaten/images/symbole/t6.gif
2015-05-27_01:15:24 HA_Wetter_6_PP fc1_weatherDay: wolkig
2015-05-27_01:15:24 HA_Wetter_6_PP fc4_weatherMorningIcon: http://www.proplanta.de/wetterdaten/images/symbole/t3.gif
2015-05-27_01:15:24 HA_Wetter_6_PP fc1_uv: 4
2015-05-27_01:15:24 HA_Wetter_6_PP fc4_weatherMorning: wolkig
2015-05-27_01:15:24 HA_Wetter_6_PP fc5_tempMin: 12
2015-05-27_01:15:24 HA_Wetter_6_PP fc3_weatherMorningIcon: http://www.proplanta.de/wetterdaten/images/symbole/t4.gif
2015-05-27_01:15:24 HA_Wetter_6_PP fc4_cloud18: 37.5
2015-05-27_01:15:24 HA_Wetter_6_PP fc0_rad: 2.3
2015-05-27_01:15:24 HA_Wetter_6_PP fc5_moonSet: 04:36
2015-05-27_01:15:24 HA_Wetter_6_PP fc6_rain18: 1.1
2015-05-27_01:15:24 HA_Wetter_6_PP fc6_sun: 60
2015-05-27_01:15:24 HA_Wetter_6_PP fc0_dew: 3
2015-05-27_01:15:24 HA_Wetter_6_PP fc11_tempMax: 21
2015-05-27_01:15:24 HA_Wetter_6_PP fc6_dew: 2
2015-05-27_01:15:24 HA_Wetter_6_PP fc2_chOfRain21: 20
2015-05-27_01:15:24 HA_Wetter_6_PP fc2_chOfRainNight: 15
2015-05-27_01:15:24 HA_Wetter_6_PP fc6_rain21: 1.1
2015-05-27_01:15:24 HA_Wetter_6_PP fc3_weatherDay: stark bewoelkt
2015-05-27_01:15:24 HA_Wetter_6_PP fc5_cloud18: 50
2015-05-27_01:15:24 HA_Wetter_6_PP fc6_temp12: 17
2015-05-27_01:15:24 HA_Wetter_6_PP fc0_cloud21: 75
2015-05-27_01:15:24 HA_Wetter_6_PP fc3_date: 30.05.2015
2015-05-27_01:15:24 HA_Wetter_6_PP fc4_chOfRain03: 10
2015-05-27_01:15:24 HA_Wetter_6_PP fc2_chOfRainDay: 40
2015-05-27_01:15:24 HA_Wetter_6_PP fc1_weatherDayIcon: http://www.proplanta.de/wetterdaten/images/symbole/t3.gif
2015-05-27_01:15:24 HA_Wetter_6_PP fc6_weatherMorning: stark bewoelkt
2015-05-27_01:15:24 HA_Wetter_6_PP fc5_date: 01.06.2015
2015-05-27_01:15:24 HA_Wetter_6_PP fc3_cloud18: 87.5
2015-05-27_01:15:24 HA_Wetter_6_PP fc1_weatherMorningIcon: http://www.proplanta.de/wetterdaten/images/symbole/t2.gif
2015-05-27_01:15:24 HA_Wetter_6_PP fc5_dew: 0
2015-05-27_01:15:24 HA_Wetter_6_PP fc1_cloud18: 75
2015-05-27_01:15:24 HA_Wetter_6_PP fc0_cloud06: 50
2015-05-27_01:15:24 HA_Wetter_6_PP fc4_cloud12: 75
2015-05-27_01:15:24 HA_Wetter_6_PP fc8_moonSet: 06:52
2015-05-27_01:15:24 HA_Wetter_6_PP fc10_tempMin: 10
2015-05-27_01:15:24 HA_Wetter_6_PP fc3_evapor: 2
2015-05-27_01:15:24 HA_Wetter_6_PP fc10_moonSet: 09:02
2015-05-27_01:15:24 HA_Wetter_6_PP fc0_cloud00: 62.5
2015-05-27_01:15:24 HA_Wetter_6_PP fc0_temp03: 6
2015-05-27_01:15:24 HA_Wetter_6_PP fc3_moonSet: 03:36
2015-05-27_01:15:24 HA_Wetter_6_PP fc0_temp06: 8
2015-05-27_01:15:24 HA_Wetter_6_PP fc0_weatherMorningIcon: http://www.proplanta.de/wetterdaten/images/symbole/t3.gif
2015-05-27_01:15:24 HA_Wetter_6_PP fc4_weatherDay: wolkig
2015-05-27_01:15:24 HA_Wetter_6_PP fc2_chOfRain06: 10
2015-05-27_01:15:24 HA_Wetter_6_PP fc1_chOfRain03: 5
2015-05-27_01:15:24 HA_Wetter_6_PP fc1_weatherEvening: stark bewoelkt
2015-05-27_01:15:24 HA_Wetter_6_PP fc4_cloud15: 25
2015-05-27_01:15:24 HA_Wetter_6_PP fc6_weatherEvening: unterschiedlich bewoelkt, vereinzelt Schauer und Gewitter
2015-05-27_01:15:24 HA_Wetter_6_PP fc12_moonRise: 00:40
2015-05-27_01:15:24 HA_Wetter_6_PP fc3_chOfRain00: 20
2015-05-27_01:15:24 HA_Wetter_6_PP fc0_rain03: 0
2015-05-27_01:15:24 HA_Wetter_6_PP fc2_cloud15: 62.5
2015-05-27_01:15:24 HA_Wetter_6_PP fc2_rad: 7.1
2015-05-27_01:15:24 HA_Wetter_6_PP fc5_tempMax: 26
2015-05-27_01:15:24 HA_Wetter_6_PP fc5_weatherNightIcon: http://www.proplanta.de/wetterdaten/images/symbole/n6.gif
2015-05-27_01:15:24 HA_Wetter_6_PP fc9_weather: sonnig
2015-05-27_01:15:24 HA_Wetter_6_PP fc2_temp09: 17
2015-05-27_01:15:24 HA_Wetter_6_PP fc5_temp12: 25
2015-05-27_01:15:24 HA_Wetter_6_PP fc12_tempMax: 24
2015-05-27_01:15:24 HA_Wetter_6_PP fc5_temp06: 16
2015-05-27_01:15:24 HA_Wetter_6_PP fc5_moonRise: 19:48
2015-05-27_01:15:24 HA_Wetter_6_PP fc5_rain03: 0.6
2015-05-27_01:15:24 HA_Wetter_6_PP fc5_cloud21: 100
2015-05-27_01:15:24 HA_Wetter_6_PP fc3_chOfRain12: 10
2015-05-27_01:15:24 HA_Wetter_6_PP fc2_weatherNight: stark bewoelkt
2015-05-27_01:15:24 HA_Wetter_6_PP fc12_weatherIcon: http://www.proplanta.de/wetterdaten/images/symbole/t2.gif
2015-05-27_01:15:24 HA_Wetter_6_PP fc1_cloud06: 25
2015-05-27_01:15:24 HA_Wetter_6_PP fc0_chOfRain12: 20
2015-05-27_01:15:24 HA_Wetter_6_PP fc6_temp21: 12
2015-05-27_01:15:24 HA_Wetter_6_PP fc2_temp00: 9
2015-05-27_01:15:24 HA_Wetter_6_PP fc1_chOfRain15: 10
2015-05-27_01:15:24 HA_Wetter_6_PP fc6_weatherMorningIcon: http://www.proplanta.de/wetterdaten/images/symbole/t4.gif
2015-05-27_01:15:24 HA_Wetter_6_PP fc2_rain21: 0
2015-05-27_01:15:24 HA_Wetter_6_PP fc0_temp21: 5
2015-05-27_01:15:24 HA_Wetter_6_PP fc1_weatherNightIcon: http://www.proplanta.de/wetterdaten/images/symbole/n6.gif
2015-05-27_01:15:24 HA_Wetter_6_PP fc0_moonRise: 14:30
2015-05-27_01:15:24 HA_Wetter_6_PP fc3_chOfRain15: 20
2015-05-27_01:15:24 HA_Wetter_6_PP fc13_tempMin: 10
2015-05-27_01:15:24 HA_Wetter_6_PP fc5_rain21: 1.3
2015-05-27_01:15:24 HA_Wetter_6_PP fc5_temp09: 22
2015-05-27_01:15:24 HA_Wetter_6_PP fc1_temp21: 11
2015-05-27_01:15:24 HA_Wetter_6_PP fc6_moonSet: 05:14
2015-05-27_01:15:24 HA_Wetter_6_PP fc4_chOfRain21: 15
2015-05-27_01:15:24 HA_Wetter_6_PP fc3_temp06: 11
2015-05-27_01:15:24 HA_Wetter_6_PP fc0_tempMin: 5
2015-05-27_01:15:24 HA_Wetter_6_PP fc6_chOfRain15: 15
2015-05-27_01:15:24 HA_Wetter_6_PP fc3_cloud09: 37.5
2015-05-27_01:15:24 HA_Wetter_6_PP fc1_chOfRain18: 15
2015-05-27_01:15:24 HA_Wetter_6_PP fc1_tempMax: 20
2015-05-27_01:15:24 HA_Wetter_6_PP fc1_cloud15: 37.5
2015-05-27_01:15:24 HA_Wetter_6_PP fc6_cloud00: 100
2015-05-27_01:15:24 HA_Wetter_6_PP fc5_uv: 5
2015-05-27_01:15:24 HA_Wetter_6_PP fc0_rain09: 0.2
2015-05-27_01:15:24 HA_Wetter_6_PP fc1_temp12: 19
2015-05-27_01:15:24 HA_Wetter_6_PP fc7_date: 03.06.2015
2015-05-27_01:15:24 HA_Wetter_6_PP fc6_weatherDay: unterschiedlich bewoelkt, vereinzelt Schauer und Gewitter
2015-05-27_01:15:24 HA_Wetter_6_PP fc11_moonSet: 10:14
2015-05-27_01:15:24 HA_Wetter_6_PP fc9_tempMax: 26
2015-05-27_01:15:24 HA_Wetter_6_PP fc3_chOfRainDay: 15
2015-05-27_01:15:24 HA_Wetter_6_PP fc6_chOfRain18: 50
2015-05-27_01:15:24 HA_Wetter_6_PP fc3_rain09: 0
2015-05-27_01:15:24 HA_Wetter_6_PP fc2_weatherDay: Regenschauer
2015-05-27_01:15:24 HA_Wetter_6_PP fc2_tempMin: 9
2015-05-27_01:15:24 HA_Wetter_6_PP Tmin: 5 Tmax: 11
2015-05-27_01:15:24 HA_Wetter_6_PP lastConnection: 428 values captured in 29.41 s
2015-05-27_02:15:24 HA_Wetter_6_PP durationFetchReadings: 29.52
2015-05-27_02:15:24 HA_Wetter_6_PP lastConnection: 428 values captured in 29.52 s
2015-05-27_03:15:25 HA_Wetter_6_PP durationFetchReadings: 30.36
2015-05-27_03:15:25 HA_Wetter_6_PP lastConnection: 428 values captured in 30.36 s
2015-05-27_04:15:27 HA_Wetter_6_PP wind: 14.4
2015-05-27_04:15:27 HA_Wetter_6_PP cloudBaseMin: 1500
2015-05-27_04:15:27 HA_Wetter_6_PP dewPoint: 4.8
2015-05-27_04:15:27 HA_Wetter_6_PP windDirIcon: http://www.proplanta.de/wetterdaten/images/symbole/w7.gif
2015-05-27_04:15:27 HA_Wetter_6_PP obsTime: 03:00
2015-05-27_04:15:27 HA_Wetter_6_PP durationFetchReadings: 32.74
2015-05-27_04:15:27 HA_Wetter_6_PP humidity: 79.5
2015-05-27_04:15:27 HA_Wetter_6_PP visibility: 40
2015-05-27_04:15:27 HA_Wetter_6_PP pressure: 1021.7
2015-05-27_04:15:27 HA_Wetter_6_PP temperature: 8.1
2015-05-27_04:15:27 HA_Wetter_6_PP cloudBaseMax: 2000
2015-05-27_04:15:27 HA_Wetter_6_PP windDir: 203
2015-05-27_04:15:27 HA_Wetter_6_PP Tmin: 5 Tmax: 11 T: 8.1 H: 79.5 W: 14.4 P: 1021.7
2015-05-27_04:15:27 HA_Wetter_6_PP lastConnection: 439 values captured in 32.74 s
2015-05-27_05:15:29 HA_Wetter_6_PP dewPoint: 4.7
2015-05-27_05:15:29 HA_Wetter_6_PP windDirIcon: http://www.proplanta.de/wetterdaten/images/symbole/w30.gif
2015-05-27_05:15:29 HA_Wetter_6_PP obsTime: 04:00
2015-05-27_05:15:29 HA_Wetter_6_PP durationFetchReadings: 34.77
2015-05-27_05:15:29 HA_Wetter_6_PP humidity: 80.6
2015-05-27_05:15:29 HA_Wetter_6_PP visibility: 35
2015-05-27_05:15:29 HA_Wetter_6_PP pressure: 1021.8
2015-05-27_05:15:29 HA_Wetter_6_PP temperature: 7.8
2015-05-27_05:15:29 HA_Wetter_6_PP windDir: 225
2015-05-27_05:15:29 HA_Wetter_6_PP Tmin: 5 Tmax: 11 T: 7.8 H: 80.6 W: 14.4 P: 1021.8
2015-05-27_05:15:29 HA_Wetter_6_PP lastConnection: 439 values captured in 34.77 s
2015-05-27_06:15:27 HA_Wetter_6_PP dewPoint: 4.2
2015-05-27_06:15:27 HA_Wetter_6_PP obsTime: 05:00
2015-05-27_06:15:27 HA_Wetter_6_PP durationFetchReadings: 32.36
2015-05-27_06:15:27 HA_Wetter_6_PP humidity: 85.1
2015-05-27_06:15:27 HA_Wetter_6_PP visibility: 29
2015-05-27_06:15:27 HA_Wetter_6_PP pressure: 1022.2
2015-05-27_06:15:27 HA_Wetter_6_PP temperature: 6.5
2015-05-27_06:15:27 HA_Wetter_6_PP Tmin: 5 Tmax: 11 T: 6.5 H: 85.1 W: 14.4 P: 1022.2
2015-05-27_06:15:27 HA_Wetter_6_PP lastConnection: 439 values captured in 32.36 s
2015-05-27_07:15:32 HA_Wetter_6_PP wind: 7.2
2015-05-27_07:15:32 HA_Wetter_6_PP dewPoint: 3.8
2015-05-27_07:15:32 HA_Wetter_6_PP obsTime: 06:00
2015-05-27_07:15:32 HA_Wetter_6_PP durationFetchReadings: 37.28
2015-05-27_07:15:32 HA_Wetter_6_PP humidity: 85
2015-05-27_07:15:32 HA_Wetter_6_PP visibility: 30
2015-05-27_07:15:32 HA_Wetter_6_PP pressure: 1022.8
2015-05-27_07:15:32 HA_Wetter_6_PP temperature: 6.1
2015-05-27_07:15:32 HA_Wetter_6_PP Tmin: 5 Tmax: 11 T: 6.1 H: 85 W: 7.2 P: 1022.8
2015-05-27_07:15:32 HA_Wetter_6_PP lastConnection: 439 values captured in 37.28 s
2015-05-27_08:15:30 HA_Wetter_6_PP cloudBaseMin: 600
2015-05-27_08:15:30 HA_Wetter_6_PP dewPoint: 4.1
2015-05-27_08:15:30 HA_Wetter_6_PP obsTime: 07:00
2015-05-27_08:15:30 HA_Wetter_6_PP durationFetchReadings: 35.57
2015-05-27_08:15:30 HA_Wetter_6_PP humidity: 82.2
2015-05-27_08:15:30 HA_Wetter_6_PP pressure: 1023.1
2015-05-27_08:15:30 HA_Wetter_6_PP temperature: 6.9
2015-05-27_08:15:30 HA_Wetter_6_PP cloudBaseMax: 1000
2015-05-27_08:15:30 HA_Wetter_6_PP Tmin: 5 Tmax: 11 T: 6.9 H: 82.2 W: 7.2 P: 1023.1
2015-05-27_08:15:30 HA_Wetter_6_PP lastConnection: 439 values captured in 35.57 s
2015-05-27_09:15:37 HA_Wetter_6_PP wind: 10.8
2015-05-27_09:15:37 HA_Wetter_6_PP dewPoint: 4.2
2015-05-27_09:15:37 HA_Wetter_6_PP obsTime: 08:00
2015-05-27_09:15:37 HA_Wetter_6_PP durationFetchReadings: 42.28
2015-05-27_09:15:37 HA_Wetter_6_PP humidity: 80.5
2015-05-27_09:15:37 HA_Wetter_6_PP temperature: 7.3
2015-05-27_09:15:37 HA_Wetter_6_PP Tmin: 5 Tmax: 11 T: 7.3 H: 80.5 W: 10.8 P: 1023.1
2015-05-27_09:15:37 HA_Wetter_6_PP lastConnection: 439 values captured in 42.28 s
2015-05-27_10:15:32 HA_Wetter_6_PP fc8_tempMin: 10
2015-05-27_10:15:32 HA_Wetter_6_PP fc5_chOfRain09: 0
2015-05-27_10:15:32 HA_Wetter_6_PP fc3_cloud21: 87.5
2015-05-27_10:15:32 HA_Wetter_6_PP fc3_chOfRain03: 0
2015-05-27_10:15:32 HA_Wetter_6_PP fc0_uv: 1
2015-05-27_10:15:32 HA_Wetter_6_PP fc2_sun: 50
2015-05-27_10:15:32 HA_Wetter_6_PP fc7_tempMin: 11
2015-05-27_10:15:32 HA_Wetter_6_PP fc2_cloud12: 37.5
2015-05-27_10:15:32 HA_Wetter_6_PP fc3_weatherDayIcon: http://www.proplanta.de/wetterdaten/images/symbole/t3.gif
2015-05-27_10:15:32 HA_Wetter_6_PP fc6_weatherDayIcon: http://www.proplanta.de/wetterdaten/images/symbole/t3.gif
2015-05-27_10:15:32 HA_Wetter_6_PP fc5_cloud00: 12.5
2015-05-27_10:15:32 HA_Wetter_6_PP fc0_temp12: 11
2015-05-27_10:15:32 HA_Wetter_6_PP fc3_temp21: 9
2015-05-27_10:15:32 HA_Wetter_6_PP fc3_sun: 50
2015-05-27_10:15:32 HA_Wetter_6_PP fc4_weatherNight: heiter
2015-05-27_10:15:32 HA_Wetter_6_PP fc6_cloud21: 0
2015-05-27_10:15:32 HA_Wetter_6_PP fc3_temp09: 17
2015-05-27_10:15:32 HA_Wetter_6_PP wind: 14.4
2015-05-27_10:15:32 HA_Wetter_6_PP fc1_weatherEveningIcon: http://www.proplanta.de/wetterdaten/images/symbole/n8.gif
2015-05-27_10:15:32 HA_Wetter_6_PP fc5_weatherMorningIcon: http://www.proplanta.de/wetterdaten/images/symbole/t1.gif
2015-05-27_10:15:32 HA_Wetter_6_PP fc4_sun: 75
2015-05-27_10:15:32 HA_Wetter_6_PP fc4_weatherEveningIcon: http://www.proplanta.de/wetterdaten/images/symbole/n2.gif
2015-05-27_10:15:32 HA_Wetter_6_PP fc4_temp03: 9
2015-05-27_10:15:32 HA_Wetter_6_PP fc6_temp15: 23
2015-05-27_10:15:32 HA_Wetter_6_PP fc6_chOfRainNight: 5
2015-05-27_10:15:32 HA_Wetter_6_PP fc5_rain12: 0
2015-05-27_10:15:32 HA_Wetter_6_PP fc3_chOfRain18: 10
2015-05-27_10:15:32 HA_Wetter_6_PP fc3_temp00: 9
2015-05-27_10:15:32 HA_Wetter_6_PP fc4_cloud00: 62.5
2015-05-27_10:15:32 HA_Wetter_6_PP fc8_weatherIcon: http://www.proplanta.de/wetterdaten/images/symbole/t4.gif
2015-05-27_10:15:32 HA_Wetter_6_PP fc1_rain: 2.4
2015-05-27_10:15:32 HA_Wetter_6_PP fc1_cloud09: 25
2015-05-27_10:15:32 HA_Wetter_6_PP fc2_chOfRain03: 10
2015-05-27_10:15:32 HA_Wetter_6_PP fc3_chOfRain06: 0
2015-05-27_10:15:32 HA_Wetter_6_PP fc6_chOfRain12: 10
2015-05-27_10:15:32 HA_Wetter_6_PP fc12_tempMin: 8
2015-05-27_10:15:32 HA_Wetter_6_PP fc4_temp18: 15
2015-05-27_10:15:32 HA_Wetter_6_PP fc2_cloud00: 62.5
2015-05-27_10:15:32 HA_Wetter_6_PP fc6_rain00: 0
2015-05-27_10:15:32 HA_Wetter_6_PP fc6_rain09: 0
2015-05-27_10:15:32 HA_Wetter_6_PP fc5_weatherEveningIcon: http://www.proplanta.de/wetterdaten/images/symbole/n6.gif
2015-05-27_10:15:32 HA_Wetter_6_PP fc4_cloud09: 0
2015-05-27_10:15:32 HA_Wetter_6_PP fc3_cloud06: 0
2015-05-27_10:15:32 HA_Wetter_6_PP fc1_rain18: 0.9
2015-05-27_10:15:32 HA_Wetter_6_PP fc4_chOfRain12: 5
2015-05-27_10:15:32 HA_Wetter_6_PP fc2_uv: 5
2015-05-27_10:15:32 HA_Wetter_6_PP fc5_temp21: 15
2015-05-27_10:15:32 HA_Wetter_6_PP fc4_chOfRainDay: 5
2015-05-27_10:15:32 HA_Wetter_6_PP fc3_chOfRain09: 0
2015-05-27_10:15:32 HA_Wetter_6_PP fc10_weather: heiter
2015-05-27_10:15:32 HA_Wetter_6_PP fc6_evapor: 2
2015-05-27_10:15:32 HA_Wetter_6_PP fc5_temp15: 25
2015-05-27_10:15:32 HA_Wetter_6_PP fc11_tempMin: 7
2015-05-27_10:15:32 HA_Wetter_6_PP fc5_cloud06: 0
2015-05-27_10:15:32 HA_Wetter_6_PP fc6_cloud15: 37.5
2015-05-27_10:15:32 HA_Wetter_6_PP fc6_rain: 1.4
2015-05-27_10:15:32 HA_Wetter_6_PP fc6_weatherNight: heiter
2015-05-27_10:15:32 HA_Wetter_6_PP fc0_sun: 5
2015-05-27_10:15:32 HA_Wetter_6_PP fc5_chOfRain18: 40
2015-05-27_10:15:32 HA_Wetter_6_PP fc2_chOfRain12: 10
2015-05-27_10:15:32 HA_Wetter_6_PP fc9_weatherIcon: http://www.proplanta.de/wetterdaten/images/symbole/t4.gif
2015-05-27_10:15:32 HA_Wetter_6_PP dewPoint: 4.5
2015-05-27_10:15:32 HA_Wetter_6_PP fc0_chOfRainDay: 20
2015-05-27_10:15:32 HA_Wetter_6_PP fc10_tempMax: 23
2015-05-27_10:15:32 HA_Wetter_6_PP windDirIcon: http://www.proplanta.de/wetterdaten/images/symbole/w7.gif
2015-05-27_10:15:32 HA_Wetter_6_PP fc0_rain: 0
2015-05-27_10:15:32 HA_Wetter_6_PP fc10_weatherIcon: http://www.proplanta.de/wetterdaten/images/symbole/t2.gif
2015-05-27_10:15:32 HA_Wetter_6_PP fc1_rain21: 1.5
2015-05-27_10:15:32 HA_Wetter_6_PP obsTime: 09:00
2015-05-27_10:15:32 HA_Wetter_6_PP fc5_weatherMorning: sonnig
2015-05-27_10:15:32 HA_Wetter_6_PP fc8_weather: stark bewoelkt
2015-05-27_10:15:32 HA_Wetter_6_PP fc4_temp06: 11
2015-05-27_10:15:32 HA_Wetter_6_PP fc6_rain06: 0.6
2015-05-27_10:15:32 HA_Wetter_6_PP fc4_temp21: 10
2015-05-27_10:15:32 HA_Wetter_6_PP fc4_tempMax: 19
2015-05-27_10:15:32 HA_Wetter_6_PP fc6_weatherEveningIcon: http://www.proplanta.de/wetterdaten/images/symbole/n3.gif
2015-05-27_10:15:32 HA_Wetter_6_PP fc3_weatherMorning: sonnig
2015-05-27_10:15:32 HA_Wetter_6_PP fc3_cloud15: 62.5
2015-05-27_10:15:32 HA_Wetter_6_PP fc4_weatherDayIcon: http://www.proplanta.de/wetterdaten/images/symbole/t2.gif
2015-05-27_10:15:32 HA_Wetter_6_PP fc5_weatherEvening: Regenschauer
2015-05-27_10:15:32 HA_Wetter_6_PP fc6_temp18: 19
2015-05-27_10:15:32 HA_Wetter_6_PP fc5_cloud12: 0
2015-05-27_10:15:32 HA_Wetter_6_PP fc5_rain18: 1.1
2015-05-27_10:15:32 HA_Wetter_6_PP fc6_uv: 5
2015-05-27_10:15:32 HA_Wetter_6_PP fc6_tempMax: 23
2015-05-27_10:15:32 HA_Wetter_6_PP fc13_weather: heiter
2015-05-27_10:15:32 HA_Wetter_6_PP fc6_cloud18: 50
2015-05-27_10:15:32 HA_Wetter_6_PP fc0_chOfRain21: 20
2015-05-27_10:15:32 HA_Wetter_6_PP fc11_weatherIcon: http://www.proplanta.de/wetterdaten/images/symbole/t2.gif
2015-05-27_10:15:32 HA_Wetter_6_PP fc0_weatherDayIcon: http://www.proplanta.de/wetterdaten/images/symbole/t5.gif
2015-05-27_10:15:32 HA_Wetter_6_PP fc5_rain: 3.1
2015-05-27_10:15:32 HA_Wetter_6_PP fc13_tempMax: 22
2015-05-27_10:15:32 HA_Wetter_6_PP fc0_chOfRain06: 20
2015-05-27_10:15:32 HA_Wetter_6_PP fc5_temp03: 10
2015-05-27_10:15:32 HA_Wetter_6_PP fc1_cloud00: 62.5
2015-05-27_10:15:32 HA_Wetter_6_PP fc6_temp03: 10
2015-05-27_10:15:32 HA_Wetter_6_PP fc4_rad: 8.2
2015-05-27_10:15:32 HA_Wetter_6_PP fc4_cloud03: 62.5
2015-05-27_10:15:32 HA_Wetter_6_PP fc5_chOfRain15: 50
2015-05-27_10:15:32 HA_Wetter_6_PP fc0_weatherDay: bedeckt
2015-05-27_10:15:32 HA_Wetter_6_PP fc13_weatherIcon: http://www.proplanta.de/wetterdaten/images/symbole/t2.gif
2015-05-27_10:15:32 HA_Wetter_6_PP fc5_chOfRain03: 0
2015-05-27_10:15:32 HA_Wetter_6_PP fc5_chOfRain06: 0
2015-05-27_10:15:32 HA_Wetter_6_PP fc5_rain09: 0
2015-05-27_10:15:32 HA_Wetter_6_PP fc0_chOfRain00: 20
2015-05-27_10:15:32 HA_Wetter_6_PP fc3_tempMin: 8
2015-05-27_10:15:32 HA_Wetter_6_PP fc6_chOfRainDay: 10
2015-05-27_10:15:32 HA_Wetter_6_PP fc0_cloud09: 100
2015-05-27_10:15:32 HA_Wetter_6_PP fc5_cloud03: 0
2015-05-27_10:15:32 HA_Wetter_6_PP fc4_chOfRain09: 5
2015-05-27_10:15:32 HA_Wetter_6_PP durationFetchReadings: 37.63
2015-05-27_10:15:32 HA_Wetter_6_PP fc4_chOfRainNight: 5
2015-05-27_10:15:32 HA_Wetter_6_PP fc6_rad: 7.2
2015-05-27_10:15:32 HA_Wetter_6_PP fc3_cloud00: 50
2015-05-27_10:15:32 HA_Wetter_6_PP fc6_cloud12: 37.5
2015-05-27_10:15:32 HA_Wetter_6_PP fc0_cloud12: 100
2015-05-27_10:15:32 HA_Wetter_6_PP humidity: 76.8
2015-05-27_10:15:32 HA_Wetter_6_PP fc4_chOfRain15: 5
2015-05-27_10:15:32 HA_Wetter_6_PP fc5_chOfRain00: 5
2015-05-27_10:15:32 HA_Wetter_6_PP fc5_rad: 7.8
2015-05-27_10:15:32 HA_Wetter_6_PP fc6_temp06: 11
2015-05-27_10:15:32 HA_Wetter_6_PP fc4_tempMin: 8
2015-05-27_10:15:32 HA_Wetter_6_PP fc2_cloud09: 37.5
2015-05-27_10:15:32 HA_Wetter_6_PP fc7_weatherIcon: http://www.proplanta.de/wetterdaten/images/symbole/t4.gif
2015-05-27_10:15:32 HA_Wetter_6_PP fc1_rad: 7.2
2015-05-27_10:15:32 HA_Wetter_6_PP fc2_evapor: 2
2015-05-27_10:15:32 HA_Wetter_6_PP visibility: 35
2015-05-27_10:15:32 HA_Wetter_6_PP pressure: 1023
2015-05-27_10:15:32 HA_Wetter_6_PP fc2_rain09: 0
2015-05-27_10:15:32 HA_Wetter_6_PP fc3_tempMax: 18
2015-05-27_10:15:32 HA_Wetter_6_PP fc4_cloud21: 25
2015-05-27_10:15:32 HA_Wetter_6_PP fc4_temp15: 19
2015-05-27_10:15:32 HA_Wetter_6_PP temperature: 8.3
2015-05-27_10:15:32 HA_Wetter_6_PP fc2_weatherNightIcon: http://www.proplanta.de/wetterdaten/images/symbole/n3.gif
2015-05-27_10:15:32 HA_Wetter_6_PP fc2_weatherEvening: wolkig
2015-05-27_10:15:32 HA_Wetter_6_PP fc6_temp00: 12
2015-05-27_10:15:32 HA_Wetter_6_PP fc6_chOfRain09: 10
2015-05-27_10:15:32 HA_Wetter_6_PP fc2_temp18: 16
2015-05-27_10:15:32 HA_Wetter_6_PP fc5_chOfRain12: 0
2015-05-27_10:15:32 HA_Wetter_6_PP fc3_weatherEvening: wolkig
2015-05-27_10:15:32 HA_Wetter_6_PP fc3_weatherEveningIcon: http://www.proplanta.de/wetterdaten/images/symbole/n3.gif
2015-05-27_10:15:32 HA_Wetter_6_PP fc4_chOfRain00: 10
2015-05-27_10:15:32 HA_Wetter_6_PP fc9_tempMin: 8
2015-05-27_10:15:32 HA_Wetter_6_PP fc4_chOfRain06: 15
2015-05-27_10:15:32 HA_Wetter_6_PP fc3_dew: 0
2015-05-27_10:15:32 HA_Wetter_6_PP fc5_cloud09: 0
2015-05-27_10:15:32 HA_Wetter_6_PP fc6_cloud09: 50
2015-05-27_10:15:32 HA_Wetter_6_PP fc8_tempMax: 17
2015-05-27_10:15:32 HA_Wetter_6_PP fc0_weatherMorning: bedeckt
2015-05-27_10:15:32 HA_Wetter_6_PP fc3_rad: 6.6
2015-05-27_10:15:32 HA_Wetter_6_PP fc6_chOfRain21: 0
2015-05-27_10:15:32 HA_Wetter_6_PP fc6_chOfRain06: 80
2015-05-27_10:15:32 HA_Wetter_6_PP fc4_weatherEvening: heiter
2015-05-27_10:15:32 HA_Wetter_6_PP fc2_rain12: 0
2015-05-27_10:15:32 HA_Wetter_6_PP fc2_cloud18: 62.5
2015-05-27_10:15:32 HA_Wetter_6_PP fc3_rain12: 0.6
2015-05-27_10:15:32 HA_Wetter_6_PP fc6_chOfRain00: 10
2015-05-27_10:15:32 HA_Wetter_6_PP fc0_chOfRain09: 20
2015-05-27_10:15:32 HA_Wetter_6_PP fc7_weather: stark bewoelkt
2015-05-27_10:15:32 HA_Wetter_6_PP fc2_cloud03: 37.5
2015-05-27_10:15:32 HA_Wetter_6_PP fc2_chOfRain09: 10
2015-05-27_10:15:32 HA_Wetter_6_PP fc1_cloud03: 12.5
2015-05-27_10:15:32 HA_Wetter_6_PP fc6_tempMin: 10
2015-05-27_10:15:32 HA_Wetter_6_PP fc3_cloud03: 0
2015-05-27_10:15:32 HA_Wetter_6_PP fc4_chOfRain18: 5
2015-05-27_10:15:32 HA_Wetter_6_PP fc6_temp09: 16
2015-05-27_10:15:32 HA_Wetter_6_PP fc4_cloud06: 75
2015-05-27_10:15:32 HA_Wetter_6_PP fc3_rain: 0.6
2015-05-27_10:15:32 HA_Wetter_6_PP fc5_rain15: 0.5
2015-05-27_10:15:32 HA_Wetter_6_PP fc2_cloud21: 62.5
2015-05-27_10:15:32 HA_Wetter_6_PP fc1_temp09: 17
2015-05-27_10:15:32 HA_Wetter_6_PP fc3_temp15: 18
2015-05-27_10:15:32 HA_Wetter_6_PP fc3_temp03: 8
2015-05-27_10:15:32 HA_Wetter_6_PP fc5_rain06: 0
2015-05-27_10:15:32 HA_Wetter_6_PP fc2_weatherDayIcon: http://www.proplanta.de/wetterdaten/images/symbole/t3.gif
2015-05-27_10:15:32 HA_Wetter_6_PP fc4_weatherMorningIcon: http://www.proplanta.de/wetterdaten/images/symbole/t4.gif
2015-05-27_10:15:32 HA_Wetter_6_PP fc1_uv: 5
2015-05-27_10:15:32 HA_Wetter_6_PP fc4_weatherMorning: stark bewoelkt
2015-05-27_10:15:32 HA_Wetter_6_PP fc5_tempMin: 10
2015-05-27_10:15:32 HA_Wetter_6_PP fc3_weatherMorningIcon: http://www.proplanta.de/wetterdaten/images/symbole/t1.gif
2015-05-27_10:15:32 HA_Wetter_6_PP fc4_cloud18: 12.5
2015-05-27_10:15:32 HA_Wetter_6_PP fc0_rad: 2.2
2015-05-27_10:15:32 HA_Wetter_6_PP fc6_rain18: 0
2015-05-27_10:15:32 HA_Wetter_6_PP fc6_sun: 50
2015-05-27_10:15:32 HA_Wetter_6_PP fc11_tempMax: 22
2015-05-27_10:15:32 HA_Wetter_6_PP fc6_dew: 0
2015-05-27_10:15:32 HA_Wetter_6_PP fc2_chOfRain21: 10
2015-05-27_10:15:32 HA_Wetter_6_PP fc2_chOfRainNight: 10
2015-05-27_10:15:32 HA_Wetter_6_PP fc6_rain21: 0
2015-05-27_10:15:32 HA_Wetter_6_PP fc3_weatherDay: wolkig
2015-05-27_10:15:32 HA_Wetter_6_PP windDir: 203
2015-05-27_10:15:32 HA_Wetter_6_PP fc6_temp12: 21
2015-05-27_10:15:32 HA_Wetter_6_PP fc0_cloud21: 100
2015-05-27_10:15:32 HA_Wetter_6_PP fc2_chOfRain18: 10
2015-05-27_10:15:32 HA_Wetter_6_PP fc2_chOfRainDay: 10
2015-05-27_10:15:32 HA_Wetter_6_PP fc1_chOfRain00: 15
2015-05-27_10:15:32 HA_Wetter_6_PP fc6_weatherMorning: Regen
2015-05-27_10:15:32 HA_Wetter_6_PP fc3_cloud18: 62.5
2015-05-27_10:15:32 HA_Wetter_6_PP fc5_dew: 3
2015-05-27_10:15:32 HA_Wetter_6_PP fc0_cloud06: 87.5
2015-05-27_10:15:32 HA_Wetter_6_PP fc5_cloud15: 50
2015-05-27_10:15:32 HA_Wetter_6_PP fc4_cloud12: 12.5
2015-05-27_10:15:32 HA_Wetter_6_PP fc10_tempMin: 7
2015-05-27_10:15:32 HA_Wetter_6_PP fc11_weather: heiter
2015-05-27_10:15:32 HA_Wetter_6_PP fc6_weatherNightIcon: http://www.proplanta.de/wetterdaten/images/symbole/n2.gif
2015-05-27_10:15:32 HA_Wetter_6_PP fc0_cloud00: 87.5
2015-05-27_10:15:32 HA_Wetter_6_PP fc0_weatherMorningIcon: http://www.proplanta.de/wetterdaten/images/symbole/t5.gif
2015-05-27_10:15:32 HA_Wetter_6_PP fc4_weatherDay: heiter
2015-05-27_10:15:32 HA_Wetter_6_PP fc1_weatherEvening: unterschiedlich bewoelkt, vereinzelt Schauer und Gewitter
2015-05-27_10:15:32 HA_Wetter_6_PP fc4_cloud15: 0
2015-05-27_10:15:32 HA_Wetter_6_PP fc2_weatherEveningIcon: http://www.proplanta.de/wetterdaten/images/symbole/n3.gif
2015-05-27_10:15:32 HA_Wetter_6_PP fc6_weatherEvening: wolkig
2015-05-27_10:15:32 HA_Wetter_6_PP fc2_rain: 0
2015-05-27_10:15:32 HA_Wetter_6_PP fc3_chOfRain00: 10
2015-05-27_10:15:32 HA_Wetter_6_PP fc2_cloud15: 37.5
2015-05-27_10:15:32 HA_Wetter_6_PP fc2_rad: 7.7
2015-05-27_10:15:32 HA_Wetter_6_PP fc5_tempMax: 25
2015-05-27_10:15:32 HA_Wetter_6_PP fc9_weather: stark bewoelkt
2015-05-27_10:15:32 HA_Wetter_6_PP fc1_cloud21: 87.5
2015-05-27_10:15:32 HA_Wetter_6_PP fc5_temp12: 24
2015-05-27_10:15:32 HA_Wetter_6_PP fc12_tempMax: 23
2015-05-27_10:15:32 HA_Wetter_6_PP fc5_temp06: 17
2015-05-27_10:15:32 HA_Wetter_6_PP fc2_temp12: 20
2015-05-27_10:15:32 HA_Wetter_6_PP fc4_uv: 7
2015-05-27_10:15:32 HA_Wetter_6_PP fc5_rain03: 0
2015-05-27_10:15:32 HA_Wetter_6_PP fc2_tempMax: 21
2015-05-27_10:15:32 HA_Wetter_6_PP fc5_cloud21: 50
2015-05-27_10:15:32 HA_Wetter_6_PP fc3_chOfRain12: 40
2015-05-27_10:15:32 HA_Wetter_6_PP fc2_weatherNight: wolkig
2015-05-27_10:15:32 HA_Wetter_6_PP fc1_cloud06: 12.5
2015-05-27_10:15:32 HA_Wetter_6_PP fc6_temp21: 15
2015-05-27_10:15:32 HA_Wetter_6_PP fc4_weatherNightIcon: http://www.proplanta.de/wetterdaten/images/symbole/n2.gif
2015-05-27_10:15:32 HA_Wetter_6_PP fc6_weatherMorningIcon: http://www.proplanta.de/wetterdaten/images/symbole/t7.gif
2015-05-27_10:15:32 HA_Wetter_6_PP fc0_temp21: 10
2015-05-27_10:15:32 HA_Wetter_6_PP fc3_chOfRain15: 15
2015-05-27_10:15:32 HA_Wetter_6_PP fc13_tempMin: 6
2015-05-27_10:15:32 HA_Wetter_6_PP fc5_rain21: 1.5
2015-05-27_10:15:32 HA_Wetter_6_PP fc2_cloud06: 50
2015-05-27_10:15:32 HA_Wetter_6_PP fc1_temp21: 12
2015-05-27_10:15:32 HA_Wetter_6_PP fc4_chOfRain21: 10
2015-05-27_10:15:32 HA_Wetter_6_PP fc3_temp06: 13
2015-05-27_10:15:32 HA_Wetter_6_PP fc0_tempMin: 6
2015-05-27_10:15:32 HA_Wetter_6_PP fc2_chOfRain00: 15
2015-05-27_10:15:32 HA_Wetter_6_PP fc6_chOfRain15: 10
2015-05-27_10:15:32 HA_Wetter_6_PP fc3_cloud09: 0
2015-05-27_10:15:32 HA_Wetter_6_PP fc1_chOfRain18: 50
2015-05-27_10:15:32 HA_Wetter_6_PP fc1_cloud15: 50
2015-05-27_10:15:32 HA_Wetter_6_PP fc3_uv: 5
2015-05-27_10:15:32 HA_Wetter_6_PP fc6_cloud00: 62.5
2015-05-27_10:15:32 HA_Wetter_6_PP fc5_uv: 7
2015-05-27_10:15:32 HA_Wetter_6_PP fc0_rain09: 0
2015-05-27_10:15:32 HA_Wetter_6_PP fc1_temp12: 20
2015-05-27_10:15:32 HA_Wetter_6_PP fc6_weatherDay: wolkig
2015-05-27_10:15:32 HA_Wetter_6_PP fc9_tempMax: 20
2015-05-27_10:15:32 HA_Wetter_6_PP fc3_chOfRainDay: 10
2015-05-27_10:15:32 HA_Wetter_6_PP fc6_chOfRain18: 10
2015-05-27_10:15:32 HA_Wetter_6_PP fc2_weatherDay: wolkig
2015-05-27_10:15:32 HA_Wetter_6_PP Tmin: 6 Tmax: 11 T: 8.3 H: 76.8 W: 14.4 P: 1023
2015-05-27_10:15:32 HA_Wetter_6_PP lastConnection: 439 values captured in 37.63 s
2015-05-27_11:15:32 HA_Wetter_6_PP wind: 10.8
2015-05-27_11:15:32 HA_Wetter_6_PP dewPoint: 2.6
2015-05-27_11:15:32 HA_Wetter_6_PP obsTime: 10:00
2015-05-27_11:15:32 HA_Wetter_6_PP durationFetchReadings: 37.77
2015-05-27_11:15:32 HA_Wetter_6_PP humidity: 58.9
2015-05-27_11:15:32 HA_Wetter_6_PP visibility: 40
2015-05-27_11:15:32 HA_Wetter_6_PP pressure: 1022.8
2015-05-27_11:15:32 HA_Wetter_6_PP temperature: 10.2
2015-05-27_11:15:32 HA_Wetter_6_PP Tmin: 6 Tmax: 11 T: 10.2 H: 58.9 W: 10.8 P: 1022.8
2015-05-27_11:15:32 HA_Wetter_6_PP lastConnection: 439 values captured in 37.77 s
2015-05-27_12:15:30 HA_Wetter_6_PP wind: 18
2015-05-27_12:15:30 HA_Wetter_6_PP dewPoint: 2.3
2015-05-27_12:15:30 HA_Wetter_6_PP obsTime: 11:00
2015-05-27_12:15:30 HA_Wetter_6_PP durationFetchReadings: 35.76
2015-05-27_12:15:30 HA_Wetter_6_PP humidity: 58.4
2015-05-27_12:15:30 HA_Wetter_6_PP pressure: 1022.9
2015-05-27_12:15:30 HA_Wetter_6_PP temperature: 10
2015-05-27_12:15:30 HA_Wetter_6_PP Tmin: 6 Tmax: 11 T: 10 H: 58.4 W: 18 P: 1022.9
2015-05-27_12:15:30 HA_Wetter_6_PP lastConnection: 439 values captured in 35.76 s
2015-05-27_13:15:34 HA_Wetter_6_PP dewPoint: 3.4
2015-05-27_13:15:34 HA_Wetter_6_PP windDirIcon: http://www.proplanta.de/wetterdaten/images/symbole/w29.gif
2015-05-27_13:15:34 HA_Wetter_6_PP obsTime: 12:00
2015-05-27_13:15:34 HA_Wetter_6_PP durationFetchReadings: 39.13
2015-05-27_13:15:34 HA_Wetter_6_PP humidity: 59.5
2015-05-27_13:15:34 HA_Wetter_6_PP visibility: 55
2015-05-27_13:15:34 HA_Wetter_6_PP pressure: 1022.6
2015-05-27_13:15:34 HA_Wetter_6_PP temperature: 10.9
2015-05-27_13:15:34 HA_Wetter_6_PP windDir: 270
2015-05-27_13:15:34 HA_Wetter_6_PP Tmin: 6 Tmax: 11 T: 10.9 H: 59.5 W: 18 P: 1022.6
2015-05-27_13:15:34 HA_Wetter_6_PP lastConnection: 439 values captured in 39.13 s
2015-05-27_14:15:31 HA_Wetter_6_PP dewPoint: 4
2015-05-27_14:15:31 HA_Wetter_6_PP windDirIcon: http://www.proplanta.de/wetterdaten/images/symbole/w7.gif
2015-05-27_14:15:31 HA_Wetter_6_PP obsTime: 13:00
2015-05-27_14:15:31 HA_Wetter_6_PP durationFetchReadings: 35.90
2015-05-27_14:15:31 HA_Wetter_6_PP humidity: 61.3
2015-05-27_14:15:31 HA_Wetter_6_PP pressure: 1022.4
2015-05-27_14:15:31 HA_Wetter_6_PP temperature: 11.1
2015-05-27_14:15:31 HA_Wetter_6_PP windDir: 203
2015-05-27_14:15:31 HA_Wetter_6_PP Tmin: 6 Tmax: 11 T: 11.1 H: 61.3 W: 18 P: 1022.4
2015-05-27_14:15:31 HA_Wetter_6_PP lastConnection: 439 values captured in 35.90 s
2015-05-27_15:15:31 HA_Wetter_6_PP dewPoint: 3.5
2015-05-27_15:15:31 HA_Wetter_6_PP obsTime: 14:00
2015-05-27_15:15:31 HA_Wetter_6_PP durationFetchReadings: 36.45
2015-05-27_15:15:31 HA_Wetter_6_PP humidity: 57.6
2015-05-27_15:15:31 HA_Wetter_6_PP pressure: 1022.3
2015-05-27_15:15:31 HA_Wetter_6_PP temperature: 11.5
2015-05-27_15:15:31 HA_Wetter_6_PP Tmin: 6 Tmax: 11 T: 11.5 H: 57.6 W: 18 P: 1022.3
2015-05-27_15:15:31 HA_Wetter_6_PP lastConnection: 439 values captured in 36.45 s
2015-05-27_16:15:28 HA_Wetter_6_PP fc8_tempMin: 4
2015-05-27_16:15:28 HA_Wetter_6_PP fc3_cloud21: 75
2015-05-27_16:15:28 HA_Wetter_6_PP fc7_tempMin: 10
2015-05-27_16:15:28 HA_Wetter_6_PP fc2_cloud12: 25
2015-05-27_16:15:28 HA_Wetter_6_PP fc5_cloud00: 0
2015-05-27_16:15:28 HA_Wetter_6_PP fc3_temp21: 11
2015-05-27_16:15:28 HA_Wetter_6_PP fc1_cloud12: 62.5
2015-05-27_16:15:28 HA_Wetter_6_PP fc2_temp06: 11
2015-05-27_16:15:28 HA_Wetter_6_PP fc4_weatherNight: klar
2015-05-27_16:15:28 HA_Wetter_6_PP fc3_chOfRainNight: 10
2015-05-27_16:15:28 HA_Wetter_6_PP fc6_cloud21: 100
2015-05-27_16:15:28 HA_Wetter_6_PP fc3_temp09: 15
2015-05-27_16:15:28 HA_Wetter_6_PP wind: 14.4
2015-05-27_16:15:28 HA_Wetter_6_PP fc5_weatherNight: heiter
2015-05-27_16:15:28 HA_Wetter_6_PP fc4_weatherEveningIcon: http://www.proplanta.de/wetterdaten/images/symbole/n1.gif
2015-05-27_16:15:28 HA_Wetter_6_PP fc4_temp03: 6
2015-05-27_16:15:28 HA_Wetter_6_PP fc6_temp15: 17
2015-05-27_16:15:28 HA_Wetter_6_PP fc3_cloud12: 75
2015-05-27_16:15:28 HA_Wetter_6_PP fc6_chOfRainNight: 80
2015-05-27_16:15:28 HA_Wetter_6_PP fc3_chOfRain18: 20
2015-05-27_16:15:28 HA_Wetter_6_PP fc3_temp00: 10
2015-05-27_16:15:28 HA_Wetter_6_PP fc4_cloud00: 50
2015-05-27_16:15:28 HA_Wetter_6_PP fc8_weatherIcon: http://www.proplanta.de/wetterdaten/images/symbole/t1.gif
2015-05-27_16:15:28 HA_Wetter_6_PP fc1_rain: 2.1
2015-05-27_16:15:28 HA_Wetter_6_PP fc1_cloud09: 87.5
2015-05-27_16:15:28 HA_Wetter_6_PP fc2_chOfRain03: 5
2015-05-27_16:15:28 HA_Wetter_6_PP fc5_chOfRainNight: 5
2015-05-27_16:15:28 HA_Wetter_6_PP fc1_weatherMorning: wolkig
2015-05-27_16:15:28 HA_Wetter_6_PP fc4_temp18: 18
2015-05-27_16:15:28 HA_Wetter_6_PP fc2_cloud00: 50
2015-05-27_16:15:28 HA_Wetter_6_PP fc5_weatherEveningIcon: http://www.proplanta.de/wetterdaten/images/symbole/n1.gif
2015-05-27_16:15:28 HA_Wetter_6_PP fc1_rain18: 0.6
2015-05-27_16:15:28 HA_Wetter_6_PP fc4_chOfRain12: 0
2015-05-27_16:15:28 HA_Wetter_6_PP fc2_uv: 6
2015-05-27_16:15:28 HA_Wetter_6_PP fc5_temp21: 18
2015-05-27_16:15:28 HA_Wetter_6_PP fc3_chOfRain09: 10
2015-05-27_16:15:28 HA_Wetter_6_PP fc10_weather: wolkig
2015-05-27_16:15:28 HA_Wetter_6_PP fc1_temp18: 16
2015-05-27_16:15:28 HA_Wetter_6_PP fc6_evapor: 3
2015-05-27_16:15:28 HA_Wetter_6_PP fc5_temp15: 26
2015-05-27_16:15:28 HA_Wetter_6_PP fc6_cloud15: 87.5
2015-05-27_16:15:28 HA_Wetter_6_PP fc6_rain: 0
2015-05-27_16:15:28 HA_Wetter_6_PP fc6_weatherNight: Regen
2015-05-27_16:15:28 HA_Wetter_6_PP fc5_chOfRain18: 0
2015-05-27_16:15:28 HA_Wetter_6_PP fc2_chOfRain12: 5
2015-05-27_16:15:28 HA_Wetter_6_PP fc9_weatherIcon: http://www.proplanta.de/wetterdaten/images/symbole/t3.gif
2015-05-27_16:15:28 HA_Wetter_6_PP dewPoint: 4.5
2015-05-27_16:15:28 HA_Wetter_6_PP fc10_tempMax: 20
2015-05-27_16:15:28 HA_Wetter_6_PP fc10_weatherIcon: http://www.proplanta.de/wetterdaten/images/symbole/t3.gif
2015-05-27_16:15:28 HA_Wetter_6_PP obsTime: 15:00
2015-05-27_16:15:28 HA_Wetter_6_PP fc8_weather: sonnig
2015-05-27_16:15:28 HA_Wetter_6_PP fc4_temp06: 13
2015-05-27_16:15:28 HA_Wetter_6_PP fc6_rain06: 0
2015-05-27_16:15:28 HA_Wetter_6_PP fc4_temp21: 12
2015-05-27_16:15:28 HA_Wetter_6_PP fc4_tempMax: 22
2015-05-27_16:15:28 HA_Wetter_6_PP fc6_cloud03: 25
2015-05-27_16:15:28 HA_Wetter_6_PP fc6_weatherEveningIcon: http://www.proplanta.de/wetterdaten/images/symbole/n5.gif
2015-05-27_16:15:28 HA_Wetter_6_PP fc3_cloud15: 87.5
2015-05-27_16:15:28 HA_Wetter_6_PP fc5_weatherEvening: klar
2015-05-27_16:15:28 HA_Wetter_6_PP fc6_temp18: 15
2015-05-27_16:15:28 HA_Wetter_6_PP fc5_sun: 100
2015-05-27_16:15:28 HA_Wetter_6_PP fc5_weatherDayIcon: http://www.proplanta.de/wetterdaten/images/symbole/t1.gif
2015-05-27_16:15:28 HA_Wetter_6_PP fc5_rain18: 0
2015-05-27_16:15:28 HA_Wetter_6_PP fc6_uv: 4
2015-05-27_16:15:28 HA_Wetter_6_PP fc6_tempMax: 26
2015-05-27_16:15:28 HA_Wetter_6_PP fc6_cloud18: 100
2015-05-27_16:15:28 HA_Wetter_6_PP fc11_weatherIcon: http://www.proplanta.de/wetterdaten/images/symbole/t8.gif
2015-05-27_16:15:28 HA_Wetter_6_PP fc12_weather: wolkig
2015-05-27_16:15:28 HA_Wetter_6_PP fc5_rain: 0
2015-05-27_16:15:28 HA_Wetter_6_PP fc13_tempMax: 23
2015-05-27_16:15:28 HA_Wetter_6_PP fc5_temp03: 12
2015-05-27_16:15:28 HA_Wetter_6_PP fc1_cloud00: 75
2015-05-27_16:15:28 HA_Wetter_6_PP fc6_temp03: 16
2015-05-27_16:15:28 HA_Wetter_6_PP fc4_cloud03: 37.5
2015-05-27_16:15:28 HA_Wetter_6_PP fc5_chOfRain15: 0
2015-05-27_16:15:28 HA_Wetter_6_PP fc3_tempMin: 9
2015-05-27_16:15:28 HA_Wetter_6_PP fc5_chOfRain21: 0
2015-05-27_16:15:28 HA_Wetter_6_PP fc0_chOfRainNight: 15
2015-05-27_16:15:28 HA_Wetter_6_PP fc4_chOfRain09: 0
2015-05-27_16:15:28 HA_Wetter_6_PP durationFetchReadings: 32.89
2015-05-27_16:15:28 HA_Wetter_6_PP fc4_chOfRainNight: 0
2015-05-27_16:15:28 HA_Wetter_6_PP fc2_temp15: 19
2015-05-27_16:15:28 HA_Wetter_6_PP fc6_rad: 5.9
2015-05-27_16:15:28 HA_Wetter_6_PP fc3_cloud00: 25
2015-05-27_16:15:28 HA_Wetter_6_PP fc6_rain03: 0
2015-05-27_16:15:28 HA_Wetter_6_PP fc5_weatherDay: sonnig
2015-05-27_16:15:28 HA_Wetter_6_PP humidity: 63.5
2015-05-27_16:15:28 HA_Wetter_6_PP fc1_chOfRain06: 10
2015-05-27_16:15:28 HA_Wetter_6_PP fc5_chOfRain00: 0
2015-05-27_16:15:28 HA_Wetter_6_PP fc5_rad: 8.2
2015-05-27_16:15:28 HA_Wetter_6_PP fc6_temp06: 21
2015-05-27_16:15:28 HA_Wetter_6_PP fc4_tempMin: 6
2015-05-27_16:15:28 HA_Wetter_6_PP fc2_cloud09: 12.5
2015-05-27_16:15:28 HA_Wetter_6_PP fc2_dew: 3
2015-05-27_16:15:28 HA_Wetter_6_PP fc7_weatherIcon: http://www.proplanta.de/wetterdaten/images/symbole/t3.gif
2015-05-27_16:15:28 HA_Wetter_6_PP fc1_rad: 6.8
2015-05-27_16:15:28 HA_Wetter_6_PP fc2_temp03: 8
2015-05-27_16:15:28 HA_Wetter_6_PP visibility: 50
2015-05-27_16:15:28 HA_Wetter_6_PP pressure: 1022.2
2015-05-27_16:15:28 HA_Wetter_6_PP fc3_tempMax: 17
2015-05-27_16:15:28 HA_Wetter_6_PP fc4_cloud21: 0
2015-05-27_16:15:28 HA_Wetter_6_PP fc4_temp12: 21
2015-05-27_16:15:28 HA_Wetter_6_PP fc4_temp15: 21
2015-05-27_16:15:28 HA_Wetter_6_PP fc0_weatherNight: stark bewoelkt
2015-05-27_16:15:28 HA_Wetter_6_PP temperature: 11.1
2015-05-27_16:15:28 HA_Wetter_6_PP fc2_weatherNightIcon: http://www.proplanta.de/wetterdaten/images/symbole/n2.gif
2015-05-27_16:15:28 HA_Wetter_6_PP fc2_weatherEvening: Regenschauer
2015-05-27_16:15:28 HA_Wetter_6_PP fc6_temp00: 16
2015-05-27_16:15:28 HA_Wetter_6_PP fc5_evapor: 3
2015-05-27_16:15:28 HA_Wetter_6_PP fc6_chOfRain09: 5
2015-05-27_16:15:28 HA_Wetter_6_PP fc2_temp18: 15
2015-05-27_16:15:28 HA_Wetter_6_PP fc3_weatherEvening: bedeckt
2015-05-27_16:15:28 HA_Wetter_6_PP fc1_chOfRain09: 15
2015-05-27_16:15:28 HA_Wetter_6_PP fc3_weatherEveningIcon: http://www.proplanta.de/wetterdaten/images/symbole/n5.gif
2015-05-27_16:15:28 HA_Wetter_6_PP fc6_cloud06: 25
2015-05-27_16:15:28 HA_Wetter_6_PP fc1_chOfRain12: 15
2015-05-27_16:15:28 HA_Wetter_6_PP fc9_tempMin: 7
2015-05-27_16:15:28 HA_Wetter_6_PP fc4_chOfRain06: 10
2015-05-27_16:15:28 HA_Wetter_6_PP fc3_dew: 2
2015-05-27_16:15:28 HA_Wetter_6_PP fc5_chOfRainDay: 0
2015-05-27_16:15:28 HA_Wetter_6_PP fc0_weatherNightIcon: http://www.proplanta.de/wetterdaten/images/symbole/n4.gif
2015-05-27_16:15:28 HA_Wetter_6_PP fc6_cloud09: 25
2015-05-27_16:15:28 HA_Wetter_6_PP fc8_tempMax: 20
2015-05-27_16:15:28 HA_Wetter_6_PP fc5_temp18: 22
2015-05-27_16:15:28 HA_Wetter_6_PP fc3_rad: 5
2015-05-27_16:15:28 HA_Wetter_6_PP fc6_chOfRain21: 20
2015-05-27_16:15:28 HA_Wetter_6_PP fc6_chOfRain06: 5
2015-05-27_16:15:28 HA_Wetter_6_PP fc4_weatherEvening: klar
2015-05-27_16:15:28 HA_Wetter_6_PP fc2_cloud18: 75
2015-05-27_16:15:28 HA_Wetter_6_PP fc6_chOfRain00: 5
2015-05-27_16:15:28 HA_Wetter_6_PP fc7_weather: wolkig
2015-05-27_16:15:28 HA_Wetter_6_PP fc2_cloud03: 25
2015-05-27_16:15:28 HA_Wetter_6_PP fc1_temp15: 18
2015-05-27_16:15:28 HA_Wetter_6_PP fc2_chOfRain09: 5
2015-05-27_16:15:28 HA_Wetter_6_PP fc1_cloud03: 25
2015-05-27_16:15:28 HA_Wetter_6_PP fc6_tempMin: 13
2015-05-27_16:15:28 HA_Wetter_6_PP fc4_chOfRain18: 0
2015-05-27_16:15:28 HA_Wetter_6_PP fc6_temp09: 26
2015-05-27_16:15:28 HA_Wetter_6_PP fc4_cloud06: 25
2015-05-27_16:15:28 HA_Wetter_6_PP fc5_rain15: 0
2015-05-27_16:15:28 HA_Wetter_6_PP fc2_cloud21: 0
2015-05-27_16:15:28 HA_Wetter_6_PP fc3_temp15: 17
2015-05-27_16:15:28 HA_Wetter_6_PP fc3_temp03: 9
2015-05-27_16:15:28 HA_Wetter_6_PP fc4_temp09: 17
2015-05-27_16:15:28 HA_Wetter_6_PP fc4_weatherMorningIcon: http://www.proplanta.de/wetterdaten/images/symbole/t3.gif
2015-05-27_16:15:28 HA_Wetter_6_PP fc1_uv: 3
2015-05-27_16:15:28 HA_Wetter_6_PP fc4_weatherMorning: wolkig
2015-05-27_16:15:28 HA_Wetter_6_PP fc5_tempMin: 12
2015-05-27_16:15:28 HA_Wetter_6_PP fc7_tempMax: 19
2015-05-27_16:15:28 HA_Wetter_6_PP fc4_cloud18: 0
2015-05-27_16:15:28 HA_Wetter_6_PP fc0_rad: 2.7
2015-05-27_16:15:28 HA_Wetter_6_PP fc2_chOfRain21: 0
2015-05-27_16:15:28 HA_Wetter_6_PP fc2_chOfRainNight: 5
2015-05-27_16:15:28 HA_Wetter_6_PP fc5_cloud18: 0
2015-05-27_16:15:28 HA_Wetter_6_PP fc6_temp12: 22
2015-05-27_16:15:28 HA_Wetter_6_PP fc2_chOfRain18: 40
2015-05-27_16:15:28 HA_Wetter_6_PP fc6_weatherMorning: heiter
2015-05-27_16:15:28 HA_Wetter_6_PP fc3_cloud18: 87.5
2015-05-27_16:15:28 HA_Wetter_6_PP fc1_weatherMorningIcon: http://www.proplanta.de/wetterdaten/images/symbole/t3.gif
2015-05-27_16:15:28 HA_Wetter_6_PP fc5_dew: 1
2015-05-27_16:15:28 HA_Wetter_6_PP fc1_cloud18: 50
2015-05-27_16:15:28 HA_Wetter_6_PP fc5_cloud15: 0
2015-05-27_16:15:28 HA_Wetter_6_PP fc4_cloud12: 0
2015-05-27_16:15:28 HA_Wetter_6_PP fc3_weatherNightIcon: http://www.proplanta.de/wetterdaten/images/symbole/n3.gif
2015-05-27_16:15:28 HA_Wetter_6_PP fc11_weather: unterschiedlich bewoelkt, vereinzelt Schauer und Gewitter
2015-05-27_16:15:28 HA_Wetter_6_PP fc6_weatherNightIcon: http://www.proplanta.de/wetterdaten/images/symbole/n7.gif
2015-05-27_16:15:28 HA_Wetter_6_PP fc1_chOfRain03: 10
2015-05-27_16:15:28 HA_Wetter_6_PP fc3_weatherNight: wolkig
2015-05-27_16:15:28 HA_Wetter_6_PP fc2_weatherEveningIcon: http://www.proplanta.de/wetterdaten/images/symbole/n6.gif
2015-05-27_16:15:28 HA_Wetter_6_PP fc6_weatherEvening: bedeckt
2015-05-27_16:15:28 HA_Wetter_6_PP fc2_rain: 0.5
2015-05-27_16:15:28 HA_Wetter_6_PP fc3_chOfRain00: 5
2015-05-27_16:15:28 HA_Wetter_6_PP fc2_cloud15: 50
2015-05-27_16:15:28 HA_Wetter_6_PP fc2_rad: 7.4
2015-05-27_16:15:28 HA_Wetter_6_PP fc5_tempMax: 27
2015-05-27_16:15:28 HA_Wetter_6_PP fc5_weatherNightIcon: http://www.proplanta.de/wetterdaten/images/symbole/n2.gif
2015-05-27_16:15:28 HA_Wetter_6_PP fc9_weather: wolkig
2015-05-27_16:15:28 HA_Wetter_6_PP fc1_cloud21: 50
2015-05-27_16:15:28 HA_Wetter_6_PP fc2_temp09: 16
2015-05-27_16:15:28 HA_Wetter_6_PP fc5_temp12: 26
2015-05-27_16:15:28 HA_Wetter_6_PP fc5_temp06: 19
2015-05-27_16:15:28 HA_Wetter_6_PP fc2_temp12: 19
2015-05-27_16:15:28 HA_Wetter_6_PP fc4_uv: 8
2015-05-27_16:15:28 HA_Wetter_6_PP fc2_tempMax: 20
2015-05-27_16:15:28 HA_Wetter_6_PP fc5_cloud21: 0
2015-05-27_16:15:28 HA_Wetter_6_PP fc2_weatherNight: heiter
2015-05-27_16:15:28 HA_Wetter_6_PP fc12_weatherIcon: http://www.proplanta.de/wetterdaten/images/symbole/t3.gif
2015-05-27_16:15:28 HA_Wetter_6_PP fc1_cloud06: 25
2015-05-27_16:15:28 HA_Wetter_6_PP fc6_temp21: 13
2015-05-27_16:15:28 HA_Wetter_6_PP fc4_weatherNightIcon: http://www.proplanta.de/wetterdaten/images/symbole/n1.gif
2015-05-27_16:15:28 HA_Wetter_6_PP fc1_chOfRain15: 15
2015-05-27_16:15:28 HA_Wetter_6_PP fc6_weatherMorningIcon: http://www.proplanta.de/wetterdaten/images/symbole/t2.gif
2015-05-27_16:15:28 HA_Wetter_6_PP fc0_temp21: 9
2015-05-27_16:15:28 HA_Wetter_6_PP fc3_chOfRain21: 15
2015-05-27_16:15:28 HA_Wetter_6_PP fc3_chOfRain15: 20
2015-05-27_16:15:28 HA_Wetter_6_PP fc13_tempMin: 8
2015-05-27_16:15:28 HA_Wetter_6_PP fc5_rain21: 0
2015-05-27_16:15:28 HA_Wetter_6_PP fc5_temp09: 23
2015-05-27_16:15:28 HA_Wetter_6_PP fc1_temp21: 10
2015-05-27_16:15:28 HA_Wetter_6_PP fc4_chOfRain21: 0
2015-05-27_16:15:28 HA_Wetter_6_PP fc2_chOfRain00: 10
2015-05-27_16:15:28 HA_Wetter_6_PP fc6_chOfRain15: 15
2015-05-27_16:15:28 HA_Wetter_6_PP fc3_cloud09: 50
2015-05-27_16:15:28 HA_Wetter_6_PP fc1_tempMax: 19
2015-05-27_16:15:28 HA_Wetter_6_PP fc1_cloud15: 75
2015-05-27_16:15:28 HA_Wetter_6_PP fc3_uv: 3
2015-05-27_16:15:28 HA_Wetter_6_PP fc6_cloud00: 12.5
2015-05-27_16:15:28 HA_Wetter_6_PP fc5_uv: 9
2015-05-27_16:15:28 HA_Wetter_6_PP fc1_temp12: 19
2015-05-27_16:15:28 HA_Wetter_6_PP fc9_tempMax: 19
2015-05-27_16:15:28 HA_Wetter_6_PP fc2_rain18: 0.5
2015-05-27_16:15:28 HA_Wetter_6_PP fc6_chOfRain18: 20
2015-05-27_16:15:28 HA_Wetter_6_PP fc6_chOfRain03: 10
2015-05-27_16:15:28 HA_Wetter_6_PP fc2_tempMin: 8
2015-05-27_16:15:28 HA_Wetter_6_PP Tmin: 6 Tmax: 11 T: 11.1 H: 63.5 W: 14.4 P: 1022.2
2015-05-27_16:15:28 HA_Wetter_6_PP lastConnection: 439 values captured in 32.89 s
2015-05-27_17:15:31 HA_Wetter_6_PP durationFetchReadings: 35.89
2015-05-27_17:15:31 HA_Wetter_6_PP lastConnection: 439 values captured in 35.89 s
2015-05-27_18:15:28 HA_Wetter_6_PP durationFetchReadings: 33.51
2015-05-27_18:15:28 HA_Wetter_6_PP lastConnection: 439 values captured in 33.51 s
2015-05-27_19:15:30 HA_Wetter_6_PP durationFetchReadings: 35.56
2015-05-27_19:15:30 HA_Wetter_6_PP lastConnection: 439 values captured in 35.56 s
2015-05-27_20:15:31 HA_Wetter_6_PP durationFetchReadings: 35.97
2015-05-27_20:15:31 HA_Wetter_6_PP lastConnection: 439 values captured in 35.97 s
2015-05-27_21:15:31 HA_Wetter_6_PP durationFetchReadings: 36.29
2015-05-27_21:15:31 HA_Wetter_6_PP lastConnection: 439 values captured in 36.29 s
2015-05-27_22:15:30 HA_Wetter_6_PP fc8_tempMin: 18
2015-05-27_22:15:30 HA_Wetter_6_PP fc5_chOfRain09: 10
2015-05-27_22:15:30 HA_Wetter_6_PP fc3_cloud21: 62.5
2015-05-27_22:15:30 HA_Wetter_6_PP fc3_temp18: 14
2015-05-27_22:15:30 HA_Wetter_6_PP fc1_weatherNight: stark bewoelkt
2015-05-27_22:15:30 HA_Wetter_6_PP fc7_tempMin: 15
2015-05-27_22:15:30 HA_Wetter_6_PP fc2_cloud12: 50
2015-05-27_22:15:30 HA_Wetter_6_PP fc3_temp12: 16
2015-05-27_22:15:30 HA_Wetter_6_PP fc3_weatherDayIcon: http://www.proplanta.de/wetterdaten/images/symbole/t4.gif
2015-05-27_22:15:30 HA_Wetter_6_PP fc6_weatherDayIcon: http://www.proplanta.de/wetterdaten/images/symbole/t1.gif
2015-05-27_22:15:30 HA_Wetter_6_PP fc3_temp21: 8
2015-05-27_22:15:30 HA_Wetter_6_PP fc1_cloud12: 50
2015-05-27_22:15:30 HA_Wetter_6_PP fc3_sun: 25
2015-05-27_22:15:30 HA_Wetter_6_PP fc4_weatherNight: heiter
2015-05-27_22:15:30 HA_Wetter_6_PP fc6_cloud21: 0
2015-05-27_22:15:30 HA_Wetter_6_PP fc3_temp09: 14
2015-05-27_22:15:30 HA_Wetter_6_PP fc5_weatherMorningIcon: http://www.proplanta.de/wetterdaten/images/symbole/t3.gif
2015-05-27_22:15:30 HA_Wetter_6_PP fc4_weatherEveningIcon: http://www.proplanta.de/wetterdaten/images/symbole/n2.gif
2015-05-27_22:15:30 HA_Wetter_6_PP fc6_temp15: 29
2015-05-27_22:15:30 HA_Wetter_6_PP fc3_cloud12: 62.5
2015-05-27_22:15:30 HA_Wetter_6_PP fc6_chOfRainNight: 5
2015-05-27_22:15:30 HA_Wetter_6_PP fc3_chOfRain18: 15
2015-05-27_22:15:30 HA_Wetter_6_PP fc3_temp00: 12
2015-05-27_22:15:30 HA_Wetter_6_PP fc8_weatherIcon: http://www.proplanta.de/wetterdaten/images/symbole/t3.gif
2015-05-27_22:15:30 HA_Wetter_6_PP fc1_rain: 1.8
2015-05-27_22:15:30 HA_Wetter_6_PP fc1_cloud09: 62.5
2015-05-27_22:15:30 HA_Wetter_6_PP fc2_chOfRain03: 10
2015-05-27_22:15:30 HA_Wetter_6_PP fc3_chOfRain06: 5
2015-05-27_22:15:30 HA_Wetter_6_PP fc6_chOfRain12: 0
2015-05-27_22:15:30 HA_Wetter_6_PP fc12_tempMin: 11
2015-05-27_22:15:30 HA_Wetter_6_PP fc4_temp18: 19
2015-05-27_22:15:30 HA_Wetter_6_PP fc2_cloud00: 75
2015-05-27_22:15:30 HA_Wetter_6_PP fc5_weatherEveningIcon: http://www.proplanta.de/wetterdaten/images/symbole/n3.gif
2015-05-27_22:15:30 HA_Wetter_6_PP fc1_temp00: 9
2015-05-27_22:15:30 HA_Wetter_6_PP fc4_cloud09: 25
2015-05-27_22:15:30 HA_Wetter_6_PP fc3_cloud06: 25
2015-05-27_22:15:30 HA_Wetter_6_PP fc1_rain18: 1
2015-05-27_22:15:30 HA_Wetter_6_PP fc2_temp21: 12
2015-05-27_22:15:30 HA_Wetter_6_PP fc4_chOfRain12: 5
2015-05-27_22:15:30 HA_Wetter_6_PP fc2_uv: 4
2015-05-27_22:15:30 HA_Wetter_6_PP fc3_chOfRain09: 15
2015-05-27_22:15:30 HA_Wetter_6_PP fc1_temp18: 15
2015-05-27_22:15:30 HA_Wetter_6_PP fc5_temp15: 27
2015-05-27_22:15:30 HA_Wetter_6_PP fc11_tempMin: 11
2015-05-27_22:15:30 HA_Wetter_6_PP fc5_cloud06: 25
2015-05-27_22:15:30 HA_Wetter_6_PP fc6_cloud15: 0
2015-05-27_22:15:30 HA_Wetter_6_PP fc6_weatherNight: heiter
2015-05-27_22:15:30 HA_Wetter_6_PP fc5_chOfRain18: 10
2015-05-27_22:15:30 HA_Wetter_6_PP fc2_chOfRain12: 10
2015-05-27_22:15:30 HA_Wetter_6_PP fc9_weatherIcon: http://www.proplanta.de/wetterdaten/images/symbole/t8.gif
2015-05-27_22:15:30 HA_Wetter_6_PP fc10_tempMax: 25
2015-05-27_22:15:30 HA_Wetter_6_PP fc1_rain21: 0.8
2015-05-27_22:15:30 HA_Wetter_6_PP fc5_weatherMorning: wolkig
2015-05-27_22:15:30 HA_Wetter_6_PP fc8_weather: wolkig
2015-05-27_22:15:30 HA_Wetter_6_PP fc4_temp21: 14
2015-05-27_22:15:30 HA_Wetter_6_PP fc6_cloud03: 12.5
2015-05-27_22:15:30 HA_Wetter_6_PP fc2_weatherMorning: stark bewoelkt
2015-05-27_22:15:30 HA_Wetter_6_PP fc6_weatherEveningIcon: http://www.proplanta.de/wetterdaten/images/symbole/n1.gif
2015-05-27_22:15:30 HA_Wetter_6_PP fc3_weatherMorning: heiter
2015-05-27_22:15:30 HA_Wetter_6_PP fc5_weatherEvening: wolkig
2015-05-27_22:15:30 HA_Wetter_6_PP fc6_temp18: 25
2015-05-27_22:15:30 HA_Wetter_6_PP fc5_cloud12: 37.5
2015-05-27_22:15:30 HA_Wetter_6_PP fc5_sun: 50
2015-05-27_22:15:30 HA_Wetter_6_PP fc5_weatherDayIcon: http://www.proplanta.de/wetterdaten/images/symbole/t3.gif
2015-05-27_22:15:30 HA_Wetter_6_PP fc6_uv: 9
2015-05-27_22:15:30 HA_Wetter_6_PP fc6_tempMax: 29
2015-05-27_22:15:30 HA_Wetter_6_PP fc6_cloud18: 0
2015-05-27_22:15:30 HA_Wetter_6_PP fc13_tempMax: 26
2015-05-27_22:15:30 HA_Wetter_6_PP fc5_temp03: 13
2015-05-27_22:15:30 HA_Wetter_6_PP fc1_cloud00: 100
2015-05-27_22:15:30 HA_Wetter_6_PP fc6_temp03: 15
2015-05-27_22:15:30 HA_Wetter_6_PP fc5_chOfRain15: 10
2015-05-27_22:15:30 HA_Wetter_6_PP fc5_temp00: 13
2015-05-27_22:15:30 HA_Wetter_6_PP fc5_chOfRain03: 5
2015-05-27_22:15:30 HA_Wetter_6_PP fc5_chOfRain06: 10
2015-05-27_22:15:30 HA_Wetter_6_PP fc3_tempMin: 8
2015-05-27_22:15:30 HA_Wetter_6_PP fc6_chOfRainDay: 0
2015-05-27_22:15:30 HA_Wetter_6_PP fc5_chOfRain21: 5
2015-05-27_22:15:30 HA_Wetter_6_PP fc5_cloud03: 12.5
2015-05-27_22:15:30 HA_Wetter_6_PP fc4_chOfRain09: 5
2015-05-27_22:15:30 HA_Wetter_6_PP durationFetchReadings: 35.54
2015-05-27_22:15:30 HA_Wetter_6_PP fc4_dew: 0
2015-05-27_22:15:30 HA_Wetter_6_PP fc4_chOfRainNight: 5
2015-05-27_22:15:30 HA_Wetter_6_PP fc2_temp15: 20
2015-05-27_22:15:30 HA_Wetter_6_PP fc6_rad: 8.2
2015-05-27_22:15:30 HA_Wetter_6_PP fc3_cloud00: 50
2015-05-27_22:15:30 HA_Wetter_6_PP fc6_cloud12: 0
2015-05-27_22:15:30 HA_Wetter_6_PP fc5_weatherDay: wolkig
2015-05-27_22:15:30 HA_Wetter_6_PP fc5_rad: 8
2015-05-27_22:15:30 HA_Wetter_6_PP fc2_weatherMorningIcon: http://www.proplanta.de/wetterdaten/images/symbole/t4.gif
2015-05-27_22:15:30 HA_Wetter_6_PP fc6_temp06: 20
2015-05-27_22:15:30 HA_Wetter_6_PP fc2_cloud09: 37.5
2015-05-27_22:15:30 HA_Wetter_6_PP fc2_dew: 2
2015-05-27_22:15:30 HA_Wetter_6_PP fc7_weatherIcon: http://www.proplanta.de/wetterdaten/images/symbole/t2.gif
2015-05-27_22:15:30 HA_Wetter_6_PP fc1_rad: 7.3
2015-05-27_22:15:30 HA_Wetter_6_PP fc2_temp03: 10
2015-05-27_22:15:30 HA_Wetter_6_PP fc3_tempMax: 16
2015-05-27_22:15:30 HA_Wetter_6_PP fc4_temp12: 20
2015-05-27_22:15:30 HA_Wetter_6_PP fc4_temp15: 22
2015-05-27_22:15:30 HA_Wetter_6_PP fc2_weatherNightIcon: http://www.proplanta.de/wetterdaten/images/symbole/n3.gif
2015-05-27_22:15:30 HA_Wetter_6_PP fc2_weatherEvening: stark bewoelkt
2015-05-27_22:15:30 HA_Wetter_6_PP fc6_chOfRain09: 0
2015-05-27_22:15:30 HA_Wetter_6_PP fc2_temp18: 16
2015-05-27_22:15:30 HA_Wetter_6_PP fc5_chOfRain12: 10
2015-05-27_22:15:30 HA_Wetter_6_PP fc3_weatherEvening: stark bewoelkt
2015-05-27_22:15:30 HA_Wetter_6_PP fc3_weatherEveningIcon: http://www.proplanta.de/wetterdaten/images/symbole/n4.gif
2015-05-27_22:15:30 HA_Wetter_6_PP fc6_cloud06: 12.5
2015-05-27_22:15:30 HA_Wetter_6_PP fc1_chOfRainNight: 15
2015-05-27_22:15:30 HA_Wetter_6_PP fc1_chOfRain12: 10
2015-05-27_22:15:30 HA_Wetter_6_PP fc9_tempMin: 18
2015-05-27_22:15:30 HA_Wetter_6_PP fc4_chOfRain06: 5
2015-05-27_22:15:30 HA_Wetter_6_PP fc3_dew: 1
2015-05-27_22:15:30 HA_Wetter_6_PP fc5_chOfRainDay: 10
2015-05-27_22:15:30 HA_Wetter_6_PP fc5_cloud09: 37.5
2015-05-27_22:15:30 HA_Wetter_6_PP fc6_cloud09: 0
2015-05-27_22:15:30 HA_Wetter_6_PP fc8_tempMax: 28
2015-05-27_22:15:30 HA_Wetter_6_PP fc5_temp18: 23
2015-05-27_22:15:30 HA_Wetter_6_PP fc3_rad: 5.2
2015-05-27_22:15:30 HA_Wetter_6_PP fc6_chOfRain21: 0
2015-05-27_22:15:30 HA_Wetter_6_PP fc4_weatherEvening: heiter
2015-05-27_22:15:30 HA_Wetter_6_PP fc3_rain12: 0
2015-05-27_22:15:30 HA_Wetter_6_PP fc7_weather: heiter
2015-05-27_22:15:30 HA_Wetter_6_PP fc2_cloud03: 62.5
2015-05-27_22:15:30 HA_Wetter_6_PP fc1_temp15: 19
2015-05-27_22:15:30 HA_Wetter_6_PP fc2_chOfRain09: 10
2015-05-27_22:15:30 HA_Wetter_6_PP fc4_temp00: 6
2015-05-27_22:15:30 HA_Wetter_6_PP fc6_tempMin: 15
2015-05-27_22:15:30 HA_Wetter_6_PP fc4_chOfRain18: 5
2015-05-27_22:15:30 HA_Wetter_6_PP fc3_rain: 0
2015-05-27_22:15:30 HA_Wetter_6_PP fc2_cloud21: 75
2015-05-27_22:15:30 HA_Wetter_6_PP fc1_temp09: 16
2015-05-27_22:15:30 HA_Wetter_6_PP fc3_temp15: 16
2015-05-27_22:15:30 HA_Wetter_6_PP fc3_temp03: 12
2015-05-27_22:15:30 HA_Wetter_6_PP fc4_temp09: 18
2015-05-27_22:15:30 HA_Wetter_6_PP fc4_weatherMorningIcon: http://www.proplanta.de/wetterdaten/images/symbole/t2.gif
2015-05-27_22:15:30 HA_Wetter_6_PP fc1_uv: 4
2015-05-27_22:15:30 HA_Wetter_6_PP fc4_weatherMorning: heiter
2015-05-27_22:15:30 HA_Wetter_6_PP fc5_tempMin: 13
2015-05-27_22:15:30 HA_Wetter_6_PP fc7_tempMax: 28
2015-05-27_22:15:30 HA_Wetter_6_PP fc3_weatherMorningIcon: http://www.proplanta.de/wetterdaten/images/symbole/t2.gif
2015-05-27_22:15:30 HA_Wetter_6_PP fc4_cloud18: 12.5
2015-05-27_22:15:30 HA_Wetter_6_PP fc0_rad: 2.6
2015-05-27_22:15:30 HA_Wetter_6_PP fc6_sun: 100
2015-05-27_22:15:30 HA_Wetter_6_PP fc11_tempMax: 21
2015-05-27_22:15:30 HA_Wetter_6_PP fc2_chOfRain21: 15
2015-05-27_22:15:30 HA_Wetter_6_PP fc2_chOfRainNight: 10
2015-05-27_22:15:30 HA_Wetter_6_PP fc3_weatherDay: stark bewoelkt
2015-05-27_22:15:30 HA_Wetter_6_PP fc5_cloud18: 25
2015-05-27_22:15:30 HA_Wetter_6_PP fc6_temp12: 28
2015-05-27_22:15:30 HA_Wetter_6_PP fc2_chOfRain18: 15
2015-05-27_22:15:30 HA_Wetter_6_PP fc1_chOfRain00: 20
2015-05-27_22:15:30 HA_Wetter_6_PP fc5_cloud15: 25
2015-05-27_22:15:30 HA_Wetter_6_PP fc4_cloud12: 25
2015-05-27_22:15:30 HA_Wetter_6_PP fc10_tempMin: 14
2015-05-27_22:15:30 HA_Wetter_6_PP fc6_weatherNightIcon: http://www.proplanta.de/wetterdaten/images/symbole/n2.gif
2015-05-27_22:15:30 HA_Wetter_6_PP fc2_chOfRain06: 15
2015-05-27_22:15:30 HA_Wetter_6_PP fc1_chOfRain03: 5
2015-05-27_22:15:30 HA_Wetter_6_PP fc4_cloud15: 12.5
2015-05-27_22:15:30 HA_Wetter_6_PP fc2_weatherEveningIcon: http://www.proplanta.de/wetterdaten/images/symbole/n4.gif
2015-05-27_22:15:30 HA_Wetter_6_PP fc6_weatherEvening: klar
2015-05-27_22:15:30 HA_Wetter_6_PP fc2_rain: 0
2015-05-27_22:15:30 HA_Wetter_6_PP fc3_chOfRain00: 10
2015-05-27_22:15:30 HA_Wetter_6_PP fc2_rad: 7.1
2015-05-27_22:15:30 HA_Wetter_6_PP fc5_tempMax: 28
2015-05-27_22:15:30 HA_Wetter_6_PP fc9_weather: unterschiedlich bewoelkt, vereinzelt Schauer und Gewitter
2015-05-27_22:15:30 HA_Wetter_6_PP fc1_cloud21: 75
2015-05-27_22:15:30 HA_Wetter_6_PP fc5_temp12: 27
2015-05-27_22:15:30 HA_Wetter_6_PP fc12_tempMax: 22
2015-05-27_22:15:30 HA_Wetter_6_PP fc4_uv: 7
2015-05-27_22:15:30 HA_Wetter_6_PP fc5_cloud21: 25
2015-05-27_22:15:30 HA_Wetter_6_PP fc3_chOfRain12: 10
2015-05-27_22:15:30 HA_Wetter_6_PP fc2_weatherNight: wolkig
2015-05-27_22:15:30 HA_Wetter_6_PP fc1_cloud06: 37.5
2015-05-27_22:15:30 HA_Wetter_6_PP fc6_temp21: 20
2015-05-27_22:15:30 HA_Wetter_6_PP fc4_weatherNightIcon: http://www.proplanta.de/wetterdaten/images/symbole/n2.gif
2015-05-27_22:15:30 HA_Wetter_6_PP fc2_temp00: 8
2015-05-27_22:15:30 HA_Wetter_6_PP fc1_chOfRain15: 10
2015-05-27_22:15:30 HA_Wetter_6_PP fc0_temp21: 10
2015-05-27_22:15:30 HA_Wetter_6_PP fc1_weatherNightIcon: http://www.proplanta.de/wetterdaten/images/symbole/n4.gif
2015-05-27_22:15:30 HA_Wetter_6_PP fc3_chOfRain15: 15
2015-05-27_22:15:30 HA_Wetter_6_PP fc13_tempMin: 10
2015-05-27_22:15:30 HA_Wetter_6_PP fc5_temp09: 24
2015-05-27_22:15:30 HA_Wetter_6_PP fc2_cloud06: 75
2015-05-27_22:15:30 HA_Wetter_6_PP fc2_chOfRain00: 15
2015-05-27_22:15:30 HA_Wetter_6_PP fc6_chOfRain15: 0
2015-05-27_22:15:30 HA_Wetter_6_PP fc3_cloud09: 75
2015-05-27_22:15:30 HA_Wetter_6_PP fc1_tempMax: 20
2015-05-27_22:15:30 HA_Wetter_6_PP fc1_cloud15: 50
2015-05-27_22:15:30 HA_Wetter_6_PP fc3_uv: 4
2015-05-27_22:15:30 HA_Wetter_6_PP fc6_cloud00: 25
2015-05-27_22:15:30 HA_Wetter_6_PP fc5_uv: 5
2015-05-27_22:15:30 HA_Wetter_6_PP fc6_weatherDay: sonnig
2015-05-27_22:15:30 HA_Wetter_6_PP fc9_tempMax: 28
2015-05-27_22:15:30 HA_Wetter_6_PP fc3_chOfRainDay: 15
2015-05-27_22:15:30 HA_Wetter_6_PP fc2_rain18: 0
2015-05-27_22:15:30 HA_Wetter_6_PP fc6_chOfRain18: 0
2015-05-27_22:15:30 HA_Wetter_6_PP fc6_chOfRain03: 5
2015-05-27_22:15:30 HA_Wetter_6_PP lastConnection: 439 values captured in 35.54 s
2015-05-27_23:15:28 HA_Wetter_6_PP durationFetchReadings: 32.71
2015-05-27_23:15:28 HA_Wetter_6_PP lastConnection: 439 values captured in 32.71 s
