2015-06-04_00:50:38 HA_Wetter_6_PP fc3_cloud21: 75
2015-06-04_00:50:38 HA_Wetter_6_PP fc3_chOfRain03: 15
2015-06-04_00:50:38 HA_Wetter_6_PP fc3_temp18: 19
2015-06-04_00:50:38 HA_Wetter_6_PP fc1_weatherNight: heiter
2015-06-04_00:50:38 HA_Wetter_6_PP fc1_moonRise: 23:27
2015-06-04_00:50:38 HA_Wetter_6_PP fc0_uv: 9
2015-06-04_00:50:38 HA_Wetter_6_PP fc2_sun: 60
2015-06-04_00:50:38 HA_Wetter_6_PP fc7_tempMin: 7
2015-06-04_00:50:38 HA_Wetter_6_PP fc1_tempMin: 10
2015-06-04_00:50:38 HA_Wetter_6_PP fc2_cloud12: 12.5
2015-06-04_00:50:38 HA_Wetter_6_PP fc3_temp12: 22
2015-06-04_00:50:38 HA_Wetter_6_PP fc13_moonRise: 06:06
2015-06-04_00:50:38 HA_Wetter_6_PP fc3_weatherDayIcon: http://www.proplanta.de/wetterdaten/images/symbole/t3.gif
2015-06-04_00:50:38 HA_Wetter_6_PP fc6_weatherDayIcon: http://www.proplanta.de/wetterdaten/images/symbole/t1.gif
2015-06-04_00:50:38 HA_Wetter_6_PP fc0_temp12: 20
2015-06-04_00:50:38 HA_Wetter_6_PP fc3_temp21: 16
2015-06-04_00:50:38 HA_Wetter_6_PP fc2_temp06: 21
2015-06-04_00:50:38 HA_Wetter_6_PP fc3_sun: 50
2015-06-04_00:50:38 HA_Wetter_6_PP fc4_weatherNight: bedeckt
2015-06-04_00:50:38 HA_Wetter_6_PP fc3_temp09: 19
2015-06-04_00:50:38 HA_Wetter_6_PP fc5_weatherNight: klar
2015-06-04_00:50:38 HA_Wetter_6_PP fc2_rain15: 2.1
2015-06-04_00:50:38 HA_Wetter_6_PP fc4_sun: 5
2015-06-04_00:50:38 HA_Wetter_6_PP fc10_date: 14.06.2015
2015-06-04_00:50:38 HA_Wetter_6_PP fc4_weatherEveningIcon: http://www.proplanta.de/wetterdaten/images/symbole/n5.gif
2015-06-04_00:50:38 HA_Wetter_6_PP fc4_temp03: 13
2015-06-04_00:50:38 HA_Wetter_6_PP fc11_moonRise: 04:26
2015-06-04_00:50:38 HA_Wetter_6_PP fc6_temp15: 23
2015-06-04_00:50:38 HA_Wetter_6_PP fc1_moonSet: 07:54
2015-06-04_00:50:38 HA_Wetter_6_PP fc3_chOfRain18: 5
2015-06-04_00:50:38 HA_Wetter_6_PP fc8_weatherIcon: http://www.proplanta.de/wetterdaten/images/symbole/t1.gif
2015-06-04_00:50:38 HA_Wetter_6_PP fc2_chOfRain03: 10
2015-06-04_00:50:38 HA_Wetter_6_PP fc5_chOfRainNight: 0
2015-06-04_00:50:38 HA_Wetter_6_PP fc3_chOfRain06: 15
2015-06-04_00:50:38 HA_Wetter_6_PP fc0_weatherEvening: klar
2015-06-04_00:50:38 HA_Wetter_6_PP fc1_weatherMorning: sonnig
2015-06-04_00:50:38 HA_Wetter_6_PP fc6_chOfRain12: 0
2015-06-04_00:50:38 HA_Wetter_6_PP fc3_moonRise: 00:06
2015-06-04_00:50:38 HA_Wetter_6_PP fc0_chOfRain18: 0
2015-06-04_00:50:38 HA_Wetter_6_PP fc12_tempMin: 15
2015-06-04_00:50:38 HA_Wetter_6_PP fc4_temp18: 15
2015-06-04_00:50:38 HA_Wetter_6_PP fc13_moonSet: 21:49
2015-06-04_00:50:38 HA_Wetter_6_PP fc1_sun: 100
2015-06-04_00:50:38 HA_Wetter_6_PP fc5_weatherEveningIcon: http://www.proplanta.de/wetterdaten/images/symbole/n1.gif
2015-06-04_00:50:38 HA_Wetter_6_PP fc1_temp00: 11
2015-06-04_00:50:38 HA_Wetter_6_PP fc4_cloud09: 100
2015-06-04_00:50:38 HA_Wetter_6_PP fc3_cloud06: 87.5
2015-06-04_00:50:38 HA_Wetter_6_PP fc2_temp21: 18
2015-06-04_00:50:38 HA_Wetter_6_PP fc0_weatherEveningIcon: http://www.proplanta.de/wetterdaten/images/symbole/n1.gif
2015-06-04_00:50:38 HA_Wetter_6_PP fc4_chOfRain12: 20
2015-06-04_00:50:38 HA_Wetter_6_PP fc2_uv: 5
2015-06-04_00:50:38 HA_Wetter_6_PP fc9_date: 13.06.2015
2015-06-04_00:50:38 HA_Wetter_6_PP fc4_chOfRainDay: 20
2015-06-04_00:50:38 HA_Wetter_6_PP fc1_chOfRainDay: 0
2015-06-04_00:50:38 HA_Wetter_6_PP fc10_weather: wolkig
2015-06-04_00:50:38 HA_Wetter_6_PP fc7_moonSet: 15:15
2015-06-04_00:50:38 HA_Wetter_6_PP fc1_temp18: 22
2015-06-04_00:50:38 HA_Wetter_6_PP fc5_temp15: 21
2015-06-04_00:50:38 HA_Wetter_6_PP fc11_tempMin: 11
2015-06-04_00:50:38 HA_Wetter_6_PP fc0_cloud18: 0
2015-06-04_00:50:38 HA_Wetter_6_PP fc12_moonSet: 20:59
2015-06-04_00:50:38 HA_Wetter_6_PP fc0_sun: 75
2015-06-04_00:50:38 HA_Wetter_6_PP fc8_date: 12.06.2015
2015-06-04_00:50:38 HA_Wetter_6_PP fc5_chOfRain18: 0
2015-06-04_00:50:38 HA_Wetter_6_PP fc2_chOfRain12: 5
2015-06-04_00:50:38 HA_Wetter_6_PP fc9_weatherIcon: http://www.proplanta.de/wetterdaten/images/symbole/t2.gif
2015-06-04_00:50:38 HA_Wetter_6_PP fc0_chOfRainDay: 5
2015-06-04_00:50:38 HA_Wetter_6_PP fc1_dew: 0
2015-06-04_00:50:38 HA_Wetter_6_PP fc10_tempMax: 26
2015-06-04_00:50:38 HA_Wetter_6_PP fc10_weatherIcon: http://www.proplanta.de/wetterdaten/images/symbole/t3.gif
2015-06-04_00:50:38 HA_Wetter_6_PP fc8_weather: sonnig
2015-06-04_00:50:38 HA_Wetter_6_PP fc4_temp06: 13
2015-06-04_00:50:38 HA_Wetter_6_PP fc4_temp21: 13
2015-06-04_00:50:38 HA_Wetter_6_PP fc4_tempMax: 15
2015-06-04_00:50:38 HA_Wetter_6_PP fc6_cloud03: 0
2015-06-04_00:50:38 HA_Wetter_6_PP fc2_weatherMorning: wolkig
2015-06-04_00:50:38 HA_Wetter_6_PP fc3_weatherMorning: stark bewoelkt
2015-06-04_00:50:38 HA_Wetter_6_PP fc3_cloud15: 12.5
2015-06-04_00:50:38 HA_Wetter_6_PP fc4_weatherDayIcon: http://www.proplanta.de/wetterdaten/images/symbole/t5.gif
2015-06-04_00:50:38 HA_Wetter_6_PP fc5_weatherEvening: klar
2015-06-04_00:50:38 HA_Wetter_6_PP fc2_date: 06.06.2015
2015-06-04_00:50:38 HA_Wetter_6_PP fc4_moonRise: 00:40
2015-06-04_00:50:38 HA_Wetter_6_PP fc5_cloud12: 87.5
2015-06-04_00:50:38 HA_Wetter_6_PP fc5_sun: 50
2015-06-04_00:50:38 HA_Wetter_6_PP fc1_evapor: 3
2015-06-04_00:50:38 HA_Wetter_6_PP fc5_weatherDayIcon: http://www.proplanta.de/wetterdaten/images/symbole/t3.gif
2015-06-04_00:50:38 HA_Wetter_6_PP fc6_uv: 9
2015-06-04_00:50:38 HA_Wetter_6_PP fc6_tempMax: 23
2015-06-04_00:50:38 HA_Wetter_6_PP fc13_weather: wolkig
2015-06-04_00:50:38 HA_Wetter_6_PP fc0_chOfRain21: 0
2015-06-04_00:50:38 HA_Wetter_6_PP fc11_weatherIcon: http://www.proplanta.de/wetterdaten/images/symbole/t8.gif
2015-06-04_00:50:38 HA_Wetter_6_PP fc0_weatherDayIcon: http://www.proplanta.de/wetterdaten/images/symbole/t2.gif
2015-06-04_00:50:38 HA_Wetter_6_PP fc12_weather: Regenschauer
2015-06-04_00:50:38 HA_Wetter_6_PP fc13_tempMax: 24
2015-06-04_00:50:38 HA_Wetter_6_PP fc0_chOfRain06: 10
2015-06-04_00:50:38 HA_Wetter_6_PP fc5_temp03: 12
2015-06-04_00:50:38 HA_Wetter_6_PP fc1_cloud00: 0
2015-06-04_00:50:38 HA_Wetter_6_PP fc6_temp03: 11
2015-06-04_00:50:38 HA_Wetter_6_PP fc4_rad: 1.3
2015-06-04_00:50:38 HA_Wetter_6_PP fc0_cloud03: 75
2015-06-04_00:50:38 HA_Wetter_6_PP fc0_chOfRain03: 15
2015-06-04_00:50:38 HA_Wetter_6_PP fc9_moonSet: 17:44
2015-06-04_00:50:38 HA_Wetter_6_PP fc4_moonSet: 11:28
2015-06-04_00:50:38 HA_Wetter_6_PP fc6_moonRise: 01:40
2015-06-04_00:50:38 HA_Wetter_6_PP fc4_cloud03: 100
2015-06-04_00:50:38 HA_Wetter_6_PP fc5_chOfRain15: 0
2015-06-04_00:50:38 HA_Wetter_6_PP fc5_temp00: 13
2015-06-04_00:50:38 HA_Wetter_6_PP fc0_weatherDay: heiter
2015-06-04_00:50:38 HA_Wetter_6_PP fc13_weatherIcon: http://www.proplanta.de/wetterdaten/images/symbole/t3.gif
2015-06-04_00:50:38 HA_Wetter_6_PP fc2_chOfRain15: 50
2015-06-04_00:50:38 HA_Wetter_6_PP fc0_chOfRain00: 20
2015-06-04_00:50:38 HA_Wetter_6_PP fc3_tempMin: 14
2015-06-04_00:50:38 HA_Wetter_6_PP fc13_date: 17.06.2015
2015-06-04_00:50:38 HA_Wetter_6_PP fc0_moonSet: 06:52
2015-06-04_00:50:38 HA_Wetter_6_PP fc0_chOfRain15: 0
2015-06-04_00:50:38 HA_Wetter_6_PP fc6_chOfRainDay: 0
2015-06-04_00:50:38 HA_Wetter_6_PP fc0_cloud09: 0
2015-06-04_00:50:38 HA_Wetter_6_PP fc10_moonRise: 03:45
2015-06-04_00:50:38 HA_Wetter_6_PP fc5_chOfRain21: 0
2015-06-04_00:50:38 HA_Wetter_6_PP fc0_chOfRainNight: 0
2015-06-04_00:50:38 HA_Wetter_6_PP fc4_chOfRain09: 20
2015-06-04_00:50:38 HA_Wetter_6_PP durationFetchReadings: 30.25
2015-06-04_00:50:38 HA_Wetter_6_PP fc4_dew: 1
2015-06-04_00:50:38 HA_Wetter_6_PP fc4_chOfRainNight: 20
2015-06-04_00:50:38 HA_Wetter_6_PP fc12_date: 16.06.2015
2015-06-04_00:50:38 HA_Wetter_6_PP fc2_temp15: 24
2015-06-04_00:50:38 HA_Wetter_6_PP fc6_rad: 8.2
2015-06-04_00:50:38 HA_Wetter_6_PP fc3_cloud00: 87.5
2015-06-04_00:50:38 HA_Wetter_6_PP fc4_date: 08.06.2015
2015-06-04_00:50:38 HA_Wetter_6_PP fc6_cloud12: 0
2015-06-04_00:50:38 HA_Wetter_6_PP fc0_cloud12: 0
2015-06-04_00:50:38 HA_Wetter_6_PP fc1_date: 05.06.2015
2015-06-04_00:50:38 HA_Wetter_6_PP fc5_weatherDay: wolkig
2015-06-04_00:50:38 HA_Wetter_6_PP fc0_date: 04.06.2015
2015-06-04_00:50:38 HA_Wetter_6_PP fc0_temp15: 21
2015-06-04_00:50:38 HA_Wetter_6_PP fc1_chOfRain06: 0
2015-06-04_00:50:38 HA_Wetter_6_PP fc4_chOfRain15: 20
2015-06-04_00:50:38 HA_Wetter_6_PP fc5_chOfRain00: 20
2015-06-04_00:50:38 HA_Wetter_6_PP fc5_rad: 5.4
2015-06-04_00:50:38 HA_Wetter_6_PP fc2_weatherMorningIcon: http://www.proplanta.de/wetterdaten/images/symbole/t3.gif
2015-06-04_00:50:38 HA_Wetter_6_PP fc6_temp06: 15
2015-06-04_00:50:38 HA_Wetter_6_PP fc4_tempMin: 13
2015-06-04_00:50:38 HA_Wetter_6_PP fc2_cloud09: 25
2015-06-04_00:50:38 HA_Wetter_6_PP fc2_dew: 2
2015-06-04_00:50:38 HA_Wetter_6_PP fc7_weatherIcon: http://www.proplanta.de/wetterdaten/images/symbole/t3.gif
2015-06-04_00:50:38 HA_Wetter_6_PP fc1_rad: 8.4
2015-06-04_00:50:38 HA_Wetter_6_PP fc2_temp03: 15
2015-06-04_00:50:38 HA_Wetter_6_PP fc3_tempMax: 22
2015-06-04_00:50:38 HA_Wetter_6_PP fc11_date: 15.06.2015
2015-06-04_00:50:38 HA_Wetter_6_PP fc4_cloud21: 87.5
2015-06-04_00:50:38 HA_Wetter_6_PP fc4_temp12: 15
2015-06-04_00:50:38 HA_Wetter_6_PP fc1_temp06: 17
2015-06-04_00:50:38 HA_Wetter_6_PP fc4_temp15: 15
2015-06-04_00:50:38 HA_Wetter_6_PP fc0_weatherNight: klar
2015-06-04_00:50:38 HA_Wetter_6_PP fc6_date: 10.06.2015
2015-06-04_00:50:38 HA_Wetter_6_PP fc8_moonRise: 02:37
2015-06-04_00:50:38 HA_Wetter_6_PP fc2_weatherNightIcon: http://www.proplanta.de/wetterdaten/images/symbole/n4.gif
2015-06-04_00:50:38 HA_Wetter_6_PP fc2_weatherEvening: Regenschauer
2015-06-04_00:50:38 HA_Wetter_6_PP fc6_temp00: 11
2015-06-04_00:50:38 HA_Wetter_6_PP fc0_temp00: 12
2015-06-04_00:50:38 HA_Wetter_6_PP fc6_chOfRain09: 0
2015-06-04_00:50:38 HA_Wetter_6_PP fc5_chOfRain12: 15
2015-06-04_00:50:38 HA_Wetter_6_PP fc3_weatherEvening: heiter
2015-06-04_00:50:38 HA_Wetter_6_PP fc3_weatherEveningIcon: http://www.proplanta.de/wetterdaten/images/symbole/n2.gif
2015-06-04_00:50:38 HA_Wetter_6_PP fc6_cloud06: 0
2015-06-04_00:50:38 HA_Wetter_6_PP fc1_chOfRainNight: 5
2015-06-04_00:50:38 HA_Wetter_6_PP fc2_moonSet: 09:02
2015-06-04_00:50:38 HA_Wetter_6_PP fc9_tempMin: 8
2015-06-04_00:50:38 HA_Wetter_6_PP fc4_chOfRain06: 20
2015-06-04_00:50:38 HA_Wetter_6_PP fc3_dew: 0
2015-06-04_00:50:38 HA_Wetter_6_PP fc5_chOfRainDay: 10
2015-06-04_00:50:38 HA_Wetter_6_PP fc0_weatherNightIcon: http://www.proplanta.de/wetterdaten/images/symbole/n1.gif
2015-06-04_00:50:38 HA_Wetter_6_PP fc6_cloud09: 0
2015-06-04_00:50:38 HA_Wetter_6_PP fc0_temp09: 17
2015-06-04_00:50:38 HA_Wetter_6_PP fc8_tempMax: 22
2015-06-04_00:50:38 HA_Wetter_6_PP fc0_weatherMorning: wolkig
2015-06-04_00:50:38 HA_Wetter_6_PP fc5_temp18: 19
2015-06-04_00:50:38 HA_Wetter_6_PP fc3_rad: 7.9
2015-06-04_00:50:38 HA_Wetter_6_PP fc6_chOfRain06: 0
2015-06-04_00:50:38 HA_Wetter_6_PP fc7_moonRise: 02:08
2015-06-04_00:50:38 HA_Wetter_6_PP fc4_weatherEvening: bedeckt
2015-06-04_00:50:38 HA_Wetter_6_PP fc0_cloud15: 0
2015-06-04_00:50:38 HA_Wetter_6_PP fc2_cloud18: 50
2015-06-04_00:50:38 HA_Wetter_6_PP fc6_chOfRain00: 0
2015-06-04_00:50:38 HA_Wetter_6_PP fc0_chOfRain09: 0
2015-06-04_00:50:38 HA_Wetter_6_PP fc7_weather: wolkig
2015-06-04_00:50:38 HA_Wetter_6_PP fc2_cloud03: 25
2015-06-04_00:50:38 HA_Wetter_6_PP fc1_temp15: 27
2015-06-04_00:50:38 HA_Wetter_6_PP fc2_chOfRain09: 10
2015-06-04_00:50:38 HA_Wetter_6_PP fc1_cloud03: 0
2015-06-04_00:50:38 HA_Wetter_6_PP fc2_moonRise: --:--
2015-06-04_00:50:38 HA_Wetter_6_PP fc9_moonRise: 03:09
2015-06-04_00:50:38 HA_Wetter_6_PP fc6_tempMin: 11
2015-06-04_00:50:38 HA_Wetter_6_PP fc3_cloud03: 87.5
2015-06-04_00:50:38 HA_Wetter_6_PP fc4_chOfRain18: 20
2015-06-04_00:50:38 HA_Wetter_6_PP fc6_temp09: 20
2015-06-04_00:50:38 HA_Wetter_6_PP fc4_cloud06: 100
2015-06-04_00:50:38 HA_Wetter_6_PP fc3_rain: 0
2015-06-04_00:50:38 HA_Wetter_6_PP fc0_tempMax: 21
2015-06-04_00:50:38 HA_Wetter_6_PP fc2_cloud21: 62.5
2015-06-04_00:50:38 HA_Wetter_6_PP fc1_temp09: 24
2015-06-04_00:50:38 HA_Wetter_6_PP fc3_temp15: 22
2015-06-04_00:50:38 HA_Wetter_6_PP fc3_temp03: 14
2015-06-04_00:50:38 HA_Wetter_6_PP fc4_temp09: 14
2015-06-04_00:50:38 HA_Wetter_6_PP fc2_weatherDayIcon: http://www.proplanta.de/wetterdaten/images/symbole/t8.gif
2015-06-04_00:50:38 HA_Wetter_6_PP fc1_weatherDay: sonnig
2015-06-04_00:50:38 HA_Wetter_6_PP fc4_weatherMorningIcon: http://www.proplanta.de/wetterdaten/images/symbole/t5.gif
2015-06-04_00:50:38 HA_Wetter_6_PP fc4_weatherMorning: bedeckt
2015-06-04_00:50:38 HA_Wetter_6_PP fc5_tempMin: 12
2015-06-04_00:50:38 HA_Wetter_6_PP fc7_tempMax: 21
2015-06-04_00:50:38 HA_Wetter_6_PP fc3_weatherMorningIcon: http://www.proplanta.de/wetterdaten/images/symbole/t4.gif
2015-06-04_00:50:38 HA_Wetter_6_PP fc4_cloud18: 100
2015-06-04_00:50:38 HA_Wetter_6_PP fc0_rad: 8.3
2015-06-04_00:50:38 HA_Wetter_6_PP fc5_moonSet: 12:43
2015-06-04_00:50:38 HA_Wetter_6_PP fc6_sun: 100
2015-06-04_00:50:38 HA_Wetter_6_PP fc11_tempMax: 28
2015-06-04_00:50:38 HA_Wetter_6_PP fc6_dew: 1
2015-06-04_00:50:38 HA_Wetter_6_PP fc2_chOfRain21: 15
2015-06-04_00:50:38 HA_Wetter_6_PP fc2_chOfRainNight: 15
2015-06-04_00:50:38 HA_Wetter_6_PP fc3_weatherDay: wolkig
2015-06-04_00:50:38 HA_Wetter_6_PP fc5_cloud18: 0
2015-06-04_00:50:38 HA_Wetter_6_PP fc6_temp12: 23
2015-06-04_00:50:38 HA_Wetter_6_PP fc0_cloud21: 0
2015-06-04_00:50:38 HA_Wetter_6_PP fc3_date: 07.06.2015
2015-06-04_00:50:38 HA_Wetter_6_PP fc4_chOfRain03: 20
2015-06-04_00:50:38 HA_Wetter_6_PP fc2_chOfRain18: 40
2015-06-04_00:50:38 HA_Wetter_6_PP fc2_chOfRainDay: 50
2015-06-04_00:50:38 HA_Wetter_6_PP fc1_chOfRain00: 0
2015-06-04_00:50:38 HA_Wetter_6_PP fc1_weatherDayIcon: http://www.proplanta.de/wetterdaten/images/symbole/t1.gif
2015-06-04_00:50:38 HA_Wetter_6_PP fc6_weatherMorning: sonnig
2015-06-04_00:50:38 HA_Wetter_6_PP fc5_date: 09.06.2015
2015-06-04_00:50:38 HA_Wetter_6_PP fc3_cloud18: 12.5
2015-06-04_00:50:38 HA_Wetter_6_PP fc1_weatherMorningIcon: http://www.proplanta.de/wetterdaten/images/symbole/t1.gif
2015-06-04_00:50:38 HA_Wetter_6_PP fc5_dew: 0
2015-06-04_00:50:38 HA_Wetter_6_PP fc0_cloud06: 37.5
2015-06-04_00:50:38 HA_Wetter_6_PP fc5_cloud15: 0
2015-06-04_00:50:38 HA_Wetter_6_PP fc4_cloud12: 100
2015-06-04_00:50:38 HA_Wetter_6_PP fc8_moonSet: 16:30
2015-06-04_00:50:38 HA_Wetter_6_PP fc10_tempMin: 6
2015-06-04_00:50:38 HA_Wetter_6_PP fc3_evapor: 2
2015-06-04_00:50:38 HA_Wetter_6_PP fc11_weather: unterschiedlich bewoelkt, vereinzelt Schauer und Gewitter
2015-06-04_00:50:38 HA_Wetter_6_PP fc10_moonSet: 18:55
2015-06-04_00:50:38 HA_Wetter_6_PP fc0_cloud00: 100
2015-06-04_00:50:38 HA_Wetter_6_PP fc0_temp03: 9
2015-06-04_00:50:38 HA_Wetter_6_PP fc3_moonSet: 10:14
2015-06-04_00:50:38 HA_Wetter_6_PP fc3_rain15: 0
2015-06-04_00:50:38 HA_Wetter_6_PP fc0_temp06: 13
2015-06-04_00:50:38 HA_Wetter_6_PP fc0_weatherMorningIcon: http://www.proplanta.de/wetterdaten/images/symbole/t3.gif
2015-06-04_00:50:38 HA_Wetter_6_PP fc4_weatherDay: bedeckt
2015-06-04_00:50:38 HA_Wetter_6_PP fc2_chOfRain06: 10
2015-06-04_00:50:38 HA_Wetter_6_PP fc1_chOfRain03: 0
2015-06-04_00:50:38 HA_Wetter_6_PP fc4_cloud15: 100
2015-06-04_00:50:38 HA_Wetter_6_PP fc2_weatherEveningIcon: http://www.proplanta.de/wetterdaten/images/symbole/n6.gif
2015-06-04_00:50:38 HA_Wetter_6_PP fc12_moonRise: 05:13
2015-06-04_00:50:38 HA_Wetter_6_PP fc2_rain: 4.2
2015-06-04_00:50:38 HA_Wetter_6_PP fc3_chOfRain00: 15
2015-06-04_00:50:38 HA_Wetter_6_PP fc2_cloud15: 50
2015-06-04_00:50:38 HA_Wetter_6_PP fc2_rad: 7.1
2015-06-04_00:50:38 HA_Wetter_6_PP fc5_tempMax: 21
2015-06-04_00:50:38 HA_Wetter_6_PP fc5_weatherNightIcon: http://www.proplanta.de/wetterdaten/images/symbole/n1.gif
2015-06-04_00:50:38 HA_Wetter_6_PP fc9_weather: heiter
2015-06-04_00:50:38 HA_Wetter_6_PP fc1_temp03: 10
2015-06-04_00:50:38 HA_Wetter_6_PP fc2_temp09: 28
2015-06-04_00:50:38 HA_Wetter_6_PP fc5_temp12: 19
2015-06-04_00:50:38 HA_Wetter_6_PP fc5_temp06: 12
2015-06-04_00:50:38 HA_Wetter_6_PP fc2_temp12: 31
2015-06-04_00:50:38 HA_Wetter_6_PP fc4_uv: 1
2015-06-04_00:50:38 HA_Wetter_6_PP fc5_moonRise: 01:11
2015-06-04_00:50:38 HA_Wetter_6_PP fc2_tempMax: 31
2015-06-04_00:50:38 HA_Wetter_6_PP fc5_cloud21: 0
2015-06-04_00:50:38 HA_Wetter_6_PP fc2_weatherNight: stark bewoelkt
2015-06-04_00:50:38 HA_Wetter_6_PP fc12_weatherIcon: http://www.proplanta.de/wetterdaten/images/symbole/t6.gif
2015-06-04_00:50:38 HA_Wetter_6_PP fc1_cloud06: 0
2015-06-04_00:50:38 HA_Wetter_6_PP fc3_rain18: 0
2015-06-04_00:50:38 HA_Wetter_6_PP fc0_chOfRain12: 0
2015-06-04_00:50:38 HA_Wetter_6_PP fc6_temp21: 12
2015-06-04_00:50:38 HA_Wetter_6_PP fc4_weatherNightIcon: http://www.proplanta.de/wetterdaten/images/symbole/n5.gif
2015-06-04_00:50:38 HA_Wetter_6_PP fc2_temp00: 15
2015-06-04_00:50:38 HA_Wetter_6_PP fc6_weatherMorningIcon: http://www.proplanta.de/wetterdaten/images/symbole/t1.gif
2015-06-04_00:50:38 HA_Wetter_6_PP fc0_temp21: 12
2015-06-04_00:50:38 HA_Wetter_6_PP fc1_weatherNightIcon: http://www.proplanta.de/wetterdaten/images/symbole/n2.gif
2015-06-04_00:50:38 HA_Wetter_6_PP fc0_moonRise: 22:41
2015-06-04_00:50:38 HA_Wetter_6_PP fc3_chOfRain15: 5
2015-06-04_00:50:38 HA_Wetter_6_PP fc13_tempMin: 13
2015-06-04_00:50:38 HA_Wetter_6_PP fc5_temp09: 13
2015-06-04_00:50:38 HA_Wetter_6_PP fc2_cloud06: 25
2015-06-04_00:50:38 HA_Wetter_6_PP fc1_temp21: 15
2015-06-04_00:50:38 HA_Wetter_6_PP fc6_moonSet: 13:59
2015-06-04_00:50:38 HA_Wetter_6_PP fc4_chOfRain21: 20
2015-06-04_00:50:38 HA_Wetter_6_PP fc3_temp06: 15
2015-06-04_00:50:38 HA_Wetter_6_PP fc0_tempMin: 9
2015-06-04_00:50:38 HA_Wetter_6_PP fc1_tempMax: 27
2015-06-04_00:50:38 HA_Wetter_6_PP fc3_uv: 6
2015-06-04_00:50:38 HA_Wetter_6_PP fc6_cloud00: 0
2015-06-04_00:50:38 HA_Wetter_6_PP fc5_uv: 6
2015-06-04_00:50:38 HA_Wetter_6_PP fc1_temp12: 27
2015-06-04_00:50:38 HA_Wetter_6_PP fc7_date: 11.06.2015
2015-06-04_00:50:38 HA_Wetter_6_PP fc6_weatherDay: sonnig
2015-06-04_00:50:38 HA_Wetter_6_PP fc11_moonSet: 20:00
2015-06-04_00:50:38 HA_Wetter_6_PP fc9_tempMax: 23
2015-06-04_00:50:38 HA_Wetter_6_PP fc3_chOfRainDay: 10
2015-06-04_00:50:38 HA_Wetter_6_PP fc2_rain18: 2.1
2015-06-04_00:50:38 HA_Wetter_6_PP fc6_chOfRain03: 0
2015-06-04_00:50:38 HA_Wetter_6_PP fc2_weatherDay: unterschiedlich bewoelkt, vereinzelt Schauer und Gewitter
2015-06-04_00:50:38 HA_Wetter_6_PP fc2_tempMin: 15
2015-06-04_00:50:38 HA_Wetter_6_PP Tmin: 9 Tmax: 21
2015-06-04_00:50:38 HA_Wetter_6_PP lastConnection: 428 values captured in 30.25 s
2015-06-04_01:50:39 HA_Wetter_6_PP durationFetchReadings: 30.73
2015-06-04_01:50:39 HA_Wetter_6_PP lastConnection: 428 values captured in 30.73 s
2015-06-04_02:50:38 HA_Wetter_6_PP durationFetchReadings: 29.87
2015-06-04_02:50:38 HA_Wetter_6_PP lastConnection: 428 values captured in 29.87 s
2015-06-04_03:50:39 HA_Wetter_6_PP durationFetchReadings: 30.39
2015-06-04_03:50:39 HA_Wetter_6_PP lastConnection: 428 values captured in 30.39 s
2015-06-04_04:50:43 HA_Wetter_6_PP durationFetchReadings: 34.32
2015-06-04_04:50:43 HA_Wetter_6_PP lastConnection: 428 values captured in 34.32 s
2015-06-04_05:50:46 HA_Wetter_6_PP durationFetchReadings: 37.27
2015-06-04_05:50:46 HA_Wetter_6_PP lastConnection: 428 values captured in 37.27 s
2015-06-04_06:50:51 HA_Wetter_6_PP durationFetchReadings: 41.34
2015-06-04_06:50:51 HA_Wetter_6_PP lastConnection: 428 values captured in 41.34 s
2015-06-04_07:50:52 HA_Wetter_6_PP durationFetchReadings: 42.54
2015-06-04_07:50:52 HA_Wetter_6_PP lastConnection: 428 values captured in 42.54 s
2015-06-04_08:50:54 HA_Wetter_6_PP durationFetchReadings: 43.90
2015-06-04_08:50:54 HA_Wetter_6_PP lastConnection: 428 values captured in 43.90 s
2015-06-04_09:50:52 HA_Wetter_6_PP durationFetchReadings: 42.70
2015-06-04_09:50:52 HA_Wetter_6_PP lastConnection: 428 values captured in 42.70 s
2015-06-04_10:50:56 HA_Wetter_6_PP fc8_tempMin: 8
2015-06-04_10:50:56 HA_Wetter_6_PP fc3_cloud21: 0
2015-06-04_10:50:56 HA_Wetter_6_PP fc3_chOfRain03: 20
2015-06-04_10:50:56 HA_Wetter_6_PP fc3_temp18: 18
2015-06-04_10:50:56 HA_Wetter_6_PP fc0_uv: 8
2015-06-04_10:50:56 HA_Wetter_6_PP fc2_cloud12: 0
2015-06-04_10:50:56 HA_Wetter_6_PP fc3_temp12: 20
2015-06-04_10:50:56 HA_Wetter_6_PP fc6_weatherDayIcon: http://www.proplanta.de/wetterdaten/images/symbole/t3.gif
2015-06-04_10:50:56 HA_Wetter_6_PP fc5_cloud00: 12.5
2015-06-04_10:50:56 HA_Wetter_6_PP fc0_temp12: 21
2015-06-04_10:50:56 HA_Wetter_6_PP fc3_temp21: 12
2015-06-04_10:50:56 HA_Wetter_6_PP fc2_temp06: 20
2015-06-04_10:50:56 HA_Wetter_6_PP fc4_weatherNight: heiter
2015-06-04_10:50:56 HA_Wetter_6_PP fc3_chOfRainNight: 0
2015-06-04_10:50:56 HA_Wetter_6_PP fc6_cloud21: 12.5
2015-06-04_10:50:56 HA_Wetter_6_PP fc3_temp09: 17
2015-06-04_10:50:56 HA_Wetter_6_PP fc5_weatherNight: wolkig
2015-06-04_10:50:56 HA_Wetter_6_PP fc2_rain15: 0
2015-06-04_10:50:56 HA_Wetter_6_PP fc5_weatherMorningIcon: http://www.proplanta.de/wetterdaten/images/symbole/t2.gif
2015-06-04_10:50:56 HA_Wetter_6_PP fc4_sun: 50
2015-06-04_10:50:56 HA_Wetter_6_PP fc4_temp03: 9
2015-06-04_10:50:56 HA_Wetter_6_PP fc6_temp15: 19
2015-06-04_10:50:56 HA_Wetter_6_PP fc3_cloud12: 37.5
2015-06-04_10:50:56 HA_Wetter_6_PP fc6_chOfRainNight: 10
2015-06-04_10:50:56 HA_Wetter_6_PP fc3_temp00: 14
2015-06-04_10:50:56 HA_Wetter_6_PP fc4_cloud00: 0
2015-06-04_10:50:56 HA_Wetter_6_PP fc8_weatherIcon: http://www.proplanta.de/wetterdaten/images/symbole/t4.gif
2015-06-04_10:50:56 HA_Wetter_6_PP fc2_chOfRain03: 5
2015-06-04_10:50:56 HA_Wetter_6_PP fc5_chOfRainNight: 10
2015-06-04_10:50:56 HA_Wetter_6_PP fc3_chOfRain06: 20
2015-06-04_10:50:56 HA_Wetter_6_PP fc6_chOfRain12: 10
2015-06-04_10:50:56 HA_Wetter_6_PP fc12_tempMin: 12
2015-06-04_10:50:56 HA_Wetter_6_PP fc4_temp18: 16
2015-06-04_10:50:56 HA_Wetter_6_PP fc5_weatherEveningIcon: http://www.proplanta.de/wetterdaten/images/symbole/n3.gif
2015-06-04_10:50:56 HA_Wetter_6_PP fc4_cloud09: 0
2015-06-04_10:50:56 HA_Wetter_6_PP fc3_cloud06: 100
2015-06-04_10:50:56 HA_Wetter_6_PP fc4_chOfRain12: 10
2015-06-04_10:50:56 HA_Wetter_6_PP fc2_uv: 7
2015-06-04_10:50:56 HA_Wetter_6_PP fc5_temp21: 10
2015-06-04_10:50:56 HA_Wetter_6_PP fc4_chOfRainDay: 10
2015-06-04_10:50:56 HA_Wetter_6_PP fc10_weather: heiter
2015-06-04_10:50:56 HA_Wetter_6_PP fc5_temp15: 17
2015-06-04_10:50:56 HA_Wetter_6_PP fc5_cloud06: 12.5
2015-06-04_10:50:56 HA_Wetter_6_PP fc6_cloud15: 50
2015-06-04_10:50:56 HA_Wetter_6_PP fc6_weatherNight: wolkig
2015-06-04_10:50:56 HA_Wetter_6_PP fc5_chOfRain18: 10
2015-06-04_10:50:56 HA_Wetter_6_PP fc10_tempMax: 29
2015-06-04_10:50:56 HA_Wetter_6_PP fc10_weatherIcon: http://www.proplanta.de/wetterdaten/images/symbole/t2.gif
2015-06-04_10:50:56 HA_Wetter_6_PP fc5_weatherMorning: heiter
2015-06-04_10:50:56 HA_Wetter_6_PP fc8_weather: stark bewoelkt
2015-06-04_10:50:56 HA_Wetter_6_PP fc4_temp06: 12
2015-06-04_10:50:56 HA_Wetter_6_PP fc4_temp21: 10
2015-06-04_10:50:56 HA_Wetter_6_PP fc4_tempMax: 18
2015-06-04_10:50:56 HA_Wetter_6_PP fc6_cloud03: 62.5
2015-06-04_10:50:56 HA_Wetter_6_PP fc2_weatherMorning: heiter
2015-06-04_10:50:56 HA_Wetter_6_PP fc6_weatherEveningIcon: http://www.proplanta.de/wetterdaten/images/symbole/n2.gif
2015-06-04_10:50:56 HA_Wetter_6_PP fc3_weatherMorning: bedeckt
2015-06-04_10:50:56 HA_Wetter_6_PP fc4_weatherDayIcon: http://www.proplanta.de/wetterdaten/images/symbole/t3.gif
2015-06-04_10:50:56 HA_Wetter_6_PP fc5_weatherEvening: wolkig
2015-06-04_10:50:56 HA_Wetter_6_PP fc6_temp18: 17
2015-06-04_10:50:56 HA_Wetter_6_PP fc6_uv: 5
2015-06-04_10:50:56 HA_Wetter_6_PP fc6_tempMax: 20
2015-06-04_10:50:56 HA_Wetter_6_PP fc13_weather: unterschiedlich bewoelkt, vereinzelt Schauer und Gewitter
2015-06-04_10:50:56 HA_Wetter_6_PP fc6_cloud18: 25
2015-06-04_10:50:56 HA_Wetter_6_PP fc11_weatherIcon: http://www.proplanta.de/wetterdaten/images/symbole/t3.gif
2015-06-04_10:50:56 HA_Wetter_6_PP fc13_tempMax: 29
2015-06-04_10:50:56 HA_Wetter_6_PP fc0_chOfRain06: 5
2015-06-04_10:50:56 HA_Wetter_6_PP fc5_temp03: 6
2015-06-04_10:50:56 HA_Wetter_6_PP fc6_temp03: 10
2015-06-04_10:50:56 HA_Wetter_6_PP fc4_rad: 6.2
2015-06-04_10:50:56 HA_Wetter_6_PP fc0_cloud03: 50
2015-06-04_10:50:56 HA_Wetter_6_PP fc0_chOfRain03: 10
2015-06-04_10:50:56 HA_Wetter_6_PP fc4_cloud03: 0
2015-06-04_10:50:56 HA_Wetter_6_PP fc5_chOfRain15: 15
2015-06-04_10:50:56 HA_Wetter_6_PP fc5_temp00: 10
2015-06-04_10:50:56 HA_Wetter_6_PP fc13_weatherIcon: http://www.proplanta.de/wetterdaten/images/symbole/t8.gif
2015-06-04_10:50:56 HA_Wetter_6_PP fc5_chOfRain03: 0
2015-06-04_10:50:56 HA_Wetter_6_PP fc2_chOfRain15: 0
2015-06-04_10:50:56 HA_Wetter_6_PP fc5_chOfRain06: 5
2015-06-04_10:50:56 HA_Wetter_6_PP fc3_tempMin: 12
2015-06-04_10:50:56 HA_Wetter_6_PP fc6_chOfRainDay: 10
2015-06-04_10:50:56 HA_Wetter_6_PP fc5_chOfRain21: 10
2015-06-04_10:50:56 HA_Wetter_6_PP fc5_cloud03: 0
2015-06-04_10:50:56 HA_Wetter_6_PP fc4_chOfRain09: 0
2015-06-04_10:50:56 HA_Wetter_6_PP durationFetchReadings: 45.85
2015-06-04_10:50:56 HA_Wetter_6_PP fc4_dew: 0
2015-06-04_10:50:56 HA_Wetter_6_PP fc4_chOfRainNight: 5
2015-06-04_10:50:56 HA_Wetter_6_PP fc2_temp15: 31
2015-06-04_10:50:56 HA_Wetter_6_PP fc6_rad: 6.8
2015-06-04_10:50:56 HA_Wetter_6_PP fc6_cloud12: 50
2015-06-04_10:50:56 HA_Wetter_6_PP fc0_cloud12: 12.5
2015-06-04_10:50:56 HA_Wetter_6_PP fc4_chOfRain15: 15
2015-06-04_10:50:56 HA_Wetter_6_PP fc5_chOfRain00: 5
2015-06-04_10:50:56 HA_Wetter_6_PP fc5_rad: 7
2015-06-04_10:50:56 HA_Wetter_6_PP fc2_weatherMorningIcon: http://www.proplanta.de/wetterdaten/images/symbole/t2.gif
2015-06-04_10:50:56 HA_Wetter_6_PP fc6_temp06: 12
2015-06-04_10:50:56 HA_Wetter_6_PP fc4_tempMin: 9
2015-06-04_10:50:56 HA_Wetter_6_PP fc2_cloud09: 12.5
2015-06-04_10:50:56 HA_Wetter_6_PP fc2_dew: 3
2015-06-04_10:50:56 HA_Wetter_6_PP fc7_weatherIcon: http://www.proplanta.de/wetterdaten/images/symbole/t4.gif
2015-06-04_10:50:56 HA_Wetter_6_PP fc2_temp03: 12
2015-06-04_10:50:56 HA_Wetter_6_PP fc3_tempMax: 21
2015-06-04_10:50:56 HA_Wetter_6_PP fc4_cloud21: 12.5
2015-06-04_10:50:56 HA_Wetter_6_PP fc4_temp12: 18
2015-06-04_10:50:56 HA_Wetter_6_PP fc4_temp15: 18
2015-06-04_10:50:56 HA_Wetter_6_PP fc2_weatherNightIcon: http://www.proplanta.de/wetterdaten/images/symbole/n5.gif
2015-06-04_10:50:56 HA_Wetter_6_PP fc2_weatherEvening: unterschiedlich bewoelkt, vereinzelt Schauer und Gewitter
2015-06-04_10:50:56 HA_Wetter_6_PP fc6_temp00: 10
2015-06-04_10:50:56 HA_Wetter_6_PP fc0_temp00: 13
2015-06-04_10:50:56 HA_Wetter_6_PP fc6_chOfRain09: 15
2015-06-04_10:50:56 HA_Wetter_6_PP fc2_temp18: 25
2015-06-04_10:50:56 HA_Wetter_6_PP fc5_chOfRain12: 20
2015-06-04_10:50:56 HA_Wetter_6_PP fc6_cloud06: 75
2015-06-04_10:50:56 HA_Wetter_6_PP fc4_chOfRain00: 5
2015-06-04_10:50:56 HA_Wetter_6_PP fc9_tempMin: 6
2015-06-04_10:50:56 HA_Wetter_6_PP fc4_chOfRain06: 0
2015-06-04_10:50:56 HA_Wetter_6_PP fc5_cloud09: 87.5
2015-06-04_10:50:56 HA_Wetter_6_PP fc6_cloud09: 75
2015-06-04_10:50:56 HA_Wetter_6_PP fc0_temp09: 18
2015-06-04_10:50:56 HA_Wetter_6_PP fc8_tempMax: 20
2015-06-04_10:50:56 HA_Wetter_6_PP fc0_weatherMorning: heiter
2015-06-04_10:50:56 HA_Wetter_6_PP fc5_temp18: 15
2015-06-04_10:50:56 HA_Wetter_6_PP fc3_rad: 8
2015-06-04_10:50:56 HA_Wetter_6_PP fc6_chOfRain21: 5
2015-06-04_10:50:56 HA_Wetter_6_PP fc6_chOfRain06: 15
2015-06-04_10:50:56 HA_Wetter_6_PP fc6_chOfRain00: 10
2015-06-04_10:50:56 HA_Wetter_6_PP fc7_weather: stark bewoelkt
2015-06-04_10:50:56 HA_Wetter_6_PP fc2_chOfRain09: 5
2015-06-04_10:50:56 HA_Wetter_6_PP fc4_temp00: 12
2015-06-04_10:50:56 HA_Wetter_6_PP fc6_tempMin: 10
2015-06-04_10:50:56 HA_Wetter_6_PP fc3_cloud03: 100
2015-06-04_10:50:56 HA_Wetter_6_PP fc6_temp09: 17
2015-06-04_10:50:56 HA_Wetter_6_PP fc4_cloud06: 0
2015-06-04_10:50:56 HA_Wetter_6_PP fc0_temp18: 18
2015-06-04_10:50:56 HA_Wetter_6_PP fc2_cloud21: 87.5
2015-06-04_10:50:56 HA_Wetter_6_PP fc3_temp15: 21
2015-06-04_10:50:56 HA_Wetter_6_PP fc3_temp03: 13
2015-06-04_10:50:56 HA_Wetter_6_PP fc4_temp09: 17
2015-06-04_10:50:56 HA_Wetter_6_PP fc4_weatherMorningIcon: http://www.proplanta.de/wetterdaten/images/symbole/t1.gif
2015-06-04_10:50:56 HA_Wetter_6_PP fc4_weatherMorning: sonnig
2015-06-04_10:50:56 HA_Wetter_6_PP fc5_tempMin: 6
2015-06-04_10:50:56 HA_Wetter_6_PP fc7_tempMax: 16
2015-06-04_10:50:56 HA_Wetter_6_PP fc3_weatherMorningIcon: http://www.proplanta.de/wetterdaten/images/symbole/t5.gif
2015-06-04_10:50:56 HA_Wetter_6_PP fc4_cloud18: 87.5
2015-06-04_10:50:56 HA_Wetter_6_PP fc6_sun: 50
2015-06-04_10:50:56 HA_Wetter_6_PP fc11_tempMax: 29
2015-06-04_10:50:56 HA_Wetter_6_PP fc6_dew: 0
2015-06-04_10:50:56 HA_Wetter_6_PP fc2_chOfRain21: 50
2015-06-04_10:50:56 HA_Wetter_6_PP fc2_chOfRainNight: 20
2015-06-04_10:50:56 HA_Wetter_6_PP fc5_cloud18: 50
2015-06-04_10:50:56 HA_Wetter_6_PP fc6_temp12: 19
2015-06-04_10:50:56 HA_Wetter_6_PP fc4_chOfRain03: 0
2015-06-04_10:50:56 HA_Wetter_6_PP fc2_chOfRain18: 50
2015-06-04_10:50:56 HA_Wetter_6_PP fc6_weatherMorning: stark bewoelkt
2015-06-04_10:50:56 HA_Wetter_6_PP fc5_dew: 2
2015-06-04_10:50:56 HA_Wetter_6_PP fc0_cloud06: 25
2015-06-04_10:50:56 HA_Wetter_6_PP fc5_cloud15: 75
2015-06-04_10:50:56 HA_Wetter_6_PP fc4_cloud12: 37.5
2015-06-04_10:50:56 HA_Wetter_6_PP fc3_weatherNightIcon: http://www.proplanta.de/wetterdaten/images/symbole/n1.gif
2015-06-04_10:50:56 HA_Wetter_6_PP fc10_tempMin: 9
2015-06-04_10:50:56 HA_Wetter_6_PP fc11_weather: wolkig
2015-06-04_10:50:56 HA_Wetter_6_PP fc6_weatherNightIcon: http://www.proplanta.de/wetterdaten/images/symbole/n3.gif
2015-06-04_10:50:56 HA_Wetter_6_PP fc0_temp03: 10
2015-06-04_10:50:56 HA_Wetter_6_PP fc0_temp06: 14
2015-06-04_10:50:56 HA_Wetter_6_PP fc0_weatherMorningIcon: http://www.proplanta.de/wetterdaten/images/symbole/t2.gif
2015-06-04_10:50:56 HA_Wetter_6_PP fc4_weatherDay: wolkig
2015-06-04_10:50:56 HA_Wetter_6_PP fc2_chOfRain06: 5
2015-06-04_10:50:56 HA_Wetter_6_PP fc4_cloud15: 87.5
2015-06-04_10:50:56 HA_Wetter_6_PP fc3_weatherNight: klar
2015-06-04_10:50:56 HA_Wetter_6_PP fc2_weatherEveningIcon: http://www.proplanta.de/wetterdaten/images/symbole/n8.gif
2015-06-04_10:50:56 HA_Wetter_6_PP fc6_weatherEvening: heiter
2015-06-04_10:50:56 HA_Wetter_6_PP fc2_rain: 4.7
2015-06-04_10:50:56 HA_Wetter_6_PP fc2_cloud15: 0
2015-06-04_10:50:56 HA_Wetter_6_PP fc2_rad: 8.1
2015-06-04_10:50:56 HA_Wetter_6_PP fc5_tempMax: 17
2015-06-04_10:50:56 HA_Wetter_6_PP fc5_weatherNightIcon: http://www.proplanta.de/wetterdaten/images/symbole/n3.gif
2015-06-04_10:50:56 HA_Wetter_6_PP fc2_temp09: 27
2015-06-04_10:50:56 HA_Wetter_6_PP fc5_temp12: 17
2015-06-04_10:50:56 HA_Wetter_6_PP fc12_tempMax: 30
2015-06-04_10:50:56 HA_Wetter_6_PP fc5_temp06: 10
2015-06-04_10:50:56 HA_Wetter_6_PP fc4_uv: 5
2015-06-04_10:50:56 HA_Wetter_6_PP fc5_cloud21: 37.5
2015-06-04_10:50:56 HA_Wetter_6_PP fc3_chOfRain12: 10
2015-06-04_10:50:56 HA_Wetter_6_PP fc2_weatherNight: bedeckt
2015-06-04_10:50:56 HA_Wetter_6_PP fc0_chOfRain12: 5
2015-06-04_10:50:56 HA_Wetter_6_PP fc6_temp21: 10
2015-06-04_10:50:56 HA_Wetter_6_PP fc4_weatherNightIcon: http://www.proplanta.de/wetterdaten/images/symbole/n2.gif
2015-06-04_10:50:56 HA_Wetter_6_PP fc2_temp00: 14
2015-06-04_10:50:56 HA_Wetter_6_PP fc6_weatherMorningIcon: http://www.proplanta.de/wetterdaten/images/symbole/t4.gif
2015-06-04_10:50:56 HA_Wetter_6_PP fc2_rain21: 3.2
2015-06-04_10:50:56 HA_Wetter_6_PP fc3_chOfRain21: 5
2015-06-04_10:50:56 HA_Wetter_6_PP fc13_tempMin: 10
2015-06-04_10:50:56 HA_Wetter_6_PP fc5_temp09: 15
2015-06-04_10:50:56 HA_Wetter_6_PP fc4_chOfRain21: 5
2015-06-04_10:50:56 HA_Wetter_6_PP fc3_temp06: 12
2015-06-04_10:50:56 HA_Wetter_6_PP fc0_tempMin: 10
2015-06-04_10:50:56 HA_Wetter_6_PP fc6_chOfRain15: 10
2015-06-04_10:50:56 HA_Wetter_6_PP fc3_cloud09: 50
2015-06-04_10:50:56 HA_Wetter_6_PP fc6_cloud00: 37.5
2015-06-04_10:50:56 HA_Wetter_6_PP fc5_uv: 3
2015-06-04_10:50:56 HA_Wetter_6_PP fc6_weatherDay: wolkig
2015-06-04_10:50:56 HA_Wetter_6_PP fc9_tempMax: 22
2015-06-04_10:50:56 HA_Wetter_6_PP fc2_rain18: 1.5
2015-06-04_10:50:56 HA_Wetter_6_PP fc6_chOfRain18: 5
2015-06-04_10:50:56 HA_Wetter_6_PP fc6_chOfRain03: 15
2015-06-04_10:50:56 HA_Wetter_6_PP fc2_tempMin: 12
2015-06-04_10:50:56 HA_Wetter_6_PP Tmin: 10 Tmax: 21
2015-06-04_10:50:56 HA_Wetter_6_PP lastConnection: 428 values captured in 45.85 s
2015-06-04_11:50:53 HA_Wetter_6_PP durationFetchReadings: 43.39
2015-06-04_11:50:53 HA_Wetter_6_PP lastConnection: 428 values captured in 43.39 s
2015-06-04_12:50:51 HA_Wetter_6_PP durationFetchReadings: 41.41
2015-06-04_12:50:51 HA_Wetter_6_PP lastConnection: 428 values captured in 41.41 s
2015-06-04_13:50:53 HA_Wetter_6_PP durationFetchReadings: 42.96
2015-06-04_13:50:53 HA_Wetter_6_PP lastConnection: 428 values captured in 42.96 s
2015-06-04_14:50:53 HA_Wetter_6_PP durationFetchReadings: 42.91
2015-06-04_14:50:53 HA_Wetter_6_PP lastConnection: 428 values captured in 42.91 s
2015-06-04_15:50:52 HA_Wetter_6_PP fc8_tempMin: 14
2015-06-04_15:50:52 HA_Wetter_6_PP fc3_cloud21: 25
2015-06-04_15:50:52 HA_Wetter_6_PP fc7_tempMin: 12
2015-06-04_15:50:52 HA_Wetter_6_PP fc2_cloud12: 12.5
2015-06-04_15:50:52 HA_Wetter_6_PP fc6_weatherDayIcon: http://www.proplanta.de/wetterdaten/images/symbole/t5.gif
2015-06-04_15:50:52 HA_Wetter_6_PP fc5_cloud00: 0
2015-06-04_15:50:52 HA_Wetter_6_PP fc3_temp21: 13
2015-06-04_15:50:52 HA_Wetter_6_PP fc4_weatherNight: wolkig
2015-06-04_15:50:52 HA_Wetter_6_PP fc3_chOfRainNight: 5
2015-06-04_15:50:52 HA_Wetter_6_PP fc6_cloud21: 62.5
2015-06-04_15:50:52 HA_Wetter_6_PP fc5_weatherNight: stark bewoelkt
2015-06-04_15:50:52 HA_Wetter_6_PP fc5_weatherMorningIcon: http://www.proplanta.de/wetterdaten/images/symbole/t5.gif
2015-06-04_15:50:52 HA_Wetter_6_PP fc4_sun: 75
2015-06-04_15:50:52 HA_Wetter_6_PP fc4_weatherEveningIcon: http://www.proplanta.de/wetterdaten/images/symbole/n3.gif
2015-06-04_15:50:52 HA_Wetter_6_PP fc4_temp03: 8
2015-06-04_15:50:52 HA_Wetter_6_PP fc6_temp15: 14
2015-06-04_15:50:52 HA_Wetter_6_PP fc6_chOfRainNight: 15
2015-06-04_15:50:52 HA_Wetter_6_PP fc3_temp00: 15
2015-06-04_15:50:52 HA_Wetter_6_PP fc4_cloud00: 12.5
2015-06-04_15:50:52 HA_Wetter_6_PP fc8_weatherIcon: http://www.proplanta.de/wetterdaten/images/symbole/t5.gif
2015-06-04_15:50:52 HA_Wetter_6_PP fc2_chOfRain03: 10
2015-06-04_15:50:52 HA_Wetter_6_PP fc5_chOfRainNight: 15
2015-06-04_15:50:52 HA_Wetter_6_PP fc6_chOfRain12: 20
2015-06-04_15:50:52 HA_Wetter_6_PP fc12_tempMin: 9
2015-06-04_15:50:52 HA_Wetter_6_PP fc6_rain09: 0.2
2015-06-04_15:50:52 HA_Wetter_6_PP fc5_weatherEveningIcon: http://www.proplanta.de/wetterdaten/images/symbole/n4.gif
2015-06-04_15:50:52 HA_Wetter_6_PP fc4_chOfRain12: 0
2015-06-04_15:50:52 HA_Wetter_6_PP fc2_uv: 6
2015-06-04_15:50:52 HA_Wetter_6_PP fc5_temp21: 11
2015-06-04_15:50:52 HA_Wetter_6_PP fc4_chOfRainDay: 5
2015-06-04_15:50:52 HA_Wetter_6_PP fc10_weather: wolkig
2015-06-04_15:50:52 HA_Wetter_6_PP fc6_evapor: 1
2015-06-04_15:50:52 HA_Wetter_6_PP fc5_temp15: 16
2015-06-04_15:50:52 HA_Wetter_6_PP fc11_tempMin: 10
2015-06-04_15:50:52 HA_Wetter_6_PP fc5_cloud06: 87.5
2015-06-04_15:50:52 HA_Wetter_6_PP fc6_cloud15: 87.5
2015-06-04_15:50:52 HA_Wetter_6_PP fc6_rain: 0.4
2015-06-04_15:50:52 HA_Wetter_6_PP fc6_weatherNight: stark bewoelkt
2015-06-04_15:50:52 HA_Wetter_6_PP fc5_chOfRain18: 15
2015-06-04_15:50:52 HA_Wetter_6_PP fc9_weatherIcon: http://www.proplanta.de/wetterdaten/images/symbole/t5.gif
2015-06-04_15:50:52 HA_Wetter_6_PP fc10_tempMax: 23
2015-06-04_15:50:52 HA_Wetter_6_PP fc10_weatherIcon: http://www.proplanta.de/wetterdaten/images/symbole/t3.gif
2015-06-04_15:50:52 HA_Wetter_6_PP fc5_weatherMorning: bedeckt
2015-06-04_15:50:52 HA_Wetter_6_PP fc8_weather: bedeckt
2015-06-04_15:50:52 HA_Wetter_6_PP fc4_temp06: 11
2015-06-04_15:50:52 HA_Wetter_6_PP fc6_rain06: 0.2
2015-06-04_15:50:52 HA_Wetter_6_PP fc4_tempMax: 19
2015-06-04_15:50:52 HA_Wetter_6_PP fc6_cloud03: 100
2015-06-04_15:50:52 HA_Wetter_6_PP fc2_weatherMorning: wolkig
2015-06-04_15:50:52 HA_Wetter_6_PP fc6_weatherEveningIcon: http://www.proplanta.de/wetterdaten/images/symbole/n5.gif
2015-06-04_15:50:52 HA_Wetter_6_PP fc3_cloud15: 25
2015-06-04_15:50:52 HA_Wetter_6_PP fc4_weatherDayIcon: http://www.proplanta.de/wetterdaten/images/symbole/t2.gif
2015-06-04_15:50:52 HA_Wetter_6_PP fc5_weatherEvening: stark bewoelkt
2015-06-04_15:50:52 HA_Wetter_6_PP fc6_temp18: 14
2015-06-04_15:50:52 HA_Wetter_6_PP fc5_sun: 25
2015-06-04_15:50:52 HA_Wetter_6_PP fc5_weatherDayIcon: http://www.proplanta.de/wetterdaten/images/symbole/t4.gif
2015-06-04_15:50:52 HA_Wetter_6_PP fc6_uv: 1
2015-06-04_15:50:52 HA_Wetter_6_PP fc6_tempMax: 14
2015-06-04_15:50:52 HA_Wetter_6_PP fc6_cloud18: 87.5
2015-06-04_15:50:52 HA_Wetter_6_PP fc12_weather: heiter
2015-06-04_15:50:52 HA_Wetter_6_PP fc5_temp03: 9
2015-06-04_15:50:52 HA_Wetter_6_PP fc4_rad: 7.6
2015-06-04_15:50:52 HA_Wetter_6_PP fc5_temp00: 9
2015-06-04_15:50:52 HA_Wetter_6_PP fc5_chOfRain03: 15
2015-06-04_15:50:52 HA_Wetter_6_PP fc2_chOfRain15: 5
2015-06-04_15:50:52 HA_Wetter_6_PP fc5_chOfRain06: 20
2015-06-04_15:50:52 HA_Wetter_6_PP fc3_tempMin: 13
2015-06-04_15:50:52 HA_Wetter_6_PP fc6_chOfRainDay: 20
2015-06-04_15:50:52 HA_Wetter_6_PP fc5_cloud03: 75
2015-06-04_15:50:52 HA_Wetter_6_PP durationFetchReadings: 41.86
2015-06-04_15:50:52 HA_Wetter_6_PP fc4_chOfRainNight: 10
2015-06-04_15:50:52 HA_Wetter_6_PP fc6_rad: 3
2015-06-04_15:50:52 HA_Wetter_6_PP fc6_cloud12: 100
2015-06-04_15:50:52 HA_Wetter_6_PP fc5_weatherDay: stark bewoelkt
2015-06-04_15:50:52 HA_Wetter_6_PP fc5_chOfRain00: 0
2015-06-04_15:50:52 HA_Wetter_6_PP fc5_rad: 4.2
2015-06-04_15:50:52 HA_Wetter_6_PP fc2_weatherMorningIcon: http://www.proplanta.de/wetterdaten/images/symbole/t3.gif
2015-06-04_15:50:52 HA_Wetter_6_PP fc6_temp06: 10
2015-06-04_15:50:52 HA_Wetter_6_PP fc4_tempMin: 8
2015-06-04_15:50:52 HA_Wetter_6_PP fc7_weatherIcon: http://www.proplanta.de/wetterdaten/images/symbole/t5.gif
2015-06-04_15:50:52 HA_Wetter_6_PP fc1_rad: 8.3
2015-06-04_15:50:52 HA_Wetter_6_PP fc4_cloud21: 0
2015-06-04_15:50:52 HA_Wetter_6_PP fc1_temp06: 18
2015-06-04_15:50:52 HA_Wetter_6_PP fc6_chOfRain09: 20
2015-06-04_15:50:52 HA_Wetter_6_PP fc2_temp18: 24
2015-06-04_15:50:52 HA_Wetter_6_PP fc6_cloud06: 100
2015-06-04_15:50:52 HA_Wetter_6_PP fc9_tempMin: 11
2015-06-04_15:50:52 HA_Wetter_6_PP fc3_dew: 2
2015-06-04_15:50:52 HA_Wetter_6_PP fc5_chOfRainDay: 15
2015-06-04_15:50:52 HA_Wetter_6_PP fc5_cloud09: 100
2015-06-04_15:50:52 HA_Wetter_6_PP fc6_cloud09: 100
2015-06-04_15:50:52 HA_Wetter_6_PP fc8_tempMax: 23
2015-06-04_15:50:52 HA_Wetter_6_PP fc5_temp18: 14
2015-06-04_15:50:52 HA_Wetter_6_PP fc3_rad: 7.3
2015-06-04_15:50:52 HA_Wetter_6_PP fc6_chOfRain21: 30
2015-06-04_15:50:52 HA_Wetter_6_PP fc6_chOfRain06: 20
2015-06-04_15:50:52 HA_Wetter_6_PP fc4_weatherEvening: wolkig
2015-06-04_15:50:52 HA_Wetter_6_PP fc6_chOfRain00: 15
2015-06-04_15:50:52 HA_Wetter_6_PP fc7_weather: bedeckt
2015-06-04_15:50:52 HA_Wetter_6_PP fc4_temp00: 10
2015-06-04_15:50:52 HA_Wetter_6_PP fc4_chOfRain18: 10
2015-06-04_15:50:52 HA_Wetter_6_PP fc6_temp09: 12
2015-06-04_15:50:52 HA_Wetter_6_PP fc4_temp09: 15
2015-06-04_15:50:52 HA_Wetter_6_PP fc5_tempMin: 9
2015-06-04_15:50:52 HA_Wetter_6_PP fc7_tempMax: 20
2015-06-04_15:50:52 HA_Wetter_6_PP fc4_cloud18: 37.5
2015-06-04_15:50:52 HA_Wetter_6_PP fc6_sun: 5
2015-06-04_15:50:52 HA_Wetter_6_PP fc11_tempMax: 24
2015-06-04_15:50:52 HA_Wetter_6_PP fc5_cloud18: 62.5
2015-06-04_15:50:52 HA_Wetter_6_PP fc6_temp12: 13
2015-06-04_15:50:52 HA_Wetter_6_PP fc4_chOfRain03: 5
2015-06-04_15:50:52 HA_Wetter_6_PP fc6_weatherMorning: bedeckt
2015-06-04_15:50:52 HA_Wetter_6_PP fc3_cloud18: 25
2015-06-04_15:50:52 HA_Wetter_6_PP fc5_dew: 0
2015-06-04_15:50:52 HA_Wetter_6_PP fc5_cloud15: 87.5
2015-06-04_15:50:52 HA_Wetter_6_PP fc4_cloud12: 0
2015-06-04_15:50:52 HA_Wetter_6_PP fc3_weatherNightIcon: http://www.proplanta.de/wetterdaten/images/symbole/n2.gif
2015-06-04_15:50:52 HA_Wetter_6_PP fc6_weatherNightIcon: http://www.proplanta.de/wetterdaten/images/symbole/n4.gif
2015-06-04_15:50:52 HA_Wetter_6_PP fc4_weatherDay: heiter
2015-06-04_15:50:52 HA_Wetter_6_PP fc2_chOfRain06: 10
2015-06-04_15:50:52 HA_Wetter_6_PP fc4_cloud15: 62.5
2015-06-04_15:50:52 HA_Wetter_6_PP fc3_weatherNight: heiter
2015-06-04_15:50:52 HA_Wetter_6_PP fc6_weatherEvening: bedeckt
2015-06-04_15:50:52 HA_Wetter_6_PP fc2_rain: 4
2015-06-04_15:50:52 HA_Wetter_6_PP fc5_tempMax: 16
2015-06-04_15:50:52 HA_Wetter_6_PP fc5_weatherNightIcon: http://www.proplanta.de/wetterdaten/images/symbole/n4.gif
2015-06-04_15:50:52 HA_Wetter_6_PP fc9_weather: bedeckt
2015-06-04_15:50:52 HA_Wetter_6_PP fc5_temp12: 16
2015-06-04_15:50:52 HA_Wetter_6_PP fc12_tempMax: 24
2015-06-04_15:50:52 HA_Wetter_6_PP fc2_temp12: 30
2015-06-04_15:50:52 HA_Wetter_6_PP fc4_uv: 6
2015-06-04_15:50:52 HA_Wetter_6_PP fc5_cloud21: 50
2015-06-04_15:50:52 HA_Wetter_6_PP fc12_weatherIcon: http://www.proplanta.de/wetterdaten/images/symbole/t2.gif
2015-06-04_15:50:52 HA_Wetter_6_PP fc6_temp21: 11
2015-06-04_15:50:52 HA_Wetter_6_PP fc4_weatherNightIcon: http://www.proplanta.de/wetterdaten/images/symbole/n3.gif
2015-06-04_15:50:52 HA_Wetter_6_PP fc2_temp00: 13
2015-06-04_15:50:52 HA_Wetter_6_PP fc6_weatherMorningIcon: http://www.proplanta.de/wetterdaten/images/symbole/t5.gif
2015-06-04_15:50:52 HA_Wetter_6_PP fc2_rain21: 3.4
2015-06-04_15:50:52 HA_Wetter_6_PP fc5_temp09: 12
2015-06-04_15:50:52 HA_Wetter_6_PP fc1_temp21: 16
2015-06-04_15:50:52 HA_Wetter_6_PP fc4_chOfRain21: 0
2015-06-04_15:50:52 HA_Wetter_6_PP fc3_temp06: 13
2015-06-04_15:50:52 HA_Wetter_6_PP fc2_chOfRain00: 5
2015-06-04_15:50:52 HA_Wetter_6_PP fc6_chOfRain15: 20
2015-06-04_15:50:52 HA_Wetter_6_PP fc1_tempMax: 28
2015-06-04_15:50:52 HA_Wetter_6_PP fc6_cloud00: 75
2015-06-04_15:50:52 HA_Wetter_6_PP fc5_uv: 2
2015-06-04_15:50:52 HA_Wetter_6_PP fc6_weatherDay: bedeckt
2015-06-04_15:50:52 HA_Wetter_6_PP fc9_tempMax: 14
2015-06-04_15:50:52 HA_Wetter_6_PP fc2_rain18: 0.6
2015-06-04_15:50:52 HA_Wetter_6_PP fc6_chOfRain18: 20
2015-06-04_15:50:52 HA_Wetter_6_PP fc6_chOfRain03: 20
2015-06-04_15:50:52 HA_Wetter_6_PP lastConnection: 428 values captured in 41.86 s
2015-06-04_16:50:53 HA_Wetter_6_PP durationFetchReadings: 42.97
2015-06-04_16:50:53 HA_Wetter_6_PP lastConnection: 428 values captured in 42.97 s
2015-06-04_17:50:51 HA_Wetter_6_PP durationFetchReadings: 40.99
2015-06-04_17:50:51 HA_Wetter_6_PP lastConnection: 428 values captured in 40.99 s
2015-06-04_19:50:44 HA_Wetter_6_PP durationFetchReadings: 34.55
2015-06-04_19:50:44 HA_Wetter_6_PP lastConnection: 428 values captured in 34.55 s
2015-06-04_20:50:45 HA_Wetter_6_PP durationFetchReadings: 35.66
2015-06-04_20:50:45 HA_Wetter_6_PP lastConnection: 428 values captured in 35.66 s
2015-06-04_21:28:40 HA_Wetter_6_PP durationFetchReadings: 34.65
2015-06-04_21:28:40 HA_Wetter_6_PP lastConnection: 428 values captured in 34.65 s
2015-06-04_22:28:35 HA_Wetter_6_PP fc8_tempMin: 10
2015-06-04_22:28:35 HA_Wetter_6_PP fc5_chOfRain09: 10
2015-06-04_22:28:35 HA_Wetter_6_PP fc3_chOfRain03: 15
2015-06-04_22:28:35 HA_Wetter_6_PP fc7_tempMin: 9
2015-06-04_22:28:35 HA_Wetter_6_PP fc1_tempMin: 11
2015-06-04_22:28:35 HA_Wetter_6_PP fc2_cloud12: 25
2015-06-04_22:28:35 HA_Wetter_6_PP fc3_temp12: 21
2015-06-04_22:28:35 HA_Wetter_6_PP fc6_weatherDayIcon: http://www.proplanta.de/wetterdaten/images/symbole/t3.gif
2015-06-04_22:28:35 HA_Wetter_6_PP fc2_temp06: 21
2015-06-04_22:28:35 HA_Wetter_6_PP fc4_weatherNight: klar
2015-06-04_22:28:35 HA_Wetter_6_PP fc6_cloud21: 25
2015-06-04_22:28:35 HA_Wetter_6_PP fc3_temp09: 18
2015-06-04_22:28:35 HA_Wetter_6_PP fc5_weatherNight: bedeckt
2015-06-04_22:28:35 HA_Wetter_6_PP fc2_rain15: 1.1
2015-06-04_22:28:35 HA_Wetter_6_PP fc5_weatherMorningIcon: http://www.proplanta.de/wetterdaten/images/symbole/t2.gif
2015-06-04_22:28:35 HA_Wetter_6_PP fc4_weatherEveningIcon: http://www.proplanta.de/wetterdaten/images/symbole/n1.gif
2015-06-04_22:28:35 HA_Wetter_6_PP fc6_temp15: 23
2015-06-04_22:28:35 HA_Wetter_6_PP fc3_cloud12: 25
2015-06-04_22:28:35 HA_Wetter_6_PP fc6_chOfRainNight: 5
2015-06-04_22:28:35 HA_Wetter_6_PP fc3_temp00: 16
2015-06-04_22:28:35 HA_Wetter_6_PP fc8_weatherIcon: http://www.proplanta.de/wetterdaten/images/symbole/t1.gif
2015-06-04_22:28:35 HA_Wetter_6_PP fc5_chOfRainNight: 20
2015-06-04_22:28:35 HA_Wetter_6_PP fc6_chOfRain12: 10
2015-06-04_22:28:35 HA_Wetter_6_PP fc4_temp18: 15
2015-06-04_22:28:35 HA_Wetter_6_PP fc6_rain09: 0
2015-06-04_22:28:35 HA_Wetter_6_PP fc5_weatherEveningIcon: http://www.proplanta.de/wetterdaten/images/symbole/n5.gif
2015-06-04_22:28:35 HA_Wetter_6_PP fc1_temp00: 12
2015-06-04_22:28:35 HA_Wetter_6_PP fc4_cloud09: 25
2015-06-04_22:28:35 HA_Wetter_6_PP fc3_cloud06: 87.5
2015-06-04_22:28:35 HA_Wetter_6_PP fc4_chOfRain12: 5
2015-06-04_22:28:35 HA_Wetter_6_PP fc5_temp21: 13
2015-06-04_22:28:35 HA_Wetter_6_PP fc10_weather: unterschiedlich bewoelkt, vereinzelt Schauer und Gewitter
2015-06-04_22:28:35 HA_Wetter_6_PP fc1_temp18: 23
2015-06-04_22:28:35 HA_Wetter_6_PP fc6_evapor: 2
2015-06-04_22:28:35 HA_Wetter_6_PP fc5_temp15: 15
2015-06-04_22:28:35 HA_Wetter_6_PP fc11_tempMin: 9
2015-06-04_22:28:35 HA_Wetter_6_PP fc5_cloud06: 25
2015-06-04_22:28:35 HA_Wetter_6_PP fc6_cloud15: 12.5
2015-06-04_22:28:35 HA_Wetter_6_PP fc6_rain: 0
2015-06-04_22:28:35 HA_Wetter_6_PP fc6_weatherNight: heiter
2015-06-04_22:28:35 HA_Wetter_6_PP fc5_chOfRain18: 20
2015-06-04_22:28:35 HA_Wetter_6_PP fc9_weatherIcon: http://www.proplanta.de/wetterdaten/images/symbole/t2.gif
2015-06-04_22:28:35 HA_Wetter_6_PP fc10_tempMax: 27
2015-06-04_22:28:35 HA_Wetter_6_PP fc10_weatherIcon: http://www.proplanta.de/wetterdaten/images/symbole/t8.gif
2015-06-04_22:28:35 HA_Wetter_6_PP fc5_weatherMorning: heiter
2015-06-04_22:28:35 HA_Wetter_6_PP fc8_weather: sonnig
2015-06-04_22:28:35 HA_Wetter_6_PP fc6_rain06: 0
2015-06-04_22:28:35 HA_Wetter_6_PP fc4_tempMax: 18
2015-06-04_22:28:35 HA_Wetter_6_PP fc6_cloud03: 87.5
2015-06-04_22:28:35 HA_Wetter_6_PP fc6_weatherEveningIcon: http://www.proplanta.de/wetterdaten/images/symbole/n2.gif
2015-06-04_22:28:35 HA_Wetter_6_PP fc3_cloud15: 12.5
2015-06-04_22:28:35 HA_Wetter_6_PP fc5_weatherEvening: bedeckt
2015-06-04_22:28:35 HA_Wetter_6_PP fc6_temp18: 20
2015-06-04_22:28:35 HA_Wetter_6_PP fc6_uv: 6
2015-06-04_22:28:35 HA_Wetter_6_PP fc6_tempMax: 23
2015-06-04_22:28:35 HA_Wetter_6_PP fc6_cloud18: 12.5
2015-06-04_22:28:35 HA_Wetter_6_PP fc12_weather: sonnig
2015-06-04_22:28:35 HA_Wetter_6_PP fc13_tempMax: 28
2015-06-04_22:28:35 HA_Wetter_6_PP fc5_temp03: 7
2015-06-04_22:28:35 HA_Wetter_6_PP fc6_temp03: 12
2015-06-04_22:28:35 HA_Wetter_6_PP fc4_rad: 8.4
2015-06-04_22:28:35 HA_Wetter_6_PP fc4_cloud03: 12.5
2015-06-04_22:28:35 HA_Wetter_6_PP fc5_chOfRain15: 20
2015-06-04_22:28:35 HA_Wetter_6_PP fc5_chOfRain03: 0
2015-06-04_22:28:35 HA_Wetter_6_PP fc2_chOfRain15: 50
2015-06-04_22:28:35 HA_Wetter_6_PP fc5_chOfRain06: 5
2015-06-04_22:28:35 HA_Wetter_6_PP fc6_chOfRainDay: 10
2015-06-04_22:28:35 HA_Wetter_6_PP fc5_chOfRain21: 20
2015-06-04_22:28:35 HA_Wetter_6_PP fc5_cloud03: 0
2015-06-04_22:28:35 HA_Wetter_6_PP fc4_chOfRain09: 5
2015-06-04_22:28:35 HA_Wetter_6_PP durationFetchReadings: 29.28
2015-06-04_22:28:35 HA_Wetter_6_PP fc4_chOfRainNight: 0
2015-06-04_22:28:35 HA_Wetter_6_PP fc2_temp15: 28
2015-06-04_22:28:35 HA_Wetter_6_PP fc6_rad: 7.7
2015-06-04_22:28:35 HA_Wetter_6_PP fc6_cloud12: 37.5
2015-06-04_22:28:35 HA_Wetter_6_PP fc4_chOfRain15: 0
2015-06-04_22:28:35 HA_Wetter_6_PP fc5_rad: 4
2015-06-04_22:28:35 HA_Wetter_6_PP fc6_temp06: 14
2015-06-04_22:28:35 HA_Wetter_6_PP fc2_cloud09: 25
2015-06-04_22:28:35 HA_Wetter_6_PP fc2_dew: 2
2015-06-04_22:28:35 HA_Wetter_6_PP fc7_weatherIcon: http://www.proplanta.de/wetterdaten/images/symbole/t1.gif
2015-06-04_22:28:35 HA_Wetter_6_PP fc2_temp03: 15
2015-06-04_22:28:35 HA_Wetter_6_PP fc3_tempMax: 22
2015-06-04_22:28:35 HA_Wetter_6_PP fc2_weatherNightIcon: http://www.proplanta.de/wetterdaten/images/symbole/n4.gif
2015-06-04_22:28:35 HA_Wetter_6_PP fc2_weatherEvening: Regenschauer
2015-06-04_22:28:35 HA_Wetter_6_PP fc6_temp00: 12
2015-06-04_22:28:35 HA_Wetter_6_PP fc6_chOfRain09: 10
2015-06-04_22:28:35 HA_Wetter_6_PP fc2_temp18: 22
2015-06-04_22:28:35 HA_Wetter_6_PP fc5_chOfRain12: 15
2015-06-04_22:28:35 HA_Wetter_6_PP fc6_cloud06: 75
2015-06-04_22:28:35 HA_Wetter_6_PP fc9_tempMin: 12
2015-06-04_22:28:35 HA_Wetter_6_PP fc4_chOfRain06: 5
2015-06-04_22:28:35 HA_Wetter_6_PP fc5_cloud09: 50
2015-06-04_22:28:35 HA_Wetter_6_PP fc6_cloud09: 50
2015-06-04_22:28:35 HA_Wetter_6_PP fc8_tempMax: 26
2015-06-04_22:28:35 HA_Wetter_6_PP fc5_temp18: 15
2015-06-04_22:28:35 HA_Wetter_6_PP fc3_rad: 7.6
2015-06-04_22:28:35 HA_Wetter_6_PP fc6_chOfRain21: 5
2015-06-04_22:28:35 HA_Wetter_6_PP fc6_chOfRain06: 15
2015-06-04_22:28:35 HA_Wetter_6_PP fc4_weatherEvening: klar
2015-06-04_22:28:35 HA_Wetter_6_PP fc6_chOfRain00: 20
2015-06-04_22:28:35 HA_Wetter_6_PP fc7_weather: sonnig
2015-06-04_22:28:35 HA_Wetter_6_PP fc1_temp15: 28
2015-06-04_22:28:35 HA_Wetter_6_PP fc6_tempMin: 12
2015-06-04_22:28:35 HA_Wetter_6_PP fc3_cloud03: 87.5
2015-06-04_22:28:35 HA_Wetter_6_PP fc4_chOfRain18: 0
2015-06-04_22:28:35 HA_Wetter_6_PP fc6_temp09: 18
2015-06-04_22:28:35 HA_Wetter_6_PP fc4_cloud06: 25
2015-06-04_22:28:35 HA_Wetter_6_PP fc2_cloud21: 75
2015-06-04_22:28:35 HA_Wetter_6_PP fc3_temp15: 22
2015-06-04_22:28:35 HA_Wetter_6_PP fc4_weatherMorningIcon: http://www.proplanta.de/wetterdaten/images/symbole/t2.gif
2015-06-04_22:28:35 HA_Wetter_6_PP fc4_weatherMorning: heiter
2015-06-04_22:28:35 HA_Wetter_6_PP fc5_tempMin: 7
2015-06-04_22:28:35 HA_Wetter_6_PP fc7_tempMax: 24
2015-06-04_22:28:35 HA_Wetter_6_PP fc4_cloud18: 0
2015-06-04_22:28:35 HA_Wetter_6_PP fc6_sun: 50
2015-06-04_22:28:35 HA_Wetter_6_PP fc11_tempMax: 21
2015-06-04_22:28:35 HA_Wetter_6_PP fc2_chOfRain21: 15
2015-06-04_22:28:35 HA_Wetter_6_PP fc2_chOfRainNight: 15
2015-06-04_22:28:35 HA_Wetter_6_PP fc5_cloud18: 100
2015-06-04_22:28:35 HA_Wetter_6_PP fc6_temp12: 21
2015-06-04_22:28:35 HA_Wetter_6_PP fc2_chOfRain18: 40
2015-06-04_22:28:35 HA_Wetter_6_PP fc6_weatherMorning: stark bewoelkt
2015-06-04_22:28:35 HA_Wetter_6_PP fc5_cloud15: 100
2015-06-04_22:28:35 HA_Wetter_6_PP fc4_cloud12: 12.5
2015-06-04_22:28:35 HA_Wetter_6_PP fc10_tempMin: 13
2015-06-04_22:28:35 HA_Wetter_6_PP fc6_weatherNightIcon: http://www.proplanta.de/wetterdaten/images/symbole/n2.gif
2015-06-04_22:28:35 HA_Wetter_6_PP fc4_cloud15: 0
2015-06-04_22:28:35 HA_Wetter_6_PP fc2_weatherEveningIcon: http://www.proplanta.de/wetterdaten/images/symbole/n6.gif
2015-06-04_22:28:35 HA_Wetter_6_PP fc6_weatherEvening: heiter
2015-06-04_22:28:35 HA_Wetter_6_PP fc2_rain: 4.1
2015-06-04_22:28:35 HA_Wetter_6_PP fc2_cloud15: 50
2015-06-04_22:28:35 HA_Wetter_6_PP fc2_rad: 7.9
2015-06-04_22:28:35 HA_Wetter_6_PP fc5_tempMax: 15
2015-06-04_22:28:35 HA_Wetter_6_PP fc5_weatherNightIcon: http://www.proplanta.de/wetterdaten/images/symbole/n5.gif
2015-06-04_22:28:35 HA_Wetter_6_PP fc9_weather: heiter
2015-06-04_22:28:35 HA_Wetter_6_PP fc1_temp03: 11
2015-06-04_22:28:35 HA_Wetter_6_PP fc2_temp09: 28
2015-06-04_22:28:35 HA_Wetter_6_PP fc5_temp12: 15
2015-06-04_22:28:35 HA_Wetter_6_PP fc5_temp06: 11
2015-06-04_22:28:35 HA_Wetter_6_PP fc2_temp12: 31
2015-06-04_22:28:35 HA_Wetter_6_PP fc4_uv: 8
2015-06-04_22:28:35 HA_Wetter_6_PP fc5_cloud21: 100
2015-06-04_22:28:35 HA_Wetter_6_PP fc2_weatherNight: stark bewoelkt
2015-06-04_22:28:35 HA_Wetter_6_PP fc12_weatherIcon: http://www.proplanta.de/wetterdaten/images/symbole/t1.gif
2015-06-04_22:28:35 HA_Wetter_6_PP fc6_temp21: 13
2015-06-04_22:28:35 HA_Wetter_6_PP fc4_weatherNightIcon: http://www.proplanta.de/wetterdaten/images/symbole/n1.gif
2015-06-04_22:28:35 HA_Wetter_6_PP fc2_temp00: 15
2015-06-04_22:28:35 HA_Wetter_6_PP fc6_weatherMorningIcon: http://www.proplanta.de/wetterdaten/images/symbole/t4.gif
2015-06-04_22:28:35 HA_Wetter_6_PP fc2_rain21: 0
2015-06-04_22:28:35 HA_Wetter_6_PP fc13_tempMin: 12
2015-06-04_22:28:35 HA_Wetter_6_PP fc5_temp09: 15
2015-06-04_22:28:35 HA_Wetter_6_PP fc1_temp21: 17
2015-06-04_22:28:35 HA_Wetter_6_PP fc2_chOfRain00: 0
2015-06-04_22:28:35 HA_Wetter_6_PP fc6_chOfRain15: 5
2015-06-04_22:28:35 HA_Wetter_6_PP fc6_cloud00: 100
2015-06-04_22:28:35 HA_Wetter_6_PP fc5_uv: 3
2015-06-04_22:28:35 HA_Wetter_6_PP fc1_temp12: 28
2015-06-04_22:28:35 HA_Wetter_6_PP fc6_weatherDay: wolkig
2015-06-04_22:28:35 HA_Wetter_6_PP fc9_tempMax: 31
2015-06-04_22:28:35 HA_Wetter_6_PP fc2_rain18: 3
2015-06-04_22:28:35 HA_Wetter_6_PP fc6_chOfRain18: 5
2015-06-04_22:28:35 HA_Wetter_6_PP fc2_tempMin: 15
2015-06-04_22:28:35 HA_Wetter_6_PP lastConnection: 428 values captured in 29.28 s
2015-06-04_23:28:33 HA_Wetter_6_PP durationFetchReadings: 27.61
2015-06-04_23:28:33 HA_Wetter_6_PP lastConnection: 428 values captured in 27.61 s
