2015-06-01_00:47:20 HA_Wetter_6_PP fc8_tempMin: 10
2015-06-01_00:47:20 HA_Wetter_6_PP fc5_chOfRain09: 20
2015-06-01_00:47:20 HA_Wetter_6_PP fc3_cloud21: 0
2015-06-01_00:47:20 HA_Wetter_6_PP fc3_chOfRain03: 15
2015-06-01_00:47:20 HA_Wetter_6_PP fc3_temp18: 19
2015-06-01_00:47:20 HA_Wetter_6_PP fc1_weatherNight: heiter
2015-06-01_00:47:20 HA_Wetter_6_PP fc1_moonRise: 20:50
2015-06-01_00:47:20 HA_Wetter_6_PP fc0_uv: 2
2015-06-01_00:47:20 HA_Wetter_6_PP fc2_sun: 50
2015-06-01_00:47:20 HA_Wetter_6_PP fc7_tempMin: 8
2015-06-01_00:47:20 HA_Wetter_6_PP fc2_cloud12: 62.5
2015-06-01_00:47:20 HA_Wetter_6_PP fc3_temp12: 21
2015-06-01_00:47:20 HA_Wetter_6_PP fc13_moonRise: 03:45
2015-06-01_00:47:20 HA_Wetter_6_PP fc3_weatherDayIcon: http://www.proplanta.de/wetterdaten/images/symbole/t2.gif
2015-06-01_00:47:20 HA_Wetter_6_PP fc6_weatherDayIcon: http://www.proplanta.de/wetterdaten/images/symbole/t2.gif
2015-06-01_00:47:20 HA_Wetter_6_PP fc5_cloud00: 25
2015-06-01_00:47:20 HA_Wetter_6_PP fc0_temp12: 11
2015-06-01_00:47:20 HA_Wetter_6_PP fc3_temp21: 13
2015-06-01_00:47:20 HA_Wetter_6_PP fc1_cloud12: 25
2015-06-01_00:47:20 HA_Wetter_6_PP fc2_temp06: 18
2015-06-01_00:47:20 HA_Wetter_6_PP fc3_sun: 75
2015-06-01_00:47:20 HA_Wetter_6_PP fc4_weatherNight: wolkig
2015-06-01_00:47:20 HA_Wetter_6_PP fc3_chOfRainNight: 0
2015-06-01_00:47:20 HA_Wetter_6_PP fc6_cloud21: 0
2015-06-01_00:47:20 HA_Wetter_6_PP fc3_temp09: 17
2015-06-01_00:47:20 HA_Wetter_6_PP fc1_weatherEveningIcon: http://www.proplanta.de/wetterdaten/images/symbole/n2.gif
2015-06-01_00:47:20 HA_Wetter_6_PP fc5_weatherMorningIcon: http://www.proplanta.de/wetterdaten/images/symbole/t3.gif
2015-06-01_00:47:20 HA_Wetter_6_PP fc4_sun: 100
2015-06-01_00:47:20 HA_Wetter_6_PP fc10_date: 11.06.2015
2015-06-01_00:47:20 HA_Wetter_6_PP fc4_temp03: 11
2015-06-01_00:47:20 HA_Wetter_6_PP fc11_moonRise: 02:37
2015-06-01_00:47:20 HA_Wetter_6_PP fc6_temp15: 21
2015-06-01_00:47:20 HA_Wetter_6_PP fc3_cloud12: 12.5
2015-06-01_00:47:20 HA_Wetter_6_PP fc6_chOfRainNight: 5
2015-06-01_00:47:20 HA_Wetter_6_PP fc1_moonSet: 05:14
2015-06-01_00:47:20 HA_Wetter_6_PP fc3_chOfRain18: 0
2015-06-01_00:47:20 HA_Wetter_6_PP fc3_temp00: 13
2015-06-01_00:47:20 HA_Wetter_6_PP fc4_cloud00: 0
2015-06-01_00:47:20 HA_Wetter_6_PP fc1_rain: 0
2015-06-01_00:47:20 HA_Wetter_6_PP fc1_cloud09: 25
2015-06-01_00:47:20 HA_Wetter_6_PP fc2_chOfRain03: 0
2015-06-01_00:47:20 HA_Wetter_6_PP fc3_chOfRain06: 15
2015-06-01_00:47:20 HA_Wetter_6_PP fc0_weatherEvening: stark bewoelkt
2015-06-01_00:47:20 HA_Wetter_6_PP fc6_chOfRain12: 5
2015-06-01_00:47:20 HA_Wetter_6_PP fc3_moonRise: 22:41
2015-06-01_00:47:20 HA_Wetter_6_PP fc0_chOfRain18: 15
2015-06-01_00:47:20 HA_Wetter_6_PP fc12_tempMin: 12
2015-06-01_00:47:20 HA_Wetter_6_PP fc4_temp18: 24
2015-06-01_00:47:20 HA_Wetter_6_PP fc13_moonSet: 18:55
2015-06-01_00:47:20 HA_Wetter_6_PP fc2_cloud00: 12.5
2015-06-01_00:47:20 HA_Wetter_6_PP fc1_sun: 75
2015-06-01_00:47:20 HA_Wetter_6_PP fc1_temp00: 11
2015-06-01_00:47:20 HA_Wetter_6_PP fc4_cloud09: 0
2015-06-01_00:47:20 HA_Wetter_6_PP fc3_cloud06: 75
2015-06-01_00:47:20 HA_Wetter_6_PP fc4_evapor: 3
2015-06-01_00:47:20 HA_Wetter_6_PP fc2_temp21: 15
2015-06-01_00:47:20 HA_Wetter_6_PP fc0_weatherEveningIcon: http://www.proplanta.de/wetterdaten/images/symbole/n4.gif
2015-06-01_00:47:20 HA_Wetter_6_PP fc4_chOfRain12: 0
2015-06-01_00:47:20 HA_Wetter_6_PP fc2_uv: 4
2015-06-01_00:47:20 HA_Wetter_6_PP fc5_temp21: 12
2015-06-01_00:47:20 HA_Wetter_6_PP fc9_date: 10.06.2015
2015-06-01_00:47:20 HA_Wetter_6_PP fc4_chOfRainDay: 0
2015-06-01_00:47:20 HA_Wetter_6_PP fc3_chOfRain09: 10
2015-06-01_00:47:20 HA_Wetter_6_PP fc1_chOfRainDay: 5
2015-06-01_00:47:20 HA_Wetter_6_PP fc7_moonSet: 11:28
2015-06-01_00:47:20 HA_Wetter_6_PP fc1_temp18: 20
2015-06-01_00:47:20 HA_Wetter_6_PP fc5_temp15: 24
2015-06-01_00:47:20 HA_Wetter_6_PP fc11_tempMin: 8
2015-06-01_00:47:20 HA_Wetter_6_PP fc5_cloud06: 62.5
2015-06-01_00:47:20 HA_Wetter_6_PP fc0_cloud18: 62.5
2015-06-01_00:47:20 HA_Wetter_6_PP fc12_moonSet: 17:44
2015-06-01_00:47:20 HA_Wetter_6_PP fc6_weatherNight: heiter
2015-06-01_00:47:20 HA_Wetter_6_PP fc0_sun: 5
2015-06-01_00:47:20 HA_Wetter_6_PP fc8_date: 09.06.2015
2015-06-01_00:47:20 HA_Wetter_6_PP fc2_chOfRain12: 10
2015-06-01_00:47:20 HA_Wetter_6_PP fc9_weatherIcon: http://www.proplanta.de/wetterdaten/images/symbole/t3.gif
2015-06-01_00:47:20 HA_Wetter_6_PP fc1_rain12: 0
2015-06-01_00:47:20 HA_Wetter_6_PP fc0_chOfRainDay: 80
2015-06-01_00:47:20 HA_Wetter_6_PP fc1_dew: 2
2015-06-01_00:47:20 HA_Wetter_6_PP fc10_tempMax: 31
2015-06-01_00:47:20 HA_Wetter_6_PP fc0_rain: 2.2
2015-06-01_00:47:20 HA_Wetter_6_PP fc5_weatherMorning: wolkig
2015-06-01_00:47:20 HA_Wetter_6_PP fc4_temp06: 19
2015-06-01_00:47:20 HA_Wetter_6_PP fc0_evapor: 1
2015-06-01_00:47:20 HA_Wetter_6_PP fc4_temp21: 21
2015-06-01_00:47:20 HA_Wetter_6_PP fc4_tempMax: 29
2015-06-01_00:47:20 HA_Wetter_6_PP fc2_weatherMorning: sonnig
2015-06-01_00:47:20 HA_Wetter_6_PP fc3_weatherMorning: stark bewoelkt
2015-06-01_00:47:20 HA_Wetter_6_PP fc3_cloud15: 0
2015-06-01_00:47:20 HA_Wetter_6_PP fc4_weatherDayIcon: http://www.proplanta.de/wetterdaten/images/symbole/t1.gif
2015-06-01_00:47:20 HA_Wetter_6_PP fc2_date: 03.06.2015
2015-06-01_00:47:20 HA_Wetter_6_PP fc6_temp18: 18
2015-06-01_00:47:20 HA_Wetter_6_PP fc4_moonRise: 23:27
2015-06-01_00:47:20 HA_Wetter_6_PP fc5_cloud12: 87.5
2015-06-01_00:47:20 HA_Wetter_6_PP fc5_sun: 50
2015-06-01_00:47:20 HA_Wetter_6_PP fc1_evapor: 2
2015-06-01_00:47:20 HA_Wetter_6_PP fc5_weatherDayIcon: http://www.proplanta.de/wetterdaten/images/symbole/t3.gif
2015-06-01_00:47:20 HA_Wetter_6_PP fc6_uv: 8
2015-06-01_00:47:20 HA_Wetter_6_PP fc6_tempMax: 29
2015-06-01_00:47:20 HA_Wetter_6_PP fc0_chOfRain21: 10
2015-06-01_00:47:20 HA_Wetter_6_PP fc11_weatherIcon: http://www.proplanta.de/wetterdaten/images/symbole/t2.gif
2015-06-01_00:47:20 HA_Wetter_6_PP fc0_weatherDayIcon: http://www.proplanta.de/wetterdaten/images/symbole/t7.gif
2015-06-01_00:47:20 HA_Wetter_6_PP fc12_weather: wolkig
2015-06-01_00:47:20 HA_Wetter_6_PP fc13_tempMax: 25
2015-06-01_00:47:20 HA_Wetter_6_PP fc5_temp03: 18
2015-06-01_00:47:20 HA_Wetter_6_PP fc1_cloud00: 37.5
2015-06-01_00:47:20 HA_Wetter_6_PP fc6_temp03: 7
2015-06-01_00:47:20 HA_Wetter_6_PP fc4_rad: 8.3
2015-06-01_00:47:20 HA_Wetter_6_PP fc0_cloud03: 50
2015-06-01_00:47:20 HA_Wetter_6_PP fc9_moonSet: 13:59
2015-06-01_00:47:20 HA_Wetter_6_PP fc4_moonSet: 07:54
2015-06-01_00:47:20 HA_Wetter_6_PP fc6_moonRise: 00:06
2015-06-01_00:47:20 HA_Wetter_6_PP fc4_cloud03: 0
2015-06-01_00:47:20 HA_Wetter_6_PP fc5_temp00: 20
2015-06-01_00:47:20 HA_Wetter_6_PP fc0_weatherDay: Regen
2015-06-01_00:47:20 HA_Wetter_6_PP fc5_chOfRain03: 10
2015-06-01_00:47:20 HA_Wetter_6_PP fc2_chOfRain15: 20
2015-06-01_00:47:20 HA_Wetter_6_PP fc5_chOfRain06: 10
2015-06-01_00:47:20 HA_Wetter_6_PP fc0_chOfRain00: 5
2015-06-01_00:47:20 HA_Wetter_6_PP fc3_tempMin: 12
2015-06-01_00:47:20 HA_Wetter_6_PP fc13_date: 14.06.2015
2015-06-01_00:47:20 HA_Wetter_6_PP fc0_moonSet: 04:36
2015-06-01_00:47:20 HA_Wetter_6_PP fc0_chOfRain15: 80
2015-06-01_00:47:20 HA_Wetter_6_PP fc6_chOfRainDay: 5
2015-06-01_00:47:20 HA_Wetter_6_PP fc0_cloud09: 100
2015-06-01_00:47:20 HA_Wetter_6_PP fc10_moonRise: 02:08
2015-06-01_00:47:20 HA_Wetter_6_PP fc1_chOfRain21: 0
2015-06-01_00:47:20 HA_Wetter_6_PP fc5_cloud03: 37.5
2015-06-01_00:47:20 HA_Wetter_6_PP fc4_chOfRain09: 0
2015-06-01_00:47:20 HA_Wetter_6_PP durationFetchReadings: 27.60
2015-06-01_00:47:20 HA_Wetter_6_PP fc4_dew: 0
2015-06-01_00:47:20 HA_Wetter_6_PP fc4_chOfRainNight: 10
2015-06-01_00:47:20 HA_Wetter_6_PP fc12_date: 13.06.2015
2015-06-01_00:47:20 HA_Wetter_6_PP fc2_temp15: 21
2015-06-01_00:47:20 HA_Wetter_6_PP fc6_rad: 8.5
2015-06-01_00:47:20 HA_Wetter_6_PP fc3_cloud00: 75
2015-06-01_00:47:20 HA_Wetter_6_PP fc4_date: 05.06.2015
2015-06-01_00:47:20 HA_Wetter_6_PP fc6_cloud12: 12.5
2015-06-01_00:47:20 HA_Wetter_6_PP fc0_cloud12: 100
2015-06-01_00:47:20 HA_Wetter_6_PP fc1_date: 02.06.2015
2015-06-01_00:47:20 HA_Wetter_6_PP fc5_weatherDay: wolkig
2015-06-01_00:47:20 HA_Wetter_6_PP fc0_date: 01.06.2015
2015-06-01_00:47:20 HA_Wetter_6_PP fc0_temp15: 13
2015-06-01_00:47:20 HA_Wetter_6_PP fc5_chOfRain00: 5
2015-06-01_00:47:20 HA_Wetter_6_PP fc5_rad: 4.8
2015-06-01_00:47:20 HA_Wetter_6_PP fc2_weatherMorningIcon: http://www.proplanta.de/wetterdaten/images/symbole/t1.gif
2015-06-01_00:47:20 HA_Wetter_6_PP fc6_temp06: 11
2015-06-01_00:47:20 HA_Wetter_6_PP fc4_tempMin: 11
2015-06-01_00:47:20 HA_Wetter_6_PP fc2_dew: 1
2015-06-01_00:47:20 HA_Wetter_6_PP fc7_weatherIcon: http://www.proplanta.de/wetterdaten/images/symbole/t1.gif
2015-06-01_00:47:20 HA_Wetter_6_PP fc1_rad: 8.1
2015-06-01_00:47:20 HA_Wetter_6_PP fc2_temp03: 15
2015-06-01_00:47:20 HA_Wetter_6_PP fc3_tempMax: 22
2015-06-01_00:47:20 HA_Wetter_6_PP fc11_date: 12.06.2015
2015-06-01_00:47:20 HA_Wetter_6_PP fc4_cloud21: 12.5
2015-06-01_00:47:20 HA_Wetter_6_PP fc4_temp12: 28
2015-06-01_00:47:20 HA_Wetter_6_PP fc1_rain15: 0
2015-06-01_00:47:20 HA_Wetter_6_PP fc1_temp06: 17
2015-06-01_00:47:20 HA_Wetter_6_PP fc4_temp15: 29
2015-06-01_00:47:20 HA_Wetter_6_PP fc6_date: 07.06.2015
2015-06-01_00:47:20 HA_Wetter_6_PP fc8_moonRise: 01:11
2015-06-01_00:47:20 HA_Wetter_6_PP fc2_weatherNightIcon: http://www.proplanta.de/wetterdaten/images/symbole/n4.gif
2015-06-01_00:47:20 HA_Wetter_6_PP fc2_weatherEvening: bedeckt
2015-06-01_00:47:20 HA_Wetter_6_PP fc6_temp00: 12
2015-06-01_00:47:20 HA_Wetter_6_PP fc0_temp00: 14
2015-06-01_00:47:20 HA_Wetter_6_PP fc6_chOfRain09: 5
2015-06-01_00:47:20 HA_Wetter_6_PP fc5_chOfRain12: 15
2015-06-01_00:47:20 HA_Wetter_6_PP fc3_weatherEvening: klar
2015-06-01_00:47:20 HA_Wetter_6_PP fc1_chOfRain09: 5
2015-06-01_00:47:20 HA_Wetter_6_PP fc3_weatherEveningIcon: http://www.proplanta.de/wetterdaten/images/symbole/n1.gif
2015-06-01_00:47:20 HA_Wetter_6_PP fc6_cloud06: 37.5
2015-06-01_00:47:20 HA_Wetter_6_PP fc1_chOfRainNight: 5
2015-06-01_00:47:20 HA_Wetter_6_PP fc4_chOfRain00: 0
2015-06-01_00:47:20 HA_Wetter_6_PP fc0_rain15: 0.7
2015-06-01_00:47:20 HA_Wetter_6_PP fc1_chOfRain12: 5
2015-06-01_00:47:20 HA_Wetter_6_PP fc2_moonSet: 05:59
2015-06-01_00:47:20 HA_Wetter_6_PP fc4_chOfRain06: 5
2015-06-01_00:47:20 HA_Wetter_6_PP fc5_chOfRainDay: 10
2015-06-01_00:47:20 HA_Wetter_6_PP fc5_cloud09: 100
2015-06-01_00:47:20 HA_Wetter_6_PP fc6_cloud09: 12.5
2015-06-01_00:47:20 HA_Wetter_6_PP fc0_temp09: 16
2015-06-01_00:47:20 HA_Wetter_6_PP fc8_tempMax: 26
2015-06-01_00:47:20 HA_Wetter_6_PP fc5_temp18: 19
2015-06-01_00:47:20 HA_Wetter_6_PP fc3_rad: 8
2015-06-01_00:47:20 HA_Wetter_6_PP fc6_chOfRain21: 0
2015-06-01_00:47:20 HA_Wetter_6_PP fc7_moonRise: 00:40
2015-06-01_00:47:20 HA_Wetter_6_PP fc0_cloud15: 87.5
2015-06-01_00:47:20 HA_Wetter_6_PP fc2_cloud18: 87.5
2015-06-01_00:47:20 HA_Wetter_6_PP fc0_chOfRain09: 20
2015-06-01_00:47:20 HA_Wetter_6_PP fc7_weather: sonnig
2015-06-01_00:47:20 HA_Wetter_6_PP fc2_cloud03: 0
2015-06-01_00:47:20 HA_Wetter_6_PP fc1_temp15: 23
2015-06-01_00:47:20 HA_Wetter_6_PP fc1_cloud03: 37.5
2015-06-01_00:47:20 HA_Wetter_6_PP fc4_temp00: 12
2015-06-01_00:47:20 HA_Wetter_6_PP fc2_moonRise: 21:49
2015-06-01_00:47:20 HA_Wetter_6_PP fc9_moonRise: 01:40
2015-06-01_00:47:20 HA_Wetter_6_PP fc6_tempMin: 7
2015-06-01_00:47:20 HA_Wetter_6_PP fc3_cloud03: 62.5
2015-06-01_00:47:20 HA_Wetter_6_PP fc6_temp09: 16
2015-06-01_00:47:20 HA_Wetter_6_PP fc4_cloud06: 12.5
2015-06-01_00:47:20 HA_Wetter_6_PP fc0_temp18: 14
2015-06-01_00:47:20 HA_Wetter_6_PP fc0_tempMax: 16
2015-06-01_00:47:20 HA_Wetter_6_PP fc2_cloud21: 62.5
2015-06-01_00:47:20 HA_Wetter_6_PP fc1_temp09: 21
2015-06-01_00:47:20 HA_Wetter_6_PP fc3_temp15: 22
2015-06-01_00:47:20 HA_Wetter_6_PP fc3_temp03: 12
2015-06-01_00:47:20 HA_Wetter_6_PP fc4_temp09: 25
2015-06-01_00:47:20 HA_Wetter_6_PP fc2_weatherDayIcon: http://www.proplanta.de/wetterdaten/images/symbole/t3.gif
2015-06-01_00:47:20 HA_Wetter_6_PP fc0_rain12: 1.5
2015-06-01_00:47:20 HA_Wetter_6_PP fc1_weatherDay: heiter
2015-06-01_00:47:20 HA_Wetter_6_PP fc4_weatherMorningIcon: http://www.proplanta.de/wetterdaten/images/symbole/t2.gif
2015-06-01_00:47:20 HA_Wetter_6_PP fc1_uv: 7
2015-06-01_00:47:20 HA_Wetter_6_PP fc4_weatherMorning: heiter
2015-06-01_00:47:20 HA_Wetter_6_PP fc5_tempMin: 12
2015-06-01_00:47:20 HA_Wetter_6_PP fc7_tempMax: 23
2015-06-01_00:47:20 HA_Wetter_6_PP fc3_weatherMorningIcon: http://www.proplanta.de/wetterdaten/images/symbole/t4.gif
2015-06-01_00:47:20 HA_Wetter_6_PP fc0_rad: 2.3
2015-06-01_00:47:20 HA_Wetter_6_PP fc5_moonSet: 09:02
2015-06-01_00:47:20 HA_Wetter_6_PP fc6_sun: 75
2015-06-01_00:47:20 HA_Wetter_6_PP fc0_dew: 3
2015-06-01_00:47:20 HA_Wetter_6_PP fc11_tempMax: 25
2015-06-01_00:47:20 HA_Wetter_6_PP fc6_dew: 1
2015-06-01_00:47:20 HA_Wetter_6_PP fc2_chOfRain21: 15
2015-06-01_00:47:20 HA_Wetter_6_PP fc2_chOfRainNight: 15
2015-06-01_00:47:20 HA_Wetter_6_PP fc3_weatherDay: heiter
2015-06-01_00:47:20 HA_Wetter_6_PP fc6_temp12: 19
2015-06-01_00:47:20 HA_Wetter_6_PP fc3_date: 04.06.2015
2015-06-01_00:47:20 HA_Wetter_6_PP fc4_chOfRain03: 0
2015-06-01_00:47:20 HA_Wetter_6_PP fc2_chOfRain18: 20
2015-06-01_00:47:20 HA_Wetter_6_PP fc2_chOfRainDay: 10
2015-06-01_00:47:20 HA_Wetter_6_PP fc1_chOfRain00: 10
2015-06-01_00:47:20 HA_Wetter_6_PP fc1_weatherDayIcon: http://www.proplanta.de/wetterdaten/images/symbole/t2.gif
2015-06-01_00:47:20 HA_Wetter_6_PP fc5_date: 06.06.2015
2015-06-01_00:47:20 HA_Wetter_6_PP fc3_cloud18: 0
2015-06-01_00:47:20 HA_Wetter_6_PP fc1_cloud18: 0
2015-06-01_00:47:20 HA_Wetter_6_PP fc0_cloud06: 50
2015-06-01_00:47:20 HA_Wetter_6_PP fc4_cloud12: 0
2015-06-01_00:47:20 HA_Wetter_6_PP fc3_weatherNightIcon: http://www.proplanta.de/wetterdaten/images/symbole/n1.gif
2015-06-01_00:47:20 HA_Wetter_6_PP fc8_moonSet: 12:43
2015-06-01_00:47:20 HA_Wetter_6_PP fc10_tempMin: 7
2015-06-01_00:47:20 HA_Wetter_6_PP fc11_weather: heiter
2015-06-01_00:47:20 HA_Wetter_6_PP fc6_weatherNightIcon: http://www.proplanta.de/wetterdaten/images/symbole/n2.gif
2015-06-01_00:47:20 HA_Wetter_6_PP fc10_moonSet: 15:15
2015-06-01_00:47:20 HA_Wetter_6_PP fc0_cloud00: 12.5
2015-06-01_00:47:20 HA_Wetter_6_PP fc0_temp03: 15
2015-06-01_00:47:20 HA_Wetter_6_PP fc3_moonSet: 06:52
2015-06-01_00:47:20 HA_Wetter_6_PP fc0_temp06: 16
2015-06-01_00:47:20 HA_Wetter_6_PP fc4_weatherDay: sonnig
2015-06-01_00:47:20 HA_Wetter_6_PP fc2_chOfRain06: 0
2015-06-01_00:47:20 HA_Wetter_6_PP fc1_weatherEvening: heiter
2015-06-01_00:47:20 HA_Wetter_6_PP fc3_weatherNight: klar
2015-06-01_00:47:20 HA_Wetter_6_PP fc2_weatherEveningIcon: http://www.proplanta.de/wetterdaten/images/symbole/n5.gif
2015-06-01_00:47:20 HA_Wetter_6_PP fc12_moonRise: 03:09
2015-06-01_00:47:20 HA_Wetter_6_PP fc3_chOfRain00: 15
2015-06-01_00:47:20 HA_Wetter_6_PP fc2_cloud15: 87.5
2015-06-01_00:47:20 HA_Wetter_6_PP fc2_rad: 4.4
2015-06-01_00:47:20 HA_Wetter_6_PP fc5_tempMax: 24
2015-06-01_00:47:20 HA_Wetter_6_PP fc9_weather: wolkig
2015-06-01_00:47:20 HA_Wetter_6_PP fc1_cloud21: 0
2015-06-01_00:47:20 HA_Wetter_6_PP fc1_temp03: 11
2015-06-01_00:47:20 HA_Wetter_6_PP fc5_temp12: 21
2015-06-01_00:47:20 HA_Wetter_6_PP fc12_tempMax: 29
2015-06-01_00:47:20 HA_Wetter_6_PP fc5_temp06: 18
2015-06-01_00:47:20 HA_Wetter_6_PP fc2_temp12: 20
2015-06-01_00:47:20 HA_Wetter_6_PP fc4_uv: 9
2015-06-01_00:47:20 HA_Wetter_6_PP fc5_moonRise: --:--
2015-06-01_00:47:20 HA_Wetter_6_PP fc2_tempMax: 21
2015-06-01_00:47:20 HA_Wetter_6_PP fc3_chOfRain12: 5
2015-06-01_00:47:20 HA_Wetter_6_PP fc2_weatherNight: stark bewoelkt
2015-06-01_00:47:20 HA_Wetter_6_PP fc12_weatherIcon: http://www.proplanta.de/wetterdaten/images/symbole/t3.gif
2015-06-01_00:47:20 HA_Wetter_6_PP fc1_cloud06: 37.5
2015-06-01_00:47:20 HA_Wetter_6_PP fc0_chOfRain12: 80
2015-06-01_00:47:20 HA_Wetter_6_PP fc6_temp21: 11
2015-06-01_00:47:20 HA_Wetter_6_PP fc4_weatherNightIcon: http://www.proplanta.de/wetterdaten/images/symbole/n3.gif
2015-06-01_00:47:20 HA_Wetter_6_PP fc2_temp00: 15
2015-06-01_00:47:20 HA_Wetter_6_PP fc1_chOfRain15: 5
2015-06-01_00:47:20 HA_Wetter_6_PP fc0_temp21: 11
2015-06-01_00:47:20 HA_Wetter_6_PP fc1_weatherNightIcon: http://www.proplanta.de/wetterdaten/images/symbole/n2.gif
2015-06-01_00:47:20 HA_Wetter_6_PP fc3_chOfRain21: 0
2015-06-01_00:47:20 HA_Wetter_6_PP fc0_moonRise: 19:48
2015-06-01_00:47:20 HA_Wetter_6_PP fc3_chOfRain15: 0
2015-06-01_00:47:20 HA_Wetter_6_PP fc13_tempMin: 8
2015-06-01_00:47:20 HA_Wetter_6_PP fc5_temp09: 18
2015-06-01_00:47:20 HA_Wetter_6_PP fc2_cloud06: 0
2015-06-01_00:47:20 HA_Wetter_6_PP fc1_temp21: 17
2015-06-01_00:47:20 HA_Wetter_6_PP fc6_moonSet: 10:14
2015-06-01_00:47:20 HA_Wetter_6_PP fc4_chOfRain21: 5
2015-06-01_00:47:20 HA_Wetter_6_PP fc3_temp06: 13
2015-06-01_00:47:20 HA_Wetter_6_PP fc0_tempMin: 11
2015-06-01_00:47:20 HA_Wetter_6_PP fc2_chOfRain00: 5
2015-06-01_00:47:20 HA_Wetter_6_PP fc6_chOfRain15: 5
2015-06-01_00:47:20 HA_Wetter_6_PP fc1_chOfRain18: 5
2015-06-01_00:47:20 HA_Wetter_6_PP fc1_tempMax: 23
2015-06-01_00:47:20 HA_Wetter_6_PP fc1_cloud15: 12.5
2015-06-01_00:47:20 HA_Wetter_6_PP fc3_uv: 8
2015-06-01_00:47:20 HA_Wetter_6_PP fc5_uv: 6
2015-06-01_00:47:20 HA_Wetter_6_PP fc1_temp12: 23
2015-06-01_00:47:20 HA_Wetter_6_PP fc7_date: 08.06.2015
2015-06-01_00:47:20 HA_Wetter_6_PP fc6_weatherDay: heiter
2015-06-01_00:47:20 HA_Wetter_6_PP fc11_moonSet: 16:30
2015-06-01_00:47:20 HA_Wetter_6_PP fc9_tempMax: 30
2015-06-01_00:47:20 HA_Wetter_6_PP fc3_chOfRainDay: 5
2015-06-01_00:47:20 HA_Wetter_6_PP fc2_weatherDay: wolkig
2015-06-01_00:47:20 HA_Wetter_6_PP fc2_tempMin: 15
2015-06-01_00:47:20 HA_Wetter_6_PP Tmin: 11 Tmax: 16
2015-06-01_00:47:20 HA_Wetter_6_PP lastConnection: 428 values captured in 27.60 s
2015-06-01_01:47:19 HA_Wetter_6_PP durationFetchReadings: 26.87
2015-06-01_01:47:19 HA_Wetter_6_PP lastConnection: 428 values captured in 26.87 s
2015-06-01_02:47:22 HA_Wetter_6_PP durationFetchReadings: 28.64
2015-06-01_02:47:22 HA_Wetter_6_PP lastConnection: 428 values captured in 28.64 s
2015-06-01_03:47:21 HA_Wetter_6_PP dewPoint: 8
2015-06-01_03:47:21 HA_Wetter_6_PP obsTime: 02:00
2015-06-01_03:47:21 HA_Wetter_6_PP durationFetchReadings: 28.17
2015-06-01_03:47:21 HA_Wetter_6_PP humidity: 71.4
2015-06-01_03:47:21 HA_Wetter_6_PP visibility: 35
2015-06-01_03:47:21 HA_Wetter_6_PP pressure: 1012.9
2015-06-01_03:47:21 HA_Wetter_6_PP temperature: 13
2015-06-01_03:47:21 HA_Wetter_6_PP Tmin: 11 Tmax: 16 T: 13 H: 71.4 W: 14.4 P: 1012.9
2015-06-01_03:47:21 HA_Wetter_6_PP lastConnection: 439 values captured in 28.17 s
2015-06-01_04:47:24 HA_Wetter_6_PP wind: 18
2015-06-01_04:47:24 HA_Wetter_6_PP cloudBaseMin: 2000
2015-06-01_04:47:24 HA_Wetter_6_PP dewPoint: 8.8
2015-06-01_04:47:24 HA_Wetter_6_PP windDirIcon: http://www.proplanta.de/wetterdaten/images/symbole/w5.gif
2015-06-01_04:47:24 HA_Wetter_6_PP obsTime: 04:00
2015-06-01_04:47:24 HA_Wetter_6_PP durationFetchReadings: 30.81
2015-06-01_04:47:24 HA_Wetter_6_PP humidity: 66.2
2015-06-01_04:47:24 HA_Wetter_6_PP visibility: 27
2015-06-01_04:47:24 HA_Wetter_6_PP pressure: 1012.5
2015-06-01_04:47:24 HA_Wetter_6_PP temperature: 15
2015-06-01_04:47:24 HA_Wetter_6_PP cloudBaseMax: 2500
2015-06-01_04:47:24 HA_Wetter_6_PP windDir: 203
2015-06-01_04:47:24 HA_Wetter_6_PP Tmin: 11 Tmax: 16 T: 15 H: 66.2 W: 18 P: 1012.5
2015-06-01_04:47:24 HA_Wetter_6_PP lastConnection: 439 values captured in 30.81 s
2015-06-01_05:47:25 HA_Wetter_6_PP cloudBaseMin: 1500
2015-06-01_05:47:25 HA_Wetter_6_PP dewPoint: 9.1
2015-06-01_05:47:25 HA_Wetter_6_PP windDirIcon: http://www.proplanta.de/wetterdaten/images/symbole/w27.gif
2015-06-01_05:47:25 HA_Wetter_6_PP obsTime: 05:00
2015-06-01_05:47:25 HA_Wetter_6_PP durationFetchReadings: 31.33
2015-06-01_05:47:25 HA_Wetter_6_PP humidity: 67.1
2015-06-01_05:47:25 HA_Wetter_6_PP visibility: 35
2015-06-01_05:47:25 HA_Wetter_6_PP pressure: 1012.6
2015-06-01_05:47:25 HA_Wetter_6_PP temperature: 15.1
2015-06-01_05:47:25 HA_Wetter_6_PP cloudBaseMax: 2000
2015-06-01_05:47:25 HA_Wetter_6_PP windDir: 180
2015-06-01_05:47:25 HA_Wetter_6_PP Tmin: 11 Tmax: 16 T: 15.1 H: 67.1 W: 18 P: 1012.6
2015-06-01_05:47:25 HA_Wetter_6_PP lastConnection: 439 values captured in 31.33 s
2015-06-01_06:47:28 HA_Wetter_6_PP dewPoint: 9.9
2015-06-01_06:47:28 HA_Wetter_6_PP windDirIcon: http://www.proplanta.de/wetterdaten/images/symbole/w5.gif
2015-06-01_06:47:28 HA_Wetter_6_PP obsTime: 06:00
2015-06-01_06:47:28 HA_Wetter_6_PP durationFetchReadings: 34.28
2015-06-01_06:47:28 HA_Wetter_6_PP humidity: 67.3
2015-06-01_06:47:28 HA_Wetter_6_PP visibility: 60
2015-06-01_06:47:28 HA_Wetter_6_PP pressure: 1012.7
2015-06-01_06:47:28 HA_Wetter_6_PP temperature: 15.9
2015-06-01_06:47:28 HA_Wetter_6_PP windDir: 203
2015-06-01_06:47:28 HA_Wetter_6_PP Tmin: 11 Tmax: 16 T: 15.9 H: 67.3 W: 18 P: 1012.7
2015-06-01_06:47:28 HA_Wetter_6_PP lastConnection: 439 values captured in 34.28 s
2015-06-01_07:47:26 HA_Wetter_6_PP wind: 21.6
2015-06-01_07:47:26 HA_Wetter_6_PP cloudBaseMin: 1000
2015-06-01_07:47:26 HA_Wetter_6_PP dewPoint: 10.5
2015-06-01_07:47:26 HA_Wetter_6_PP obsTime: 07:00
2015-06-01_07:47:26 HA_Wetter_6_PP durationFetchReadings: 31.91
2015-06-01_07:47:26 HA_Wetter_6_PP humidity: 67.8
2015-06-01_07:47:26 HA_Wetter_6_PP visibility: 70
2015-06-01_07:47:26 HA_Wetter_6_PP pressure: 1013.3
2015-06-01_07:47:26 HA_Wetter_6_PP temperature: 16.4
2015-06-01_07:47:26 HA_Wetter_6_PP cloudBaseMax: 1500
2015-06-01_07:47:26 HA_Wetter_6_PP Tmin: 11 Tmax: 16 T: 16.4 H: 67.8 W: 21.6 P: 1013.3
2015-06-01_07:47:26 HA_Wetter_6_PP lastConnection: 439 values captured in 31.91 s
2015-06-01_08:47:43 HA_Wetter_6_PP wind: 18
2015-06-01_08:47:43 HA_Wetter_6_PP dewPoint: 11.3
2015-06-01_08:47:43 HA_Wetter_6_PP windDirIcon: http://www.proplanta.de/wetterdaten/images/symbole/w28.gif
2015-06-01_08:47:43 HA_Wetter_6_PP obsTime: 08:00
2015-06-01_08:47:43 HA_Wetter_6_PP durationFetchReadings: 48.85
2015-06-01_08:47:43 HA_Wetter_6_PP humidity: 68
2015-06-01_08:47:43 HA_Wetter_6_PP pressure: 1013.5
2015-06-01_08:47:43 HA_Wetter_6_PP temperature: 17.2
2015-06-01_08:47:43 HA_Wetter_6_PP windDir: 225
2015-06-01_08:47:43 HA_Wetter_6_PP Tmin: 11 Tmax: 16 T: 17.2 H: 68 W: 18 P: 1013.5
2015-06-01_08:47:43 HA_Wetter_6_PP lastConnection: 439 values captured in 48.85 s
2015-06-01_09:47:36 HA_Wetter_6_PP wind: 21.6
2015-06-01_09:47:36 HA_Wetter_6_PP cloudBaseMin: 600
2015-06-01_09:47:36 HA_Wetter_6_PP dewPoint: 11.4
2015-06-01_09:47:36 HA_Wetter_6_PP windDirIcon: http://www.proplanta.de/wetterdaten/images/symbole/w6.gif
2015-06-01_09:47:36 HA_Wetter_6_PP obsTime: 09:00
2015-06-01_09:47:36 HA_Wetter_6_PP durationFetchReadings: 41.37
2015-06-01_09:47:36 HA_Wetter_6_PP humidity: 68.5
2015-06-01_09:47:36 HA_Wetter_6_PP pressure: 1014
2015-06-01_09:47:36 HA_Wetter_6_PP cloudBaseMax: 1000
2015-06-01_09:47:36 HA_Wetter_6_PP windDir: 248
2015-06-01_09:47:36 HA_Wetter_6_PP Tmin: 11 Tmax: 16 T: 17.2 H: 68.5 W: 21.6 P: 1014
2015-06-01_09:47:36 HA_Wetter_6_PP lastConnection: 439 values captured in 41.37 s
2015-06-01_10:47:33 HA_Wetter_6_PP fc5_chOfRain09: 5
2015-06-01_10:47:33 HA_Wetter_6_PP fc3_temp18: 18
2015-06-01_10:47:33 HA_Wetter_6_PP fc7_tempMin: 15
2015-06-01_10:47:33 HA_Wetter_6_PP fc3_weatherDayIcon: http://www.proplanta.de/wetterdaten/images/symbole/t3.gif
2015-06-01_10:47:33 HA_Wetter_6_PP fc5_cloud00: 0
2015-06-01_10:47:33 HA_Wetter_6_PP fc1_cloud12: 12.5
2015-06-01_10:47:33 HA_Wetter_6_PP fc2_temp06: 19
2015-06-01_10:47:33 HA_Wetter_6_PP fc3_sun: 50
2015-06-01_10:47:33 HA_Wetter_6_PP fc4_weatherNight: klar
2015-06-01_10:47:33 HA_Wetter_6_PP fc6_cloud21: 12.5
2015-06-01_10:47:33 HA_Wetter_6_PP wind: 18
2015-06-01_10:47:33 HA_Wetter_6_PP fc5_weatherMorningIcon: http://www.proplanta.de/wetterdaten/images/symbole/t1.gif
2015-06-01_10:47:33 HA_Wetter_6_PP fc4_temp03: 12
2015-06-01_10:47:33 HA_Wetter_6_PP fc6_temp15: 27
2015-06-01_10:47:33 HA_Wetter_6_PP fc3_cloud12: 25
2015-06-01_10:47:33 HA_Wetter_6_PP fc6_chOfRainNight: 10
2015-06-01_10:47:33 HA_Wetter_6_PP fc8_weatherIcon: http://www.proplanta.de/wetterdaten/images/symbole/t4.gif
2015-06-01_10:47:33 HA_Wetter_6_PP fc1_cloud09: 0
2015-06-01_10:47:33 HA_Wetter_6_PP fc2_chOfRain03: 5
2015-06-01_10:47:33 HA_Wetter_6_PP fc0_weatherEvening: bedeckt
2015-06-01_10:47:33 HA_Wetter_6_PP fc1_weatherMorning: heiter
2015-06-01_10:47:33 HA_Wetter_6_PP fc0_chOfRain18: 20
2015-06-01_10:47:33 HA_Wetter_6_PP fc12_tempMin: 10
2015-06-01_10:47:33 HA_Wetter_6_PP fc4_temp18: 22
2015-06-01_10:47:33 HA_Wetter_6_PP fc5_weatherEveningIcon: http://www.proplanta.de/wetterdaten/images/symbole/n2.gif
2015-06-01_10:47:33 HA_Wetter_6_PP fc1_temp00: 12
2015-06-01_10:47:33 HA_Wetter_6_PP fc2_temp21: 16
2015-06-01_10:47:33 HA_Wetter_6_PP fc0_weatherEveningIcon: http://www.proplanta.de/wetterdaten/images/symbole/n5.gif
2015-06-01_10:47:33 HA_Wetter_6_PP fc5_temp21: 21
2015-06-01_10:47:33 HA_Wetter_6_PP fc5_temp15: 31
2015-06-01_10:47:33 HA_Wetter_6_PP fc11_tempMin: 9
2015-06-01_10:47:33 HA_Wetter_6_PP fc5_cloud06: 0
2015-06-01_10:47:33 HA_Wetter_6_PP fc6_rain: 2.1
2015-06-01_10:47:33 HA_Wetter_6_PP fc0_cloud18: 87.5
2015-06-01_10:47:33 HA_Wetter_6_PP fc6_weatherNight: wolkig
2015-06-01_10:47:33 HA_Wetter_6_PP fc5_chOfRain18: 5
2015-06-01_10:47:33 HA_Wetter_6_PP dewPoint: 12.1
2015-06-01_10:47:33 HA_Wetter_6_PP fc10_tempMax: 21
2015-06-01_10:47:33 HA_Wetter_6_PP windDirIcon: http://www.proplanta.de/wetterdaten/images/symbole/w29.gif
2015-06-01_10:47:33 HA_Wetter_6_PP fc0_rain: 4.4
2015-06-01_10:47:33 HA_Wetter_6_PP obsTime: 10:00
2015-06-01_10:47:33 HA_Wetter_6_PP fc5_weatherMorning: sonnig
2015-06-01_10:47:33 HA_Wetter_6_PP fc8_weather: stark bewoelkt
2015-06-01_10:47:33 HA_Wetter_6_PP fc4_temp06: 17
2015-06-01_10:47:33 HA_Wetter_6_PP fc4_temp21: 15
2015-06-01_10:47:33 HA_Wetter_6_PP fc4_tempMax: 26
2015-06-01_10:47:33 HA_Wetter_6_PP fc6_cloud03: 50
2015-06-01_10:47:33 HA_Wetter_6_PP fc2_weatherMorning: heiter
2015-06-01_10:47:33 HA_Wetter_6_PP fc5_weatherEvening: heiter
2015-06-01_10:47:33 HA_Wetter_6_PP fc6_temp18: 24
2015-06-01_10:47:33 HA_Wetter_6_PP fc5_cloud12: 12.5
2015-06-01_10:47:33 HA_Wetter_6_PP fc5_sun: 75
2015-06-01_10:47:33 HA_Wetter_6_PP fc5_weatherDayIcon: http://www.proplanta.de/wetterdaten/images/symbole/t2.gif
2015-06-01_10:47:33 HA_Wetter_6_PP fc6_tempMax: 27
2015-06-01_10:47:33 HA_Wetter_6_PP fc13_weather: Regenschauer
2015-06-01_10:47:33 HA_Wetter_6_PP fc13_tempMax: 26
2015-06-01_10:47:33 HA_Wetter_6_PP fc5_temp03: 13
2015-06-01_10:47:33 HA_Wetter_6_PP fc1_cloud00: 25
2015-06-01_10:47:33 HA_Wetter_6_PP fc6_temp03: 18
2015-06-01_10:47:33 HA_Wetter_6_PP fc0_cloud03: 62.5
2015-06-01_10:47:33 HA_Wetter_6_PP fc5_chOfRain15: 5
2015-06-01_10:47:33 HA_Wetter_6_PP fc5_temp00: 13
2015-06-01_10:47:33 HA_Wetter_6_PP fc13_weatherIcon: http://www.proplanta.de/wetterdaten/images/symbole/t6.gif
2015-06-01_10:47:33 HA_Wetter_6_PP fc5_chOfRain03: 0
2015-06-01_10:47:33 HA_Wetter_6_PP fc5_chOfRain06: 0
2015-06-01_10:47:33 HA_Wetter_6_PP fc0_chOfRain00: 10
2015-06-01_10:47:33 HA_Wetter_6_PP fc0_chOfRain15: 20
2015-06-01_10:47:33 HA_Wetter_6_PP fc1_chOfRain21: 5
2015-06-01_10:47:33 HA_Wetter_6_PP fc5_cloud03: 0
2015-06-01_10:47:33 HA_Wetter_6_PP durationFetchReadings: 37.56
2015-06-01_10:47:33 HA_Wetter_6_PP fc4_chOfRainNight: 0
2015-06-01_10:47:33 HA_Wetter_6_PP fc6_rad: 8
2015-06-01_10:47:33 HA_Wetter_6_PP fc3_cloud00: 87.5
2015-06-01_10:47:33 HA_Wetter_6_PP fc6_rain03: 2.1
2015-06-01_10:47:33 HA_Wetter_6_PP fc5_weatherDay: heiter
2015-06-01_10:47:33 HA_Wetter_6_PP humidity: 70.4
2015-06-01_10:47:33 HA_Wetter_6_PP fc1_chOfRain06: 5
2015-06-01_10:47:33 HA_Wetter_6_PP fc5_chOfRain00: 0
2015-06-01_10:47:33 HA_Wetter_6_PP fc5_rad: 8.3
2015-06-01_10:47:33 HA_Wetter_6_PP fc2_weatherMorningIcon: http://www.proplanta.de/wetterdaten/images/symbole/t2.gif
2015-06-01_10:47:33 HA_Wetter_6_PP fc6_temp06: 18
2015-06-01_10:47:33 HA_Wetter_6_PP fc4_tempMin: 12
2015-06-01_10:47:33 HA_Wetter_6_PP fc7_weatherIcon: http://www.proplanta.de/wetterdaten/images/symbole/t6.gif
2015-06-01_10:47:33 HA_Wetter_6_PP fc2_temp03: 16
2015-06-01_10:47:33 HA_Wetter_6_PP pressure: 1014.4
2015-06-01_10:47:33 HA_Wetter_6_PP fc4_cloud21: 0
2015-06-01_10:47:33 HA_Wetter_6_PP fc4_temp12: 25
2015-06-01_10:47:33 HA_Wetter_6_PP fc1_temp06: 16
2015-06-01_10:47:33 HA_Wetter_6_PP fc4_temp15: 26
2015-06-01_10:47:33 HA_Wetter_6_PP temperature: 17.5
2015-06-01_10:47:33 HA_Wetter_6_PP fc2_weatherEvening: stark bewoelkt
2015-06-01_10:47:33 HA_Wetter_6_PP fc6_temp00: 20
2015-06-01_10:47:33 HA_Wetter_6_PP fc2_temp18: 19
2015-06-01_10:47:33 HA_Wetter_6_PP fc5_chOfRain12: 5
2015-06-01_10:47:33 HA_Wetter_6_PP fc1_chOfRain09: 0
2015-06-01_10:47:33 HA_Wetter_6_PP fc6_cloud06: 62.5
2015-06-01_10:47:33 HA_Wetter_6_PP fc0_rain15: 0
2015-06-01_10:47:33 HA_Wetter_6_PP fc9_tempMin: 6
2015-06-01_10:47:33 HA_Wetter_6_PP fc4_chOfRain06: 0
2015-06-01_10:47:33 HA_Wetter_6_PP fc3_dew: 0
2015-06-01_10:47:33 HA_Wetter_6_PP fc5_chOfRainDay: 5
2015-06-01_10:47:33 HA_Wetter_6_PP fc5_cloud09: 12.5
2015-06-01_10:47:33 HA_Wetter_6_PP fc8_tempMax: 16
2015-06-01_10:47:33 HA_Wetter_6_PP fc5_temp18: 27
2015-06-01_10:47:33 HA_Wetter_6_PP fc3_rad: 7.4
2015-06-01_10:47:33 HA_Wetter_6_PP fc6_chOfRain21: 5
2015-06-01_10:47:33 HA_Wetter_6_PP fc6_chOfRain06: 15
2015-06-01_10:47:33 HA_Wetter_6_PP fc2_cloud18: 75
2015-06-01_10:47:33 HA_Wetter_6_PP fc6_chOfRain00: 10
2015-06-01_10:47:33 HA_Wetter_6_PP fc0_chOfRain09: 40
2015-06-01_10:47:33 HA_Wetter_6_PP fc7_weather: Regenschauer
2015-06-01_10:47:33 HA_Wetter_6_PP fc2_cloud03: 12.5
2015-06-01_10:47:33 HA_Wetter_6_PP fc2_chOfRain09: 10
2015-06-01_10:47:33 HA_Wetter_6_PP fc4_temp00: 14
2015-06-01_10:47:33 HA_Wetter_6_PP fc6_tempMin: 18
2015-06-01_10:47:33 HA_Wetter_6_PP fc6_temp09: 22
2015-06-01_10:47:33 HA_Wetter_6_PP fc4_cloud06: 0
2015-06-01_10:47:33 HA_Wetter_6_PP fc0_temp18: 13
2015-06-01_10:47:33 HA_Wetter_6_PP fc4_temp09: 22
2015-06-01_10:47:33 HA_Wetter_6_PP fc0_rain12: 3
2015-06-01_10:47:33 HA_Wetter_6_PP fc4_weatherMorningIcon: http://www.proplanta.de/wetterdaten/images/symbole/t1.gif
2015-06-01_10:47:33 HA_Wetter_6_PP fc1_uv: 8
2015-06-01_10:47:33 HA_Wetter_6_PP fc4_weatherMorning: sonnig
2015-06-01_10:47:33 HA_Wetter_6_PP fc5_tempMin: 13
2015-06-01_10:47:33 HA_Wetter_6_PP fc7_tempMax: 29
2015-06-01_10:47:33 HA_Wetter_6_PP fc0_rad: 1.9
2015-06-01_10:47:33 HA_Wetter_6_PP fc0_dew: 0
2015-06-01_10:47:33 HA_Wetter_6_PP fc11_tempMax: 27
2015-06-01_10:47:33 HA_Wetter_6_PP fc6_dew: 0
2015-06-01_10:47:33 HA_Wetter_6_PP fc3_weatherDay: wolkig
2015-06-01_10:47:33 HA_Wetter_6_PP windDir: 270
2015-06-01_10:47:33 HA_Wetter_6_PP fc6_temp12: 26
2015-06-01_10:47:33 HA_Wetter_6_PP fc2_chOfRain18: 15
2015-06-01_10:47:33 HA_Wetter_6_PP fc6_weatherMorning: stark bewoelkt
2015-06-01_10:47:33 HA_Wetter_6_PP fc1_weatherMorningIcon: http://www.proplanta.de/wetterdaten/images/symbole/t2.gif
2015-06-01_10:47:33 HA_Wetter_6_PP fc1_cloud18: 12.5
2015-06-01_10:47:33 HA_Wetter_6_PP fc0_cloud06: 37.5
2015-06-01_10:47:33 HA_Wetter_6_PP fc10_tempMin: 6
2015-06-01_10:47:33 HA_Wetter_6_PP fc6_weatherNightIcon: http://www.proplanta.de/wetterdaten/images/symbole/n3.gif
2015-06-01_10:47:33 HA_Wetter_6_PP fc0_cloud00: 50
2015-06-01_10:47:33 HA_Wetter_6_PP fc0_temp03: 14
2015-06-01_10:47:33 HA_Wetter_6_PP fc2_chOfRain06: 5
2015-06-01_10:47:33 HA_Wetter_6_PP fc2_weatherEveningIcon: http://www.proplanta.de/wetterdaten/images/symbole/n4.gif
2015-06-01_10:47:33 HA_Wetter_6_PP fc2_cloud15: 100
2015-06-01_10:47:33 HA_Wetter_6_PP fc2_rad: 4.7
2015-06-01_10:47:33 HA_Wetter_6_PP fc5_tempMax: 31
2015-06-01_10:47:33 HA_Wetter_6_PP fc1_cloud21: 12.5
2015-06-01_10:47:33 HA_Wetter_6_PP fc5_temp12: 29
2015-06-01_10:47:33 HA_Wetter_6_PP fc12_tempMax: 32
2015-06-01_10:47:33 HA_Wetter_6_PP fc5_temp06: 20
2015-06-01_10:47:33 HA_Wetter_6_PP fc2_temp12: 21
2015-06-01_10:47:33 HA_Wetter_6_PP fc3_chOfRain12: 10
2015-06-01_10:47:33 HA_Wetter_6_PP fc1_cloud06: 25
2015-06-01_10:47:33 HA_Wetter_6_PP fc6_temp21: 18
2015-06-01_10:47:33 HA_Wetter_6_PP fc4_weatherNightIcon: http://www.proplanta.de/wetterdaten/images/symbole/n1.gif
2015-06-01_10:47:33 HA_Wetter_6_PP fc2_temp00: 16
2015-06-01_10:47:33 HA_Wetter_6_PP fc6_weatherMorningIcon: http://www.proplanta.de/wetterdaten/images/symbole/t4.gif
2015-06-01_10:47:33 HA_Wetter_6_PP fc13_tempMin: 12
2015-06-01_10:47:33 HA_Wetter_6_PP fc5_temp09: 26
2015-06-01_10:47:33 HA_Wetter_6_PP fc2_cloud06: 25
2015-06-01_10:47:33 HA_Wetter_6_PP fc4_chOfRain21: 0
2015-06-01_10:47:33 HA_Wetter_6_PP fc3_temp06: 14
2015-06-01_10:47:33 HA_Wetter_6_PP fc6_chOfRain15: 0
2015-06-01_10:47:33 HA_Wetter_6_PP fc3_cloud09: 50
2015-06-01_10:47:33 HA_Wetter_6_PP fc3_uv: 7
2015-06-01_10:47:33 HA_Wetter_6_PP fc5_uv: 7
2015-06-01_10:47:33 HA_Wetter_6_PP fc0_rain09: 1.4
2015-06-01_10:47:33 HA_Wetter_6_PP fc1_temp12: 22
2015-06-01_10:47:33 HA_Wetter_6_PP fc9_tempMax: 16
2015-06-01_10:47:33 HA_Wetter_6_PP fc3_chOfRainDay: 10
2015-06-01_10:47:33 HA_Wetter_6_PP fc6_chOfRain03: 50
2015-06-01_10:47:33 HA_Wetter_6_PP fc2_tempMin: 16
2015-06-01_10:47:33 HA_Wetter_6_PP Tmin: 11 Tmax: 16 T: 17.5 H: 70.4 W: 18 P: 1014.4
2015-06-01_10:47:33 HA_Wetter_6_PP lastConnection: 439 values captured in 37.56 s
2015-06-01_11:47:34 HA_Wetter_6_PP wind: 25.2
2015-06-01_11:47:34 HA_Wetter_6_PP cloudBaseMin: 200
2015-06-01_11:47:34 HA_Wetter_6_PP dewPoint: 11.6
2015-06-01_11:47:34 HA_Wetter_6_PP windDirIcon: http://www.proplanta.de/wetterdaten/images/symbole/w7.gif
2015-06-01_11:47:34 HA_Wetter_6_PP obsTime: 11:00
2015-06-01_11:47:34 HA_Wetter_6_PP durationFetchReadings: 38.94
2015-06-01_11:47:34 HA_Wetter_6_PP humidity: 69.8
2015-06-01_11:47:34 HA_Wetter_6_PP visibility: 60
2015-06-01_11:47:34 HA_Wetter_6_PP pressure: 1015.1
2015-06-01_11:47:34 HA_Wetter_6_PP temperature: 17.1
2015-06-01_11:47:34 HA_Wetter_6_PP cloudBaseMax: 300
2015-06-01_11:47:34 HA_Wetter_6_PP windDir: 203
2015-06-01_11:47:34 HA_Wetter_6_PP Tmin: 11 Tmax: 16 T: 17.1 H: 69.8 W: 25.2 P: 1015.1
2015-06-01_11:47:34 HA_Wetter_6_PP lastConnection: 439 values captured in 38.94 s
2015-06-01_12:47:34 HA_Wetter_6_PP wind: 14.4
2015-06-01_12:47:34 HA_Wetter_6_PP cloudBaseMin: 50
2015-06-01_12:47:34 HA_Wetter_6_PP dewPoint: 9.3
2015-06-01_12:47:34 HA_Wetter_6_PP windDirIcon: http://www.proplanta.de/wetterdaten/images/symbole/w31.gif
2015-06-01_12:47:34 HA_Wetter_6_PP obsTime: 12:00
2015-06-01_12:47:34 HA_Wetter_6_PP durationFetchReadings: 38.10
2015-06-01_12:47:34 HA_Wetter_6_PP humidity: 93.4
2015-06-01_12:47:34 HA_Wetter_6_PP visibility: 9
2015-06-01_12:47:34 HA_Wetter_6_PP pressure: 1017.3
2015-06-01_12:47:34 HA_Wetter_6_PP temperature: 10.3
2015-06-01_12:47:34 HA_Wetter_6_PP cloudBaseMax: 100
2015-06-01_12:47:34 HA_Wetter_6_PP windDir: 0
2015-06-01_12:47:34 HA_Wetter_6_PP Tmin: 11 Tmax: 16 T: 10.3 H: 93.4 W: 14.4 P: 1017.3
2015-06-01_12:47:34 HA_Wetter_6_PP lastConnection: 439 values captured in 38.10 s
2015-06-01_13:47:36 HA_Wetter_6_PP wind: 10.8
2015-06-01_13:47:36 HA_Wetter_6_PP dewPoint: 9.2
2015-06-01_13:47:36 HA_Wetter_6_PP windDirIcon: http://www.proplanta.de/wetterdaten/images/symbole/w1.gif
2015-06-01_13:47:36 HA_Wetter_6_PP obsTime: 13:00
2015-06-01_13:47:36 HA_Wetter_6_PP durationFetchReadings: 40.64
2015-06-01_13:47:36 HA_Wetter_6_PP humidity: 91.6
2015-06-01_13:47:36 HA_Wetter_6_PP visibility: 15
2015-06-01_13:47:36 HA_Wetter_6_PP pressure: 1017.4
2015-06-01_13:47:36 HA_Wetter_6_PP temperature: 10.5
2015-06-01_13:47:36 HA_Wetter_6_PP windDir: 23
2015-06-01_13:47:36 HA_Wetter_6_PP Tmin: 11 Tmax: 16 T: 10.5 H: 91.6 W: 10.8 P: 1017.4
2015-06-01_13:47:36 HA_Wetter_6_PP lastConnection: 439 values captured in 40.64 s
2015-06-01_14:47:32 HA_Wetter_6_PP dewPoint: 9.9
2015-06-01_14:47:32 HA_Wetter_6_PP obsTime: 14:00
2015-06-01_14:47:32 HA_Wetter_6_PP durationFetchReadings: 35.90
2015-06-01_14:47:32 HA_Wetter_6_PP humidity: 92.9
2015-06-01_14:47:32 HA_Wetter_6_PP visibility: 16
2015-06-01_14:47:32 HA_Wetter_6_PP temperature: 11
2015-06-01_14:47:32 HA_Wetter_6_PP Tmin: 11 Tmax: 16 T: 11 H: 92.9 W: 10.8 P: 1017.4
2015-06-01_14:47:32 HA_Wetter_6_PP lastConnection: 439 values captured in 35.90 s
2015-06-01_15:47:30 HA_Wetter_6_PP fc8_tempMin: 9
2015-06-01_15:47:30 HA_Wetter_6_PP fc5_chOfRain09: 10
2015-06-01_15:47:30 HA_Wetter_6_PP fc3_temp18: 19
2015-06-01_15:47:30 HA_Wetter_6_PP fc1_weatherNight: klar
2015-06-01_15:47:30 HA_Wetter_6_PP fc0_uv: 3
2015-06-01_15:47:30 HA_Wetter_6_PP fc7_tempMin: 11
2015-06-01_15:47:30 HA_Wetter_6_PP fc4_weatherNight: heiter
2015-06-01_15:47:30 HA_Wetter_6_PP fc6_cloud21: 25
2015-06-01_15:47:30 HA_Wetter_6_PP wind: 7.2
2015-06-01_15:47:30 HA_Wetter_6_PP fc1_weatherEveningIcon: http://www.proplanta.de/wetterdaten/images/symbole/n1.gif
2015-06-01_15:47:30 HA_Wetter_6_PP fc5_weatherNight: unterschiedlich bewoelkt, vereinzelt Schauer und Gewitter
2015-06-01_15:47:30 HA_Wetter_6_PP fc5_weatherMorningIcon: http://www.proplanta.de/wetterdaten/images/symbole/t2.gif
2015-06-01_15:47:30 HA_Wetter_6_PP fc6_temp15: 25
2015-06-01_15:47:30 HA_Wetter_6_PP fc3_cloud12: 37.5
2015-06-01_15:47:30 HA_Wetter_6_PP fc3_temp00: 14
2015-06-01_15:47:30 HA_Wetter_6_PP fc2_chOfRain03: 0
2015-06-01_15:47:30 HA_Wetter_6_PP fc5_chOfRainNight: 50
2015-06-01_15:47:30 HA_Wetter_6_PP fc0_weatherEvening: stark bewoelkt
2015-06-01_15:47:30 HA_Wetter_6_PP fc0_chOfRain18: 15
2015-06-01_15:47:30 HA_Wetter_6_PP fc12_tempMin: 9
2015-06-01_15:47:30 HA_Wetter_6_PP fc2_cloud00: 0
2015-06-01_15:47:30 HA_Wetter_6_PP fc1_temp00: 11
2015-06-01_15:47:30 HA_Wetter_6_PP fc3_cloud06: 87.5
2015-06-01_15:47:30 HA_Wetter_6_PP fc2_temp21: 17
2015-06-01_15:47:30 HA_Wetter_6_PP fc0_weatherEveningIcon: http://www.proplanta.de/wetterdaten/images/symbole/n4.gif
2015-06-01_15:47:30 HA_Wetter_6_PP fc10_weather: heiter
2015-06-01_15:47:30 HA_Wetter_6_PP fc5_temp15: 32
2015-06-01_15:47:30 HA_Wetter_6_PP fc11_tempMin: 8
2015-06-01_15:47:30 HA_Wetter_6_PP fc5_cloud06: 25
2015-06-01_15:47:30 HA_Wetter_6_PP fc6_rain: 0.7
2015-06-01_15:47:30 HA_Wetter_6_PP fc2_chOfRain12: 15
2015-06-01_15:47:30 HA_Wetter_6_PP fc9_weatherIcon: http://www.proplanta.de/wetterdaten/images/symbole/t4.gif
2015-06-01_15:47:30 HA_Wetter_6_PP dewPoint: 10.2
2015-06-01_15:47:30 HA_Wetter_6_PP windDirIcon: http://www.proplanta.de/wetterdaten/images/symbole/w8.gif
2015-06-01_15:47:30 HA_Wetter_6_PP fc0_rain: 3.6
2015-06-01_15:47:30 HA_Wetter_6_PP fc10_weatherIcon: http://www.proplanta.de/wetterdaten/images/symbole/t2.gif
2015-06-01_15:47:30 HA_Wetter_6_PP obsTime: 15:00
2015-06-01_15:47:30 HA_Wetter_6_PP fc5_weatherMorning: heiter
2015-06-01_15:47:30 HA_Wetter_6_PP fc6_cloud03: 62.5
2015-06-01_15:47:30 HA_Wetter_6_PP fc6_weatherEveningIcon: http://www.proplanta.de/wetterdaten/images/symbole/n2.gif
2015-06-01_15:47:30 HA_Wetter_6_PP fc6_temp18: 22
2015-06-01_15:47:30 HA_Wetter_6_PP fc5_cloud12: 25
2015-06-01_15:47:30 HA_Wetter_6_PP fc6_tempMax: 25
2015-06-01_15:47:30 HA_Wetter_6_PP fc13_weather: wolkig
2015-06-01_15:47:30 HA_Wetter_6_PP fc6_cloud18: 12.5
2015-06-01_15:47:30 HA_Wetter_6_PP fc0_chOfRain21: 5
2015-06-01_15:47:30 HA_Wetter_6_PP fc12_weather: heiter
2015-06-01_15:47:30 HA_Wetter_6_PP fc5_rain: 1.7
2015-06-01_15:47:30 HA_Wetter_6_PP fc13_tempMax: 22
2015-06-01_15:47:30 HA_Wetter_6_PP fc6_temp03: 14
2015-06-01_15:47:30 HA_Wetter_6_PP fc5_temp00: 14
2015-06-01_15:47:30 HA_Wetter_6_PP fc13_weatherIcon: http://www.proplanta.de/wetterdaten/images/symbole/t3.gif
2015-06-01_15:47:30 HA_Wetter_6_PP fc5_chOfRain03: 5
2015-06-01_15:47:30 HA_Wetter_6_PP fc2_chOfRain15: 15
2015-06-01_15:47:30 HA_Wetter_6_PP fc5_chOfRain06: 5
2015-06-01_15:47:30 HA_Wetter_6_PP fc0_chOfRain15: 15
2015-06-01_15:47:30 HA_Wetter_6_PP fc1_chOfRain21: 0
2015-06-01_15:47:30 HA_Wetter_6_PP fc5_chOfRain21: 50
2015-06-01_15:47:30 HA_Wetter_6_PP fc5_cloud03: 12.5
2015-06-01_15:47:30 HA_Wetter_6_PP durationFetchReadings: 34.39
2015-06-01_15:47:30 HA_Wetter_6_PP fc4_chOfRainNight: 5
2015-06-01_15:47:30 HA_Wetter_6_PP fc2_temp15: 22
2015-06-01_15:47:30 HA_Wetter_6_PP fc6_rad: 8.2
2015-06-01_15:47:30 HA_Wetter_6_PP fc6_cloud12: 0
2015-06-01_15:47:30 HA_Wetter_6_PP fc6_rain03: 0.7
2015-06-01_15:47:30 HA_Wetter_6_PP humidity: 95.4
2015-06-01_15:47:30 HA_Wetter_6_PP fc0_temp15: 14
2015-06-01_15:47:30 HA_Wetter_6_PP fc5_rad: 8.1
2015-06-01_15:47:30 HA_Wetter_6_PP fc6_temp06: 15
2015-06-01_15:47:30 HA_Wetter_6_PP fc2_cloud09: 37.5
2015-06-01_15:47:30 HA_Wetter_6_PP fc7_weatherIcon: http://www.proplanta.de/wetterdaten/images/symbole/t2.gif
2015-06-01_15:47:30 HA_Wetter_6_PP fc1_rad: 8.2
2015-06-01_15:47:30 HA_Wetter_6_PP visibility: 3.5
2015-06-01_15:47:30 HA_Wetter_6_PP pressure: 1017.6
2015-06-01_15:47:30 HA_Wetter_6_PP fc4_temp12: 26
2015-06-01_15:47:30 HA_Wetter_6_PP temperature: 10.9
2015-06-01_15:47:30 HA_Wetter_6_PP fc6_temp00: 18
2015-06-01_15:47:30 HA_Wetter_6_PP fc2_temp18: 20
2015-06-01_15:47:30 HA_Wetter_6_PP fc6_cloud06: 50
2015-06-01_15:47:30 HA_Wetter_6_PP fc1_chOfRainNight: 0
2015-06-01_15:47:30 HA_Wetter_6_PP fc3_dew: 1
2015-06-01_15:47:30 HA_Wetter_6_PP fc5_cloud09: 25
2015-06-01_15:47:30 HA_Wetter_6_PP fc8_tempMax: 14
2015-06-01_15:47:30 HA_Wetter_6_PP fc3_rad: 7.2
2015-06-01_15:47:30 HA_Wetter_6_PP fc6_chOfRain06: 10
2015-06-01_15:47:30 HA_Wetter_6_PP fc2_cloud18: 62.5
2015-06-01_15:47:30 HA_Wetter_6_PP fc7_weather: heiter
2015-06-01_15:47:30 HA_Wetter_6_PP fc2_cloud03: 0
2015-06-01_15:47:30 HA_Wetter_6_PP fc1_cloud03: 50
2015-06-01_15:47:30 HA_Wetter_6_PP fc4_temp00: 12
2015-06-01_15:47:30 HA_Wetter_6_PP fc6_tempMin: 14
2015-06-01_15:47:30 HA_Wetter_6_PP fc6_temp09: 20
2015-06-01_15:47:30 HA_Wetter_6_PP fc0_temp18: 14
2015-06-01_15:47:30 HA_Wetter_6_PP fc0_tempMax: 18
2015-06-01_15:47:30 HA_Wetter_6_PP fc2_cloud21: 75
2015-06-01_15:47:30 HA_Wetter_6_PP fc1_temp09: 20
2015-06-01_15:47:30 HA_Wetter_6_PP fc0_rain12: 2.2
2015-06-01_15:47:30 HA_Wetter_6_PP fc7_tempMax: 23
2015-06-01_15:47:30 HA_Wetter_6_PP fc0_rad: 2.5
2015-06-01_15:47:30 HA_Wetter_6_PP fc11_tempMax: 23
2015-06-01_15:47:30 HA_Wetter_6_PP windDir: 248
2015-06-01_15:47:30 HA_Wetter_6_PP fc5_cloud18: 12.5
2015-06-01_15:47:30 HA_Wetter_6_PP fc6_temp12: 23
2015-06-01_15:47:30 HA_Wetter_6_PP fc0_cloud21: 12.5
2015-06-01_15:47:30 HA_Wetter_6_PP fc1_chOfRain00: 5
2015-06-01_15:47:30 HA_Wetter_6_PP fc6_weatherMorning: wolkig
2015-06-01_15:47:30 HA_Wetter_6_PP fc5_dew: 1
2015-06-01_15:47:30 HA_Wetter_6_PP fc1_cloud18: 0
2015-06-01_15:47:30 HA_Wetter_6_PP fc5_cloud15: 12.5
2015-06-01_15:47:30 HA_Wetter_6_PP fc10_tempMin: 5
2015-06-01_15:47:30 HA_Wetter_6_PP fc1_weatherEvening: klar
2015-06-01_15:47:30 HA_Wetter_6_PP fc6_weatherEvening: heiter
2015-06-01_15:47:30 HA_Wetter_6_PP fc2_cloud15: 75
2015-06-01_15:47:30 HA_Wetter_6_PP fc2_rad: 5.1
2015-06-01_15:47:30 HA_Wetter_6_PP fc5_tempMax: 32
2015-06-01_15:47:30 HA_Wetter_6_PP fc5_weatherNightIcon: http://www.proplanta.de/wetterdaten/images/symbole/n8.gif
2015-06-01_15:47:30 HA_Wetter_6_PP fc9_weather: stark bewoelkt
2015-06-01_15:47:30 HA_Wetter_6_PP fc1_cloud21: 0
2015-06-01_15:47:30 HA_Wetter_6_PP fc5_temp12: 31
2015-06-01_15:47:30 HA_Wetter_6_PP fc12_tempMax: 23
2015-06-01_15:47:30 HA_Wetter_6_PP fc2_tempMax: 23
2015-06-01_15:47:30 HA_Wetter_6_PP fc5_cloud21: 50
2015-06-01_15:47:30 HA_Wetter_6_PP fc12_weatherIcon: http://www.proplanta.de/wetterdaten/images/symbole/t2.gif
2015-06-01_15:47:30 HA_Wetter_6_PP fc6_temp21: 17
2015-06-01_15:47:30 HA_Wetter_6_PP fc4_weatherNightIcon: http://www.proplanta.de/wetterdaten/images/symbole/n2.gif
2015-06-01_15:47:30 HA_Wetter_6_PP fc1_chOfRain15: 0
2015-06-01_15:47:30 HA_Wetter_6_PP fc6_weatherMorningIcon: http://www.proplanta.de/wetterdaten/images/symbole/t3.gif
2015-06-01_15:47:30 HA_Wetter_6_PP fc1_weatherNightIcon: http://www.proplanta.de/wetterdaten/images/symbole/n1.gif
2015-06-01_15:47:30 HA_Wetter_6_PP fc13_tempMin: 9
2015-06-01_15:47:30 HA_Wetter_6_PP fc5_rain21: 1.7
2015-06-01_15:47:30 HA_Wetter_6_PP fc5_temp09: 27
2015-06-01_15:47:30 HA_Wetter_6_PP fc2_cloud06: 0
2015-06-01_15:47:30 HA_Wetter_6_PP fc2_chOfRain00: 0
2015-06-01_15:47:30 HA_Wetter_6_PP fc1_chOfRain18: 0
2015-06-01_15:47:30 HA_Wetter_6_PP fc1_cloud15: 0
2015-06-01_15:47:30 HA_Wetter_6_PP fc6_cloud00: 50
2015-06-01_15:47:30 HA_Wetter_6_PP fc5_uv: 6
2015-06-01_15:47:30 HA_Wetter_6_PP fc1_temp12: 23
2015-06-01_15:47:30 HA_Wetter_6_PP fc6_chOfRain18: 5
2015-06-01_15:47:30 HA_Wetter_6_PP fc6_chOfRain03: 80
2015-06-01_15:47:30 HA_Wetter_6_PP Tmin: 11 Tmax: 18 T: 10.9 H: 95.4 W: 7.2 P: 1017.6
2015-06-01_15:47:30 HA_Wetter_6_PP lastConnection: 439 values captured in 34.39 s
2015-06-01_16:47:30 HA_Wetter_6_PP wind: 10.8
2015-06-01_16:47:30 HA_Wetter_6_PP cloudBaseMin: 0
2015-06-01_16:47:30 HA_Wetter_6_PP dewPoint: 9.5
2015-06-01_16:47:30 HA_Wetter_6_PP windDirIcon: http://www.proplanta.de/wetterdaten/images/symbole/w31.gif
2015-06-01_16:47:30 HA_Wetter_6_PP obsTime: 16:00
2015-06-01_16:47:30 HA_Wetter_6_PP durationFetchReadings: 34.57
2015-06-01_16:47:30 HA_Wetter_6_PP humidity: 93.5
2015-06-01_16:47:30 HA_Wetter_6_PP visibility: 2.0
2015-06-01_16:47:30 HA_Wetter_6_PP pressure: 1017.7
2015-06-01_16:47:30 HA_Wetter_6_PP temperature: 10.5
2015-06-01_16:47:30 HA_Wetter_6_PP cloudBaseMax: 50
2015-06-01_16:47:30 HA_Wetter_6_PP windDir: 0
2015-06-01_16:47:30 HA_Wetter_6_PP Tmin: 11 Tmax: 18 T: 10.5 H: 93.5 W: 10.8 P: 1017.7
2015-06-01_16:47:30 HA_Wetter_6_PP lastConnection: 439 values captured in 34.57 s
2015-06-01_17:47:32 HA_Wetter_6_PP cloudBaseMin: 50
2015-06-01_17:47:32 HA_Wetter_6_PP dewPoint: 9.1
2015-06-01_17:47:32 HA_Wetter_6_PP obsTime: 17:00
2015-06-01_17:47:32 HA_Wetter_6_PP durationFetchReadings: 35.13
2015-06-01_17:47:32 HA_Wetter_6_PP humidity: 95.4
2015-06-01_17:47:32 HA_Wetter_6_PP visibility: 2.5
2015-06-01_17:47:32 HA_Wetter_6_PP pressure: 1018.8
2015-06-01_17:47:32 HA_Wetter_6_PP temperature: 9.8
2015-06-01_17:47:32 HA_Wetter_6_PP cloudBaseMax: 100
2015-06-01_17:47:32 HA_Wetter_6_PP Tmin: 11 Tmax: 18 T: 9.8 H: 95.4 W: 10.8 P: 1018.8
2015-06-01_17:47:32 HA_Wetter_6_PP lastConnection: 439 values captured in 35.13 s
2015-06-01_18:47:32 HA_Wetter_6_PP wind: 7.2
2015-06-01_18:47:32 HA_Wetter_6_PP dewPoint: 10
2015-06-01_18:47:32 HA_Wetter_6_PP windDirIcon: http://www.proplanta.de/wetterdaten/images/symbole/w33.gif
2015-06-01_18:47:32 HA_Wetter_6_PP obsTime: 18:00
2015-06-01_18:47:32 HA_Wetter_6_PP durationFetchReadings: 35.95
2015-06-01_18:47:32 HA_Wetter_6_PP humidity: 96
2015-06-01_18:47:32 HA_Wetter_6_PP visibility: 6
2015-06-01_18:47:32 HA_Wetter_6_PP pressure: 1018.2
2015-06-01_18:47:32 HA_Wetter_6_PP temperature: 10.6
2015-06-01_18:47:32 HA_Wetter_6_PP windDir: 90
2015-06-01_18:47:32 HA_Wetter_6_PP Tmin: 11 Tmax: 18 T: 10.6 H: 96 W: 7.2 P: 1018.2
2015-06-01_18:47:32 HA_Wetter_6_PP lastConnection: 439 values captured in 35.95 s
2015-06-01_19:47:31 HA_Wetter_6_PP dewPoint: 10.3
2015-06-01_19:47:31 HA_Wetter_6_PP windDirIcon: http://www.proplanta.de/wetterdaten/images/symbole/w3.gif
2015-06-01_19:47:31 HA_Wetter_6_PP obsTime: 19:00
2015-06-01_19:47:31 HA_Wetter_6_PP durationFetchReadings: 34.28
2015-06-01_19:47:31 HA_Wetter_6_PP humidity: 94.8
2015-06-01_19:47:31 HA_Wetter_6_PP visibility: 9
2015-06-01_19:47:31 HA_Wetter_6_PP pressure: 1017.9
2015-06-01_19:47:31 HA_Wetter_6_PP temperature: 11.1
2015-06-01_19:47:31 HA_Wetter_6_PP windDir: 113
2015-06-01_19:47:31 HA_Wetter_6_PP Tmin: 11 Tmax: 18 T: 11.1 H: 94.8 W: 7.2 P: 1017.9
2015-06-01_19:47:31 HA_Wetter_6_PP lastConnection: 439 values captured in 34.28 s
2015-06-01_20:47:30 HA_Wetter_6_PP cloudBaseMin: 100
2015-06-01_20:47:30 HA_Wetter_6_PP windDirIcon: http://www.proplanta.de/wetterdaten/images/symbole/w34.gif
2015-06-01_20:47:30 HA_Wetter_6_PP obsTime: 20:00
2015-06-01_20:47:30 HA_Wetter_6_PP durationFetchReadings: 33.33
2015-06-01_20:47:30 HA_Wetter_6_PP humidity: 94.1
2015-06-01_20:47:30 HA_Wetter_6_PP visibility: 17
2015-06-01_20:47:30 HA_Wetter_6_PP pressure: 1018.1
2015-06-01_20:47:30 HA_Wetter_6_PP temperature: 11.2
2015-06-01_20:47:30 HA_Wetter_6_PP cloudBaseMax: 200
2015-06-01_20:47:30 HA_Wetter_6_PP windDir: 135
2015-06-01_20:47:30 HA_Wetter_6_PP Tmin: 11 Tmax: 18 T: 11.2 H: 94.1 W: 7.2 P: 1018.1
2015-06-01_20:47:30 HA_Wetter_6_PP lastConnection: 439 values captured in 33.33 s
2015-06-01_21:47:33 HA_Wetter_6_PP fc3_chOfRain03: 10
2015-06-01_21:47:33 HA_Wetter_6_PP fc1_weatherNight: heiter
2015-06-01_21:47:33 HA_Wetter_6_PP fc0_uv: 2
2015-06-01_21:47:33 HA_Wetter_6_PP fc2_sun: 25
2015-06-01_21:47:33 HA_Wetter_6_PP fc7_tempMin: 16
2015-06-01_21:47:33 HA_Wetter_6_PP fc2_cloud12: 87.5
2015-06-01_21:47:33 HA_Wetter_6_PP fc3_weatherDayIcon: http://www.proplanta.de/wetterdaten/images/symbole/t2.gif
2015-06-01_21:47:33 HA_Wetter_6_PP fc6_weatherDayIcon: http://www.proplanta.de/wetterdaten/images/symbole/t3.gif
2015-06-01_21:47:33 HA_Wetter_6_PP fc3_sun: 75
2015-06-01_21:47:33 HA_Wetter_6_PP fc6_cloud21: 12.5
2015-06-01_21:47:33 HA_Wetter_6_PP fc3_temp09: 18
2015-06-01_21:47:33 HA_Wetter_6_PP fc4_temp03: 11
2015-06-01_21:47:33 HA_Wetter_6_PP fc6_temp15: 27
2015-06-01_21:47:33 HA_Wetter_6_PP fc3_cloud12: 25
2015-06-01_21:47:33 HA_Wetter_6_PP fc3_temp00: 13
2015-06-01_21:47:33 HA_Wetter_6_PP fc8_weatherIcon: http://www.proplanta.de/wetterdaten/images/symbole/t3.gif
2015-06-01_21:47:33 HA_Wetter_6_PP fc2_chOfRain03: 5
2015-06-01_21:47:33 HA_Wetter_6_PP fc3_chOfRain06: 10
2015-06-01_21:47:33 HA_Wetter_6_PP fc0_weatherEvening: bedeckt
2015-06-01_21:47:33 HA_Wetter_6_PP fc6_chOfRain12: 15
2015-06-01_21:47:33 HA_Wetter_6_PP fc0_chOfRain18: 20
2015-06-01_21:47:33 HA_Wetter_6_PP fc2_cloud00: 12.5
2015-06-01_21:47:33 HA_Wetter_6_PP fc6_rain00: 2.1
2015-06-01_21:47:33 HA_Wetter_6_PP fc5_weatherEveningIcon: http://www.proplanta.de/wetterdaten/images/symbole/n1.gif
2015-06-01_21:47:33 HA_Wetter_6_PP fc3_cloud06: 37.5
2015-06-01_21:47:33 HA_Wetter_6_PP fc2_temp21: 16
2015-06-01_21:47:33 HA_Wetter_6_PP fc0_weatherEveningIcon: http://www.proplanta.de/wetterdaten/images/symbole/n5.gif
2015-06-01_21:47:33 HA_Wetter_6_PP fc2_uv: 3
2015-06-01_21:47:33 HA_Wetter_6_PP fc5_temp21: 20
2015-06-01_21:47:33 HA_Wetter_6_PP fc10_weather: sonnig
2015-06-01_21:47:33 HA_Wetter_6_PP fc5_temp15: 30
2015-06-01_21:47:33 HA_Wetter_6_PP fc5_cloud06: 12.5
2015-06-01_21:47:33 HA_Wetter_6_PP fc6_cloud15: 25
2015-06-01_21:47:33 HA_Wetter_6_PP fc6_rain: 4.7
2015-06-01_21:47:33 HA_Wetter_6_PP fc5_chOfRain18: 0
2015-06-01_21:47:33 HA_Wetter_6_PP fc9_weatherIcon: http://www.proplanta.de/wetterdaten/images/symbole/t2.gif
2015-06-01_21:47:33 HA_Wetter_6_PP fc10_tempMax: 23
2015-06-01_21:47:33 HA_Wetter_6_PP fc10_weatherIcon: http://www.proplanta.de/wetterdaten/images/symbole/t1.gif
2015-06-01_21:47:33 HA_Wetter_6_PP fc8_weather: wolkig
2015-06-01_21:47:33 HA_Wetter_6_PP fc4_temp06: 16
2015-06-01_21:47:33 HA_Wetter_6_PP fc6_rain06: 1.5
2015-06-01_21:47:33 HA_Wetter_6_PP fc4_temp21: 16
2015-06-01_21:47:33 HA_Wetter_6_PP fc6_cloud03: 50
2015-06-01_21:47:33 HA_Wetter_6_PP fc3_weatherMorning: wolkig
2015-06-01_21:47:33 HA_Wetter_6_PP fc5_weatherEvening: klar
2015-06-01_21:47:33 HA_Wetter_6_PP fc6_temp18: 24
2015-06-01_21:47:33 HA_Wetter_6_PP fc6_uv: 5
2015-06-01_21:47:33 HA_Wetter_6_PP fc6_tempMax: 27
2015-06-01_21:47:33 HA_Wetter_6_PP fc0_chOfRain21: 30
2015-06-01_21:47:33 HA_Wetter_6_PP fc12_weather: wolkig
2015-06-01_21:47:33 HA_Wetter_6_PP fc5_rain: 0
2015-06-01_21:47:33 HA_Wetter_6_PP fc5_temp03: 14
2015-06-01_21:47:33 HA_Wetter_6_PP fc1_cloud00: 62.5
2015-06-01_21:47:33 HA_Wetter_6_PP fc6_temp03: 19
2015-06-01_21:47:33 HA_Wetter_6_PP fc5_chOfRain15: 0
2015-06-01_21:47:33 HA_Wetter_6_PP fc2_chOfRain15: 20
2015-06-01_21:47:33 HA_Wetter_6_PP fc3_tempMin: 9
2015-06-01_21:47:33 HA_Wetter_6_PP fc6_chOfRainDay: 10
2015-06-01_21:47:33 HA_Wetter_6_PP fc1_chOfRain21: 5
2015-06-01_21:47:33 HA_Wetter_6_PP fc5_chOfRain21: 5
2015-06-01_21:47:33 HA_Wetter_6_PP durationFetchReadings: 36.34
2015-06-01_21:47:33 HA_Wetter_6_PP fc2_temp15: 21
2015-06-01_21:47:33 HA_Wetter_6_PP fc6_rad: 5.8
2015-06-01_21:47:33 HA_Wetter_6_PP fc3_cloud00: 62.5
2015-06-01_21:47:33 HA_Wetter_6_PP fc6_cloud12: 87.5
2015-06-01_21:47:33 HA_Wetter_6_PP fc6_rain03: 1.1
2015-06-01_21:47:33 HA_Wetter_6_PP fc5_rad: 8.3
2015-06-01_21:47:33 HA_Wetter_6_PP fc6_temp06: 19
2015-06-01_21:47:33 HA_Wetter_6_PP fc4_tempMin: 11
2015-06-01_21:47:33 HA_Wetter_6_PP fc2_cloud09: 62.5
2015-06-01_21:47:33 HA_Wetter_6_PP fc7_weatherIcon: http://www.proplanta.de/wetterdaten/images/symbole/t6.gif
2015-06-01_21:47:33 HA_Wetter_6_PP fc4_temp12: 25
2015-06-01_21:47:33 HA_Wetter_6_PP fc1_temp06: 15
2015-06-01_21:47:33 HA_Wetter_6_PP fc2_weatherNightIcon: http://www.proplanta.de/wetterdaten/images/symbole/n3.gif
2015-06-01_21:47:33 HA_Wetter_6_PP fc6_temp00: 19
2015-06-01_21:47:33 HA_Wetter_6_PP fc6_chOfRain09: 20
2015-06-01_21:47:33 HA_Wetter_6_PP fc1_chOfRain09: 5
2015-06-01_21:47:33 HA_Wetter_6_PP fc6_cloud06: 62.5
2015-06-01_21:47:33 HA_Wetter_6_PP fc1_chOfRainNight: 5
2015-06-01_21:47:33 HA_Wetter_6_PP fc9_tempMin: 5
2015-06-01_21:47:33 HA_Wetter_6_PP fc6_cloud09: 100
2015-06-01_21:47:33 HA_Wetter_6_PP fc8_tempMax: 19
2015-06-01_21:47:33 HA_Wetter_6_PP fc5_temp18: 26
2015-06-01_21:47:33 HA_Wetter_6_PP fc3_rad: 7.8
2015-06-01_21:47:33 HA_Wetter_6_PP fc6_chOfRain06: 40
2015-06-01_21:47:33 HA_Wetter_6_PP fc6_chOfRain00: 50
2015-06-01_21:47:33 HA_Wetter_6_PP fc7_weather: Regenschauer
2015-06-01_21:47:33 HA_Wetter_6_PP fc2_cloud03: 12.5
2015-06-01_21:47:33 HA_Wetter_6_PP fc2_chOfRain09: 15
2015-06-01_21:47:33 HA_Wetter_6_PP fc1_cloud03: 25
2015-06-01_21:47:33 HA_Wetter_6_PP fc6_tempMin: 19
2015-06-01_21:47:33 HA_Wetter_6_PP fc3_cloud03: 50
2015-06-01_21:47:33 HA_Wetter_6_PP fc0_temp18: 13
2015-06-01_21:47:33 HA_Wetter_6_PP fc2_cloud21: 37.5
2015-06-01_21:47:33 HA_Wetter_6_PP fc3_temp03: 11
2015-06-01_21:47:33 HA_Wetter_6_PP fc2_weatherDayIcon: http://www.proplanta.de/wetterdaten/images/symbole/t4.gif
2015-06-01_21:47:33 HA_Wetter_6_PP fc5_tempMin: 14
2015-06-01_21:47:33 HA_Wetter_6_PP fc7_tempMax: 27
2015-06-01_21:47:33 HA_Wetter_6_PP fc3_weatherMorningIcon: http://www.proplanta.de/wetterdaten/images/symbole/t3.gif
2015-06-01_21:47:33 HA_Wetter_6_PP fc0_rad: 2.3
2015-06-01_21:47:33 HA_Wetter_6_PP fc6_sun: 50
2015-06-01_21:47:33 HA_Wetter_6_PP fc11_tempMax: 25
2015-06-01_21:47:33 HA_Wetter_6_PP fc2_chOfRain21: 10
2015-06-01_21:47:33 HA_Wetter_6_PP fc2_chOfRainNight: 10
2015-06-01_21:47:33 HA_Wetter_6_PP fc3_weatherDay: heiter
2015-06-01_21:47:33 HA_Wetter_6_PP fc5_cloud18: 0
2015-06-01_21:47:33 HA_Wetter_6_PP fc6_temp12: 25
2015-06-01_21:47:33 HA_Wetter_6_PP fc0_cloud21: 62.5
2015-06-01_21:47:33 HA_Wetter_6_PP fc2_chOfRainDay: 15
2015-06-01_21:47:33 HA_Wetter_6_PP fc1_chOfRain00: 10
2015-06-01_21:47:33 HA_Wetter_6_PP fc6_weatherMorning: Regenschauer
2015-06-01_21:47:33 HA_Wetter_6_PP fc5_dew: 0
2015-06-01_21:47:33 HA_Wetter_6_PP fc5_cloud15: 0
2015-06-01_21:47:33 HA_Wetter_6_PP fc10_tempMin: 7
2015-06-01_21:47:33 HA_Wetter_6_PP fc3_chOfRain00: 10
2015-06-01_21:47:33 HA_Wetter_6_PP fc2_cloud15: 87.5
2015-06-01_21:47:33 HA_Wetter_6_PP fc2_rad: 3.9
2015-06-01_21:47:33 HA_Wetter_6_PP fc5_tempMax: 30
2015-06-01_21:47:33 HA_Wetter_6_PP fc9_weather: heiter
2015-06-01_21:47:33 HA_Wetter_6_PP fc1_cloud21: 12.5
2015-06-01_21:47:33 HA_Wetter_6_PP fc5_temp12: 29
2015-06-01_21:47:33 HA_Wetter_6_PP fc12_tempMax: 22
2015-06-01_21:47:33 HA_Wetter_6_PP fc2_tempMax: 21
2015-06-01_21:47:33 HA_Wetter_6_PP fc5_cloud21: 25
2015-06-01_21:47:33 HA_Wetter_6_PP fc3_chOfRain12: 5
2015-06-01_21:47:33 HA_Wetter_6_PP fc2_weatherNight: wolkig
2015-06-01_21:47:33 HA_Wetter_6_PP fc12_weatherIcon: http://www.proplanta.de/wetterdaten/images/symbole/t3.gif
2015-06-01_21:47:33 HA_Wetter_6_PP fc1_cloud06: 12.5
2015-06-01_21:47:33 HA_Wetter_6_PP fc6_temp21: 19
2015-06-01_21:47:33 HA_Wetter_6_PP fc6_weatherMorningIcon: http://www.proplanta.de/wetterdaten/images/symbole/t6.gif
2015-06-01_21:47:33 HA_Wetter_6_PP fc1_weatherNightIcon: http://www.proplanta.de/wetterdaten/images/symbole/n2.gif
2015-06-01_21:47:33 HA_Wetter_6_PP fc5_rain21: 0
2015-06-01_21:47:33 HA_Wetter_6_PP fc5_temp09: 26
2015-06-01_21:47:33 HA_Wetter_6_PP fc2_cloud06: 25
2015-06-01_21:47:33 HA_Wetter_6_PP fc2_chOfRain00: 5
2015-06-01_21:47:33 HA_Wetter_6_PP fc6_chOfRain15: 5
2015-06-01_21:47:33 HA_Wetter_6_PP fc3_cloud09: 37.5
2015-06-01_21:47:33 HA_Wetter_6_PP fc3_uv: 8
2015-06-01_21:47:33 HA_Wetter_6_PP fc5_uv: 8
2015-06-01_21:47:33 HA_Wetter_6_PP fc1_temp12: 22
2015-06-01_21:47:33 HA_Wetter_6_PP fc6_weatherDay: wolkig
2015-06-01_21:47:33 HA_Wetter_6_PP fc9_tempMax: 19
2015-06-01_21:47:33 HA_Wetter_6_PP fc3_chOfRainDay: 5
2015-06-01_21:47:33 HA_Wetter_6_PP fc6_chOfRain03: 50
2015-06-01_21:47:33 HA_Wetter_6_PP fc2_weatherDay: stark bewoelkt
2015-06-01_21:47:33 HA_Wetter_6_PP lastConnection: 439 values captured in 36.34 s
2015-06-01_22:25:06 HA_Wetter_6_PP durationFetchReadings: 35.72
2015-06-01_22:25:06 HA_Wetter_6_PP lastConnection: 439 values captured in 35.72 s
2015-06-01_23:25:00 HA_Wetter_6_PP durationFetchReadings: 30.11
2015-06-01_23:25:00 HA_Wetter_6_PP lastConnection: 439 values captured in 30.11 s
