2015-06-05_00:28:32 HA_Wetter_6_PP durationFetchReadings: 26.36
2015-06-05_00:28:32 HA_Wetter_6_PP lastConnection: 428 values captured in 26.36 s
2015-06-05_01:28:32 HA_Wetter_6_PP fc8_tempMin: 12
2015-06-05_01:28:32 HA_Wetter_6_PP fc3_cloud21: 0
2015-06-05_01:28:32 HA_Wetter_6_PP fc3_chOfRain03: 5
2015-06-05_01:28:32 HA_Wetter_6_PP fc3_temp18: 15
2015-06-05_01:28:32 HA_Wetter_6_PP fc1_weatherNight: stark bewoelkt
2015-06-05_01:28:32 HA_Wetter_6_PP fc1_moonRise: --:--
2015-06-05_01:28:32 HA_Wetter_6_PP fc0_uv: 9
2015-06-05_01:28:32 HA_Wetter_6_PP fc2_sun: 50
2015-06-05_01:28:32 HA_Wetter_6_PP fc7_tempMin: 10
2015-06-05_01:28:32 HA_Wetter_6_PP fc1_tempMin: 15
2015-06-05_01:28:32 HA_Wetter_6_PP fc3_temp12: 18
2015-06-05_01:28:32 HA_Wetter_6_PP fc13_moonRise: 07:04
2015-06-05_01:28:32 HA_Wetter_6_PP fc3_weatherDayIcon: http://www.proplanta.de/wetterdaten/images/symbole/t2.gif
2015-06-05_01:28:32 HA_Wetter_6_PP fc6_weatherDayIcon: http://www.proplanta.de/wetterdaten/images/symbole/t1.gif
2015-06-05_01:28:32 HA_Wetter_6_PP fc5_cloud00: 100
2015-06-05_01:28:32 HA_Wetter_6_PP fc0_temp12: 28
2015-06-05_01:28:32 HA_Wetter_6_PP fc3_temp21: 10
2015-06-05_01:28:32 HA_Wetter_6_PP fc1_cloud12: 25
2015-06-05_01:28:32 HA_Wetter_6_PP fc2_temp06: 13
2015-06-05_01:28:32 HA_Wetter_6_PP fc3_sun: 75
2015-06-05_01:28:32 HA_Wetter_6_PP fc4_weatherNight: bedeckt
2015-06-05_01:28:32 HA_Wetter_6_PP fc3_chOfRainNight: 0
2015-06-05_01:28:32 HA_Wetter_6_PP fc6_cloud21: 0
2015-06-05_01:28:32 HA_Wetter_6_PP fc3_temp09: 15
2015-06-05_01:28:32 HA_Wetter_6_PP fc1_weatherEveningIcon: http://www.proplanta.de/wetterdaten/images/symbole/n6.gif
2015-06-05_01:28:32 HA_Wetter_6_PP fc5_weatherNight: heiter
2015-06-05_01:28:32 HA_Wetter_6_PP fc2_rain15: 0
2015-06-05_01:28:32 HA_Wetter_6_PP fc5_weatherMorningIcon: http://www.proplanta.de/wetterdaten/images/symbole/t4.gif
2015-06-05_01:28:32 HA_Wetter_6_PP fc4_sun: 25
2015-06-05_01:28:32 HA_Wetter_6_PP fc10_date: 15.06.2015
2015-06-05_01:28:32 HA_Wetter_6_PP fc4_weatherEveningIcon: http://www.proplanta.de/wetterdaten/images/symbole/n5.gif
2015-06-05_01:28:32 HA_Wetter_6_PP fc4_temp03: 7
2015-06-05_01:28:32 HA_Wetter_6_PP fc11_moonRise: 05:13
2015-06-05_01:28:32 HA_Wetter_6_PP fc6_temp15: 24
2015-06-05_01:28:32 HA_Wetter_6_PP fc3_cloud12: 12.5
2015-06-05_01:28:32 HA_Wetter_6_PP fc6_chOfRainNight: 0
2015-06-05_01:28:32 HA_Wetter_6_PP fc1_moonSet: 09:02
2015-06-05_01:28:32 HA_Wetter_6_PP fc3_chOfRain18: 0
2015-06-05_01:28:32 HA_Wetter_6_PP fc3_temp00: 10
2015-06-05_01:28:32 HA_Wetter_6_PP fc4_cloud00: 0
2015-06-05_01:28:32 HA_Wetter_6_PP fc8_weatherIcon: http://www.proplanta.de/wetterdaten/images/symbole/t2.gif
2015-06-05_01:28:32 HA_Wetter_6_PP fc1_rain: 4.1
2015-06-05_01:28:32 HA_Wetter_6_PP fc1_cloud09: 25
2015-06-05_01:28:32 HA_Wetter_6_PP fc2_chOfRain03: 15
2015-06-05_01:28:32 HA_Wetter_6_PP fc5_chOfRainNight: 5
2015-06-05_01:28:32 HA_Wetter_6_PP fc3_chOfRain06: 5
2015-06-05_01:28:32 HA_Wetter_6_PP fc1_weatherMorning: wolkig
2015-06-05_01:28:32 HA_Wetter_6_PP fc6_chOfRain12: 0
2015-06-05_01:28:32 HA_Wetter_6_PP fc3_moonRise: 00:40
2015-06-05_01:28:32 HA_Wetter_6_PP fc12_tempMin: 12
2015-06-05_01:28:32 HA_Wetter_6_PP fc13_moonSet: 22:31
2015-06-05_01:28:32 HA_Wetter_6_PP fc2_cloud00: 87.5
2015-06-05_01:28:32 HA_Wetter_6_PP fc1_sun: 60
2015-06-05_01:28:32 HA_Wetter_6_PP fc5_weatherEveningIcon: http://www.proplanta.de/wetterdaten/images/symbole/n2.gif
2015-06-05_01:28:32 HA_Wetter_6_PP fc1_temp00: 15
2015-06-05_01:28:32 HA_Wetter_6_PP fc4_cloud09: 50
2015-06-05_01:28:32 HA_Wetter_6_PP fc3_cloud06: 25
2015-06-05_01:28:32 HA_Wetter_6_PP fc1_rain18: 3
2015-06-05_01:28:32 HA_Wetter_6_PP fc2_temp21: 13
2015-06-05_01:28:32 HA_Wetter_6_PP fc4_chOfRain12: 15
2015-06-05_01:28:32 HA_Wetter_6_PP fc9_date: 14.06.2015
2015-06-05_01:28:32 HA_Wetter_6_PP fc4_chOfRainDay: 15
2015-06-05_01:28:32 HA_Wetter_6_PP fc3_chOfRain09: 5
2015-06-05_01:28:32 HA_Wetter_6_PP fc1_chOfRainDay: 50
2015-06-05_01:28:32 HA_Wetter_6_PP fc10_weather: wolkig
2015-06-05_01:28:32 HA_Wetter_6_PP fc7_moonSet: 16:30
2015-06-05_01:28:32 HA_Wetter_6_PP fc1_temp18: 22
2015-06-05_01:28:32 HA_Wetter_6_PP fc6_evapor: 3
2015-06-05_01:28:32 HA_Wetter_6_PP fc5_temp15: 23
2015-06-05_01:28:32 HA_Wetter_6_PP fc5_cloud06: 75
2015-06-05_01:28:32 HA_Wetter_6_PP fc6_cloud15: 0
2015-06-05_01:28:32 HA_Wetter_6_PP fc12_moonSet: 21:49
2015-06-05_01:28:32 HA_Wetter_6_PP fc6_weatherNight: klar
2015-06-05_01:28:32 HA_Wetter_6_PP fc0_sun: 100
2015-06-05_01:28:32 HA_Wetter_6_PP fc8_date: 13.06.2015
2015-06-05_01:28:32 HA_Wetter_6_PP fc5_chOfRain18: 5
2015-06-05_01:28:32 HA_Wetter_6_PP fc2_chOfRain12: 10
2015-06-05_01:28:32 HA_Wetter_6_PP fc9_weatherIcon: http://www.proplanta.de/wetterdaten/images/symbole/t8.gif
2015-06-05_01:28:32 HA_Wetter_6_PP fc0_chOfRainDay: 0
2015-06-05_01:28:32 HA_Wetter_6_PP fc1_dew: 2
2015-06-05_01:28:32 HA_Wetter_6_PP fc10_tempMax: 21
2015-06-05_01:28:32 HA_Wetter_6_PP fc10_weatherIcon: http://www.proplanta.de/wetterdaten/images/symbole/t3.gif
2015-06-05_01:28:32 HA_Wetter_6_PP fc5_weatherMorning: stark bewoelkt
2015-06-05_01:28:32 HA_Wetter_6_PP fc8_weather: heiter
2015-06-05_01:28:32 HA_Wetter_6_PP fc0_evapor: 3
2015-06-05_01:28:32 HA_Wetter_6_PP fc4_temp21: 13
2015-06-05_01:28:32 HA_Wetter_6_PP fc4_tempMax: 15
2015-06-05_01:28:32 HA_Wetter_6_PP fc6_cloud03: 0
2015-06-05_01:28:32 HA_Wetter_6_PP fc2_weatherMorning: bedeckt
2015-06-05_01:28:32 HA_Wetter_6_PP fc6_weatherEveningIcon: http://www.proplanta.de/wetterdaten/images/symbole/n1.gif
2015-06-05_01:28:32 HA_Wetter_6_PP fc3_weatherMorning: heiter
2015-06-05_01:28:32 HA_Wetter_6_PP fc3_cloud15: 0
2015-06-05_01:28:32 HA_Wetter_6_PP fc4_weatherDayIcon: http://www.proplanta.de/wetterdaten/images/symbole/t4.gif
2015-06-05_01:28:32 HA_Wetter_6_PP fc5_weatherEvening: heiter
2015-06-05_01:28:32 HA_Wetter_6_PP fc2_date: 07.06.2015
2015-06-05_01:28:32 HA_Wetter_6_PP fc4_moonRise: 01:11
2015-06-05_01:28:32 HA_Wetter_6_PP fc5_cloud12: 37.5
2015-06-05_01:28:32 HA_Wetter_6_PP fc5_sun: 50
2015-06-05_01:28:32 HA_Wetter_6_PP fc5_weatherDayIcon: http://www.proplanta.de/wetterdaten/images/symbole/t3.gif
2015-06-05_01:28:32 HA_Wetter_6_PP fc6_uv: 9
2015-06-05_01:28:32 HA_Wetter_6_PP fc6_tempMax: 24
2015-06-05_01:28:32 HA_Wetter_6_PP fc13_weather: Regenschauer
2015-06-05_01:28:32 HA_Wetter_6_PP fc6_cloud18: 0
2015-06-05_01:28:32 HA_Wetter_6_PP fc11_weatherIcon: http://www.proplanta.de/wetterdaten/images/symbole/t1.gif
2015-06-05_01:28:32 HA_Wetter_6_PP fc0_weatherDayIcon: http://www.proplanta.de/wetterdaten/images/symbole/t1.gif
2015-06-05_01:28:32 HA_Wetter_6_PP fc12_weather: unterschiedlich bewoelkt, vereinzelt Schauer und Gewitter
2015-06-05_01:28:32 HA_Wetter_6_PP fc13_tempMax: 26
2015-06-05_01:28:32 HA_Wetter_6_PP fc0_chOfRain06: 0
2015-06-05_01:28:32 HA_Wetter_6_PP fc5_temp03: 12
2015-06-05_01:28:32 HA_Wetter_6_PP fc6_temp03: 10
2015-06-05_01:28:32 HA_Wetter_6_PP fc4_rad: 4
2015-06-05_01:28:32 HA_Wetter_6_PP fc0_cloud03: 0
2015-06-05_01:28:32 HA_Wetter_6_PP fc0_chOfRain03: 0
2015-06-05_01:28:32 HA_Wetter_6_PP fc9_moonSet: 18:55
2015-06-05_01:28:32 HA_Wetter_6_PP fc4_moonSet: 12:43
2015-06-05_01:28:32 HA_Wetter_6_PP fc6_moonRise: 02:08
2015-06-05_01:28:32 HA_Wetter_6_PP fc4_cloud03: 0
2015-06-05_01:28:32 HA_Wetter_6_PP fc5_chOfRain15: 5
2015-06-05_01:28:32 HA_Wetter_6_PP fc5_temp00: 12
2015-06-05_01:28:32 HA_Wetter_6_PP fc0_weatherDay: sonnig
2015-06-05_01:28:32 HA_Wetter_6_PP fc13_weatherIcon: http://www.proplanta.de/wetterdaten/images/symbole/t6.gif
2015-06-05_01:28:32 HA_Wetter_6_PP fc5_chOfRain03: 20
2015-06-05_01:28:32 HA_Wetter_6_PP fc2_chOfRain15: 5
2015-06-05_01:28:32 HA_Wetter_6_PP fc5_chOfRain06: 15
2015-06-05_01:28:32 HA_Wetter_6_PP fc0_chOfRain00: 0
2015-06-05_01:28:32 HA_Wetter_6_PP fc3_tempMin: 8
2015-06-05_01:28:32 HA_Wetter_6_PP fc13_date: 18.06.2015
2015-06-05_01:28:32 HA_Wetter_6_PP fc0_moonSet: 07:54
2015-06-05_01:28:32 HA_Wetter_6_PP fc6_chOfRainDay: 0
2015-06-05_01:28:32 HA_Wetter_6_PP fc10_moonRise: 04:26
2015-06-05_01:28:32 HA_Wetter_6_PP fc1_chOfRain21: 15
2015-06-05_01:28:32 HA_Wetter_6_PP fc5_chOfRain21: 5
2015-06-05_01:28:32 HA_Wetter_6_PP fc0_chOfRainNight: 5
2015-06-05_01:28:32 HA_Wetter_6_PP fc5_cloud03: 87.5
2015-06-05_01:28:32 HA_Wetter_6_PP fc4_chOfRain09: 10
2015-06-05_01:28:32 HA_Wetter_6_PP durationFetchReadings: 26.39
2015-06-05_01:28:32 HA_Wetter_6_PP fc4_chOfRainNight: 20
2015-06-05_01:28:32 HA_Wetter_6_PP fc12_date: 17.06.2015
2015-06-05_01:28:32 HA_Wetter_6_PP fc2_temp15: 22
2015-06-05_01:28:32 HA_Wetter_6_PP fc6_rad: 8.4
2015-06-05_01:28:32 HA_Wetter_6_PP fc3_cloud00: 12.5
2015-06-05_01:28:32 HA_Wetter_6_PP fc4_date: 09.06.2015
2015-06-05_01:28:32 HA_Wetter_6_PP fc6_cloud12: 0
2015-06-05_01:28:32 HA_Wetter_6_PP fc0_cloud12: 0
2015-06-05_01:28:32 HA_Wetter_6_PP fc1_date: 06.06.2015
2015-06-05_01:28:32 HA_Wetter_6_PP fc5_weatherDay: wolkig
2015-06-05_01:28:32 HA_Wetter_6_PP fc0_date: 05.06.2015
2015-06-05_01:28:32 HA_Wetter_6_PP fc0_temp15: 28
2015-06-05_01:28:32 HA_Wetter_6_PP fc1_chOfRain06: 10
2015-06-05_01:28:32 HA_Wetter_6_PP fc4_chOfRain15: 20
2015-06-05_01:28:32 HA_Wetter_6_PP fc5_chOfRain00: 20
2015-06-05_01:28:32 HA_Wetter_6_PP fc5_rad: 7.7
2015-06-05_01:28:32 HA_Wetter_6_PP fc2_weatherMorningIcon: http://www.proplanta.de/wetterdaten/images/symbole/t5.gif
2015-06-05_01:28:32 HA_Wetter_6_PP fc6_temp06: 15
2015-06-05_01:28:32 HA_Wetter_6_PP fc4_tempMin: 7
2015-06-05_01:28:32 HA_Wetter_6_PP fc2_cloud09: 50
2015-06-05_01:28:32 HA_Wetter_6_PP fc1_rad: 7.9
2015-06-05_01:28:32 HA_Wetter_6_PP fc2_temp03: 13
2015-06-05_01:28:32 HA_Wetter_6_PP fc2_evapor: 2
2015-06-05_01:28:32 HA_Wetter_6_PP fc3_tempMax: 18
2015-06-05_01:28:32 HA_Wetter_6_PP fc11_date: 16.06.2015
2015-06-05_01:28:32 HA_Wetter_6_PP fc4_cloud21: 100
2015-06-05_01:28:32 HA_Wetter_6_PP fc4_temp12: 15
2015-06-05_01:28:32 HA_Wetter_6_PP fc1_rain15: 1.1
2015-06-05_01:28:32 HA_Wetter_6_PP fc1_temp06: 21
2015-06-05_01:28:32 HA_Wetter_6_PP fc4_temp15: 15
2015-06-05_01:28:32 HA_Wetter_6_PP fc0_weatherNight: heiter
2015-06-05_01:28:32 HA_Wetter_6_PP fc6_date: 11.06.2015
2015-06-05_01:28:32 HA_Wetter_6_PP fc8_moonRise: 03:09
2015-06-05_01:28:32 HA_Wetter_6_PP fc2_weatherNightIcon: http://www.proplanta.de/wetterdaten/images/symbole/n2.gif
2015-06-05_01:28:32 HA_Wetter_6_PP fc2_weatherEvening: heiter
2015-06-05_01:28:32 HA_Wetter_6_PP fc6_temp00: 13
2015-06-05_01:28:32 HA_Wetter_6_PP fc0_temp00: 12
2015-06-05_01:28:32 HA_Wetter_6_PP fc6_chOfRain09: 0
2015-06-05_01:28:32 HA_Wetter_6_PP fc2_temp18: 18
2015-06-05_01:28:32 HA_Wetter_6_PP fc5_chOfRain12: 10
2015-06-05_01:28:32 HA_Wetter_6_PP fc3_weatherEvening: klar
2015-06-05_01:28:32 HA_Wetter_6_PP fc1_chOfRain09: 5
2015-06-05_01:28:32 HA_Wetter_6_PP fc3_weatherEveningIcon: http://www.proplanta.de/wetterdaten/images/symbole/n1.gif
2015-06-05_01:28:32 HA_Wetter_6_PP fc6_cloud06: 0
2015-06-05_01:28:32 HA_Wetter_6_PP fc1_chOfRainNight: 15
2015-06-05_01:28:32 HA_Wetter_6_PP fc4_chOfRain00: 0
2015-06-05_01:28:32 HA_Wetter_6_PP fc1_chOfRain12: 5
2015-06-05_01:28:32 HA_Wetter_6_PP fc2_moonSet: 10:14
2015-06-05_01:28:32 HA_Wetter_6_PP fc9_tempMin: 13
2015-06-05_01:28:32 HA_Wetter_6_PP fc3_dew: 0
2015-06-05_01:28:32 HA_Wetter_6_PP fc5_chOfRainDay: 10
2015-06-05_01:28:32 HA_Wetter_6_PP fc0_weatherNightIcon: http://www.proplanta.de/wetterdaten/images/symbole/n2.gif
2015-06-05_01:28:32 HA_Wetter_6_PP fc6_cloud09: 0
2015-06-05_01:28:32 HA_Wetter_6_PP fc0_temp09: 24
2015-06-05_01:28:32 HA_Wetter_6_PP fc8_tempMax: 31
2015-06-05_01:28:32 HA_Wetter_6_PP fc0_weatherMorning: sonnig
2015-06-05_01:28:32 HA_Wetter_6_PP fc5_temp18: 20
2015-06-05_01:28:32 HA_Wetter_6_PP fc3_rad: 8.4
2015-06-05_01:28:32 HA_Wetter_6_PP fc6_chOfRain21: 0
2015-06-05_01:28:32 HA_Wetter_6_PP fc6_chOfRain06: 0
2015-06-05_01:28:32 HA_Wetter_6_PP fc7_moonRise: 02:37
2015-06-05_01:28:32 HA_Wetter_6_PP fc4_weatherEvening: bedeckt
2015-06-05_01:28:32 HA_Wetter_6_PP fc2_cloud18: 25
2015-06-05_01:28:32 HA_Wetter_6_PP fc6_chOfRain00: 5
2015-06-05_01:28:32 HA_Wetter_6_PP fc2_cloud03: 87.5
2015-06-05_01:28:32 HA_Wetter_6_PP fc2_chOfRain09: 10
2015-06-05_01:28:32 HA_Wetter_6_PP fc1_cloud03: 25
2015-06-05_01:28:32 HA_Wetter_6_PP fc4_temp00: 9
2015-06-05_01:28:32 HA_Wetter_6_PP fc2_moonRise: 00:06
2015-06-05_01:28:32 HA_Wetter_6_PP fc9_moonRise: 03:45
2015-06-05_01:28:32 HA_Wetter_6_PP fc6_tempMin: 10
2015-06-05_01:28:32 HA_Wetter_6_PP fc3_cloud03: 12.5
2015-06-05_01:28:32 HA_Wetter_6_PP fc4_chOfRain18: 20
2015-06-05_01:28:32 HA_Wetter_6_PP fc6_temp09: 21
2015-06-05_01:28:32 HA_Wetter_6_PP fc0_temp18: 23
2015-06-05_01:28:32 HA_Wetter_6_PP fc0_tempMax: 28
2015-06-05_01:28:32 HA_Wetter_6_PP fc2_cloud21: 25
2015-06-05_01:28:32 HA_Wetter_6_PP fc1_temp09: 28
2015-06-05_01:28:32 HA_Wetter_6_PP fc3_temp15: 18
2015-06-05_01:28:32 HA_Wetter_6_PP fc3_temp03: 8
2015-06-05_01:28:32 HA_Wetter_6_PP fc2_weatherDayIcon: http://www.proplanta.de/wetterdaten/images/symbole/t3.gif
2015-06-05_01:28:32 HA_Wetter_6_PP fc1_weatherDay: unterschiedlich bewoelkt, vereinzelt Schauer und Gewitter
2015-06-05_01:28:32 HA_Wetter_6_PP fc1_uv: 6
2015-06-05_01:28:32 HA_Wetter_6_PP fc5_tempMin: 12
2015-06-05_01:28:32 HA_Wetter_6_PP fc7_tempMax: 26
2015-06-05_01:28:32 HA_Wetter_6_PP fc3_weatherMorningIcon: http://www.proplanta.de/wetterdaten/images/symbole/t2.gif
2015-06-05_01:28:32 HA_Wetter_6_PP fc4_cloud18: 100
2015-06-05_01:28:32 HA_Wetter_6_PP fc5_moonSet: 13:59
2015-06-05_01:28:32 HA_Wetter_6_PP fc6_sun: 100
2015-06-05_01:28:32 HA_Wetter_6_PP fc0_dew: 0
2015-06-05_01:28:32 HA_Wetter_6_PP fc11_tempMax: 24
2015-06-05_01:28:32 HA_Wetter_6_PP fc2_chOfRain21: 5
2015-06-05_01:28:32 HA_Wetter_6_PP fc2_chOfRainNight: 5
2015-06-05_01:28:32 HA_Wetter_6_PP fc3_weatherDay: heiter
2015-06-05_01:28:32 HA_Wetter_6_PP fc5_cloud18: 12.5
2015-06-05_01:28:32 HA_Wetter_6_PP fc6_temp12: 23
2015-06-05_01:28:32 HA_Wetter_6_PP fc3_date: 08.06.2015
2015-06-05_01:28:32 HA_Wetter_6_PP fc4_chOfRain03: 0
2015-06-05_01:28:32 HA_Wetter_6_PP fc2_chOfRain18: 5
2015-06-05_01:28:32 HA_Wetter_6_PP fc2_chOfRainDay: 10
2015-06-05_01:28:32 HA_Wetter_6_PP fc1_weatherDayIcon: http://www.proplanta.de/wetterdaten/images/symbole/t8.gif
2015-06-05_01:28:32 HA_Wetter_6_PP fc6_weatherMorning: sonnig
2015-06-05_01:28:32 HA_Wetter_6_PP fc5_date: 10.06.2015
2015-06-05_01:28:32 HA_Wetter_6_PP fc3_cloud18: 0
2015-06-05_01:28:32 HA_Wetter_6_PP fc1_weatherMorningIcon: http://www.proplanta.de/wetterdaten/images/symbole/t3.gif
2015-06-05_01:28:32 HA_Wetter_6_PP fc1_cloud18: 50
2015-06-05_01:28:32 HA_Wetter_6_PP fc0_cloud06: 0
2015-06-05_01:28:32 HA_Wetter_6_PP fc5_cloud15: 12.5
2015-06-05_01:28:32 HA_Wetter_6_PP fc4_cloud12: 87.5
2015-06-05_01:28:32 HA_Wetter_6_PP fc3_weatherNightIcon: http://www.proplanta.de/wetterdaten/images/symbole/n1.gif
2015-06-05_01:28:32 HA_Wetter_6_PP fc8_moonSet: 17:44
2015-06-05_01:28:32 HA_Wetter_6_PP fc10_tempMin: 9
2015-06-05_01:28:32 HA_Wetter_6_PP fc11_weather: sonnig
2015-06-05_01:28:32 HA_Wetter_6_PP fc6_weatherNightIcon: http://www.proplanta.de/wetterdaten/images/symbole/n1.gif
2015-06-05_01:28:32 HA_Wetter_6_PP fc10_moonSet: 20:00
2015-06-05_01:28:32 HA_Wetter_6_PP fc0_cloud00: 0
2015-06-05_01:28:32 HA_Wetter_6_PP fc0_temp03: 11
2015-06-05_01:28:32 HA_Wetter_6_PP fc3_moonSet: 11:28
2015-06-05_01:28:32 HA_Wetter_6_PP fc0_temp06: 18
2015-06-05_01:28:32 HA_Wetter_6_PP fc0_weatherMorningIcon: http://www.proplanta.de/wetterdaten/images/symbole/t1.gif
2015-06-05_01:28:32 HA_Wetter_6_PP fc4_weatherDay: stark bewoelkt
2015-06-05_01:28:32 HA_Wetter_6_PP fc2_chOfRain06: 20
2015-06-05_01:28:32 HA_Wetter_6_PP fc1_chOfRain03: 10
2015-06-05_01:28:32 HA_Wetter_6_PP fc1_weatherEvening: Regenschauer
2015-06-05_01:28:32 HA_Wetter_6_PP fc4_cloud15: 100
2015-06-05_01:28:32 HA_Wetter_6_PP fc3_weatherNight: klar
2015-06-05_01:28:32 HA_Wetter_6_PP fc2_weatherEveningIcon: http://www.proplanta.de/wetterdaten/images/symbole/n2.gif
2015-06-05_01:28:32 HA_Wetter_6_PP fc6_weatherEvening: klar
2015-06-05_01:28:32 HA_Wetter_6_PP fc12_moonRise: 06:06
2015-06-05_01:28:32 HA_Wetter_6_PP fc2_rain: 0
2015-06-05_01:28:32 HA_Wetter_6_PP fc3_chOfRain00: 5
2015-06-05_01:28:32 HA_Wetter_6_PP fc2_cloud15: 12.5
2015-06-05_01:28:32 HA_Wetter_6_PP fc2_rad: 7.6
2015-06-05_01:28:32 HA_Wetter_6_PP fc5_tempMax: 23
2015-06-05_01:28:32 HA_Wetter_6_PP fc5_weatherNightIcon: http://www.proplanta.de/wetterdaten/images/symbole/n2.gif
2015-06-05_01:28:32 HA_Wetter_6_PP fc9_weather: unterschiedlich bewoelkt, vereinzelt Schauer und Gewitter
2015-06-05_01:28:32 HA_Wetter_6_PP fc1_cloud21: 75
2015-06-05_01:28:32 HA_Wetter_6_PP fc1_temp03: 15
2015-06-05_01:28:32 HA_Wetter_6_PP fc2_temp09: 18
2015-06-05_01:28:32 HA_Wetter_6_PP fc5_temp12: 21
2015-06-05_01:28:32 HA_Wetter_6_PP fc12_tempMax: 28
2015-06-05_01:28:32 HA_Wetter_6_PP fc5_temp06: 14
2015-06-05_01:28:32 HA_Wetter_6_PP fc2_temp12: 21
2015-06-05_01:28:32 HA_Wetter_6_PP fc4_uv: 3
2015-06-05_01:28:32 HA_Wetter_6_PP fc5_moonRise: 01:40
2015-06-05_01:28:32 HA_Wetter_6_PP fc2_tempMax: 22
2015-06-05_01:28:32 HA_Wetter_6_PP fc5_cloud21: 25
2015-06-05_01:28:32 HA_Wetter_6_PP fc3_chOfRain12: 5
2015-06-05_01:28:32 HA_Wetter_6_PP fc2_weatherNight: heiter
2015-06-05_01:28:32 HA_Wetter_6_PP fc12_weatherIcon: http://www.proplanta.de/wetterdaten/images/symbole/t8.gif
2015-06-05_01:28:32 HA_Wetter_6_PP fc1_cloud06: 25
2015-06-05_01:28:32 HA_Wetter_6_PP fc0_chOfRain12: 0
2015-06-05_01:28:32 HA_Wetter_6_PP fc6_temp21: 12
2015-06-05_01:28:32 HA_Wetter_6_PP fc4_weatherNightIcon: http://www.proplanta.de/wetterdaten/images/symbole/n5.gif
2015-06-05_01:28:32 HA_Wetter_6_PP fc2_temp00: 16
2015-06-05_01:28:32 HA_Wetter_6_PP fc1_chOfRain15: 50
2015-06-05_01:28:32 HA_Wetter_6_PP fc6_weatherMorningIcon: http://www.proplanta.de/wetterdaten/images/symbole/t1.gif
2015-06-05_01:28:32 HA_Wetter_6_PP fc0_temp21: 17
2015-06-05_01:28:32 HA_Wetter_6_PP fc1_weatherNightIcon: http://www.proplanta.de/wetterdaten/images/symbole/n4.gif
2015-06-05_01:28:32 HA_Wetter_6_PP fc3_chOfRain21: 0
2015-06-05_01:28:32 HA_Wetter_6_PP fc0_moonRise: 23:27
2015-06-05_01:28:32 HA_Wetter_6_PP fc3_chOfRain15: 0
2015-06-05_01:28:32 HA_Wetter_6_PP fc13_tempMin: 13
2015-06-05_01:28:32 HA_Wetter_6_PP fc5_temp09: 18
2015-06-05_01:28:32 HA_Wetter_6_PP fc2_cloud06: 87.5
2015-06-05_01:28:32 HA_Wetter_6_PP fc1_temp21: 18
2015-06-05_01:28:32 HA_Wetter_6_PP fc6_moonSet: 15:15
2015-06-05_01:28:32 HA_Wetter_6_PP fc4_chOfRain21: 20
2015-06-05_01:28:32 HA_Wetter_6_PP fc3_temp06: 11
2015-06-05_01:28:32 HA_Wetter_6_PP fc0_tempMin: 11
2015-06-05_01:28:32 HA_Wetter_6_PP fc2_chOfRain00: 15
2015-06-05_01:28:32 HA_Wetter_6_PP fc6_chOfRain15: 0
2015-06-05_01:28:32 HA_Wetter_6_PP fc3_cloud09: 25
2015-06-05_01:28:32 HA_Wetter_6_PP fc1_chOfRain18: 40
2015-06-05_01:28:32 HA_Wetter_6_PP fc1_tempMax: 31
2015-06-05_01:28:32 HA_Wetter_6_PP fc1_cloud15: 50
2015-06-05_01:28:32 HA_Wetter_6_PP fc3_uv: 8
2015-06-05_01:28:32 HA_Wetter_6_PP fc6_cloud00: 12.5
2015-06-05_01:28:32 HA_Wetter_6_PP fc5_uv: 6
2015-06-05_01:28:32 HA_Wetter_6_PP fc1_temp12: 31
2015-06-05_01:28:32 HA_Wetter_6_PP fc7_date: 12.06.2015
2015-06-05_01:28:32 HA_Wetter_6_PP fc6_weatherDay: sonnig
2015-06-05_01:28:32 HA_Wetter_6_PP fc11_moonSet: 20:59
2015-06-05_01:28:32 HA_Wetter_6_PP fc9_tempMax: 27
2015-06-05_01:28:32 HA_Wetter_6_PP fc3_chOfRainDay: 5
2015-06-05_01:28:32 HA_Wetter_6_PP fc2_rain18: 0
2015-06-05_01:28:32 HA_Wetter_6_PP fc6_chOfRain18: 0
2015-06-05_01:28:32 HA_Wetter_6_PP fc6_chOfRain03: 0
2015-06-05_01:28:32 HA_Wetter_6_PP fc2_weatherDay: wolkig
2015-06-05_01:28:32 HA_Wetter_6_PP fc2_tempMin: 13
2015-06-05_01:28:32 HA_Wetter_6_PP Tmin: 11 Tmax: 28
2015-06-05_01:28:32 HA_Wetter_6_PP lastConnection: 428 values captured in 26.39 s
2015-06-05_02:28:32 HA_Wetter_6_PP durationFetchReadings: 26.83
2015-06-05_02:28:32 HA_Wetter_6_PP lastConnection: 428 values captured in 26.83 s
2015-06-05_03:28:33 HA_Wetter_6_PP wind: 10.8
2015-06-05_03:28:33 HA_Wetter_6_PP cloudBaseMin: -
2015-06-05_03:28:33 HA_Wetter_6_PP dewPoint: 7.2
2015-06-05_03:28:33 HA_Wetter_6_PP windDirIcon: http://www.proplanta.de/wetterdaten/images/symbole/w33.gif
2015-06-05_03:28:33 HA_Wetter_6_PP obsTime: 02:00
2015-06-05_03:28:33 HA_Wetter_6_PP durationFetchReadings: 27.81
2015-06-05_03:28:33 HA_Wetter_6_PP humidity: 75.7
2015-06-05_03:28:33 HA_Wetter_6_PP visibility: 21
2015-06-05_03:28:33 HA_Wetter_6_PP pressure: 1025.8
2015-06-05_03:28:33 HA_Wetter_6_PP temperature: 11.3
2015-06-05_03:28:33 HA_Wetter_6_PP cloudBaseMax: -
2015-06-05_03:28:33 HA_Wetter_6_PP windDir: 90
2015-06-05_03:28:33 HA_Wetter_6_PP Tmin: 11 Tmax: 28 T: 11.3 H: 75.7 W: 10.8 P: 1025.8
2015-06-05_03:28:33 HA_Wetter_6_PP lastConnection: 439 values captured in 27.81 s
2015-06-05_04:28:33 HA_Wetter_6_PP wind: 7.2
2015-06-05_04:28:33 HA_Wetter_6_PP windDirIcon: http://www.proplanta.de/wetterdaten/images/symbole/w27.gif
2015-06-05_04:28:33 HA_Wetter_6_PP obsTime: 04:00
2015-06-05_04:28:33 HA_Wetter_6_PP durationFetchReadings: 27.39
2015-06-05_04:28:33 HA_Wetter_6_PP humidity: 74.7
2015-06-05_04:28:33 HA_Wetter_6_PP visibility: 23
2015-06-05_04:28:33 HA_Wetter_6_PP pressure: 1025.3
2015-06-05_04:28:33 HA_Wetter_6_PP temperature: 11.5
2015-06-05_04:28:33 HA_Wetter_6_PP windDir: 180
2015-06-05_04:28:33 HA_Wetter_6_PP Tmin: 11 Tmax: 28 T: 11.5 H: 74.7 W: 7.2 P: 1025.3
2015-06-05_04:28:33 HA_Wetter_6_PP lastConnection: 439 values captured in 27.39 s
2015-06-05_05:28:34 HA_Wetter_6_PP dewPoint: 7.3
2015-06-05_05:28:34 HA_Wetter_6_PP windDirIcon: http://www.proplanta.de/wetterdaten/images/symbole/w5.gif
2015-06-05_05:28:34 HA_Wetter_6_PP obsTime: 05:00
2015-06-05_05:28:34 HA_Wetter_6_PP durationFetchReadings: 28.36
2015-06-05_05:28:34 HA_Wetter_6_PP humidity: 84.3
2015-06-05_05:28:34 HA_Wetter_6_PP visibility: 14
2015-06-05_05:28:34 HA_Wetter_6_PP temperature: 9.8
2015-06-05_05:28:34 HA_Wetter_6_PP windDir: 203
2015-06-05_05:28:34 HA_Wetter_6_PP Tmin: 11 Tmax: 28 T: 9.8 H: 84.3 W: 7.2 P: 1025.3
2015-06-05_05:28:34 HA_Wetter_6_PP lastConnection: 439 values captured in 28.36 s
2015-06-05_06:28:34 HA_Wetter_6_PP dewPoint: 7.5
2015-06-05_06:28:34 HA_Wetter_6_PP windDirIcon: http://www.proplanta.de/wetterdaten/images/symbole/w4.gif
2015-06-05_06:28:34 HA_Wetter_6_PP obsTime: 06:00
2015-06-05_06:28:34 HA_Wetter_6_PP durationFetchReadings: 28.42
2015-06-05_06:28:34 HA_Wetter_6_PP humidity: 82.6
2015-06-05_06:28:34 HA_Wetter_6_PP visibility: 35
2015-06-05_06:28:34 HA_Wetter_6_PP pressure: 1025.2
2015-06-05_06:28:34 HA_Wetter_6_PP temperature: 10.3
2015-06-05_06:28:34 HA_Wetter_6_PP windDir: 158
2015-06-05_06:28:34 HA_Wetter_6_PP Tmin: 11 Tmax: 28 T: 10.3 H: 82.6 W: 7.2 P: 1025.2
2015-06-05_06:28:34 HA_Wetter_6_PP lastConnection: 439 values captured in 28.42 s
2015-06-05_07:28:34 HA_Wetter_6_PP wind: 3.6
2015-06-05_07:28:34 HA_Wetter_6_PP dewPoint: 8.6
2015-06-05_07:28:34 HA_Wetter_6_PP windDirIcon: http://www.proplanta.de/wetterdaten/images/symbole/w27.gif
2015-06-05_07:28:34 HA_Wetter_6_PP obsTime: 07:00
2015-06-05_07:28:34 HA_Wetter_6_PP durationFetchReadings: 28.70
2015-06-05_07:28:34 HA_Wetter_6_PP humidity: 72.9
2015-06-05_07:28:34 HA_Wetter_6_PP pressure: 1024.6
2015-06-05_07:28:34 HA_Wetter_6_PP temperature: 13.3
2015-06-05_07:28:34 HA_Wetter_6_PP windDir: 180
2015-06-05_07:28:34 HA_Wetter_6_PP Tmin: 11 Tmax: 28 T: 13.3 H: 72.9 W: 3.6 P: 1024.6
2015-06-05_07:28:34 HA_Wetter_6_PP lastConnection: 439 values captured in 28.70 s
2015-06-05_08:28:35 HA_Wetter_6_PP dewPoint: 8.8
2015-06-05_08:28:35 HA_Wetter_6_PP obsTime: 08:00
2015-06-05_08:28:35 HA_Wetter_6_PP durationFetchReadings: 29.70
2015-06-05_08:28:35 HA_Wetter_6_PP humidity: 64.1
2015-06-05_08:28:35 HA_Wetter_6_PP visibility: 40
2015-06-05_08:28:35 HA_Wetter_6_PP pressure: 1024.2
2015-06-05_08:28:35 HA_Wetter_6_PP temperature: 15.5
2015-06-05_08:28:35 HA_Wetter_6_PP Tmin: 11 Tmax: 28 T: 15.5 H: 64.1 W: 3.6 P: 1024.2
2015-06-05_08:28:35 HA_Wetter_6_PP lastConnection: 439 values captured in 29.70 s
2015-06-05_09:28:36 HA_Wetter_6_PP wind: 7.2
2015-06-05_09:28:36 HA_Wetter_6_PP dewPoint: 9
2015-06-05_09:28:36 HA_Wetter_6_PP obsTime: 09:00
2015-06-05_09:28:36 HA_Wetter_6_PP durationFetchReadings: 30.86
2015-06-05_09:28:36 HA_Wetter_6_PP humidity: 54.6
2015-06-05_09:28:36 HA_Wetter_6_PP visibility: 45
2015-06-05_09:28:36 HA_Wetter_6_PP pressure: 1023.6
2015-06-05_09:28:36 HA_Wetter_6_PP temperature: 18.2
2015-06-05_09:28:36 HA_Wetter_6_PP Tmin: 11 Tmax: 28 T: 18.2 H: 54.6 W: 7.2 P: 1023.6
2015-06-05_09:28:36 HA_Wetter_6_PP lastConnection: 439 values captured in 30.86 s
2015-06-05_10:28:38 HA_Wetter_6_PP fc8_tempMin: 9
2015-06-05_10:28:38 HA_Wetter_6_PP fc3_cloud21: 62.5
2015-06-05_10:28:38 HA_Wetter_6_PP fc3_chOfRain03: 10
2015-06-05_10:28:38 HA_Wetter_6_PP fc3_temp18: 16
2015-06-05_10:28:38 HA_Wetter_6_PP fc1_weatherNight: Regenschauer
2015-06-05_10:28:38 HA_Wetter_6_PP fc7_tempMin: 13
2015-06-05_10:28:38 HA_Wetter_6_PP fc1_tempMin: 16
2015-06-05_10:28:38 HA_Wetter_6_PP fc3_temp12: 20
2015-06-05_10:28:38 HA_Wetter_6_PP fc3_weatherDayIcon: http://www.proplanta.de/wetterdaten/images/symbole/t3.gif
2015-06-05_10:28:38 HA_Wetter_6_PP fc6_weatherDayIcon: http://www.proplanta.de/wetterdaten/images/symbole/t2.gif
2015-06-05_10:28:38 HA_Wetter_6_PP fc3_temp21: 11
2015-06-05_10:28:38 HA_Wetter_6_PP fc2_temp06: 14
2015-06-05_10:28:38 HA_Wetter_6_PP fc3_sun: 50
2015-06-05_10:28:38 HA_Wetter_6_PP fc3_chOfRainNight: 15
2015-06-05_10:28:38 HA_Wetter_6_PP fc6_cloud21: 25
2015-06-05_10:28:38 HA_Wetter_6_PP fc3_temp09: 17
2015-06-05_10:28:38 HA_Wetter_6_PP wind: 10.8
2015-06-05_10:28:38 HA_Wetter_6_PP fc1_weatherEveningIcon: http://www.proplanta.de/wetterdaten/images/symbole/n8.gif
2015-06-05_10:28:38 HA_Wetter_6_PP fc5_weatherNight: unterschiedlich bewoelkt, vereinzelt Schauer und Gewitter
2015-06-05_10:28:38 HA_Wetter_6_PP fc5_weatherMorningIcon: http://www.proplanta.de/wetterdaten/images/symbole/t5.gif
2015-06-05_10:28:38 HA_Wetter_6_PP fc4_temp03: 10
2015-06-05_10:28:38 HA_Wetter_6_PP fc6_temp15: 26
2015-06-05_10:28:38 HA_Wetter_6_PP fc3_cloud12: 25
2015-06-05_10:28:38 HA_Wetter_6_PP fc6_chOfRainNight: 10
2015-06-05_10:28:38 HA_Wetter_6_PP fc3_chOfRain18: 15
2015-06-05_10:28:38 HA_Wetter_6_PP fc4_cloud00: 62.5
2015-06-05_10:28:38 HA_Wetter_6_PP fc1_rain: 9.2
2015-06-05_10:28:38 HA_Wetter_6_PP fc1_cloud09: 37.5
2015-06-05_10:28:38 HA_Wetter_6_PP fc5_chOfRainNight: 50
2015-06-05_10:28:38 HA_Wetter_6_PP fc3_chOfRain06: 10
2015-06-05_10:28:38 HA_Wetter_6_PP fc6_chOfRain12: 5
2015-06-05_10:28:38 HA_Wetter_6_PP fc12_tempMin: 7
2015-06-05_10:28:38 HA_Wetter_6_PP fc2_cloud00: 75
2015-06-05_10:28:38 HA_Wetter_6_PP fc6_rain00: 0.6
2015-06-05_10:28:38 HA_Wetter_6_PP fc5_weatherEveningIcon: http://www.proplanta.de/wetterdaten/images/symbole/n6.gif
2015-06-05_10:28:38 HA_Wetter_6_PP fc1_temp00: 16
2015-06-05_10:28:38 HA_Wetter_6_PP fc4_cloud09: 37.5
2015-06-05_10:28:38 HA_Wetter_6_PP fc3_cloud06: 37.5
2015-06-05_10:28:38 HA_Wetter_6_PP fc1_rain18: 3.2
2015-06-05_10:28:38 HA_Wetter_6_PP fc4_chOfRain12: 10
2015-06-05_10:28:38 HA_Wetter_6_PP fc5_temp21: 18
2015-06-05_10:28:38 HA_Wetter_6_PP fc3_chOfRain09: 10
2015-06-05_10:28:38 HA_Wetter_6_PP fc10_weather: stark bewoelkt
2015-06-05_10:28:38 HA_Wetter_6_PP fc1_temp18: 23
2015-06-05_10:28:38 HA_Wetter_6_PP fc5_temp15: 25
2015-06-05_10:28:38 HA_Wetter_6_PP fc5_cloud06: 87.5
2015-06-05_10:28:38 HA_Wetter_6_PP fc6_cloud15: 25
2015-06-05_10:28:38 HA_Wetter_6_PP fc6_rain: 0.6
2015-06-05_10:28:38 HA_Wetter_6_PP fc6_weatherNight: wolkig
2015-06-05_10:28:38 HA_Wetter_6_PP fc5_chOfRain18: 40
2015-06-05_10:28:38 HA_Wetter_6_PP fc2_chOfRain12: 5
2015-06-05_10:28:38 HA_Wetter_6_PP fc9_weatherIcon: http://www.proplanta.de/wetterdaten/images/symbole/t3.gif
2015-06-05_10:28:38 HA_Wetter_6_PP dewPoint: 9.7
2015-06-05_10:28:38 HA_Wetter_6_PP fc10_tempMax: 22
2015-06-05_10:28:38 HA_Wetter_6_PP windDirIcon: http://www.proplanta.de/wetterdaten/images/symbole/w34.gif
2015-06-05_10:28:38 HA_Wetter_6_PP fc10_weatherIcon: http://www.proplanta.de/wetterdaten/images/symbole/t4.gif
2015-06-05_10:28:38 HA_Wetter_6_PP fc1_rain21: 1.2
2015-06-05_10:28:38 HA_Wetter_6_PP obsTime: 10:00
2015-06-05_10:28:38 HA_Wetter_6_PP fc5_weatherMorning: bedeckt
2015-06-05_10:28:38 HA_Wetter_6_PP fc4_temp06: 10
2015-06-05_10:28:38 HA_Wetter_6_PP fc4_temp21: 12
2015-06-05_10:28:38 HA_Wetter_6_PP fc4_tempMax: 16
2015-06-05_10:28:38 HA_Wetter_6_PP fc6_cloud03: 25
2015-06-05_10:28:38 HA_Wetter_6_PP fc6_weatherEveningIcon: http://www.proplanta.de/wetterdaten/images/symbole/n2.gif
2015-06-05_10:28:38 HA_Wetter_6_PP fc3_weatherMorning: wolkig
2015-06-05_10:28:38 HA_Wetter_6_PP fc3_cloud15: 75
2015-06-05_10:28:38 HA_Wetter_6_PP fc5_weatherEvening: Regenschauer
2015-06-05_10:28:38 HA_Wetter_6_PP fc4_rain: 0.2
2015-06-05_10:28:38 HA_Wetter_6_PP fc6_temp18: 22
2015-06-05_10:28:38 HA_Wetter_6_PP fc5_sun: 30
2015-06-05_10:28:38 HA_Wetter_6_PP fc1_evapor: 2
2015-06-05_10:28:38 HA_Wetter_6_PP fc5_weatherDayIcon: http://www.proplanta.de/wetterdaten/images/symbole/t6.gif
2015-06-05_10:28:38 HA_Wetter_6_PP fc5_rain18: 2.9
2015-06-05_10:28:38 HA_Wetter_6_PP fc6_uv: 6
2015-06-05_10:28:38 HA_Wetter_6_PP fc6_tempMax: 26
2015-06-05_10:28:38 HA_Wetter_6_PP fc6_cloud18: 25
2015-06-05_10:28:38 HA_Wetter_6_PP fc11_weatherIcon: http://www.proplanta.de/wetterdaten/images/symbole/t3.gif
2015-06-05_10:28:38 HA_Wetter_6_PP fc12_weather: wolkig
2015-06-05_10:28:38 HA_Wetter_6_PP fc5_rain: 7.3
2015-06-05_10:28:38 HA_Wetter_6_PP fc13_tempMax: 25
2015-06-05_10:28:38 HA_Wetter_6_PP fc1_cloud00: 12.5
2015-06-05_10:28:38 HA_Wetter_6_PP fc6_temp03: 16
2015-06-05_10:28:38 HA_Wetter_6_PP fc4_rad: 4.5
2015-06-05_10:28:38 HA_Wetter_6_PP fc4_cloud03: 100
2015-06-05_10:28:38 HA_Wetter_6_PP fc5_chOfRain06: 20
2015-06-05_10:28:38 HA_Wetter_6_PP fc3_tempMin: 9
2015-06-05_10:28:38 HA_Wetter_6_PP fc6_chOfRainDay: 5
2015-06-05_10:28:38 HA_Wetter_6_PP fc1_chOfRain21: 40
2015-06-05_10:28:38 HA_Wetter_6_PP fc5_chOfRain21: 50
2015-06-05_10:28:38 HA_Wetter_6_PP durationFetchReadings: 32.54
2015-06-05_10:28:38 HA_Wetter_6_PP fc4_dew: 2
2015-06-05_10:28:38 HA_Wetter_6_PP fc2_temp15: 21
2015-06-05_10:28:38 HA_Wetter_6_PP fc6_rad: 8
2015-06-05_10:28:38 HA_Wetter_6_PP fc3_cloud00: 37.5
2015-06-05_10:28:38 HA_Wetter_6_PP fc6_cloud12: 25
2015-06-05_10:28:38 HA_Wetter_6_PP fc5_weatherDay: Regenschauer
2015-06-05_10:28:38 HA_Wetter_6_PP humidity: 48.4
2015-06-05_10:28:38 HA_Wetter_6_PP fc0_temp15: 29
2015-06-05_10:28:38 HA_Wetter_6_PP fc6_temp06: 19
2015-06-05_10:28:38 HA_Wetter_6_PP fc4_tempMin: 10
2015-06-05_10:28:38 HA_Wetter_6_PP fc7_weatherIcon: http://www.proplanta.de/wetterdaten/images/symbole/t6.gif
2015-06-05_10:28:38 HA_Wetter_6_PP fc1_rad: 7.2
2015-06-05_10:28:38 HA_Wetter_6_PP fc2_temp03: 14
2015-06-05_10:28:38 HA_Wetter_6_PP visibility: 40
2015-06-05_10:28:38 HA_Wetter_6_PP pressure: 1023.2
2015-06-05_10:28:38 HA_Wetter_6_PP fc3_tempMax: 20
2015-06-05_10:28:38 HA_Wetter_6_PP fc4_cloud21: 87.5
2015-06-05_10:28:38 HA_Wetter_6_PP fc1_rain15: 4.8
2015-06-05_10:28:38 HA_Wetter_6_PP fc1_temp06: 22
2015-06-05_10:28:38 HA_Wetter_6_PP fc4_temp15: 16
2015-06-05_10:28:38 HA_Wetter_6_PP temperature: 20.9
2015-06-05_10:28:38 HA_Wetter_6_PP fc2_weatherNightIcon: http://www.proplanta.de/wetterdaten/images/symbole/n3.gif
2015-06-05_10:28:38 HA_Wetter_6_PP fc6_temp00: 16
2015-06-05_10:28:38 HA_Wetter_6_PP fc6_chOfRain09: 5
2015-06-05_10:28:38 HA_Wetter_6_PP fc3_weatherEvening: stark bewoelkt
2015-06-05_10:28:38 HA_Wetter_6_PP fc1_chOfRain09: 10
2015-06-05_10:28:38 HA_Wetter_6_PP fc3_weatherEveningIcon: http://www.proplanta.de/wetterdaten/images/symbole/n4.gif
2015-06-05_10:28:38 HA_Wetter_6_PP fc6_cloud06: 25
2015-06-05_10:28:38 HA_Wetter_6_PP fc1_chOfRainNight: 40
2015-06-05_10:28:38 HA_Wetter_6_PP fc4_chOfRain00: 15
2015-06-05_10:28:38 HA_Wetter_6_PP fc1_chOfRain12: 10
2015-06-05_10:28:38 HA_Wetter_6_PP fc9_tempMin: 9
2015-06-05_10:28:38 HA_Wetter_6_PP fc4_chOfRain06: 20
2015-06-05_10:28:38 HA_Wetter_6_PP fc5_chOfRainDay: 40
2015-06-05_10:28:38 HA_Wetter_6_PP fc5_cloud09: 37.5
2015-06-05_10:28:38 HA_Wetter_6_PP fc6_cloud09: 12.5
2015-06-05_10:28:38 HA_Wetter_6_PP fc0_temp09: 25
2015-06-05_10:28:38 HA_Wetter_6_PP fc8_tempMax: 21
2015-06-05_10:28:38 HA_Wetter_6_PP fc5_temp18: 21
2015-06-05_10:28:38 HA_Wetter_6_PP fc3_rad: 7
2015-06-05_10:28:38 HA_Wetter_6_PP fc6_chOfRain21: 5
2015-06-05_10:28:38 HA_Wetter_6_PP fc6_chOfRain06: 10
2015-06-05_10:28:38 HA_Wetter_6_PP fc6_chOfRain00: 40
2015-06-05_10:28:38 HA_Wetter_6_PP fc7_weather: Regenschauer
2015-06-05_10:28:38 HA_Wetter_6_PP fc1_temp15: 26
2015-06-05_10:28:38 HA_Wetter_6_PP fc1_cloud03: 37.5
2015-06-05_10:28:38 HA_Wetter_6_PP fc4_temp00: 11
2015-06-05_10:28:38 HA_Wetter_6_PP fc6_tempMin: 16
2015-06-05_10:28:38 HA_Wetter_6_PP fc3_cloud03: 37.5
2015-06-05_10:28:38 HA_Wetter_6_PP fc6_temp09: 24
2015-06-05_10:28:38 HA_Wetter_6_PP fc4_cloud06: 100
2015-06-05_10:28:38 HA_Wetter_6_PP fc0_tempMax: 29
2015-06-05_10:28:38 HA_Wetter_6_PP fc2_cloud21: 37.5
2015-06-05_10:28:38 HA_Wetter_6_PP fc3_temp15: 19
2015-06-05_10:28:38 HA_Wetter_6_PP fc3_temp03: 9
2015-06-05_10:28:38 HA_Wetter_6_PP fc4_weatherMorningIcon: http://www.proplanta.de/wetterdaten/images/symbole/t5.gif
2015-06-05_10:28:38 HA_Wetter_6_PP fc1_uv: 5
2015-06-05_10:28:38 HA_Wetter_6_PP fc4_weatherMorning: bedeckt
2015-06-05_10:28:38 HA_Wetter_6_PP fc7_tempMax: 23
2015-06-05_10:28:38 HA_Wetter_6_PP fc3_weatherMorningIcon: http://www.proplanta.de/wetterdaten/images/symbole/t3.gif
2015-06-05_10:28:38 HA_Wetter_6_PP fc4_cloud18: 87.5
2015-06-05_10:28:38 HA_Wetter_6_PP fc6_sun: 75
2015-06-05_10:28:38 HA_Wetter_6_PP fc11_tempMax: 21
2015-06-05_10:28:38 HA_Wetter_6_PP fc2_chOfRain21: 10
2015-06-05_10:28:38 HA_Wetter_6_PP fc2_chOfRainNight: 10
2015-06-05_10:28:38 HA_Wetter_6_PP fc3_weatherDay: wolkig
2015-06-05_10:28:38 HA_Wetter_6_PP windDir: 135
2015-06-05_10:28:38 HA_Wetter_6_PP fc5_cloud18: 50
2015-06-05_10:28:38 HA_Wetter_6_PP fc6_temp12: 25
2015-06-05_10:28:38 HA_Wetter_6_PP fc4_chOfRain03: 20
2015-06-05_10:28:38 HA_Wetter_6_PP fc1_chOfRain00: 5
2015-06-05_10:28:38 HA_Wetter_6_PP fc6_weatherMorning: wolkig
2015-06-05_10:28:38 HA_Wetter_6_PP fc3_cloud18: 75
2015-06-05_10:28:38 HA_Wetter_6_PP fc5_dew: 3
2015-06-05_10:28:38 HA_Wetter_6_PP fc1_cloud18: 75
2015-06-05_10:28:38 HA_Wetter_6_PP fc5_cloud15: 25
2015-06-05_10:28:38 HA_Wetter_6_PP fc4_cloud12: 62.5
2015-06-05_10:28:38 HA_Wetter_6_PP fc3_weatherNightIcon: http://www.proplanta.de/wetterdaten/images/symbole/n4.gif
2015-06-05_10:28:38 HA_Wetter_6_PP fc11_weather: wolkig
2015-06-05_10:28:38 HA_Wetter_6_PP fc6_weatherNightIcon: http://www.proplanta.de/wetterdaten/images/symbole/n3.gif
2015-06-05_10:28:38 HA_Wetter_6_PP fc0_temp03: 12
2015-06-05_10:28:38 HA_Wetter_6_PP fc1_weatherEvening: unterschiedlich bewoelkt, vereinzelt Schauer und Gewitter
2015-06-05_10:28:38 HA_Wetter_6_PP fc3_weatherNight: stark bewoelkt
2015-06-05_10:28:38 HA_Wetter_6_PP fc6_weatherEvening: heiter
2015-06-05_10:28:38 HA_Wetter_6_PP fc3_chOfRain00: 10
2015-06-05_10:28:38 HA_Wetter_6_PP fc5_tempMax: 25
2015-06-05_10:28:38 HA_Wetter_6_PP fc5_weatherNightIcon: http://www.proplanta.de/wetterdaten/images/symbole/n8.gif
2015-06-05_10:28:38 HA_Wetter_6_PP fc9_weather: wolkig
2015-06-05_10:28:38 HA_Wetter_6_PP fc1_temp03: 16
2015-06-05_10:28:38 HA_Wetter_6_PP fc5_temp12: 24
2015-06-05_10:28:38 HA_Wetter_6_PP fc12_tempMax: 23
2015-06-05_10:28:38 HA_Wetter_6_PP fc5_temp06: 13
2015-06-05_10:28:38 HA_Wetter_6_PP fc5_cloud21: 50
2015-06-05_10:28:38 HA_Wetter_6_PP fc3_chOfRain12: 10
2015-06-05_10:28:38 HA_Wetter_6_PP fc2_weatherNight: wolkig
2015-06-05_10:28:38 HA_Wetter_6_PP fc12_weatherIcon: http://www.proplanta.de/wetterdaten/images/symbole/t3.gif
2015-06-05_10:28:38 HA_Wetter_6_PP fc1_cloud06: 37.5
2015-06-05_10:28:38 HA_Wetter_6_PP fc6_temp21: 17
2015-06-05_10:28:38 HA_Wetter_6_PP fc2_temp00: 15
2015-06-05_10:28:38 HA_Wetter_6_PP fc6_weatherMorningIcon: http://www.proplanta.de/wetterdaten/images/symbole/t3.gif
2015-06-05_10:28:38 HA_Wetter_6_PP fc0_temp21: 18
2015-06-05_10:28:38 HA_Wetter_6_PP fc1_weatherNightIcon: http://www.proplanta.de/wetterdaten/images/symbole/n6.gif
2015-06-05_10:28:38 HA_Wetter_6_PP fc3_chOfRain21: 10
2015-06-05_10:28:38 HA_Wetter_6_PP fc3_chOfRain15: 15
2015-06-05_10:28:38 HA_Wetter_6_PP fc13_tempMin: 10
2015-06-05_10:28:38 HA_Wetter_6_PP fc5_rain21: 4.4
2015-06-05_10:28:38 HA_Wetter_6_PP fc5_temp09: 19
2015-06-05_10:28:38 HA_Wetter_6_PP fc3_temp06: 12
2015-06-05_10:28:38 HA_Wetter_6_PP fc6_chOfRain15: 10
2015-06-05_10:28:38 HA_Wetter_6_PP fc1_chOfRain18: 50
2015-06-05_10:28:38 HA_Wetter_6_PP fc1_tempMax: 30
2015-06-05_10:28:38 HA_Wetter_6_PP fc1_cloud15: 75
2015-06-05_10:28:38 HA_Wetter_6_PP fc3_uv: 4
2015-06-05_10:28:38 HA_Wetter_6_PP fc6_cloud00: 50
2015-06-05_10:28:38 HA_Wetter_6_PP fc4_rain03: 0.2
2015-06-05_10:28:38 HA_Wetter_6_PP fc5_uv: 5
2015-06-05_10:28:38 HA_Wetter_6_PP fc1_temp12: 30
2015-06-05_10:28:38 HA_Wetter_6_PP fc6_weatherDay: heiter
2015-06-05_10:28:38 HA_Wetter_6_PP fc9_tempMax: 19
2015-06-05_10:28:38 HA_Wetter_6_PP fc3_chOfRainDay: 10
2015-06-05_10:28:38 HA_Wetter_6_PP fc6_chOfRain18: 5
2015-06-05_10:28:38 HA_Wetter_6_PP fc6_chOfRain03: 5
2015-06-05_10:28:38 HA_Wetter_6_PP Tmin: 11 Tmax: 29 T: 20.9 H: 48.4 W: 10.8 P: 1023.2
2015-06-05_10:28:38 HA_Wetter_6_PP lastConnection: 439 values captured in 32.54 s
2015-06-05_11:18:28 HA_Wetter_6_PP durationFetchReadings: 74.63
2015-06-05_11:18:28 HA_Wetter_6_PP lastConnection: 439 values captured in 74.63 s
2015-06-05_12:17:55 HA_Wetter_6_PP wind: 14.4
2015-06-05_12:17:55 HA_Wetter_6_PP dewPoint: 11
2015-06-05_12:17:55 HA_Wetter_6_PP obsTime: 11:00
2015-06-05_12:17:55 HA_Wetter_6_PP durationFetchReadings: 41.42
2015-06-05_12:17:55 HA_Wetter_6_PP humidity: 45
2015-06-05_12:17:55 HA_Wetter_6_PP pressure: 1022.8
2015-06-05_12:17:55 HA_Wetter_6_PP temperature: 23.5
2015-06-05_12:17:55 HA_Wetter_6_PP Tmin: 11 Tmax: 29 T: 23.5 H: 45 W: 14.4 P: 1022.8
2015-06-05_12:17:55 HA_Wetter_6_PP lastConnection: 439 values captured in 41.42 s
2015-06-05_13:17:49 HA_Wetter_6_PP wind: 10.8
2015-06-05_13:17:49 HA_Wetter_6_PP dewPoint: 12.5
2015-06-05_13:17:49 HA_Wetter_6_PP obsTime: 12:00
2015-06-05_13:17:49 HA_Wetter_6_PP durationFetchReadings: 35.09
2015-06-05_13:17:49 HA_Wetter_6_PP humidity: 43.9
2015-06-05_13:17:49 HA_Wetter_6_PP visibility: 55
2015-06-05_13:17:49 HA_Wetter_6_PP pressure: 1022
2015-06-05_13:17:49 HA_Wetter_6_PP temperature: 25.6
2015-06-05_13:17:49 HA_Wetter_6_PP Tmin: 11 Tmax: 29 T: 25.6 H: 43.9 W: 10.8 P: 1022
2015-06-05_13:17:49 HA_Wetter_6_PP lastConnection: 439 values captured in 35.09 s
2015-06-05_14:18:03 HA_Wetter_6_PP wind: 7.2
2015-06-05_14:18:03 HA_Wetter_6_PP dewPoint: 10.6
2015-06-05_14:18:03 HA_Wetter_6_PP windDirIcon: http://www.proplanta.de/wetterdaten/images/symbole/w4.gif
2015-06-05_14:18:03 HA_Wetter_6_PP obsTime: 13:00
2015-06-05_14:18:03 HA_Wetter_6_PP durationFetchReadings: 48.71
2015-06-05_14:18:03 HA_Wetter_6_PP humidity: 35.5
2015-06-05_14:18:03 HA_Wetter_6_PP visibility: 60
2015-06-05_14:18:03 HA_Wetter_6_PP pressure: 1021.2
2015-06-05_14:18:03 HA_Wetter_6_PP temperature: 27
2015-06-05_14:18:03 HA_Wetter_6_PP windDir: 158
2015-06-05_14:18:03 HA_Wetter_6_PP Tmin: 11 Tmax: 29 T: 27 H: 35.5 W: 7.2 P: 1021.2
2015-06-05_14:18:03 HA_Wetter_6_PP lastConnection: 439 values captured in 48.71 s
2015-06-05_15:17:48 HA_Wetter_6_PP wind: 10.8
2015-06-05_15:17:48 HA_Wetter_6_PP dewPoint: 9.7
2015-06-05_15:17:48 HA_Wetter_6_PP windDirIcon: http://www.proplanta.de/wetterdaten/images/symbole/w34.gif
2015-06-05_15:17:48 HA_Wetter_6_PP obsTime: 14:00
2015-06-05_15:17:48 HA_Wetter_6_PP durationFetchReadings: 33.56
2015-06-05_15:17:48 HA_Wetter_6_PP humidity: 32.7
2015-06-05_15:17:48 HA_Wetter_6_PP pressure: 1020.6
2015-06-05_15:17:48 HA_Wetter_6_PP temperature: 27.4
2015-06-05_15:17:48 HA_Wetter_6_PP windDir: 135
2015-06-05_15:17:48 HA_Wetter_6_PP Tmin: 11 Tmax: 29 T: 27.4 H: 32.7 W: 10.8 P: 1020.6
2015-06-05_15:17:48 HA_Wetter_6_PP lastConnection: 439 values captured in 33.56 s
2015-06-05_16:17:47 HA_Wetter_6_PP fc8_tempMin: 12
2015-06-05_16:17:47 HA_Wetter_6_PP fc5_chOfRain09: 15
2015-06-05_16:17:47 HA_Wetter_6_PP fc3_cloud21: 0
2015-06-05_16:17:47 HA_Wetter_6_PP fc1_weatherNight: stark bewoelkt
2015-06-05_16:17:47 HA_Wetter_6_PP fc1_tempMin: 17
2015-06-05_16:17:47 HA_Wetter_6_PP fc2_cloud12: 62.5
2015-06-05_16:17:47 HA_Wetter_6_PP fc3_temp12: 19
2015-06-05_16:17:47 HA_Wetter_6_PP fc6_weatherDayIcon: http://www.proplanta.de/wetterdaten/images/symbole/t6.gif
2015-06-05_16:17:47 HA_Wetter_6_PP fc5_cloud00: 37.5
2015-06-05_16:17:47 HA_Wetter_6_PP fc1_cloud12: 12.5
2015-06-05_16:17:47 HA_Wetter_6_PP fc4_weatherNight: wolkig
2015-06-05_16:17:47 HA_Wetter_6_PP fc3_chOfRainNight: 0
2015-06-05_16:17:47 HA_Wetter_6_PP fc6_cloud21: 100
2015-06-05_16:17:47 HA_Wetter_6_PP fc3_temp09: 16
2015-06-05_16:17:47 HA_Wetter_6_PP wind: 3.6
2015-06-05_16:17:47 HA_Wetter_6_PP fc5_weatherNight: wolkig
2015-06-05_16:17:47 HA_Wetter_6_PP fc5_weatherMorningIcon: http://www.proplanta.de/wetterdaten/images/symbole/t4.gif
2015-06-05_16:17:47 HA_Wetter_6_PP fc4_sun: 50
2015-06-05_16:17:47 HA_Wetter_6_PP fc4_temp03: 7
2015-06-05_16:17:47 HA_Wetter_6_PP fc6_temp15: 25
2015-06-05_16:17:47 HA_Wetter_6_PP fc3_cloud12: 37.5
2015-06-05_16:17:47 HA_Wetter_6_PP fc6_chOfRainNight: 15
2015-06-05_16:17:47 HA_Wetter_6_PP fc3_chOfRain18: 10
2015-06-05_16:17:47 HA_Wetter_6_PP fc3_temp00: 11
2015-06-05_16:17:47 HA_Wetter_6_PP fc4_cloud00: 0
2015-06-05_16:17:47 HA_Wetter_6_PP fc8_weatherIcon: http://www.proplanta.de/wetterdaten/images/symbole/t7.gif
2015-06-05_16:17:47 HA_Wetter_6_PP fc1_rain: 4.9
2015-06-05_16:17:47 HA_Wetter_6_PP fc1_cloud09: 12.5
2015-06-05_16:17:47 HA_Wetter_6_PP fc2_chOfRain03: 20
2015-06-05_16:17:47 HA_Wetter_6_PP fc5_chOfRainNight: 10
2015-06-05_16:17:47 HA_Wetter_6_PP fc6_chOfRain12: 10
2015-06-05_16:17:47 HA_Wetter_6_PP fc4_temp18: 16
2015-06-05_16:17:47 HA_Wetter_6_PP fc6_rain00: 0
2015-06-05_16:17:47 HA_Wetter_6_PP fc5_weatherEveningIcon: http://www.proplanta.de/wetterdaten/images/symbole/n5.gif
2015-06-05_16:17:47 HA_Wetter_6_PP fc1_temp00: 17
2015-06-05_16:17:47 HA_Wetter_6_PP fc4_cloud09: 0
2015-06-05_16:17:47 HA_Wetter_6_PP fc1_rain18: 4.9
2015-06-05_16:17:47 HA_Wetter_6_PP fc2_temp21: 14
2015-06-05_16:17:47 HA_Wetter_6_PP fc2_uv: 5
2015-06-05_16:17:47 HA_Wetter_6_PP fc5_temp21: 15
2015-06-05_16:17:47 HA_Wetter_6_PP fc4_chOfRainDay: 10
2015-06-05_16:17:47 HA_Wetter_6_PP fc10_weather: Regen
2015-06-05_16:17:47 HA_Wetter_6_PP fc6_evapor: 2
2015-06-05_16:17:47 HA_Wetter_6_PP fc5_temp15: 20
2015-06-05_16:17:47 HA_Wetter_6_PP fc5_cloud06: 75
2015-06-05_16:17:47 HA_Wetter_6_PP fc6_cloud15: 50
2015-06-05_16:17:47 HA_Wetter_6_PP fc6_rain: 3.8
2015-06-05_16:17:47 HA_Wetter_6_PP fc6_weatherNight: stark bewoelkt
2015-06-05_16:17:47 HA_Wetter_6_PP fc5_chOfRain18: 20
2015-06-05_16:17:47 HA_Wetter_6_PP fc2_chOfRain12: 10
2015-06-05_16:17:47 HA_Wetter_6_PP dewPoint: 9.4
2015-06-05_16:17:47 HA_Wetter_6_PP fc10_tempMax: 18
2015-06-05_16:17:47 HA_Wetter_6_PP windDirIcon: http://www.proplanta.de/wetterdaten/images/symbole/w4.gif
2015-06-05_16:17:47 HA_Wetter_6_PP fc10_weatherIcon: http://www.proplanta.de/wetterdaten/images/symbole/t7.gif
2015-06-05_16:17:47 HA_Wetter_6_PP fc1_rain21: 0
2015-06-05_16:17:47 HA_Wetter_6_PP obsTime: 15:00
2015-06-05_16:17:47 HA_Wetter_6_PP fc5_weatherMorning: stark bewoelkt
2015-06-05_16:17:47 HA_Wetter_6_PP fc8_weather: Regen
2015-06-05_16:17:47 HA_Wetter_6_PP fc4_temp06: 11
2015-06-05_16:17:47 HA_Wetter_6_PP fc4_temp21: 11
2015-06-05_16:17:47 HA_Wetter_6_PP fc4_tempMax: 18
2015-06-05_16:17:47 HA_Wetter_6_PP fc6_cloud03: 12.5
2015-06-05_16:17:47 HA_Wetter_6_PP fc6_weatherEveningIcon: http://www.proplanta.de/wetterdaten/images/symbole/n6.gif
2015-06-05_16:17:47 HA_Wetter_6_PP fc3_cloud15: 37.5
2015-06-05_16:17:47 HA_Wetter_6_PP fc4_weatherDayIcon: http://www.proplanta.de/wetterdaten/images/symbole/t3.gif
2015-06-05_16:17:47 HA_Wetter_6_PP fc5_weatherEvening: bedeckt
2015-06-05_16:17:47 HA_Wetter_6_PP fc4_rain: 0
2015-06-05_16:17:47 HA_Wetter_6_PP fc6_temp18: 21
2015-06-05_16:17:47 HA_Wetter_6_PP fc6_rain15: 0.9
2015-06-05_16:17:47 HA_Wetter_6_PP fc5_cloud12: 75
2015-06-05_16:17:47 HA_Wetter_6_PP fc5_sun: 25
2015-06-05_16:17:47 HA_Wetter_6_PP fc5_weatherDayIcon: http://www.proplanta.de/wetterdaten/images/symbole/t4.gif
2015-06-05_16:17:47 HA_Wetter_6_PP fc5_rain18: 0
2015-06-05_16:17:47 HA_Wetter_6_PP fc6_uv: 4
2015-06-05_16:17:47 HA_Wetter_6_PP fc6_cloud18: 50
2015-06-05_16:17:47 HA_Wetter_6_PP fc11_weatherIcon: http://www.proplanta.de/wetterdaten/images/symbole/t6.gif
2015-06-05_16:17:47 HA_Wetter_6_PP fc12_weather: Regen
2015-06-05_16:17:47 HA_Wetter_6_PP fc5_rain: 0
2015-06-05_16:17:47 HA_Wetter_6_PP fc13_tempMax: 23
2015-06-05_16:17:47 HA_Wetter_6_PP fc5_temp03: 9
2015-06-05_16:17:47 HA_Wetter_6_PP fc1_cloud00: 0
2015-06-05_16:17:47 HA_Wetter_6_PP fc6_temp03: 13
2015-06-05_16:17:47 HA_Wetter_6_PP fc4_rad: 5.3
2015-06-05_16:17:47 HA_Wetter_6_PP fc4_cloud03: 0
2015-06-05_16:17:47 HA_Wetter_6_PP fc5_chOfRain15: 20
2015-06-05_16:17:47 HA_Wetter_6_PP fc5_chOfRain03: 15
2015-06-05_16:17:47 HA_Wetter_6_PP fc5_chOfRain06: 15
2015-06-05_16:17:47 HA_Wetter_6_PP fc6_chOfRainDay: 40
2015-06-05_16:17:47 HA_Wetter_6_PP fc1_chOfRain21: 15
2015-06-05_16:17:47 HA_Wetter_6_PP fc5_chOfRain21: 10
2015-06-05_16:17:47 HA_Wetter_6_PP fc5_cloud03: 62.5
2015-06-05_16:17:47 HA_Wetter_6_PP fc4_chOfRain09: 0
2015-06-05_16:17:47 HA_Wetter_6_PP durationFetchReadings: 32.48
2015-06-05_16:17:47 HA_Wetter_6_PP fc4_dew: 0
2015-06-05_16:17:47 HA_Wetter_6_PP fc4_chOfRainNight: 10
2015-06-05_16:17:47 HA_Wetter_6_PP fc6_rad: 6.5
2015-06-05_16:17:47 HA_Wetter_6_PP fc6_cloud12: 37.5
2015-06-05_16:17:47 HA_Wetter_6_PP fc5_weatherDay: stark bewoelkt
2015-06-05_16:17:47 HA_Wetter_6_PP humidity: 29.8
2015-06-05_16:17:47 HA_Wetter_6_PP fc5_chOfRain00: 10
2015-06-05_16:17:47 HA_Wetter_6_PP fc5_rad: 4.6
2015-06-05_16:17:47 HA_Wetter_6_PP fc6_temp06: 16
2015-06-05_16:17:47 HA_Wetter_6_PP fc4_tempMin: 7
2015-06-05_16:17:47 HA_Wetter_6_PP fc2_cloud09: 100
2015-06-05_16:17:47 HA_Wetter_6_PP fc1_rad: 7.9
2015-06-05_16:17:47 HA_Wetter_6_PP pressure: 1020.1
2015-06-05_16:17:47 HA_Wetter_6_PP fc3_tempMax: 19
2015-06-05_16:17:47 HA_Wetter_6_PP fc4_cloud21: 37.5
2015-06-05_16:17:47 HA_Wetter_6_PP fc4_temp12: 18
2015-06-05_16:17:47 HA_Wetter_6_PP fc1_rain15: 0
2015-06-05_16:17:47 HA_Wetter_6_PP fc4_temp15: 18
2015-06-05_16:17:47 HA_Wetter_6_PP temperature: 28.6
2015-06-05_16:17:47 HA_Wetter_6_PP fc2_weatherEvening: wolkig
2015-06-05_16:17:47 HA_Wetter_6_PP fc6_chOfRain09: 15
2015-06-05_16:17:47 HA_Wetter_6_PP fc2_temp18: 19
2015-06-05_16:17:47 HA_Wetter_6_PP fc5_chOfRain12: 15
2015-06-05_16:17:47 HA_Wetter_6_PP fc3_weatherEvening: wolkig
2015-06-05_16:17:47 HA_Wetter_6_PP fc1_chOfRain09: 5
2015-06-05_16:17:47 HA_Wetter_6_PP fc3_weatherEveningIcon: http://www.proplanta.de/wetterdaten/images/symbole/n3.gif
2015-06-05_16:17:47 HA_Wetter_6_PP fc6_cloud06: 12.5
2015-06-05_16:17:47 HA_Wetter_6_PP fc1_chOfRainNight: 15
2015-06-05_16:17:47 HA_Wetter_6_PP fc4_chOfRain00: 0
2015-06-05_16:17:47 HA_Wetter_6_PP fc1_chOfRain12: 5
2015-06-05_16:17:47 HA_Wetter_6_PP fc4_chOfRain06: 0
2015-06-05_16:17:47 HA_Wetter_6_PP fc5_chOfRainDay: 15
2015-06-05_16:17:47 HA_Wetter_6_PP fc5_cloud09: 75
2015-06-05_16:17:47 HA_Wetter_6_PP fc6_cloud09: 75
2015-06-05_16:17:47 HA_Wetter_6_PP fc8_tempMax: 18
2015-06-05_16:17:47 HA_Wetter_6_PP fc5_temp18: 19
2015-06-05_16:17:47 HA_Wetter_6_PP fc3_rad: 7.8
2015-06-05_16:17:47 HA_Wetter_6_PP fc6_chOfRain21: 50
2015-06-05_16:17:47 HA_Wetter_6_PP fc6_chOfRain06: 5
2015-06-05_16:17:47 HA_Wetter_6_PP fc6_chOfRain00: 10
2015-06-05_16:17:47 HA_Wetter_6_PP fc1_temp15: 29
2015-06-05_16:17:47 HA_Wetter_6_PP fc2_chOfRain09: 20
2015-06-05_16:17:47 HA_Wetter_6_PP fc4_temp00: 10
2015-06-05_16:17:47 HA_Wetter_6_PP fc6_tempMin: 13
2015-06-05_16:17:47 HA_Wetter_6_PP fc6_temp09: 19
2015-06-05_16:17:47 HA_Wetter_6_PP fc4_cloud06: 0
2015-06-05_16:17:47 HA_Wetter_6_PP fc0_temp18: 24
2015-06-05_16:17:47 HA_Wetter_6_PP fc4_temp09: 17
2015-06-05_16:17:47 HA_Wetter_6_PP fc4_weatherMorningIcon: http://www.proplanta.de/wetterdaten/images/symbole/t1.gif
2015-06-05_16:17:47 HA_Wetter_6_PP fc1_uv: 6
2015-06-05_16:17:47 HA_Wetter_6_PP fc4_weatherMorning: sonnig
2015-06-05_16:17:47 HA_Wetter_6_PP fc5_tempMin: 9
2015-06-05_16:17:47 HA_Wetter_6_PP fc7_tempMax: 19
2015-06-05_16:17:47 HA_Wetter_6_PP fc4_cloud18: 100
2015-06-05_16:17:47 HA_Wetter_6_PP fc6_rain18: 0.7
2015-06-05_16:17:47 HA_Wetter_6_PP fc6_sun: 30
2015-06-05_16:17:47 HA_Wetter_6_PP fc11_tempMax: 18
2015-06-05_16:17:47 HA_Wetter_6_PP fc6_rain21: 2.2
2015-06-05_16:17:47 HA_Wetter_6_PP windDir: 158
2015-06-05_16:17:47 HA_Wetter_6_PP fc5_cloud18: 100
2015-06-05_16:17:47 HA_Wetter_6_PP fc4_chOfRain03: 0
2015-06-05_16:17:47 HA_Wetter_6_PP fc2_chOfRain18: 10
2015-06-05_16:17:47 HA_Wetter_6_PP fc6_weatherMorning: heiter
2015-06-05_16:17:47 HA_Wetter_6_PP fc3_cloud18: 37.5
2015-06-05_16:17:47 HA_Wetter_6_PP fc1_cloud18: 62.5
2015-06-05_16:17:47 HA_Wetter_6_PP fc5_cloud15: 87.5
2015-06-05_16:17:47 HA_Wetter_6_PP fc4_cloud12: 37.5
2015-06-05_16:17:47 HA_Wetter_6_PP fc3_weatherNightIcon: http://www.proplanta.de/wetterdaten/images/symbole/n1.gif
2015-06-05_16:17:47 HA_Wetter_6_PP fc10_tempMin: 8
2015-06-05_16:17:47 HA_Wetter_6_PP fc11_weather: Regenschauer
2015-06-05_16:17:47 HA_Wetter_6_PP fc6_weatherNightIcon: http://www.proplanta.de/wetterdaten/images/symbole/n4.gif
2015-06-05_16:17:47 HA_Wetter_6_PP fc4_weatherDay: wolkig
2015-06-05_16:17:47 HA_Wetter_6_PP fc4_cloud15: 87.5
2015-06-05_16:17:47 HA_Wetter_6_PP fc3_weatherNight: klar
2015-06-05_16:17:47 HA_Wetter_6_PP fc2_weatherEveningIcon: http://www.proplanta.de/wetterdaten/images/symbole/n3.gif
2015-06-05_16:17:47 HA_Wetter_6_PP fc6_weatherEvening: Regenschauer
2015-06-05_16:17:47 HA_Wetter_6_PP fc2_rad: 6.3
2015-06-05_16:17:47 HA_Wetter_6_PP fc5_tempMax: 20
2015-06-05_16:17:47 HA_Wetter_6_PP fc5_weatherNightIcon: http://www.proplanta.de/wetterdaten/images/symbole/n3.gif
2015-06-05_16:17:47 HA_Wetter_6_PP fc1_cloud21: 87.5
2015-06-05_16:17:47 HA_Wetter_6_PP fc1_temp03: 17
2015-06-05_16:17:47 HA_Wetter_6_PP fc2_temp09: 16
2015-06-05_16:17:47 HA_Wetter_6_PP fc5_temp12: 19
2015-06-05_16:17:47 HA_Wetter_6_PP fc12_tempMax: 17
2015-06-05_16:17:47 HA_Wetter_6_PP fc2_temp12: 20
2015-06-05_16:17:47 HA_Wetter_6_PP fc4_uv: 4
2015-06-05_16:17:47 HA_Wetter_6_PP fc2_tempMax: 21
2015-06-05_16:17:47 HA_Wetter_6_PP fc12_weatherIcon: http://www.proplanta.de/wetterdaten/images/symbole/t7.gif
2015-06-05_16:17:47 HA_Wetter_6_PP fc1_cloud06: 25
2015-06-05_16:17:47 HA_Wetter_6_PP fc6_temp21: 18
2015-06-05_16:17:47 HA_Wetter_6_PP fc4_weatherNightIcon: http://www.proplanta.de/wetterdaten/images/symbole/n3.gif
2015-06-05_16:17:47 HA_Wetter_6_PP fc1_chOfRain15: 10
2015-06-05_16:17:47 HA_Wetter_6_PP fc6_weatherMorningIcon: http://www.proplanta.de/wetterdaten/images/symbole/t2.gif
2015-06-05_16:17:47 HA_Wetter_6_PP fc0_temp21: 19
2015-06-05_16:17:47 HA_Wetter_6_PP fc1_weatherNightIcon: http://www.proplanta.de/wetterdaten/images/symbole/n4.gif
2015-06-05_16:17:47 HA_Wetter_6_PP fc3_chOfRain21: 0
2015-06-05_16:17:47 HA_Wetter_6_PP fc3_chOfRain15: 10
2015-06-05_16:17:47 HA_Wetter_6_PP fc5_rain21: 0
2015-06-05_16:17:47 HA_Wetter_6_PP fc5_temp09: 16
2015-06-05_16:17:47 HA_Wetter_6_PP fc2_cloud06: 100
2015-06-05_16:17:47 HA_Wetter_6_PP fc1_temp21: 19
2015-06-05_16:17:47 HA_Wetter_6_PP fc4_chOfRain21: 10
2015-06-05_16:17:47 HA_Wetter_6_PP fc6_chOfRain15: 50
2015-06-05_16:17:47 HA_Wetter_6_PP fc3_cloud09: 37.5
2015-06-05_16:17:47 HA_Wetter_6_PP fc1_cloud15: 37.5
2015-06-05_16:17:47 HA_Wetter_6_PP fc3_uv: 5
2015-06-05_16:17:47 HA_Wetter_6_PP fc6_cloud00: 37.5
2015-06-05_16:17:47 HA_Wetter_6_PP fc4_rain03: 0
2015-06-05_16:17:47 HA_Wetter_6_PP fc5_uv: 2
2015-06-05_16:17:47 HA_Wetter_6_PP fc6_weatherDay: Regenschauer
2015-06-05_16:17:47 HA_Wetter_6_PP fc9_tempMax: 18
2015-06-05_16:17:47 HA_Wetter_6_PP fc6_chOfRain18: 40
2015-06-05_16:17:47 HA_Wetter_6_PP fc2_tempMin: 14
2015-06-05_16:17:47 HA_Wetter_6_PP Tmin: 11 Tmax: 29 T: 28.6 H: 29.8 W: 3.6 P: 1020.1
2015-06-05_16:17:47 HA_Wetter_6_PP lastConnection: 439 values captured in 32.48 s
2015-06-05_17:17:48 HA_Wetter_6_PP wind: 7.2
2015-06-05_17:17:48 HA_Wetter_6_PP cloudBaseMin: 2000
2015-06-05_17:17:48 HA_Wetter_6_PP dewPoint: 7.8
2015-06-05_17:17:48 HA_Wetter_6_PP obsTime: 16:00
2015-06-05_17:17:48 HA_Wetter_6_PP durationFetchReadings: 32.84
2015-06-05_17:17:48 HA_Wetter_6_PP humidity: 26.9
2015-06-05_17:17:48 HA_Wetter_6_PP visibility: 65
2015-06-05_17:17:48 HA_Wetter_6_PP pressure: 1019.5
2015-06-05_17:17:48 HA_Wetter_6_PP temperature: 28.5
2015-06-05_17:17:48 HA_Wetter_6_PP cloudBaseMax: 2500
2015-06-05_17:17:48 HA_Wetter_6_PP Tmin: 11 Tmax: 29 T: 28.5 H: 26.9 W: 7.2 P: 1019.5
2015-06-05_17:17:48 HA_Wetter_6_PP lastConnection: 439 values captured in 32.84 s
