2015-05-26_18:15:27 HA_Wetter_6_PP fc8_tempMin: 9
2015-05-26_18:15:27 HA_Wetter_6_PP fc5_chOfRain09: 15
2015-05-26_18:15:27 HA_Wetter_6_PP fc3_cloud21: 25
2015-05-26_18:15:27 HA_Wetter_6_PP fc3_chOfRain03: 5
2015-05-26_18:15:27 HA_Wetter_6_PP fc3_temp18: 16
2015-05-26_18:15:27 HA_Wetter_6_PP fc1_weatherNight: stark bewoelkt
2015-05-26_18:15:27 HA_Wetter_6_PP fc1_moonRise: 14:30
2015-05-26_18:15:27 HA_Wetter_6_PP fc0_uv: 4
2015-05-26_18:15:27 HA_Wetter_6_PP fc2_sun: 50
2015-05-26_18:15:27 HA_Wetter_6_PP fc7_tempMin: 7
2015-05-26_18:15:27 HA_Wetter_6_PP fc1_tempMin: 5
2015-05-26_18:15:27 HA_Wetter_6_PP fc2_cloud12: 37.5
2015-05-26_18:15:27 HA_Wetter_6_PP fc3_temp12: 19
2015-05-26_18:15:27 HA_Wetter_6_PP fc13_moonRise: 00:40
2015-05-26_18:15:27 HA_Wetter_6_PP fc3_weatherDayIcon: http://www.proplanta.de/wetterdaten/images/symbole/t6.gif
2015-05-26_18:15:27 HA_Wetter_6_PP fc6_weatherDayIcon: http://www.proplanta.de/wetterdaten/images/symbole/t2.gif
2015-05-26_18:15:27 HA_Wetter_6_PP fc5_cloud00: 50
2015-05-26_18:15:27 HA_Wetter_6_PP fc0_temp12: 15
2015-05-26_18:15:27 HA_Wetter_6_PP fc3_temp21: 12
2015-05-26_18:15:27 HA_Wetter_6_PP fc1_cloud12: 87.5
2015-05-26_18:15:27 HA_Wetter_6_PP fc2_temp06: 11
2015-05-26_18:15:27 HA_Wetter_6_PP fc3_sun: 30
2015-05-26_18:15:27 HA_Wetter_6_PP fc4_weatherNight: Regenschauer
2015-05-26_18:15:27 HA_Wetter_6_PP fc3_chOfRainNight: 10
2015-05-26_18:15:27 HA_Wetter_6_PP fc6_cloud21: 75
2015-05-26_18:15:27 HA_Wetter_6_PP fc3_temp09: 18
2015-05-26_18:15:27 HA_Wetter_6_PP wind: 14.4
2015-05-26_18:15:27 HA_Wetter_6_PP fc1_weatherEveningIcon: http://www.proplanta.de/wetterdaten/images/symbole/n5.gif
2015-05-26_18:15:27 HA_Wetter_6_PP fc5_weatherNight: heiter
2015-05-26_18:15:27 HA_Wetter_6_PP fc2_rain15: 0
2015-05-26_18:15:27 HA_Wetter_6_PP fc5_weatherMorningIcon: http://www.proplanta.de/wetterdaten/images/symbole/t5.gif
2015-05-26_18:15:27 HA_Wetter_6_PP fc4_sun: 25
2015-05-26_18:15:27 HA_Wetter_6_PP fc10_date: 05.06.2015
2015-05-26_18:15:27 HA_Wetter_6_PP fc4_weatherEveningIcon: http://www.proplanta.de/wetterdaten/images/symbole/n5.gif
2015-05-26_18:15:27 HA_Wetter_6_PP fc4_temp03: 9
2015-05-26_18:15:27 HA_Wetter_6_PP fc11_moonRise: --:--
2015-05-26_18:15:27 HA_Wetter_6_PP fc6_temp15: 22
2015-05-26_18:15:27 HA_Wetter_6_PP fc3_cloud12: 50
2015-05-26_18:15:27 HA_Wetter_6_PP cloudBaseMin: 1500
2015-05-26_18:15:27 HA_Wetter_6_PP fc6_chOfRainNight: 80
2015-05-26_18:15:27 HA_Wetter_6_PP fc5_rain12: 0
2015-05-26_18:15:27 HA_Wetter_6_PP fc1_moonSet: 02:24
2015-05-26_18:15:27 HA_Wetter_6_PP fc3_frost: 0
2015-05-26_18:15:27 HA_Wetter_6_PP fc3_chOfRain18: 20
2015-05-26_18:15:27 HA_Wetter_6_PP fc3_temp00: 9
2015-05-26_18:15:27 HA_Wetter_6_PP fc4_cloud00: 37.5
2015-05-26_18:15:27 HA_Wetter_6_PP fc8_weatherIcon: http://www.proplanta.de/wetterdaten/images/symbole/t3.gif
2015-05-26_18:15:27 HA_Wetter_6_PP fc1_rain: 0
2015-05-26_18:15:27 HA_Wetter_6_PP fc1_cloud09: 87.5
2015-05-26_18:15:27 HA_Wetter_6_PP fc2_chOfRain03: 5
2015-05-26_18:15:27 HA_Wetter_6_PP fc5_chOfRainNight: 5
2015-05-26_18:15:27 HA_Wetter_6_PP fc3_chOfRain06: 5
2015-05-26_18:15:27 HA_Wetter_6_PP fc0_weatherEvening: Regen
2015-05-26_18:15:27 HA_Wetter_6_PP fc1_weatherMorning: wolkig
2015-05-26_18:15:27 HA_Wetter_6_PP fc6_chOfRain12: 5
2015-05-26_18:15:27 HA_Wetter_6_PP fc2_rain00: 0
2015-05-26_18:15:27 HA_Wetter_6_PP fc4_rain15: 0
2015-05-26_18:15:27 HA_Wetter_6_PP fc3_moonRise: 16:35
2015-05-26_18:15:27 HA_Wetter_6_PP fc0_chOfRain18: 80
2015-05-26_18:15:27 HA_Wetter_6_PP fc12_tempMin: 11
2015-05-26_18:15:27 HA_Wetter_6_PP fc4_temp18: 14
2015-05-26_18:15:27 HA_Wetter_6_PP fc0_rain00: 1.8
2015-05-26_18:15:27 HA_Wetter_6_PP fc1_rain00: 0
2015-05-26_18:15:27 HA_Wetter_6_PP fc13_moonSet: 11:28
2015-05-26_18:15:27 HA_Wetter_6_PP fc2_cloud00: 87.5
2015-05-26_18:15:27 HA_Wetter_6_PP fc6_rain00: 0
2015-05-26_18:15:27 HA_Wetter_6_PP fc6_rain09: 0
2015-05-26_18:15:27 HA_Wetter_6_PP fc1_sun: 25
2015-05-26_18:15:27 HA_Wetter_6_PP fc5_weatherEveningIcon: http://www.proplanta.de/wetterdaten/images/symbole/n4.gif
2015-05-26_18:15:27 HA_Wetter_6_PP fc1_temp00: 6
2015-05-26_18:15:27 HA_Wetter_6_PP fc4_cloud09: 100
2015-05-26_18:15:27 HA_Wetter_6_PP fc3_cloud06: 12.5
2015-05-26_18:15:27 HA_Wetter_6_PP fc1_rain18: 0
2015-05-26_18:15:27 HA_Wetter_6_PP fc4_evapor: 2
2015-05-26_18:15:27 HA_Wetter_6_PP fc1_rain09: 0
2015-05-26_18:15:27 HA_Wetter_6_PP fc2_temp21: 11
2015-05-26_18:15:27 HA_Wetter_6_PP fc0_weatherEveningIcon: http://www.proplanta.de/wetterdaten/images/symbole/n7.gif
2015-05-26_18:15:27 HA_Wetter_6_PP fc4_chOfRain12: 10
2015-05-26_18:15:27 HA_Wetter_6_PP fc2_uv: 4
2015-05-26_18:15:27 HA_Wetter_6_PP fc5_temp21: 6
2015-05-26_18:15:27 HA_Wetter_6_PP fc9_date: 04.06.2015
2015-05-26_18:15:27 HA_Wetter_6_PP fc4_chOfRainDay: 15
2015-05-26_18:15:27 HA_Wetter_6_PP fc3_chOfRain09: 40
2015-05-26_18:15:27 HA_Wetter_6_PP fc1_chOfRainDay: 15
2015-05-26_18:15:27 HA_Wetter_6_PP fc10_weather: heiter
2015-05-26_18:15:27 HA_Wetter_6_PP fc7_moonSet: 05:14
2015-05-26_18:15:27 HA_Wetter_6_PP fc1_temp18: 10
2015-05-26_18:15:27 HA_Wetter_6_PP fc6_evapor: 2
2015-05-26_18:15:27 HA_Wetter_6_PP fc5_temp15: 15
2015-05-26_18:15:27 HA_Wetter_6_PP fc11_tempMin: 10
2015-05-26_18:15:27 HA_Wetter_6_PP fc5_cloud06: 100
2015-05-26_18:15:27 HA_Wetter_6_PP fc0_frost: 0
2015-05-26_18:15:27 HA_Wetter_6_PP fc6_cloud15: 12.5
2015-05-26_18:15:27 HA_Wetter_6_PP fc6_rain: 0
2015-05-26_18:15:27 HA_Wetter_6_PP fc0_cloud18: 62.5
2015-05-26_18:15:27 HA_Wetter_6_PP fc12_moonSet: 10:14
2015-05-26_18:15:27 HA_Wetter_6_PP fc6_weatherNight: Regen
2015-05-26_18:15:27 HA_Wetter_6_PP fc0_sun: 50
2015-05-26_18:15:27 HA_Wetter_6_PP fc8_date: 03.06.2015
2015-05-26_18:15:27 HA_Wetter_6_PP fc5_chOfRain18: 15
2015-05-26_18:15:27 HA_Wetter_6_PP fc2_chOfRain12: 10
2015-05-26_18:15:27 HA_Wetter_6_PP fc9_weatherIcon: http://www.proplanta.de/wetterdaten/images/symbole/t2.gif
2015-05-26_18:15:27 HA_Wetter_6_PP fc1_rain12: 0
2015-05-26_18:15:27 HA_Wetter_6_PP dewPoint: 5
2015-05-26_18:15:27 HA_Wetter_6_PP fc2_rain03: 0
2015-05-26_18:15:27 HA_Wetter_6_PP fc0_chOfRainDay: 10
2015-05-26_18:15:27 HA_Wetter_6_PP fc1_dew: 3
2015-05-26_18:15:27 HA_Wetter_6_PP fc10_tempMax: 26
2015-05-26_18:15:27 HA_Wetter_6_PP windDirIcon: http://www.proplanta.de/wetterdaten/images/symbole/w7.gif
2015-05-26_18:15:27 HA_Wetter_6_PP fc0_rain: 3.1
2015-05-26_18:15:27 HA_Wetter_6_PP fc10_weatherIcon: http://www.proplanta.de/wetterdaten/images/symbole/t2.gif
2015-05-26_18:15:27 HA_Wetter_6_PP fc1_rain21: 0
2015-05-26_18:15:27 HA_Wetter_6_PP obsTime: 17:00
2015-05-26_18:15:27 HA_Wetter_6_PP fc5_weatherMorning: bedeckt
2015-05-26_18:15:27 HA_Wetter_6_PP fc8_weather: wolkig
2015-05-26_18:15:27 HA_Wetter_6_PP fc4_temp06: 13
2015-05-26_18:15:27 HA_Wetter_6_PP fc0_evapor: 2
2015-05-26_18:15:27 HA_Wetter_6_PP fc6_rain06: 0
2015-05-26_18:15:27 HA_Wetter_6_PP fc4_temp21: 9
2015-05-26_18:15:27 HA_Wetter_6_PP fc4_tempMax: 17
2015-05-26_18:15:27 HA_Wetter_6_PP fc6_cloud03: 0
2015-05-26_18:15:27 HA_Wetter_6_PP fc0_rain18: 0.5
2015-05-26_18:15:27 HA_Wetter_6_PP fc2_weatherMorning: wolkig
2015-05-26_18:15:27 HA_Wetter_6_PP fc6_weatherEveningIcon: http://www.proplanta.de/wetterdaten/images/symbole/n3.gif
2015-05-26_18:15:27 HA_Wetter_6_PP fc3_weatherMorning: heiter
2015-05-26_18:15:27 HA_Wetter_6_PP fc3_cloud15: 87.5
2015-05-26_18:15:27 HA_Wetter_6_PP fc4_weatherDayIcon: http://www.proplanta.de/wetterdaten/images/symbole/t4.gif
2015-05-26_18:15:27 HA_Wetter_6_PP fc5_weatherEvening: stark bewoelkt
2015-05-26_18:15:27 HA_Wetter_6_PP fc2_date: 28.05.2015
2015-05-26_18:15:27 HA_Wetter_6_PP fc4_rain: 0.9
2015-05-26_18:15:27 HA_Wetter_6_PP fc6_temp18: 15
2015-05-26_18:15:27 HA_Wetter_6_PP fc0_rain06: 0
2015-05-26_18:15:27 HA_Wetter_6_PP fc4_moonRise: 17:40
2015-05-26_18:15:27 HA_Wetter_6_PP fc6_rain15: 0
2015-05-26_18:15:27 HA_Wetter_6_PP fc5_cloud12: 75
2015-05-26_18:15:27 HA_Wetter_6_PP fc5_sun: 25
2015-05-26_18:15:27 HA_Wetter_6_PP fc1_evapor: 1
2015-05-26_18:15:27 HA_Wetter_6_PP fc5_weatherDayIcon: http://www.proplanta.de/wetterdaten/images/symbole/t4.gif
2015-05-26_18:15:27 HA_Wetter_6_PP fc5_rain18: 0
2015-05-26_18:15:27 HA_Wetter_6_PP fc6_uv: 6
2015-05-26_18:15:27 HA_Wetter_6_PP fc6_tempMax: 22
2015-05-26_18:15:27 HA_Wetter_6_PP fc13_weather: unterschiedlich bewoelkt, vereinzelt Schauer und Gewitter
2015-05-26_18:15:27 HA_Wetter_6_PP fc2_rain06: 0
2015-05-26_18:15:27 HA_Wetter_6_PP fc6_cloud18: 50
2015-05-26_18:15:27 HA_Wetter_6_PP fc0_chOfRain21: 15
2015-05-26_18:15:27 HA_Wetter_6_PP fc11_weatherIcon: http://www.proplanta.de/wetterdaten/images/symbole/t2.gif
2015-05-26_18:15:27 HA_Wetter_6_PP fc0_weatherDayIcon: http://www.proplanta.de/wetterdaten/images/symbole/t3.gif
2015-05-26_18:15:27 HA_Wetter_6_PP fc12_weather: wolkig
2015-05-26_18:15:27 HA_Wetter_6_PP fc5_rain: 1.4
2015-05-26_18:15:27 HA_Wetter_6_PP fc13_tempMax: 29
2015-05-26_18:15:27 HA_Wetter_6_PP fc0_chOfRain06: 15
2015-05-26_18:15:27 HA_Wetter_6_PP fc5_temp03: 8
2015-05-26_18:15:27 HA_Wetter_6_PP fc1_cloud00: 50
2015-05-26_18:15:27 HA_Wetter_6_PP fc6_temp03: 6
2015-05-26_18:15:27 HA_Wetter_6_PP fc4_rad: 4.3
2015-05-26_18:15:27 HA_Wetter_6_PP fc0_cloud03: 100
2015-05-26_18:15:27 HA_Wetter_6_PP fc0_chOfRain03: 80
2015-05-26_18:15:27 HA_Wetter_6_PP fc9_moonSet: 06:52
2015-05-26_18:15:27 HA_Wetter_6_PP fc4_moonSet: 03:36
2015-05-26_18:15:27 HA_Wetter_6_PP fc6_moonRise: 19:48
2015-05-26_18:15:27 HA_Wetter_6_PP fc4_cloud03: 50
2015-05-26_18:15:27 HA_Wetter_6_PP fc5_chOfRain15: 20
2015-05-26_18:15:27 HA_Wetter_6_PP fc5_temp00: 8
2015-05-26_18:15:27 HA_Wetter_6_PP fc0_weatherDay: wolkig
2015-05-26_18:15:27 HA_Wetter_6_PP fc13_weatherIcon: http://www.proplanta.de/wetterdaten/images/symbole/t8.gif
2015-05-26_18:15:27 HA_Wetter_6_PP fc5_chOfRain03: 80
2015-05-26_18:15:27 HA_Wetter_6_PP fc4_rain21: 0
2015-05-26_18:15:27 HA_Wetter_6_PP fc2_chOfRain15: 10
2015-05-26_18:15:27 HA_Wetter_6_PP fc5_chOfRain06: 20
2015-05-26_18:15:27 HA_Wetter_6_PP fc5_rain09: 0
2015-05-26_18:15:27 HA_Wetter_6_PP fc0_chOfRain00: 40
2015-05-26_18:15:27 HA_Wetter_6_PP fc3_tempMin: 9
2015-05-26_18:15:27 HA_Wetter_6_PP fc13_date: 08.06.2015
2015-05-26_18:15:27 HA_Wetter_6_PP fc4_rain18: 0
2015-05-26_18:15:27 HA_Wetter_6_PP fc0_moonSet: 02:01
2015-05-26_18:15:27 HA_Wetter_6_PP fc0_chOfRain15: 20
2015-05-26_18:15:27 HA_Wetter_6_PP fc6_chOfRainDay: 5
2015-05-26_18:15:27 HA_Wetter_6_PP fc0_cloud09: 25
2015-05-26_18:15:27 HA_Wetter_6_PP fc10_moonRise: 23:27
2015-05-26_18:15:27 HA_Wetter_6_PP fc1_chOfRain21: 20
2015-05-26_18:15:27 HA_Wetter_6_PP fc3_rain03: 0
2015-05-26_18:15:27 HA_Wetter_6_PP fc5_chOfRain21: 10
2015-05-26_18:15:27 HA_Wetter_6_PP fc0_chOfRainNight: 10
2015-05-26_18:15:27 HA_Wetter_6_PP fc5_cloud03: 100
2015-05-26_18:15:27 HA_Wetter_6_PP fc4_chOfRain09: 40
2015-05-26_18:15:27 HA_Wetter_6_PP durationFetchReadings: 32.16
2015-05-26_18:15:27 HA_Wetter_6_PP fc4_dew: 0
2015-05-26_18:15:27 HA_Wetter_6_PP fc4_chOfRainNight: 40
2015-05-26_18:15:27 HA_Wetter_6_PP fc12_date: 07.06.2015
2015-05-26_18:15:27 HA_Wetter_6_PP fc2_temp15: 19
2015-05-26_18:15:27 HA_Wetter_6_PP fc6_rad: 7.9
2015-05-26_18:15:27 HA_Wetter_6_PP fc3_cloud00: 75
2015-05-26_18:15:27 HA_Wetter_6_PP fc4_date: 30.05.2015
2015-05-26_18:15:27 HA_Wetter_6_PP fc6_cloud12: 25
2015-05-26_18:15:27 HA_Wetter_6_PP fc6_rain03: 0
2015-05-26_18:15:27 HA_Wetter_6_PP fc0_cloud12: 50
2015-05-26_18:15:27 HA_Wetter_6_PP fc1_date: 27.05.2015
2015-05-26_18:15:27 HA_Wetter_6_PP fc5_weatherDay: stark bewoelkt
2015-05-26_18:15:27 HA_Wetter_6_PP humidity: 64
2015-05-26_18:15:27 HA_Wetter_6_PP fc5_rain00: 0
2015-05-26_18:15:27 HA_Wetter_6_PP fc0_date: 26.05.2015
2015-05-26_18:15:27 HA_Wetter_6_PP fc0_temp15: 14
2015-05-26_18:15:27 HA_Wetter_6_PP fc1_chOfRain06: 10
2015-05-26_18:15:27 HA_Wetter_6_PP fc4_chOfRain15: 20
2015-05-26_18:15:27 HA_Wetter_6_PP fc5_chOfRain00: 10
2015-05-26_18:15:27 HA_Wetter_6_PP fc5_rad: 6.2
2015-05-26_18:15:27 HA_Wetter_6_PP fc2_weatherMorningIcon: http://www.proplanta.de/wetterdaten/images/symbole/t3.gif
2015-05-26_18:15:27 HA_Wetter_6_PP fc6_temp06: 12
2015-05-26_18:15:27 HA_Wetter_6_PP fc4_tempMin: 9
2015-05-26_18:15:27 HA_Wetter_6_PP fc2_cloud09: 50
2015-05-26_18:15:27 HA_Wetter_6_PP fc2_dew: 2
2015-05-26_18:15:27 HA_Wetter_6_PP fc7_weatherIcon: http://www.proplanta.de/wetterdaten/images/symbole/t3.gif
2015-05-26_18:15:27 HA_Wetter_6_PP fc1_rad: 2.5
2015-05-26_18:15:27 HA_Wetter_6_PP fc2_evapor: 2
2015-05-26_18:15:27 HA_Wetter_6_PP fc2_temp03: 6
2015-05-26_18:15:27 HA_Wetter_6_PP pressure: 1018.3
2015-05-26_18:15:27 HA_Wetter_6_PP visibility: 60
2015-05-26_18:15:27 HA_Wetter_6_PP fc2_rain09: 0
2015-05-26_18:15:27 HA_Wetter_6_PP fc3_tempMax: 19
2015-05-26_18:15:27 HA_Wetter_6_PP fc11_date: 06.06.2015
2015-05-26_18:15:27 HA_Wetter_6_PP fc4_cloud21: 37.5
2015-05-26_18:15:27 HA_Wetter_6_PP fc4_temp12: 17
2015-05-26_18:15:27 HA_Wetter_6_PP fc1_temp06: 8
2015-05-26_18:15:27 HA_Wetter_6_PP fc1_rain15: 0
2015-05-26_18:15:27 HA_Wetter_6_PP fc4_temp15: 17
2015-05-26_18:15:27 HA_Wetter_6_PP fc0_weatherNight: wolkig
2015-05-26_18:15:27 HA_Wetter_6_PP fc5_frost: 0
2015-05-26_18:15:27 HA_Wetter_6_PP temperature: 11.5
2015-05-26_18:15:27 HA_Wetter_6_PP fc6_date: 01.06.2015
2015-05-26_18:15:27 HA_Wetter_6_PP fc8_moonRise: 21:49
2015-05-26_18:15:27 HA_Wetter_6_PP fc2_weatherNightIcon: http://www.proplanta.de/wetterdaten/images/symbole/n3.gif
2015-05-26_18:15:27 HA_Wetter_6_PP fc2_weatherEvening: stark bewoelkt
2015-05-26_18:15:27 HA_Wetter_6_PP fc6_temp00: 9
2015-05-26_18:15:27 HA_Wetter_6_PP fc0_temp00: 10
2015-05-26_18:15:27 HA_Wetter_6_PP fc5_evapor: 2
2015-05-26_18:15:27 HA_Wetter_6_PP fc6_rain12: 0
2015-05-26_18:15:27 HA_Wetter_6_PP fc6_chOfRain09: 10
2015-05-26_18:15:27 HA_Wetter_6_PP fc2_temp18: 15
2015-05-26_18:15:27 HA_Wetter_6_PP fc5_chOfRain12: 15
2015-05-26_18:15:27 HA_Wetter_6_PP fc3_weatherEvening: bedeckt
2015-05-26_18:15:27 HA_Wetter_6_PP fc3_weatherEveningIcon: http://www.proplanta.de/wetterdaten/images/symbole/n5.gif
2015-05-26_18:15:27 HA_Wetter_6_PP fc1_chOfRain09: 15
2015-05-26_18:15:27 HA_Wetter_6_PP cloudBaseMax: 2000
2015-05-26_18:15:27 HA_Wetter_6_PP fc6_cloud06: 0
2015-05-26_18:15:27 HA_Wetter_6_PP fc1_chOfRainNight: 15
2015-05-26_18:15:27 HA_Wetter_6_PP fc4_chOfRain00: 10
2015-05-26_18:15:27 HA_Wetter_6_PP fc0_rain15: 0
2015-05-26_18:15:27 HA_Wetter_6_PP fc1_chOfRain12: 20
2015-05-26_18:15:27 HA_Wetter_6_PP fc2_moonSet: 02:47
2015-05-26_18:15:27 HA_Wetter_6_PP fc9_tempMin: 10
2015-05-26_18:15:27 HA_Wetter_6_PP fc4_chOfRain06: 10
2015-05-26_18:15:27 HA_Wetter_6_PP fc3_dew: 2
2015-05-26_18:15:27 HA_Wetter_6_PP fc6_frost: 0
2015-05-26_18:15:27 HA_Wetter_6_PP fc5_chOfRainDay: 15
2015-05-26_18:15:27 HA_Wetter_6_PP fc5_cloud09: 75
2015-05-26_18:15:27 HA_Wetter_6_PP fc0_weatherNightIcon: http://www.proplanta.de/wetterdaten/images/symbole/n3.gif
2015-05-26_18:15:27 HA_Wetter_6_PP fc6_cloud09: 25
2015-05-26_18:15:27 HA_Wetter_6_PP fc0_temp09: 14
2015-05-26_18:15:27 HA_Wetter_6_PP fc8_tempMax: 22
2015-05-26_18:15:27 HA_Wetter_6_PP fc0_weatherMorning: stark bewoelkt
2015-05-26_18:15:27 HA_Wetter_6_PP fc5_temp18: 13
2015-05-26_18:15:27 HA_Wetter_6_PP fc3_rad: 6.7
2015-05-26_18:15:27 HA_Wetter_6_PP fc6_chOfRain21: 15
2015-05-26_18:15:27 HA_Wetter_6_PP fc6_chOfRain06: 5
2015-05-26_18:15:27 HA_Wetter_6_PP fc7_moonRise: 20:50
2015-05-26_18:15:27 HA_Wetter_6_PP fc4_weatherEvening: bedeckt
2015-05-26_18:15:27 HA_Wetter_6_PP fc2_rain12: 0
2015-05-26_18:15:27 HA_Wetter_6_PP fc0_cloud15: 100
2015-05-26_18:15:27 HA_Wetter_6_PP fc2_cloud18: 75
2015-05-26_18:15:27 HA_Wetter_6_PP fc3_rain12: 1.5
2015-05-26_18:15:27 HA_Wetter_6_PP fc6_chOfRain00: 5
2015-05-26_18:15:27 HA_Wetter_6_PP fc0_chOfRain09: 10
2015-05-26_18:15:27 HA_Wetter_6_PP fc7_weather: wolkig
2015-05-26_18:15:27 HA_Wetter_6_PP fc2_cloud03: 25
2015-05-26_18:15:27 HA_Wetter_6_PP fc1_temp15: 11
2015-05-26_18:15:27 HA_Wetter_6_PP fc2_chOfRain09: 10
2015-05-26_18:15:27 HA_Wetter_6_PP fc1_cloud03: 37.5
2015-05-26_18:15:27 HA_Wetter_6_PP fc4_temp00: 9
2015-05-26_18:15:27 HA_Wetter_6_PP fc2_moonRise: 15:33
2015-05-26_18:15:27 HA_Wetter_6_PP fc9_moonRise: 22:41
2015-05-26_18:15:27 HA_Wetter_6_PP fc3_cloud03: 12.5
2015-05-26_18:15:27 HA_Wetter_6_PP fc6_tempMin: 5
2015-05-26_18:15:27 HA_Wetter_6_PP fc4_chOfRain18: 20
2015-05-26_18:15:27 HA_Wetter_6_PP fc6_temp09: 17
2015-05-26_18:15:27 HA_Wetter_6_PP fc4_cloud06: 50
2015-05-26_18:15:27 HA_Wetter_6_PP fc0_temp18: 11
2015-05-26_18:15:27 HA_Wetter_6_PP fc3_rain: 4.1
2015-05-26_18:15:27 HA_Wetter_6_PP fc0_tempMax: 15
2015-05-26_18:15:27 HA_Wetter_6_PP fc5_rain15: 0
2015-05-26_18:15:27 HA_Wetter_6_PP fc1_temp09: 10
2015-05-26_18:15:27 HA_Wetter_6_PP fc2_cloud21: 87.5
2015-05-26_18:15:27 HA_Wetter_6_PP fc3_temp03: 9
2015-05-26_18:15:27 HA_Wetter_6_PP fc3_temp15: 19
2015-05-26_18:15:27 HA_Wetter_6_PP fc4_rain06: 0
2015-05-26_18:15:27 HA_Wetter_6_PP fc4_temp09: 13
2015-05-26_18:15:27 HA_Wetter_6_PP fc5_rain06: 0
2015-05-26_18:15:27 HA_Wetter_6_PP fc2_weatherDayIcon: http://www.proplanta.de/wetterdaten/images/symbole/t3.gif
2015-05-26_18:15:27 HA_Wetter_6_PP fc0_rain12: 0
2015-05-26_18:15:27 HA_Wetter_6_PP fc1_weatherDay: stark bewoelkt
2015-05-26_18:15:27 HA_Wetter_6_PP fc4_weatherMorningIcon: http://www.proplanta.de/wetterdaten/images/symbole/t3.gif
2015-05-26_18:15:27 HA_Wetter_6_PP fc1_uv: 2
2015-05-26_18:15:27 HA_Wetter_6_PP fc4_weatherMorning: wolkig
2015-05-26_18:15:27 HA_Wetter_6_PP fc5_tempMin: 6
2015-05-26_18:15:27 HA_Wetter_6_PP fc7_tempMax: 19
2015-05-26_18:15:27 HA_Wetter_6_PP fc3_weatherMorningIcon: http://www.proplanta.de/wetterdaten/images/symbole/t2.gif
2015-05-26_18:15:27 HA_Wetter_6_PP fc4_cloud18: 100
2015-05-26_18:15:27 HA_Wetter_6_PP fc0_rad: 5.6
2015-05-26_18:15:27 HA_Wetter_6_PP fc5_moonSet: 04:04
2015-05-26_18:15:27 HA_Wetter_6_PP fc6_rain18: 0
2015-05-26_18:15:27 HA_Wetter_6_PP fc6_sun: 75
2015-05-26_18:15:27 HA_Wetter_6_PP fc0_dew: 0
2015-05-26_18:15:27 HA_Wetter_6_PP fc11_tempMax: 29
2015-05-26_18:15:27 HA_Wetter_6_PP fc6_dew: 0
2015-05-26_18:15:27 HA_Wetter_6_PP fc2_chOfRain21: 15
2015-05-26_18:15:27 HA_Wetter_6_PP fc2_chOfRainNight: 10
2015-05-26_18:15:27 HA_Wetter_6_PP fc6_rain21: 0
2015-05-26_18:15:27 HA_Wetter_6_PP windDir: 203
2015-05-26_18:15:27 HA_Wetter_6_PP fc3_weatherDay: Regenschauer
2015-05-26_18:15:27 HA_Wetter_6_PP fc5_cloud18: 87.5
2015-05-26_18:15:27 HA_Wetter_6_PP fc6_temp12: 20
2015-05-26_18:15:27 HA_Wetter_6_PP fc0_cloud21: 62.5
2015-05-26_18:15:27 HA_Wetter_6_PP fc3_rain00: 0
2015-05-26_18:15:27 HA_Wetter_6_PP fc3_date: 29.05.2015
2015-05-26_18:15:27 HA_Wetter_6_PP fc4_chOfRain03: 10
2015-05-26_18:15:27 HA_Wetter_6_PP fc2_chOfRain18: 15
2015-05-26_18:15:27 HA_Wetter_6_PP fc2_chOfRainDay: 10
2015-05-26_18:15:27 HA_Wetter_6_PP fc1_weatherDayIcon: http://www.proplanta.de/wetterdaten/images/symbole/t4.gif
2015-05-26_18:15:27 HA_Wetter_6_PP fc1_chOfRain00: 10
2015-05-26_18:15:27 HA_Wetter_6_PP fc6_weatherMorning: heiter
2015-05-26_18:15:27 HA_Wetter_6_PP fc4_rain00: 0
2015-05-26_18:15:27 HA_Wetter_6_PP fc3_cloud18: 87.5
2015-05-26_18:15:27 HA_Wetter_6_PP fc5_date: 31.05.2015
2015-05-26_18:15:27 HA_Wetter_6_PP fc1_weatherMorningIcon: http://www.proplanta.de/wetterdaten/images/symbole/t3.gif
2015-05-26_18:15:27 HA_Wetter_6_PP fc0_cloud06: 87.5
2015-05-26_18:15:27 HA_Wetter_6_PP fc1_cloud18: 100
2015-05-26_18:15:27 HA_Wetter_6_PP fc5_dew: 2
2015-05-26_18:15:27 HA_Wetter_6_PP fc5_cloud15: 87.5
2015-05-26_18:15:27 HA_Wetter_6_PP fc4_cloud12: 50
2015-05-26_18:15:27 HA_Wetter_6_PP fc3_weatherNightIcon: http://www.proplanta.de/wetterdaten/images/symbole/n3.gif
2015-05-26_18:15:27 HA_Wetter_6_PP fc8_moonSet: 05:59
2015-05-26_18:15:27 HA_Wetter_6_PP fc1_frost: 0
2015-05-26_18:15:27 HA_Wetter_6_PP fc10_tempMin: 12
2015-05-26_18:15:27 HA_Wetter_6_PP fc3_evapor: 1
2015-05-26_18:15:27 HA_Wetter_6_PP fc11_weather: heiter
2015-05-26_18:15:27 HA_Wetter_6_PP fc2_frost: 0
2015-05-26_18:15:27 HA_Wetter_6_PP fc6_weatherNightIcon: http://www.proplanta.de/wetterdaten/images/symbole/n7.gif
2015-05-26_18:15:27 HA_Wetter_6_PP fc10_moonSet: 07:54
2015-05-26_18:15:27 HA_Wetter_6_PP fc0_cloud00: 100
2015-05-26_18:15:27 HA_Wetter_6_PP fc0_temp03: 10
2015-05-26_18:15:27 HA_Wetter_6_PP fc0_temp06: 10
2015-05-26_18:15:27 HA_Wetter_6_PP fc0_weatherMorningIcon: http://www.proplanta.de/wetterdaten/images/symbole/t4.gif
2015-05-26_18:15:27 HA_Wetter_6_PP fc3_rain15: 1.1
2015-05-26_18:15:27 HA_Wetter_6_PP fc3_moonSet: 03:11
2015-05-26_18:15:27 HA_Wetter_6_PP fc4_weatherDay: stark bewoelkt
2015-05-26_18:15:27 HA_Wetter_6_PP fc2_chOfRain06: 10
2015-05-26_18:15:27 HA_Wetter_6_PP fc1_chOfRain03: 10
2015-05-26_18:15:27 HA_Wetter_6_PP fc1_weatherEvening: bedeckt
2015-05-26_18:15:27 HA_Wetter_6_PP fc4_cloud15: 87.5
2015-05-26_18:15:27 HA_Wetter_6_PP fc3_weatherNight: wolkig
2015-05-26_18:15:27 HA_Wetter_6_PP fc2_weatherEveningIcon: http://www.proplanta.de/wetterdaten/images/symbole/n4.gif
2015-05-26_18:15:27 HA_Wetter_6_PP fc6_weatherEvening: wolkig
2015-05-26_18:15:27 HA_Wetter_6_PP fc12_moonRise: 00:06
2015-05-26_18:15:27 HA_Wetter_6_PP fc0_rain21: 0
2015-05-26_18:15:27 HA_Wetter_6_PP fc2_rain: 0
2015-05-26_18:15:27 HA_Wetter_6_PP fc3_chOfRain00: 15
2015-05-26_18:15:27 HA_Wetter_6_PP fc0_rain03: 0.8
2015-05-26_18:15:27 HA_Wetter_6_PP fc2_cloud15: 37.5
2015-05-26_18:15:27 HA_Wetter_6_PP fc2_rad: 7.7
2015-05-26_18:15:27 HA_Wetter_6_PP fc5_tempMax: 15
2015-05-26_18:15:27 HA_Wetter_6_PP fc5_weatherNightIcon: http://www.proplanta.de/wetterdaten/images/symbole/n2.gif
2015-05-26_18:15:27 HA_Wetter_6_PP fc9_weather: heiter
2015-05-26_18:15:27 HA_Wetter_6_PP fc1_cloud21: 100
2015-05-26_18:15:27 HA_Wetter_6_PP fc1_temp03: 6
2015-05-26_18:15:27 HA_Wetter_6_PP fc2_temp09: 16
2015-05-26_18:15:27 HA_Wetter_6_PP fc5_temp12: 15
2015-05-26_18:15:27 HA_Wetter_6_PP fc1_rain03: 0
2015-05-26_18:15:27 HA_Wetter_6_PP fc12_tempMax: 30
2015-05-26_18:15:27 HA_Wetter_6_PP fc5_temp06: 10
2015-05-26_18:15:27 HA_Wetter_6_PP fc2_temp12: 19
2015-05-26_18:15:27 HA_Wetter_6_PP fc4_uv: 3
2015-05-26_18:15:27 HA_Wetter_6_PP fc5_moonRise: 18:44
2015-05-26_18:15:27 HA_Wetter_6_PP fc5_rain03: 1.4
2015-05-26_18:15:27 HA_Wetter_6_PP fc2_tempMax: 20
2015-05-26_18:15:27 HA_Wetter_6_PP fc5_cloud21: 37.5
2015-05-26_18:15:27 HA_Wetter_6_PP fc2_weatherNight: wolkig
2015-05-26_18:15:27 HA_Wetter_6_PP fc3_chOfRain12: 50
2015-05-26_18:15:27 HA_Wetter_6_PP fc12_weatherIcon: http://www.proplanta.de/wetterdaten/images/symbole/t3.gif
2015-05-26_18:15:27 HA_Wetter_6_PP fc1_cloud06: 25
2015-05-26_18:15:27 HA_Wetter_6_PP fc0_chOfRain12: 10
2015-05-26_18:15:27 HA_Wetter_6_PP fc3_rain18: 0
2015-05-26_18:15:27 HA_Wetter_6_PP fc3_rain21: 0
2015-05-26_18:15:27 HA_Wetter_6_PP fc6_temp21: 12
2015-05-26_18:15:27 HA_Wetter_6_PP fc4_weatherNightIcon: http://www.proplanta.de/wetterdaten/images/symbole/n6.gif
2015-05-26_18:15:27 HA_Wetter_6_PP fc2_temp00: 8
2015-05-26_18:15:27 HA_Wetter_6_PP fc1_chOfRain15: 20
2015-05-26_18:15:27 HA_Wetter_6_PP fc6_weatherMorningIcon: http://www.proplanta.de/wetterdaten/images/symbole/t2.gif
2015-05-26_18:15:27 HA_Wetter_6_PP fc2_rain21: 0
2015-05-26_18:15:27 HA_Wetter_6_PP fc0_temp21: 8
2015-05-26_18:15:27 HA_Wetter_6_PP fc1_weatherNightIcon: http://www.proplanta.de/wetterdaten/images/symbole/n4.gif
2015-05-26_18:15:27 HA_Wetter_6_PP fc3_chOfRain21: 10
2015-05-26_18:15:27 HA_Wetter_6_PP fc1_rain06: 0
2015-05-26_18:15:27 HA_Wetter_6_PP fc0_moonRise: 13:28
2015-05-26_18:15:27 HA_Wetter_6_PP fc3_chOfRain15: 50
2015-05-26_18:15:27 HA_Wetter_6_PP fc13_tempMin: 9
2015-05-26_18:15:27 HA_Wetter_6_PP fc5_rain21: 0
2015-05-26_18:15:27 HA_Wetter_6_PP fc5_temp09: 14
2015-05-26_18:15:27 HA_Wetter_6_PP fc2_cloud06: 25
2015-05-26_18:15:27 HA_Wetter_6_PP fc1_temp21: 9
2015-05-26_18:15:27 HA_Wetter_6_PP fc6_moonSet: 04:36
2015-05-26_18:15:27 HA_Wetter_6_PP fc4_chOfRain21: 10
2015-05-26_18:15:27 HA_Wetter_6_PP fc3_temp06: 14
2015-05-26_18:15:27 HA_Wetter_6_PP fc4_frost: 0
2015-05-26_18:15:27 HA_Wetter_6_PP fc0_tempMin: 8
2015-05-26_18:15:27 HA_Wetter_6_PP fc3_rain06: 0
2015-05-26_18:15:27 HA_Wetter_6_PP fc2_chOfRain00: 20
2015-05-26_18:15:27 HA_Wetter_6_PP fc6_chOfRain15: 5
2015-05-26_18:15:27 HA_Wetter_6_PP fc4_rain09: 0.9
2015-05-26_18:15:27 HA_Wetter_6_PP fc1_tempMax: 11
2015-05-26_18:15:27 HA_Wetter_6_PP fc1_chOfRain18: 20
2015-05-26_18:15:27 HA_Wetter_6_PP fc3_cloud09: 50
2015-05-26_18:15:27 HA_Wetter_6_PP fc1_cloud15: 100
2015-05-26_18:15:27 HA_Wetter_6_PP fc3_uv: 4
2015-05-26_18:15:27 HA_Wetter_6_PP fc6_cloud00: 25
2015-05-26_18:15:27 HA_Wetter_6_PP fc4_rain03: 0
2015-05-26_18:15:27 HA_Wetter_6_PP fc0_rain09: 0
2015-05-26_18:15:27 HA_Wetter_6_PP fc5_uv: 3
2015-05-26_18:15:27 HA_Wetter_6_PP fc1_temp12: 11
2015-05-26_18:15:27 HA_Wetter_6_PP fc7_date: 02.06.2015
2015-05-26_18:15:27 HA_Wetter_6_PP fc6_weatherDay: heiter
2015-05-26_18:15:27 HA_Wetter_6_PP fc11_moonSet: 09:02
2015-05-26_18:15:27 HA_Wetter_6_PP fc9_tempMax: 27
2015-05-26_18:15:27 HA_Wetter_6_PP fc3_chOfRainDay: 40
2015-05-26_18:15:27 HA_Wetter_6_PP fc2_rain18: 0
2015-05-26_18:15:27 HA_Wetter_6_PP fc6_chOfRain18: 10
2015-05-26_18:15:27 HA_Wetter_6_PP fc3_rain09: 1.5
2015-05-26_18:15:27 HA_Wetter_6_PP fc6_chOfRain03: 5
2015-05-26_18:15:27 HA_Wetter_6_PP fc4_rain12: 0
2015-05-26_18:15:27 HA_Wetter_6_PP fc2_weatherDay: wolkig
2015-05-26_18:15:27 HA_Wetter_6_PP fc2_tempMin: 6
2015-05-26_18:15:27 HA_Wetter_6_PP Tmin: 8 Tmax: 15 T: 11.5 H: 64 W: 14.4 P: 1018.3
2015-05-26_18:15:27 HA_Wetter_6_PP lastConnection: 439 values captured in 32.16 s
2015-05-26_19:15:36 HA_Wetter_6_PP wind: 10.8
2015-05-26_19:15:36 HA_Wetter_6_PP cloudBaseMin: 600
2015-05-26_19:15:36 HA_Wetter_6_PP dewPoint: 4.5
2015-05-26_19:15:36 HA_Wetter_6_PP obsTime: 18:00
2015-05-26_19:15:36 HA_Wetter_6_PP durationFetchReadings: 41.53
2015-05-26_19:15:36 HA_Wetter_6_PP humidity: 60.6
2015-05-26_19:15:36 HA_Wetter_6_PP pressure: 1018.4
2015-05-26_19:15:36 HA_Wetter_6_PP temperature: 11.8
2015-05-26_19:15:36 HA_Wetter_6_PP cloudBaseMax: 1000
2015-05-26_19:15:36 HA_Wetter_6_PP Tmin: 8 Tmax: 15 T: 11.8 H: 60.6 W: 10.8 P: 1018.4
2015-05-26_19:15:36 HA_Wetter_6_PP lastConnection: 439 values captured in 41.53 s
2015-05-26_20:15:30 HA_Wetter_6_PP wind: 14.4
2015-05-26_20:15:30 HA_Wetter_6_PP cloudBaseMin: 1000
2015-05-26_20:15:30 HA_Wetter_6_PP dewPoint: 4.2
2015-05-26_20:15:30 HA_Wetter_6_PP obsTime: 19:00
2015-05-26_20:15:30 HA_Wetter_6_PP durationFetchReadings: 34.98
2015-05-26_20:15:30 HA_Wetter_6_PP humidity: 54.8
2015-05-26_20:15:30 HA_Wetter_6_PP pressure: 1018.2
2015-05-26_20:15:30 HA_Wetter_6_PP temperature: 13
2015-05-26_20:15:30 HA_Wetter_6_PP cloudBaseMax: 1500
2015-05-26_20:15:30 HA_Wetter_6_PP Tmin: 8 Tmax: 15 T: 13 H: 54.8 W: 14.4 P: 1018.2
2015-05-26_20:15:30 HA_Wetter_6_PP lastConnection: 439 values captured in 34.98 s
2015-05-26_21:15:28 HA_Wetter_6_PP wind: 7.2
2015-05-26_21:15:28 HA_Wetter_6_PP dewPoint: 4.3
2015-05-26_21:15:28 HA_Wetter_6_PP windDirIcon: http://www.proplanta.de/wetterdaten/images/symbole/w30.gif
2015-05-26_21:15:28 HA_Wetter_6_PP obsTime: 20:00
2015-05-26_21:15:28 HA_Wetter_6_PP durationFetchReadings: 33.57
2015-05-26_21:15:28 HA_Wetter_6_PP humidity: 62.2
2015-05-26_21:15:28 HA_Wetter_6_PP visibility: 65
2015-05-26_21:15:28 HA_Wetter_6_PP pressure: 1018.9
2015-05-26_21:15:28 HA_Wetter_6_PP temperature: 11.2
2015-05-26_21:15:28 HA_Wetter_6_PP windDir: 225
2015-05-26_21:15:28 HA_Wetter_6_PP Tmin: 8 Tmax: 15 T: 11.2 H: 62.2 W: 7.2 P: 1018.9
2015-05-26_21:15:28 HA_Wetter_6_PP lastConnection: 439 values captured in 33.57 s
2015-05-26_22:15:25 HA_Wetter_6_PP fc8_tempMin: 8
2015-05-26_22:15:25 HA_Wetter_6_PP fc3_cloud21: 87.5
2015-05-26_22:15:25 HA_Wetter_6_PP fc3_temp18: 17
2015-05-26_22:15:25 HA_Wetter_6_PP fc1_weatherNight: wolkig
2015-05-26_22:15:25 HA_Wetter_6_PP fc7_tempMin: 9
2015-05-26_22:15:25 HA_Wetter_6_PP fc2_cloud12: 50
2015-05-26_22:15:25 HA_Wetter_6_PP fc6_weatherDayIcon: http://www.proplanta.de/wetterdaten/images/symbole/t6.gif
2015-05-26_22:15:25 HA_Wetter_6_PP fc5_cloud00: 75
2015-05-26_22:15:25 HA_Wetter_6_PP fc3_temp21: 11
2015-05-26_22:15:25 HA_Wetter_6_PP fc4_weatherNight: stark bewoelkt
2015-05-26_22:15:25 HA_Wetter_6_PP fc3_chOfRainNight: 15
2015-05-26_22:15:25 HA_Wetter_6_PP fc6_cloud21: 100
2015-05-26_22:15:25 HA_Wetter_6_PP fc3_temp09: 17
2015-05-26_22:15:25 HA_Wetter_6_PP wind: 14.4
2015-05-26_22:15:25 HA_Wetter_6_PP fc5_weatherNight: stark bewoelkt
2015-05-26_22:15:25 HA_Wetter_6_PP fc5_weatherMorningIcon: http://www.proplanta.de/wetterdaten/images/symbole/t3.gif
2015-05-26_22:15:25 HA_Wetter_6_PP fc4_weatherEveningIcon: http://www.proplanta.de/wetterdaten/images/symbole/n4.gif
2015-05-26_22:15:25 HA_Wetter_6_PP fc6_temp15: 26
2015-05-26_22:15:25 HA_Wetter_6_PP fc3_cloud12: 62.5
2015-05-26_22:15:25 HA_Wetter_6_PP fc6_chOfRainNight: 40
2015-05-26_22:15:25 HA_Wetter_6_PP fc3_chOfRain18: 15
2015-05-26_22:15:25 HA_Wetter_6_PP fc4_cloud00: 87.5
2015-05-26_22:15:25 HA_Wetter_6_PP fc1_rain: 0.2
2015-05-26_22:15:25 HA_Wetter_6_PP fc5_chOfRainNight: 15
2015-05-26_22:15:25 HA_Wetter_6_PP fc3_chOfRain06: 10
2015-05-26_22:15:25 HA_Wetter_6_PP fc6_chOfRain12: 40
2015-05-26_22:15:25 HA_Wetter_6_PP fc4_temp18: 15
2015-05-26_22:15:25 HA_Wetter_6_PP fc2_cloud00: 37.5
2015-05-26_22:15:25 HA_Wetter_6_PP fc6_rain09: 0.6
2015-05-26_22:15:25 HA_Wetter_6_PP fc5_weatherEveningIcon: http://www.proplanta.de/wetterdaten/images/symbole/n3.gif
2015-05-26_22:15:25 HA_Wetter_6_PP fc1_temp00: 7
2015-05-26_22:15:25 HA_Wetter_6_PP fc4_cloud09: 37.5
2015-05-26_22:15:25 HA_Wetter_6_PP fc3_cloud06: 25
2015-05-26_22:15:25 HA_Wetter_6_PP fc1_rain09: 0.2
2015-05-26_22:15:25 HA_Wetter_6_PP fc5_temp21: 13
2015-05-26_22:15:25 HA_Wetter_6_PP fc10_weather: sonnig
2015-05-26_22:15:25 HA_Wetter_6_PP fc1_temp18: 11
2015-05-26_22:15:25 HA_Wetter_6_PP fc5_temp15: 20
2015-05-26_22:15:25 HA_Wetter_6_PP fc5_cloud06: 37.5
2015-05-26_22:15:25 HA_Wetter_6_PP fc6_cloud15: 25
2015-05-26_22:15:25 HA_Wetter_6_PP fc6_rain: 3.8
2015-05-26_22:15:25 HA_Wetter_6_PP fc6_weatherNight: Regenschauer
2015-05-26_22:15:25 HA_Wetter_6_PP fc5_chOfRain18: 10
2015-05-26_22:15:25 HA_Wetter_6_PP fc9_weatherIcon: http://www.proplanta.de/wetterdaten/images/symbole/t3.gif
2015-05-26_22:15:25 HA_Wetter_6_PP dewPoint: 3.5
2015-05-26_22:15:25 HA_Wetter_6_PP fc10_weatherIcon: http://www.proplanta.de/wetterdaten/images/symbole/t1.gif
2015-05-26_22:15:25 HA_Wetter_6_PP obsTime: 21:00
2015-05-26_22:15:25 HA_Wetter_6_PP fc5_weatherMorning: wolkig
2015-05-26_22:15:25 HA_Wetter_6_PP fc4_temp06: 11
2015-05-26_22:15:25 HA_Wetter_6_PP fc6_rain06: 0.8
2015-05-26_22:15:25 HA_Wetter_6_PP fc4_temp21: 13
2015-05-26_22:15:25 HA_Wetter_6_PP fc6_cloud03: 62.5
2015-05-26_22:15:25 HA_Wetter_6_PP fc2_weatherMorning: heiter
2015-05-26_22:15:25 HA_Wetter_6_PP fc3_weatherMorning: wolkig
2015-05-26_22:15:25 HA_Wetter_6_PP fc3_cloud15: 62.5
2015-05-26_22:15:25 HA_Wetter_6_PP fc5_weatherEvening: wolkig
2015-05-26_22:15:25 HA_Wetter_6_PP fc4_rain: 0
2015-05-26_22:15:25 HA_Wetter_6_PP fc6_temp18: 21
2015-05-26_22:15:25 HA_Wetter_6_PP fc5_sun: 50
2015-05-26_22:15:25 HA_Wetter_6_PP fc5_weatherDayIcon: http://www.proplanta.de/wetterdaten/images/symbole/t3.gif
2015-05-26_22:15:25 HA_Wetter_6_PP fc6_uv: 5
2015-05-26_22:15:25 HA_Wetter_6_PP fc6_tempMax: 26
2015-05-26_22:15:25 HA_Wetter_6_PP fc13_weather: heiter
2015-05-26_22:15:25 HA_Wetter_6_PP fc11_weatherIcon: http://www.proplanta.de/wetterdaten/images/symbole/t3.gif
2015-05-26_22:15:25 HA_Wetter_6_PP fc5_rain: 0
2015-05-26_22:15:25 HA_Wetter_6_PP fc13_tempMax: 24
2015-05-26_22:15:25 HA_Wetter_6_PP fc5_temp03: 5
2015-05-26_22:15:25 HA_Wetter_6_PP fc1_cloud00: 62.5
2015-05-26_22:15:25 HA_Wetter_6_PP fc6_temp03: 12
2015-05-26_22:15:25 HA_Wetter_6_PP fc4_rad: 5.3
2015-05-26_22:15:25 HA_Wetter_6_PP fc4_cloud03: 87.5
2015-05-26_22:15:25 HA_Wetter_6_PP fc5_chOfRain15: 10
2015-05-26_22:15:25 HA_Wetter_6_PP fc13_weatherIcon: http://www.proplanta.de/wetterdaten/images/symbole/t2.gif
2015-05-26_22:15:25 HA_Wetter_6_PP fc5_chOfRain03: 10
2015-05-26_22:15:25 HA_Wetter_6_PP fc5_chOfRain06: 10
2015-05-26_22:15:25 HA_Wetter_6_PP fc6_chOfRainDay: 40
2015-05-26_22:15:25 HA_Wetter_6_PP fc1_chOfRain21: 15
2015-05-26_22:15:25 HA_Wetter_6_PP fc5_chOfRain21: 15
2015-05-26_22:15:25 HA_Wetter_6_PP fc5_cloud03: 37.5
2015-05-26_22:15:25 HA_Wetter_6_PP fc4_chOfRain09: 10
2015-05-26_22:15:25 HA_Wetter_6_PP durationFetchReadings: 30.94
2015-05-26_22:15:25 HA_Wetter_6_PP fc4_dew: 2
2015-05-26_22:15:25 HA_Wetter_6_PP fc4_chOfRainNight: 15
2015-05-26_22:15:25 HA_Wetter_6_PP fc2_temp15: 20
2015-05-26_22:15:25 HA_Wetter_6_PP fc6_rad: 7.2
2015-05-26_22:15:25 HA_Wetter_6_PP fc3_cloud00: 50
2015-05-26_22:15:25 HA_Wetter_6_PP fc6_cloud12: 50
2015-05-26_22:15:25 HA_Wetter_6_PP fc6_rain03: 0.6
2015-05-26_22:15:25 HA_Wetter_6_PP fc5_weatherDay: wolkig
2015-05-26_22:15:25 HA_Wetter_6_PP humidity: 59.5
2015-05-26_22:15:25 HA_Wetter_6_PP fc5_chOfRain00: 15
2015-05-26_22:15:25 HA_Wetter_6_PP fc5_rad: 7.6
2015-05-26_22:15:25 HA_Wetter_6_PP fc2_weatherMorningIcon: http://www.proplanta.de/wetterdaten/images/symbole/t2.gif
2015-05-26_22:15:25 HA_Wetter_6_PP fc6_temp06: 16
2015-05-26_22:15:25 HA_Wetter_6_PP fc7_weatherIcon: http://www.proplanta.de/wetterdaten/images/symbole/t8.gif
2015-05-26_22:15:25 HA_Wetter_6_PP fc1_rad: 2.3
2015-05-26_22:15:25 HA_Wetter_6_PP pressure: 1019.4
2015-05-26_22:15:25 HA_Wetter_6_PP fc3_tempMax: 20
2015-05-26_22:15:25 HA_Wetter_6_PP fc4_cloud21: 100
2015-05-26_22:15:25 HA_Wetter_6_PP temperature: 11
2015-05-26_22:15:25 HA_Wetter_6_PP fc2_weatherNightIcon: http://www.proplanta.de/wetterdaten/images/symbole/n6.gif
2015-05-26_22:15:25 HA_Wetter_6_PP fc6_temp00: 12
2015-05-26_22:15:25 HA_Wetter_6_PP fc6_rain12: 0.5
2015-05-26_22:15:25 HA_Wetter_6_PP fc6_chOfRain09: 50
2015-05-26_22:15:25 HA_Wetter_6_PP fc3_weatherEvening: stark bewoelkt
2015-05-26_22:15:25 HA_Wetter_6_PP fc3_weatherEveningIcon: http://www.proplanta.de/wetterdaten/images/symbole/n4.gif
2015-05-26_22:15:25 HA_Wetter_6_PP fc6_cloud06: 50
2015-05-26_22:15:25 HA_Wetter_6_PP fc1_chOfRainNight: 10
2015-05-26_22:15:25 HA_Wetter_6_PP fc4_chOfRain00: 20
2015-05-26_22:15:25 HA_Wetter_6_PP fc9_tempMin: 8
2015-05-26_22:15:25 HA_Wetter_6_PP fc4_chOfRain06: 15
2015-05-26_22:15:25 HA_Wetter_6_PP fc5_chOfRainDay: 10
2015-05-26_22:15:25 HA_Wetter_6_PP fc6_cloud09: 62.5
2015-05-26_22:15:25 HA_Wetter_6_PP fc8_tempMax: 18
2015-05-26_22:15:25 HA_Wetter_6_PP fc5_temp18: 17
2015-05-26_22:15:25 HA_Wetter_6_PP fc3_rad: 7.1
2015-05-26_22:15:25 HA_Wetter_6_PP fc6_chOfRain21: 40
2015-05-26_22:15:25 HA_Wetter_6_PP fc6_chOfRain06: 40
2015-05-26_22:15:25 HA_Wetter_6_PP fc4_weatherEvening: stark bewoelkt
2015-05-26_22:15:25 HA_Wetter_6_PP fc3_rain12: 0.8
2015-05-26_22:15:25 HA_Wetter_6_PP fc6_chOfRain00: 15
2015-05-26_22:15:25 HA_Wetter_6_PP fc7_weather: unterschiedlich bewoelkt, vereinzelt Schauer und Gewitter
2015-05-26_22:15:25 HA_Wetter_6_PP fc2_cloud03: 0
2015-05-26_22:15:25 HA_Wetter_6_PP fc1_cloud03: 75
2015-05-26_22:15:25 HA_Wetter_6_PP fc4_temp00: 10
2015-05-26_22:15:25 HA_Wetter_6_PP fc6_tempMin: 12
2015-05-26_22:15:25 HA_Wetter_6_PP fc4_chOfRain18: 15
2015-05-26_22:15:25 HA_Wetter_6_PP fc6_temp09: 22
2015-05-26_22:15:25 HA_Wetter_6_PP fc4_cloud06: 87.5
2015-05-26_22:15:25 HA_Wetter_6_PP fc3_rain: 1.4
2015-05-26_22:15:25 HA_Wetter_6_PP fc2_cloud21: 75
2015-05-26_22:15:25 HA_Wetter_6_PP fc3_temp15: 20
2015-05-26_22:15:25 HA_Wetter_6_PP fc4_temp09: 16
2015-05-26_22:15:25 HA_Wetter_6_PP fc4_weatherMorningIcon: http://www.proplanta.de/wetterdaten/images/symbole/t4.gif
2015-05-26_22:15:25 HA_Wetter_6_PP fc4_weatherMorning: stark bewoelkt
2015-05-26_22:15:25 HA_Wetter_6_PP fc5_tempMin: 5
2015-05-26_22:15:25 HA_Wetter_6_PP fc7_tempMax: 18
2015-05-26_22:15:25 HA_Wetter_6_PP fc3_weatherMorningIcon: http://www.proplanta.de/wetterdaten/images/symbole/t3.gif
2015-05-26_22:15:25 HA_Wetter_6_PP fc4_cloud18: 87.5
2015-05-26_22:15:25 HA_Wetter_6_PP fc6_sun: 30
2015-05-26_22:15:25 HA_Wetter_6_PP fc11_tempMax: 22
2015-05-26_22:15:25 HA_Wetter_6_PP fc2_chOfRain21: 40
2015-05-26_22:15:25 HA_Wetter_6_PP fc2_chOfRainNight: 40
2015-05-26_22:15:25 HA_Wetter_6_PP fc6_rain21: 1.3
2015-05-26_22:15:25 HA_Wetter_6_PP fc5_cloud18: 37.5
2015-05-26_22:15:25 HA_Wetter_6_PP fc6_temp12: 25
2015-05-26_22:15:25 HA_Wetter_6_PP fc4_chOfRain03: 15
2015-05-26_22:15:25 HA_Wetter_6_PP fc6_weatherMorning: Regenschauer
2015-05-26_22:15:25 HA_Wetter_6_PP fc3_cloud18: 75
2015-05-26_22:15:25 HA_Wetter_6_PP fc5_dew: 1
2015-05-26_22:15:25 HA_Wetter_6_PP fc5_cloud15: 25
2015-05-26_22:15:25 HA_Wetter_6_PP fc3_weatherNightIcon: http://www.proplanta.de/wetterdaten/images/symbole/n4.gif
2015-05-26_22:15:25 HA_Wetter_6_PP fc10_tempMin: 5
2015-05-26_22:15:25 HA_Wetter_6_PP fc11_weather: wolkig
2015-05-26_22:15:25 HA_Wetter_6_PP fc6_weatherNightIcon: http://www.proplanta.de/wetterdaten/images/symbole/n6.gif
2015-05-26_22:15:25 HA_Wetter_6_PP fc3_rain15: 0
2015-05-26_22:15:25 HA_Wetter_6_PP fc2_chOfRain06: 5
2015-05-26_22:15:25 HA_Wetter_6_PP fc1_chOfRain03: 15
2015-05-26_22:15:25 HA_Wetter_6_PP fc4_cloud15: 100
2015-05-26_22:15:25 HA_Wetter_6_PP fc3_weatherNight: stark bewoelkt
2015-05-26_22:15:25 HA_Wetter_6_PP fc2_rain: 1.4
2015-05-26_22:15:25 HA_Wetter_6_PP fc3_chOfRain00: 10
2015-05-26_22:15:25 HA_Wetter_6_PP fc2_rad: 7.6
2015-05-26_22:15:25 HA_Wetter_6_PP fc5_tempMax: 21
2015-05-26_22:15:25 HA_Wetter_6_PP fc5_weatherNightIcon: http://www.proplanta.de/wetterdaten/images/symbole/n4.gif
2015-05-26_22:15:25 HA_Wetter_6_PP fc9_weather: wolkig
2015-05-26_22:15:25 HA_Wetter_6_PP fc1_cloud21: 75
2015-05-26_22:15:25 HA_Wetter_6_PP fc5_temp12: 18
2015-05-26_22:15:25 HA_Wetter_6_PP fc12_tempMax: 21
2015-05-26_22:15:25 HA_Wetter_6_PP fc5_temp06: 12
2015-05-26_22:15:25 HA_Wetter_6_PP fc4_uv: 4
2015-05-26_22:15:25 HA_Wetter_6_PP fc5_rain03: 0
2015-05-26_22:15:25 HA_Wetter_6_PP fc5_cloud21: 75
2015-05-26_22:15:25 HA_Wetter_6_PP fc3_chOfRain12: 40
2015-05-26_22:15:25 HA_Wetter_6_PP fc2_weatherNight: Regenschauer
2015-05-26_22:15:25 HA_Wetter_6_PP fc1_cloud06: 50
2015-05-26_22:15:25 HA_Wetter_6_PP fc6_temp21: 16
2015-05-26_22:15:25 HA_Wetter_6_PP fc4_weatherNightIcon: http://www.proplanta.de/wetterdaten/images/symbole/n4.gif
2015-05-26_22:15:25 HA_Wetter_6_PP fc2_temp00: 6
2015-05-26_22:15:25 HA_Wetter_6_PP fc6_weatherMorningIcon: http://www.proplanta.de/wetterdaten/images/symbole/t6.gif
2015-05-26_22:15:25 HA_Wetter_6_PP fc2_rain21: 1.4
2015-05-26_22:15:25 HA_Wetter_6_PP fc1_weatherNightIcon: http://www.proplanta.de/wetterdaten/images/symbole/n3.gif
2015-05-26_22:15:25 HA_Wetter_6_PP fc3_chOfRain21: 20
2015-05-26_22:15:25 HA_Wetter_6_PP fc3_chOfRain15: 10
2015-05-26_22:15:25 HA_Wetter_6_PP fc5_temp09: 15
2015-05-26_22:15:25 HA_Wetter_6_PP fc1_temp21: 5
2015-05-26_22:15:25 HA_Wetter_6_PP fc4_chOfRain21: 20
2015-05-26_22:15:25 HA_Wetter_6_PP fc3_temp06: 13
2015-05-26_22:15:25 HA_Wetter_6_PP fc2_chOfRain00: 10
2015-05-26_22:15:25 HA_Wetter_6_PP fc6_chOfRain15: 10
2015-05-26_22:15:25 HA_Wetter_6_PP fc4_rain09: 0
2015-05-26_22:15:25 HA_Wetter_6_PP fc3_cloud09: 62.5
2015-05-26_22:15:25 HA_Wetter_6_PP fc6_cloud00: 75
2015-05-26_22:15:25 HA_Wetter_6_PP fc5_uv: 4
2015-05-26_22:15:25 HA_Wetter_6_PP fc1_temp12: 10
2015-05-26_22:15:25 HA_Wetter_6_PP fc6_weatherDay: Regenschauer
2015-05-26_22:15:25 HA_Wetter_6_PP fc9_tempMax: 19
2015-05-26_22:15:25 HA_Wetter_6_PP fc3_rain09: 0.6
2015-05-26_22:15:25 HA_Wetter_6_PP fc6_chOfRain03: 80
2015-05-26_22:15:25 HA_Wetter_6_PP Tmin: 8 Tmax: 15 T: 11 H: 59.5 W: 14.4 P: 1019.4
2015-05-26_22:15:25 HA_Wetter_6_PP lastConnection: 439 values captured in 30.94 s
2015-05-26_23:15:25 HA_Wetter_6_PP wind: 10.8
2015-05-26_23:15:25 HA_Wetter_6_PP cloudBaseMin: 2000
2015-05-26_23:15:25 HA_Wetter_6_PP dewPoint: 4.4
2015-05-26_23:15:25 HA_Wetter_6_PP obsTime: 22:00
2015-05-26_23:15:25 HA_Wetter_6_PP durationFetchReadings: 30.85
2015-05-26_23:15:25 HA_Wetter_6_PP humidity: 67.4
2015-05-26_23:15:25 HA_Wetter_6_PP visibility: 70
2015-05-26_23:15:25 HA_Wetter_6_PP pressure: 1020.2
2015-05-26_23:15:25 HA_Wetter_6_PP temperature: 10.1
2015-05-26_23:15:25 HA_Wetter_6_PP cloudBaseMax: 2500
2015-05-26_23:15:25 HA_Wetter_6_PP Tmin: 8 Tmax: 15 T: 10.1 H: 67.4 W: 10.8 P: 1020.2
2015-05-26_23:15:25 HA_Wetter_6_PP lastConnection: 439 values captured in 30.85 s
