2015.05.10 21:00:00 3: CUL_HM set HM_vCCU_1 hmPairForSec 60
2015.05.10 21:00:12 2: CUL_HM Unknown device HM_2D2D76 is now defined
2015.05.10 21:00:12 2: autocreate: define HM_2D2D76 CUL_HM 2D2D76
2015.05.10 21:00:12 3: Device HM_2D2D76 added to ActionDetector with 028:00 time
2015.05.10 21:00:12 3: CUL_HM pair: HM_2D2D76 threeStateSensor, model HM-SEC-RHS serialNr 
2015.05.10 21:00:12 3: CUL_HM set HM_2D2D76 getConfig
2015.05.10 21:00:17 3: Device HM_2D2D76 added to ActionDetector with 028:00 time
2015.05.10 21:11:59 3: Device GT_Fens_E added to ActionDetector with 028:00 time
2015.05.10 21:35:43 3: CUL_HM set HM_vCCU_1 hmPairForSec 60
2015.05.10 21:35:51 2: CUL_HM Unknown device HM_3576E0 is now defined
2015.05.10 21:35:51 2: autocreate: define HM_3576E0 CUL_HM 3576E0
2015.05.10 21:35:51 3: Device HM_3576E0 added to ActionDetector with 000:10 time
2015.05.10 21:35:51 3: CUL_HM pair: HM_3576E0 thermostat, model HM-CC-RT-DN serialNr 
2015.05.10 21:35:51 3: CUL_HM set HM_3576E0 getConfig
2015.05.10 21:35:56 3: Device HM_3576E0 added to ActionDetector with 000:10 time
2015.05.10 21:36:24 3: CUL_HM set HM_3576E0 getConfig
2015.05.10 21:36:38 3: Device HM_3576E0 added to ActionDetector with 000:10 time
2015.05.10 21:51:53 1: PERL WARNING: Use of uninitialized value in string eq at ./FHEM/10_CUL_HM.pm line 7355.
2015.05.10 22:07:09 1: RMDIR: ./restoreDir/2015-04-29
2015.05.10 22:07:10 1: UPD ./CHANGED
2015.05.10 22:07:10 1: UPD FHEM/00_ZWDongle.pm
2015.05.10 22:07:10 1: UPD FHEM/10_CUL_HM.pm
2015.05.10 22:07:10 1: UPD FHEM/10_ZWave.pm
2015.05.10 22:07:11 1: UPD FHEM/10_pilight_ctrl.pm
2015.05.10 22:07:11 1: UPD FHEM/37_harmony.pm
2015.05.10 22:07:11 1: UPD FHEM/75_MSG.pm
2015.05.10 22:07:11 1: UPD FHEM/76_MSGFile.pm
2015.05.10 22:07:11 1: UPD FHEM/76_MSGMail.pm
2015.05.10 22:07:11 1: UPD FHEM/98_WeekdayTimer.pm
2015.05.10 22:07:11 1: UPD FHEM/HMConfig.pm
2015.05.10 22:07:12 1: 
2015.05.10 22:07:12 1: New entries in the CHANGED file:
2015.05.10 22:07:12 1:   - feature: 10_pilight_ctrl possibility to ignore all incomming messages, added protocol quigg_gt*
2015.05.10 22:07:12 1:   - change:  MSG: Replace file and mail related code with delegates
2015.05.10 22:07:12 1:   - change:  MSGFile: Assimilate file related code from 75_MSG 
2015.05.10 22:07:12 1:                       to make it standalone, without requiring MSG device
2015.05.10 22:07:12 1:   - change:  MSGMail: Assimilate mail related code from 75_MSG
2015.05.10 22:07:12 1:                       to make it standalone, without requiring MSG device
2015.05.10 22:07:12 1:   - bugfix:  MSG: Determine which SSL implementation to use for sending mail
2015.05.10 22:07:12 1:              (required for libnet-3.06)
2015.05.10 22:07:12 1: Calling /usr/bin/perl ./contrib/commandref_join.pl, this may take a while
2015.05.10 22:09:16 1: *** EN FHEM/23_WEBTHERM.pm: No document text found
2015.05.10 22:09:16 1: 
2015.05.10 22:09:16 1: update finished, "shutdown restart" is needed to activate the changes.
2015.05.10 22:09:16 1: 
2015.05.10 22:09:19 1: fheminfo server response: ==> ok

2015.05.10 22:29:27 0: Server shutdown
2015.05.10 22:29:46 1: Including /opt/fhem-5.4/fhem.cfg
2015.05.10 22:29:46 1: Including ./Holger/connect.cfg
2015.05.10 22:29:46 3: Telnet_1: port 7072 opened
2015.05.10 22:29:47 3: WEB_1: port 8083 opened
2015.05.10 22:29:47 3: WEB_Handy_2: port 8084 opened
2015.05.10 22:29:47 3: WEB_Tablett_3: port 8085 opened
2015.05.10 22:29:47 1: Including ./Holger/AutoCreate.cfg
2015.05.10 22:29:47 1: Including ./Holger/LogProxy.cfg
2015.05.10 22:29:48 1: Including ./Holger/IODev_CUL.cfg
2015.05.10 22:29:48 3: Opening HA_CUL433_1 device /dev/ttyACM0
2015.05.10 22:29:48 3: Setting HA_CUL433_1 baudrate to 38400
2015.05.10 22:29:48 3: HA_CUL433_1 device opened
2015.05.10 22:29:49 3: HA_CUL433_1: Possible commands: BCFiAZEGMRTVWXefmltux
2015.05.10 22:29:49 3: Opening HA_CUL868_HM_1 device /dev/ttyACM1
2015.05.10 22:29:49 3: Setting HA_CUL868_HM_1 baudrate to 38400
2015.05.10 22:29:49 3: HA_CUL868_HM_1 device opened
2015.05.10 22:29:49 3: HA_CUL868_HM_1: Possible commands: BCFiAZEGMRTVWXefmltux
2015.05.10 22:29:49 2: Switched HA_CUL868_HM_1 rfmode to HomeMatic
2015.05.10 22:29:49 1: Including ./Holger/IODev_HM_CCU1.cfg
2015.05.10 22:29:53 1: Including ./Holger/Fenster_HM.cfg
2015.05.10 22:29:53 1: Including ./Holger/Tuer_HM.cfg
2015.05.10 22:29:53 1: Including ./Holger/Tuer_HM_Grafik.cfg
2015.05.10 22:29:53 1: Including ./Holger/Heizung_HM.cfg
2015.05.10 22:29:54 1: Including ./Holger/Heizung_HM_Grafik.cfg
2015.05.10 22:29:54 1: Including ./Holger/ModBus.cfg
2015.05.10 22:29:54 3: Opening HA_Modbus_1 device /dev/ttyUSB0
2015.05.10 22:29:54 3: Setting HA_Modbus_1 baudrate to 9600
2015.05.10 22:29:54 3: HA_Modbus_1 device opened
2015.05.10 22:29:55 1: Including ./Holger/ModBus_SDM220M.cfg
2015.05.10 22:29:55 3: HA_SDM220M_1: defined with id 2, interval 60, destination HA_Modbus_1, protocol RTU
2015.05.10 22:29:55 1: Including ./Holger/ModBus_SDM220M_Grafik.cfg
2015.05.10 22:29:55 1: Including ./Holger/ModBus_SDM630M.cfg
2015.05.10 22:29:55 3: HA_SDM630M_1: defined with id 1, interval 60, destination HA_Modbus_1, protocol RTU
2015.05.10 22:29:55 1: Including ./Holger/ModBus_SDM630M_Grafik.cfg
2015.05.10 22:29:55 1: define HM_3576E0 HM_3576E0 CUL_HM 3576E0: HMid DEF already used by FL_Heizung_S
2015.05.10 22:29:55 1: Including ./log/fhem.save
2015.05.10 22:29:57 1: configfile: GT_Fens_E already defined, delete it first
HMid DEF already used by FL_Heizung_Sstatefile: Please define HM_3576E0_Clima first
Please define HM_3576E0_Clima first
Please define HM_3576E0_Clima first
Please define HM_3576E0_Clima first
Please define HM_3576E0_Clima first
Please define HM_3576E0_Clima first
Please define HM_3576E0_Clima first
Please define HM_3576E0_Clima first
Please define HM_3576E0_Clima first
Please define HM_3576E0_Clima first
Please define HM_3576E0_Clima first
Please define HM_3576E0_Clima first
Please define HM_3576E0_Clima first
Please define HM_3576E0_Clima first
Please define HM_3576E0_Clima first
Please define HM_3576E0_Clima first
Please define HM_3576E0_Clima first
Please define HM_3576E0_Clima first
Please define HM_3576E0_Clima first
Please define HM_3576E0_Clima first
Please define HM_3576E0_Clima first
Please define HM_3576E0_Clima first
Please define HM_3576E0_Clima first
Please define HM_3576E0_Clima first
Please define HM_3576E0_Clima first
Please define HM_3576E0_Clima first
Please define HM_3576E0_Clima first
Please define HM_3576E0_Clima first
Please define HM_3576E0_Clima first
Please define HM_3576E0_Clima first
Please define HM_3576E0_Clima first
Please define HM_3576E0_Clima first
Please define HM_3576E0_Clima first
Please define HM_3576E0_Clima first
Please define HM_3576E0_Clima first
Please define HM_3576E0_Clima first
Please define HM_3576E0_Clima first
Please define HM_3576E0_Clima first
Please define HM_3576E0_Clima first
Please define HM_3576E0_Clima first
Please define HM_3576E0_Clima first
Please define HM_3576E0_Clima first
Please define HM_3576E0_Clima first
Please define HM_3576E0_Clima first
Please define HM_3576E0_Clima first
Please define HM_3576E0_Clima first
Please define HM_3576E0_Clima first
Please define HM_3576E0_Clima first
Please define HM_3576E0_Clima first
Please define HM_3576E0_Clima first
Please define HM_3576E0_Clima first
Please define HM_3576E0_Clima first
Please define HM_3576E0_Clima first
Please define HM_3576E0_ClimaTeam first
Please define HM_3576E0_ClimaTeam first
Please define HM_3576E0_ClimaTeam first
Please define HM_3576E0_ClimaTeam first
Please define HM_3576E0_Climate first
Please define HM_3576E0_Climate first
Please define HM_3576E0_Climate first
Please define HM_3576E0_Climate first
Please define HM_3576E0_Weather first
Please define HM_3576E0_Weather first
Please define HM_3576E0_Weather first
Please define HM_3576E0_Weather first
Please define HM_3576E0_Weather first
Please define HM_3576E0_WindowRec first
Please define HM_3576E0_WindowRec first
Please define HM_3576E0_WindowRec first
Please define HM_3576E0_WindowRec first
Please define HM_3576E0_remote first
Please define HM_3576E0_remote first
Please define HM_3576E0_remote first
Please define HM_3576E0_remote first
2015.05.10 22:29:57 1: usb create starting
2015.05.10 22:29:59 3: Probing CUL device /dev/ttyAMA0
2015.05.10 22:29:59 3: Can't open /dev/ttyAMA0: Permission denied
2015.05.10 22:29:59 1: usb create end
2015.05.10 22:29:59 2: Error messages while initializing FHEM: configfile: GT_Fens_E already defined, delete it first HMid DEF already used by FL_Heizung_Sstatefile: Please define HM_3576E0_Clima first Please define HM_3576E0_Clima first Please define HM_3576E0_Clima first Please define HM_3576E0_Clima first Please define HM_3576E0_Clima first Please define HM_3576E0_Clima first Please define HM_3576E0_Clima first Please define HM_3576E0_Clima first Please define HM_3576E0_Clima first Please define HM_3576E0_Clima first Please define HM_3576E0_Clima first Please define HM_3576E0_Clima first Please define HM_3576E0_Clima first Please define HM_3576E0_Clima first Please define HM_3576E0_Clima first Please define HM_3576E0_Clima first Please define HM_3576E0_Clima first Please define HM_3576E0_Clima first Please define HM_3576E0_Clima first Please define HM_3576E0_Clima first Please define HM_3576E0_Clima first Please define HM_3576E0_Clima first Please define HM_3576E0_Clima first Please define HM_3576E0_Clima first Please define HM_3576E0_Clima first Please define HM_3576E0_Clima first Please define HM_3576E0_Clima first Please define HM_3576E0_Clima first Please define HM_3576E0_Clima first Please define HM_3576E0_Clima first Please define HM_3576E0_Clima first Please define HM_3576E0_Clima first Please define HM_3576E0_Clima first Please define HM_3576E0_Clima first Please define HM_3576E0_Clima first Please define HM_3576E0_Clima first Please define HM_3576E0_Clima first Please define HM_3576E0_Clima first Please define HM_3576E0_Clima first Please define HM_3576E0_Clima first Please define HM_3576E0_Clima first Please define HM_3576E0_Clima first Please define HM_3576E0_Clima first Please define HM_3576E0_Clima first Please define HM_3576E0_Clima first Please define HM_3576E0_Clima first Please define HM_3576E0_Clima first Please define HM_3576E0_Clima first Please define HM_3576E0_Clima first Please define HM_3576E0_Clima first Please define HM_3576E0_Clima first Please define HM_3576E0_Clima first Please define HM_3576E0_Clima first Please define HM_3576E0_ClimaTeam first Please define HM_3576E0_ClimaTeam first Please define HM_3576E0_ClimaTeam first Please define HM_3576E0_ClimaTeam first Please define HM_3576E0_Climate first Please define HM_3576E0_Climate first Please define HM_3576E0_Climate first Please define HM_3576E0_Climate first Please define HM_3576E0_Weather first Please define HM_3576E0_Weather first Please define HM_3576E0_Weather first Please define HM_3576E0_Weather first Please define HM_3576E0_Weather first Please define HM_3576E0_WindowRec first Please define HM_3576E0_WindowRec first Please define HM_3576E0_WindowRec first Please define HM_3576E0_WindowRec first Please define HM_3576E0_remote first Please define HM_3576E0_remote first Please define HM_3576E0_remote first Please define HM_3576E0_remote first
2015.05.10 22:29:59 0: Server started with 57 defined entities (version $Id: fhem.pl 8499 2015-04-30 09:49:39Z rudolfkoenig $, os linux, user pi, pid 3250)
2015.05.10 22:30:00 1: PERL WARNING: Use of uninitialized value $hour in addition (+) at ./FHEM/99_Lipo_Zeit.pm line 301.
2015.05.10 22:30:00 1: PERL WARNING: Use of uninitialized value $year in addition (+) at ./FHEM/99_Lipo_Zeit.pm line 301.
2015.05.10 22:30:00 1: PERL WARNING: Use of uninitialized value in subroutine entry at ./FHEM/99_Lipo_Zeit.pm line 301.
2015.05.10 22:30:02 3: Device GT_Fens_E added to ActionDetector with 028:00 time
2015.05.10 22:30:02 1: PERL WARNING: Missing argument in sprintf at ./FHEM/98_Modbus.pm line 348.
2015.05.10 22:30:02 1: PERL WARNING: Invalid conversion in sprintf: end of string at ./FHEM/98_Modbus.pm line 348.
2015.05.10 22:30:03 1: PERL WARNING: Argument "import+export.active.energy" isn't numeric in sprintf at ./FHEM/98_Modbus.pm line 348.
2015.05.10 22:31:27 1: /dev/ttyACM0 disconnected, waiting to reappear (HA_CUL433_1)
2015.05.10 22:31:34 1: PERL WARNING: Use of uninitialized value in string eq at ./FHEM/10_CUL_HM.pm line 7417.
2015.05.10 22:31:34 3: CUL_HM set FL_Heizung_S_Weather getConfig
2015.05.10 22:34:27 3: CUL_HM set FL_Heizung_S_Clima desired-temp 18.0
2015.05.10 22:36:55 3: CUL_HM set FL_Heizung_S_Climate getConfig
2015.05.10 22:39:14 3: CUL_HM set FL_Heizung_S_WindowRec getConfig
2015.05.10 22:41:19 3: CUL_HM set FL_Heizung_S_Clima getConfig
2015.05.10 22:44:13 3: CUL_HM set FL_Heizung_S_ClimaTeam getConfig
2015.05.10 22:46:53 3: CUL_HM set FL_Heizung_S_remote getConfig
