2015.05.11 20:11:33 3: Setting HA_CUL433_1 baudrate to 38400
2015.05.11 20:11:33 1: /dev/ttyACM0 reappeared (HA_CUL433_1)
2015.05.11 20:11:33 3: HA_CUL433_1: Possible commands: BCFiAZEGMRTVWXefmltux
2015.05.11 20:46:32 3: CUL_HM set FL_Heizung_S_Clima desired-temp 27.0
2015.05.11 21:00:23 0: Server shutdown
2015.05.11 21:00:48 1: Including /opt/fhem-5.4/fhem.cfg
2015.05.11 21:00:48 1: Including ./Holger/connect.cfg
2015.05.11 21:00:49 3: Telnet_1: port 7072 opened
2015.05.11 21:00:51 3: WEB_1: port 8083 opened
2015.05.11 21:00:51 3: WEB_Handy_2: port 8084 opened
2015.05.11 21:00:51 3: WEB_Tablett_3: port 8085 opened
2015.05.11 21:00:51 1: Including ./Holger/AutoCreate.cfg
2015.05.11 21:00:51 1: Including ./Holger/LogProxy.cfg
2015.05.11 21:01:28 1: Including ./Holger/IODev_CUL.cfg
2015.05.11 21:01:29 3: Opening HA_CUL433_1 device /dev/ttyACM0
2015.05.11 21:01:30 3: Setting HA_CUL433_1 baudrate to 38400
2015.05.11 21:01:30 3: HA_CUL433_1 device opened
2015.05.11 21:01:30 3: HA_CUL433_1: Possible commands: BCFiAZEGMRTVWXefmltux
2015.05.11 21:01:30 3: Opening HA_CUL868_HM_1 device /dev/ttyACM1
2015.05.11 21:01:30 3: Setting HA_CUL868_HM_1 baudrate to 38400
2015.05.11 21:01:30 3: HA_CUL868_HM_1 device opened
2015.05.11 21:01:30 3: HA_CUL868_HM_1: Possible commands: BCFiAZEGMRTVWXefmltux
2015.05.11 21:01:31 2: Switched HA_CUL868_HM_1 rfmode to HomeMatic
2015.05.11 21:01:31 1: Including ./Holger/IODev_HM_CCU1.cfg
2015.05.11 21:01:40 1: Including ./Holger/Fenster_HM.cfg
2015.05.11 21:01:41 1: Including ./Holger/Tuer_HM.cfg
2015.05.11 21:01:41 1: Including ./Holger/Tuer_HM_Grafik.cfg
2015.05.11 21:01:42 1: Including ./Holger/Heizung_HM.cfg
2015.05.11 21:01:44 1: Including ./Holger/Heizung_HM_Grafik.cfg
2015.05.11 21:01:44 1: Including ./Holger/ModBus.cfg
2015.05.11 21:01:45 3: Opening HA_Modbus_1 device /dev/ttyUSB0
2015.05.11 21:01:45 3: Setting HA_Modbus_1 baudrate to 9600
2015.05.11 21:01:45 3: HA_Modbus_1 device opened
2015.05.11 21:01:45 1: Including ./Holger/ModBus_SDM220M.cfg
2015.05.11 21:01:45 3: HA_SDM220M_1: defined with id 2, interval 60, destination HA_Modbus_1, protocol RTU
2015.05.11 21:01:45 1: Including ./Holger/ModBus_SDM220M_Grafik.cfg
2015.05.11 21:01:45 1: Including ./Holger/ModBus_SDM630M.cfg
2015.05.11 21:01:46 3: HA_SDM630M_1: defined with id 1, interval 60, destination HA_Modbus_1, protocol RTU
2015.05.11 21:01:46 1: Including ./Holger/ModBus_SDM630M_Grafik.cfg
2015.05.11 21:01:46 1: define HM_3576E0 HM_3576E0 CUL_HM 3576E0: HMid DEF already used by FL_Heizung_S
2015.05.11 21:01:46 1: Including ./log/fhem.save
2015.05.11 21:01:47 1: configfile: GT_Fens_E already defined, delete it first
HMid DEF already used by FL_Heizung_S
2015.05.11 21:01:47 1: usb create starting
2015.05.11 21:01:50 3: Probing CUL device /dev/ttyAMA0
2015.05.11 21:01:50 3: Can't open /dev/ttyAMA0: Permission denied
2015.05.11 21:01:50 1: usb create end
2015.05.11 21:01:50 2: Error messages while initializing FHEM: configfile: GT_Fens_E already defined, delete it first HMid DEF already used by FL_Heizung_S
2015.05.11 21:01:50 0: Server started with 57 defined entities (version $Id: fhem.pl 8499 2015-04-30 09:49:39Z rudolfkoenig $, os linux, user pi, pid 2239)
2015.05.11 21:01:51 1: PERL WARNING: Use of uninitialized value $hour in addition (+) at ./FHEM/99_Lipo_Zeit.pm line 301.
2015.05.11 21:01:51 1: PERL WARNING: Use of uninitialized value $year in addition (+) at ./FHEM/99_Lipo_Zeit.pm line 301.
2015.05.11 21:01:51 1: PERL WARNING: Use of uninitialized value in subroutine entry at ./FHEM/99_Lipo_Zeit.pm line 301.
2015.05.11 21:01:51 3: Device GT_Fens_E added to ActionDetector with 028:00 time
2015.05.11 21:01:52 1: PERL WARNING: Missing argument in sprintf at ./FHEM/98_Modbus.pm line 348.
2015.05.11 21:01:52 1: PERL WARNING: Invalid conversion in sprintf: end of string at ./FHEM/98_Modbus.pm line 348.
2015.05.11 21:01:53 1: PERL WARNING: Argument "import+export.active.energy" isn't numeric in sprintf at ./FHEM/98_Modbus.pm line 348.
2015.05.11 21:01:58 1: Including fhem.cfg
2015.05.11 21:01:58 1: Including ./Holger/connect.cfg
2015.05.11 21:01:58 1: Telnet_1: Can't open server port at 7072: Address already in use. Exiting.
2015.05.11 21:03:02 1: PERL WARNING: Use of uninitialized value in string eq at ./FHEM/10_CUL_HM.pm line 7417.
2015.05.11 21:03:02 3: CUL_HM set FL_Heizung_S_Weather getConfig
2015.05.11 21:05:32 3: CUL_HM set FL_Heizung_S_Climate getConfig
2015.05.11 21:07:49 3: CUL_HM set FL_Heizung_S_WindowRec getConfig
2015.05.11 21:09:51 3: CUL_HM set FL_Heizung_S_Clima getConfig
2015.05.11 21:12:43 3: CUL_HM set FL_Heizung_S_ClimaTeam getConfig
2015.05.11 21:15:20 3: CUL_HM set FL_Heizung_S_remote getConfig
2015.05.11 21:18:05 1: PERL WARNING: Argument "<SPEC5>" isn't numeric in subtraction (-) at ./FHEM/92_FileLog.pm line 622, <GEN85> line 35.
2015.05.11 21:18:05 1: PERL WARNING: Argument "<SPEC6>" isn't numeric in subtraction (-) at ./FHEM/92_FileLog.pm line 622, <GEN85> line 35.
2015.05.11 21:18:05 1: PERL WARNING: Argument "<SPEC5>" isn't numeric in subtraction (-) at ./FHEM/92_FileLog.pm line 622, <GEN86> line 35.
2015.05.11 21:18:05 1: PERL WARNING: Argument "<SPEC6>" isn't numeric in subtraction (-) at ./FHEM/92_FileLog.pm line 622, <GEN86> line 35.
2015.05.11 21:18:05 1: PERL WARNING: Argument "<SPEC6>" isn't numeric in subtraction (-) at ./FHEM/92_FileLog.pm line 622, <GEN86> line 35.
2015.05.11 21:18:06 1: PERL WARNING: Argument "<SPEC5>" isn't numeric in subtraction (-) at ./FHEM/92_FileLog.pm line 622, <GEN88> line 35.
2015.05.11 21:18:06 1: PERL WARNING: Argument "<SPEC6>" isn't numeric in subtraction (-) at ./FHEM/92_FileLog.pm line 622, <GEN88> line 35.
2015.05.11 21:18:06 1: PERL WARNING: Argument "<SPEC2>" isn't numeric in subtraction (-) at ./FHEM/92_FileLog.pm line 622, <GEN89> line 35.
2015.05.11 21:18:06 1: PERL WARNING: Argument "<SPEC3>" isn't numeric in subtraction (-) at ./FHEM/92_FileLog.pm line 622, <GEN89> line 35.
2015.05.11 21:18:06 1: PERL WARNING: Argument "<SPEC4>" isn't numeric in subtraction (-) at ./FHEM/92_FileLog.pm line 622, <GEN89> line 35.
2015.05.11 21:18:06 1: PERL WARNING: Argument "<SPEC5>" isn't numeric in subtraction (-) at ./FHEM/92_FileLog.pm line 622, <GEN89> line 35.
2015.05.11 21:18:06 1: PERL WARNING: Argument "<SPEC6>" isn't numeric in subtraction (-) at ./FHEM/92_FileLog.pm line 622, <GEN89> line 35.
2015.05.11 21:18:06 1: PERL WARNING: Argument "<SPEC2>" isn't numeric in subtraction (-) at ./FHEM/92_FileLog.pm line 622, <GEN89> line 35.
2015.05.11 21:18:06 1: PERL WARNING: Argument "<SPEC3>" isn't numeric in subtraction (-) at ./FHEM/92_FileLog.pm line 622, <GEN89> line 35.
2015.05.11 21:18:06 1: PERL WARNING: Argument "<SPEC4>" isn't numeric in subtraction (-) at ./FHEM/92_FileLog.pm line 622, <GEN89> line 35.
2015.05.11 21:18:06 1: PERL WARNING: Argument "<SPEC5>" isn't numeric in subtraction (-) at ./FHEM/92_FileLog.pm line 622, <GEN89> line 35.
2015.05.11 21:18:06 1: PERL WARNING: Argument "<SPEC6>" isn't numeric in subtraction (-) at ./FHEM/92_FileLog.pm line 622, <GEN89> line 35.
2015.05.11 21:18:39 1: PERL WARNING: Use of uninitialized value in concatenation (.) or string at ./FHEM/92_FileLog.pm line 825.
2015.05.11 21:18:41 1: PERL WARNING: Use of uninitialized value in concatenation (.) or string at ./FHEM/92_FileLog.pm line 825.
2015.05.11 21:18:56 1: PERL WARNING: Use of uninitialized value in concatenation (.) or string at ./FHEM/92_FileLog.pm line 825.
2015.05.11 21:18:59 1: PERL WARNING: Use of uninitialized value in concatenation (.) or string at ./FHEM/92_FileLog.pm line 825.
2015.05.11 21:18:59 1: PERL WARNING: Argument "<SPEC2>" isn't numeric in subtraction (-) at ./FHEM/92_FileLog.pm line 622, <GEN91> line 34.
2015.05.11 21:18:59 1: PERL WARNING: Argument "<SPEC3>" isn't numeric in subtraction (-) at ./FHEM/92_FileLog.pm line 622, <GEN91> line 34.
2015.05.11 21:18:59 1: PERL WARNING: Argument "<SPEC4>" isn't numeric in subtraction (-) at ./FHEM/92_FileLog.pm line 622, <GEN91> line 34.
2015.05.11 21:18:59 1: PERL WARNING: Argument "<SPEC5>" isn't numeric in subtraction (-) at ./FHEM/92_FileLog.pm line 622, <GEN91> line 34.
2015.05.11 21:18:59 1: PERL WARNING: Argument "<SPEC6>" isn't numeric in subtraction (-) at ./FHEM/92_FileLog.pm line 622, <GEN91> line 34.
2015.05.11 21:19:00 1: PERL WARNING: Argument "<SPEC2>" isn't numeric in subtraction (-) at ./FHEM/92_FileLog.pm line 622, <GEN92> line 34.
2015.05.11 21:19:00 1: PERL WARNING: Argument "<SPEC3>" isn't numeric in subtraction (-) at ./FHEM/92_FileLog.pm line 622, <GEN92> line 34.
2015.05.11 21:19:00 1: PERL WARNING: Argument "<SPEC4>" isn't numeric in subtraction (-) at ./FHEM/92_FileLog.pm line 622, <GEN92> line 34.
2015.05.11 21:19:00 1: PERL WARNING: Argument "<SPEC5>" isn't numeric in subtraction (-) at ./FHEM/92_FileLog.pm line 622, <GEN92> line 34.
2015.05.11 21:19:00 1: PERL WARNING: Argument "<SPEC6>" isn't numeric in subtraction (-) at ./FHEM/92_FileLog.pm line 622, <GEN92> line 34.
2015.05.11 21:19:00 1: PERL WARNING: Use of uninitialized value in concatenation (.) or string at ./FHEM/92_FileLog.pm line 825.
2015.05.11 21:19:05 1: PERL WARNING: Use of uninitialized value in concatenation (.) or string at ./FHEM/92_FileLog.pm line 825.
2015.05.11 21:19:14 1: PERL WARNING: Use of uninitialized value in concatenation (.) or string at ./FHEM/92_FileLog.pm line 825.
2015.05.11 21:19:14 1: PERL WARNING: Use of uninitialized value in concatenation (.) or string at ./FHEM/92_FileLog.pm line 825.
2015.05.11 21:20:37 3: CUL_HM set FL_Heizung_S_Clima desired-temp 22.0
2015.05.11 21:24:00 1: PERL WARNING: Use of uninitialized value $value in concatenation (.) or string at ./FHEM/98_logProxy.pm line 568.
2015.05.11 21:24:00 1: PERL WARNING: Argument "" isn't numeric in numeric gt (>) at ./FHEM/98_SVG.pm line 1448.
2015.05.11 21:24:00 1: PERL WARNING: Argument "" isn't numeric in subtraction (-) at ./FHEM/98_SVG.pm line 1779.
2015.05.11 21:27:24 3: CUL_HM set FL_Heizung_S_Clima desired-temp 22.0
