2015.05.27 00:05:00 3: at_newday_0005: Tageswechsel PCA301 Steckdosen, consumption=0
2015.05.27 05:05:00 2: at_Status_send_0505_etc: 05:00 eMail FHEM Statusreport
2015.05.27 05:05:00 2: messenger set HA_eMail_Holger clear
2015.05.27 05:05:00 2: messenger set HA_eMail_Holger add <pre><span style='font-size:150%'><font color='Maroon'><b><u>Hausautomation Status vom</u>: 27.05.2015</b></font>
2015.05.27 05:05:00 2: messenger set HA_eMail_Holger add __Sonnenaufgang: <b>04:22:28</b>
2015.05.27 05:05:00 2: messenger set HA_eMail_Holger add Sonnenuntergang: <b>21:52:10</b>
2015.05.27 05:05:00 2: HA_Macro_eMail: Sysmon Werte zu eMail hinzufuegen
2015.05.27 05:05:00 2: messenger set HA_eMail_Holger add
2015.05.27 05:05:00 2: messenger set HA_eMail_Holger add <font color='Maroon'><u>Sysmon Report__</u>: <b>raspberrypi</b></font>
2015.05.27 05:05:00 2: messenger set HA_eMail_Holger add Host Laufzeit__: <b>2 days, 13 hours, 50 minutes</b>
2015.05.27 05:05:00 2: messenger set HA_eMail_Holger add FHEM Laufzeit__: <b>2 days, 13 hours, 49 minutes</b>
2015.05.27 05:05:00 2: messenger set HA_eMail_Holger add CPU Auslastung_: <b>user: 10.62 %, nice: 0.00 %, sys: 1.65 %, idle: 85.32 %, io: 0.02 %, irq: 0.04 %, sirq: 2.36 %</b>
2015.05.27 05:05:00 2: messenger set HA_eMail_Holger add CPU Temperatur_: <b><font color='red'>47.6</font></b>°C
2015.05.27 05:05:00 3: HA_Macro_eMail return value: Undefined subroutine &main::Sysmon_FS_use called at (eval 144490) line 1.

2015.05.27 05:05:00 2: HA_Macro_eMail: Photovoltaik Werte zu eMail hinzufuegen
2015.05.27 05:05:00 2: messenger set HA_eMail_Holger add
2015.05.27 05:05:00 2: messenger set HA_eMail_Holger add <font color='Maroon'><u>Photovoltaik</u>: <b>Zaehlerstaende</b></font>
2015.05.27 05:05:00 2: messenger set HA_eMail_Holger add Erzeugung__: <b>16888.9 kWh</b> (Zeit: 2015-05-26 22:17:37)
2015.05.27 05:05:00 2: messenger set HA_eMail_Holger add Einspeisung: <b>0.0 kWh</b> (Zeit: 2015-05-26 23:59:30)
2015.05.27 05:05:00 2: messenger set HA_eMail_Holger add Bezug______: <b>7.2 kWh</b> (Zeit: 2015-05-26 23:59:30)
2015.05.27 05:05:00 2: messenger set HA_eMail_Holger add
2015.05.27 05:05:00 2: messenger set HA_eMail_Holger add <font color='Maroon'><u>Photovoltaik</u>: <b>Gestern</b></font>
2015.05.27 05:05:00 2: messenger set HA_eMail_Holger add Erzeugung_____: <b>12.3 kWh</b>
2015.05.27 05:05:01 2: messenger set HA_eMail_Holger add Einspeisung___: <b>11.7 kWh</b>
2015.05.27 05:05:01 2: messenger set HA_eMail_Holger add Eigenverbrauch: <b>0.6 kWh</b>
2015.05.27 05:05:01 2: messenger set HA_eMail_Holger add Bezug_________: <b>7.2 kWh</b>
2015.05.27 05:05:01 2: HA_Macro_eMail: Werte von PCA301 Steckdosen zu eMail hinzufuegen
2015.05.27 05:05:01 2: messenger set HA_eMail_Holger add
2015.05.27 05:05:01 2: messenger set HA_eMail_Holger add <font color='Maroon'><u>Verbrauch Steckdosen</u>: <b>PCA301</b></font>
2015.05.27 05:05:01 2: messenger set HA_eMail_Holger add Steckdose 01: Kuehlschrank, Verbrauch: <b>1.07 kWh</b>
2015.05.27 05:05:01 2: messenger set HA_eMail_Holger add </span></pre>
2015.05.27 05:05:01 3: HA_Macro_eMail: FHEM Status-eMail senden
2015.05.27 05:05:01 3: HA_eMail_Holger: try to connect with Net::SMTP::SSL
2015.05.27 05:05:04 1: HA_eMail_Holger: successfully sent email w/ subject 'FHEM Status report'
2015.05.27 05:05:04 2: messenger set HA_eMail_Holger send HA_eMail_Holger
2015.05.27 05:05:04 2: HA_Macro_eMail: FHEM Status-eMail senden
2015.05.27 05:05:04 2: messenger set HA_eMail_Holger clear
2015.05.27 05:05:04 2: at_Status_send_0505_etc: 05:00 eMail FHEM Statusreport senden
2015.05.27 06:34:37 1: PERL WARNING: Argument "<b><font color='blue'>-1.1</font></b>" isn't numeric in numeric gt (>) at ./FHEM/99_Lipo_email.pm line 34.
2015.05.27 08:25:40 1: PERL WARNING: Argument "<b><font color='blue'>-1.2</font></b>" isn't numeric in numeric gt (>) at ./FHEM/99_Lipo_email.pm line 34.
2015.05.27 08:47:56 1: PERL WARNING: Argument "<SPEC2>" isn't numeric in subtraction (-) at ./FHEM/92_FileLog.pm line 622, <GEN5158> line 24.
2015.05.27 08:47:56 1: PERL WARNING: Argument "<SPEC3>" isn't numeric in subtraction (-) at ./FHEM/92_FileLog.pm line 622, <GEN5158> line 24.
2015.05.27 08:47:56 1: PERL WARNING: Argument "<SPEC4>" isn't numeric in subtraction (-) at ./FHEM/92_FileLog.pm line 622, <GEN5158> line 24.
2015.05.27 08:47:56 1: PERL WARNING: Argument "<SPEC5>" isn't numeric in subtraction (-) at ./FHEM/92_FileLog.pm line 622, <GEN5158> line 24.
2015.05.27 08:47:56 1: PERL WARNING: Argument "<SPEC6>" isn't numeric in subtraction (-) at ./FHEM/92_FileLog.pm line 622, <GEN5158> line 24.
2015.05.27 08:47:56 1: PERL WARNING: Argument "<SPEC2>" isn't numeric in subtraction (-) at ./FHEM/92_FileLog.pm line 622, <GEN5158> line 24.
2015.05.27 08:47:56 1: PERL WARNING: Argument "<SPEC3>" isn't numeric in subtraction (-) at ./FHEM/92_FileLog.pm line 622, <GEN5158> line 24.
2015.05.27 08:47:56 1: PERL WARNING: Argument "<SPEC4>" isn't numeric in subtraction (-) at ./FHEM/92_FileLog.pm line 622, <GEN5158> line 24.
2015.05.27 08:47:56 1: PERL WARNING: Argument "<SPEC5>" isn't numeric in subtraction (-) at ./FHEM/92_FileLog.pm line 622, <GEN5158> line 24.
2015.05.27 08:47:56 1: PERL WARNING: Argument "<SPEC6>" isn't numeric in subtraction (-) at ./FHEM/92_FileLog.pm line 622, <GEN5158> line 24.
2015.05.27 08:47:56 1: PERL WARNING: Argument "<SPEC2>" isn't numeric in subtraction (-) at ./FHEM/92_FileLog.pm line 622, <GEN5158> line 24.
2015.05.27 08:47:56 1: PERL WARNING: Argument "<SPEC3>" isn't numeric in subtraction (-) at ./FHEM/92_FileLog.pm line 622, <GEN5158> line 24.
2015.05.27 08:47:56 1: PERL WARNING: Argument "<SPEC4>" isn't numeric in subtraction (-) at ./FHEM/92_FileLog.pm line 622, <GEN5158> line 24.
2015.05.27 08:47:56 1: PERL WARNING: Argument "<SPEC5>" isn't numeric in subtraction (-) at ./FHEM/92_FileLog.pm line 622, <GEN5158> line 24.
2015.05.27 08:47:56 1: PERL WARNING: Argument "<SPEC6>" isn't numeric in subtraction (-) at ./FHEM/92_FileLog.pm line 622, <GEN5158> line 24.
2015.05.27 08:47:57 1: PERL WARNING: Use of uninitialized value in concatenation (.) or string at ./FHEM/92_FileLog.pm line 833.
2015.05.27 08:47:57 1: PERL WARNING: Use of uninitialized value in concatenation (.) or string at ./FHEM/92_FileLog.pm line 833.
2015.05.27 08:47:57 1: PERL WARNING: Use of uninitialized value in concatenation (.) or string at ./FHEM/92_FileLog.pm line 833.
2015.05.27 08:54:22 1: PERL WARNING: Argument "<SPEC6>" isn't numeric in subtraction (-) at ./FHEM/92_FileLog.pm line 622, <GEN5185> line 42.
2015.05.27 08:54:22 1: PERL WARNING: Argument "<SPEC2>" isn't numeric in subtraction (-) at ./FHEM/92_FileLog.pm line 622, <GEN5185> line 42.
2015.05.27 08:54:22 1: PERL WARNING: Argument "<SPEC3>" isn't numeric in subtraction (-) at ./FHEM/92_FileLog.pm line 622, <GEN5185> line 42.
2015.05.27 08:54:22 1: PERL WARNING: Argument "<SPEC4>" isn't numeric in subtraction (-) at ./FHEM/92_FileLog.pm line 622, <GEN5185> line 42.
2015.05.27 08:54:22 1: PERL WARNING: Argument "<SPEC5>" isn't numeric in subtraction (-) at ./FHEM/92_FileLog.pm line 622, <GEN5185> line 42.
2015.05.27 08:54:22 1: PERL WARNING: Argument "<SPEC6>" isn't numeric in subtraction (-) at ./FHEM/92_FileLog.pm line 622, <GEN5185> line 42.
2015.05.27 08:54:22 1: PERL WARNING: Argument "<SPEC5>" isn't numeric in subtraction (-) at ./FHEM/92_FileLog.pm line 622, <GEN5185> line 42.
2015.05.27 08:54:22 1: PERL WARNING: Argument "<SPEC6>" isn't numeric in subtraction (-) at ./FHEM/92_FileLog.pm line 622, <GEN5185> line 42.
2015.05.27 08:54:22 1: PERL WARNING: Argument "<SPEC2>" isn't numeric in subtraction (-) at ./FHEM/92_FileLog.pm line 622, <GEN5185> line 42.
2015.05.27 08:54:22 1: PERL WARNING: Argument "<SPEC3>" isn't numeric in subtraction (-) at ./FHEM/92_FileLog.pm line 622, <GEN5185> line 42.
2015.05.27 08:54:22 1: PERL WARNING: Argument "<SPEC4>" isn't numeric in subtraction (-) at ./FHEM/92_FileLog.pm line 622, <GEN5185> line 42.
2015.05.27 08:54:22 1: PERL WARNING: Argument "<SPEC5>" isn't numeric in subtraction (-) at ./FHEM/92_FileLog.pm line 622, <GEN5185> line 42.
2015.05.27 08:54:22 1: PERL WARNING: Argument "<SPEC6>" isn't numeric in subtraction (-) at ./FHEM/92_FileLog.pm line 622, <GEN5185> line 42.
2015.05.27 08:54:22 1: PERL WARNING: Argument "<SPEC5>" isn't numeric in subtraction (-) at ./FHEM/92_FileLog.pm line 622, <GEN5185> line 42.
2015.05.27 08:54:22 1: PERL WARNING: Argument "<SPEC6>" isn't numeric in subtraction (-) at ./FHEM/92_FileLog.pm line 622, <GEN5185> line 42.
2015.05.27 08:54:22 1: PERL WARNING: Argument "<SPEC5>" isn't numeric in subtraction (-) at ./FHEM/92_FileLog.pm line 622, <GEN5185> line 42.
2015.05.27 08:54:22 1: PERL WARNING: Argument "<SPEC6>" isn't numeric in subtraction (-) at ./FHEM/92_FileLog.pm line 622, <GEN5185> line 42.
2015.05.27 08:59:54 1: PERL WARNING: Use of uninitialized value in concatenation (.) or string at ./FHEM/92_FileLog.pm line 833.
2015.05.27 09:00:03 1: PERL WARNING: Use of uninitialized value in concatenation (.) or string at ./FHEM/92_FileLog.pm line 833.
2015.05.27 09:02:37 1: PERL WARNING: Use of uninitialized value in concatenation (.) or string at ./FHEM/92_FileLog.pm line 833.
2015.05.27 09:03:31 1: PERL WARNING: Use of uninitialized value in concatenation (.) or string at ./FHEM/92_FileLog.pm line 833.
2015.05.27 09:03:33 1: PERL WARNING: Use of uninitialized value in concatenation (.) or string at ./FHEM/92_FileLog.pm line 833.
2015.05.27 09:03:55 1: PERL WARNING: Use of uninitialized value in concatenation (.) or string at ./FHEM/92_FileLog.pm line 833.
2015.05.27 09:04:00 1: PERL WARNING: Argument "<SPEC2>" isn't numeric in subtraction (-) at ./FHEM/92_FileLog.pm line 622, <GEN5198> line 42.
2015.05.27 09:04:00 1: PERL WARNING: Argument "<SPEC3>" isn't numeric in subtraction (-) at ./FHEM/92_FileLog.pm line 622, <GEN5198> line 42.
2015.05.27 09:04:00 1: PERL WARNING: Argument "<SPEC4>" isn't numeric in subtraction (-) at ./FHEM/92_FileLog.pm line 622, <GEN5198> line 42.
2015.05.27 09:04:00 1: PERL WARNING: Argument "<SPEC5>" isn't numeric in subtraction (-) at ./FHEM/92_FileLog.pm line 622, <GEN5198> line 42.
2015.05.27 09:04:00 1: PERL WARNING: Argument "<SPEC6>" isn't numeric in subtraction (-) at ./FHEM/92_FileLog.pm line 622, <GEN5198> line 42.
2015.05.27 09:04:00 1: PERL WARNING: Argument "<SPEC2>" isn't numeric in subtraction (-) at ./FHEM/92_FileLog.pm line 622, <GEN5200> line 42.
2015.05.27 09:04:00 1: PERL WARNING: Argument "<SPEC3>" isn't numeric in subtraction (-) at ./FHEM/92_FileLog.pm line 622, <GEN5200> line 42.
2015.05.27 09:04:00 1: PERL WARNING: Argument "<SPEC4>" isn't numeric in subtraction (-) at ./FHEM/92_FileLog.pm line 622, <GEN5200> line 42.
2015.05.27 09:04:00 1: PERL WARNING: Argument "<SPEC5>" isn't numeric in subtraction (-) at ./FHEM/92_FileLog.pm line 622, <GEN5200> line 42.
2015.05.27 09:04:01 1: PERL WARNING: Argument "<SPEC6>" isn't numeric in subtraction (-) at ./FHEM/92_FileLog.pm line 622, <GEN5200> line 42.
2015.05.27 09:05:53 1: PERL WARNING: Use of uninitialized value in concatenation (.) or string at ./FHEM/92_FileLog.pm line 833.
2015.05.27 09:05:54 1: PERL WARNING: Use of uninitialized value in concatenation (.) or string at ./FHEM/92_FileLog.pm line 833.
2015.05.27 20:01:32 1: PERL WARNING: Argument "<b><font color='blue'>-1.3</font></b>" isn't numeric in numeric gt (>) at ./FHEM/99_Lipo_email.pm line 34.
2015.05.27 21:01:58 1: PERL WARNING: Argument "<b><font color='blue'>-1.4</font></b>" isn't numeric in numeric gt (>) at ./FHEM/99_Lipo_email.pm line 34.
2015.05.27 21:47:06 1: PERL WARNING: Argument "<b><font color='blue'>-1.5</font></b>" isn't numeric in numeric gt (>) at ./FHEM/99_Lipo_email.pm line 34.
2015.05.27 21:50:56 1: PERL WARNING: Prototype mismatch: sub main::Lipo_email_Initialize: none vs () at ./FHEM/99_Lipo_email.pm line 7.
2015.05.27 21:50:56 1: PERL WARNING: Prototype mismatch: sub main::fb_mail: none vs () at ./FHEM/99_Lipo_email.pm line 12.
2015.05.27 21:50:56 1: PERL WARNING: Subroutine Lipo_email_Initialize redefined at ./FHEM/99_Lipo_email.pm line 15.
2015.05.27 21:50:56 1: PERL WARNING: Subroutine FormatBR redefined at ./FHEM/99_Lipo_email.pm line 19.
2015.05.27 21:50:56 1: PERL WARNING: Subroutine FormatWenn redefined at ./FHEM/99_Lipo_email.pm line 65.
2015.05.27 21:50:56 1: PERL WARNING: Subroutine PCA_Verbrauch redefined at ./FHEM/99_Lipo_email.pm line 98.
2015.05.27 21:50:56 1: PERL WARNING: Subroutine fb_mail redefined at ./FHEM/99_Lipo_email.pm line 125.
2015.05.27 21:52:53 1: PERL WARNING: Argument "<b><font color='blue'>-1.4</font></b>" isn't numeric in numeric gt (>) at ./FHEM/99_Lipo_email.pm line 35.
2015.05.27 21:58:03 1: PERL WARNING: Having no space between pattern and following word is deprecated at (eval 186615) line 1.
2015.05.27 21:58:03 3: eval: {if( 20>0 ) {""<b><font color='red'>Verbrauch</font></b>"}else{"<b><font color='green'>Einspeisung</font></b>"}}
2015.05.27 21:59:30 1: Error evaluating PV_Einspeisung_0 stateFormat: syntax error at (eval 186696) line 1, near ".if"

2015.05.27 22:00:13 1: Error evaluating PV_Einspeisung_0 stateFormat: syntax error at (eval 186735) line 1, near ".if"

2015.05.27 22:01:22 1: Error evaluating PV_Einspeisung_0 stateFormat: syntax error at (eval 186792) line 1, near ".if"

2015.05.27 22:02:16 1: Error evaluating PV_Einspeisung_0 stateFormat: syntax error at (eval 186817) line 1, near ".if"

2015.05.27 22:03:22 1: Error evaluating PV_Einspeisung_0 stateFormat: syntax error at (eval 186873) line 1, near ".if"

2015.05.27 22:04:16 1: Error evaluating PV_Einspeisung_0 stateFormat: syntax error at (eval 186899) line 1, near ".if"

2015.05.27 22:04:41 1: Error evaluating PV_Einspeisung_0 stateFormat: syntax error at (eval 186920) line 2, at EOF

2015.05.27 22:31:33 1: PERL WARNING: Argument "<SPEC2>" isn't numeric in subtraction (-) at ./FHEM/92_FileLog.pm line 622, <GEN6212> line 24.
2015.05.27 22:31:33 1: PERL WARNING: Argument "<SPEC3>" isn't numeric in subtraction (-) at ./FHEM/92_FileLog.pm line 622, <GEN6212> line 24.
2015.05.27 22:31:33 1: PERL WARNING: Argument "<SPEC4>" isn't numeric in subtraction (-) at ./FHEM/92_FileLog.pm line 622, <GEN6212> line 24.
2015.05.27 22:31:33 1: PERL WARNING: Argument "<SPEC5>" isn't numeric in subtraction (-) at ./FHEM/92_FileLog.pm line 622, <GEN6212> line 24.
2015.05.27 22:31:33 1: PERL WARNING: Argument "<SPEC6>" isn't numeric in subtraction (-) at ./FHEM/92_FileLog.pm line 622, <GEN6212> line 24.
2015.05.27 22:31:33 1: PERL WARNING: Argument "<SPEC2>" isn't numeric in subtraction (-) at ./FHEM/92_FileLog.pm line 622, <GEN6213> line 24.
2015.05.27 22:31:33 1: PERL WARNING: Argument "<SPEC3>" isn't numeric in subtraction (-) at ./FHEM/92_FileLog.pm line 622, <GEN6213> line 24.
2015.05.27 22:31:33 1: PERL WARNING: Argument "<SPEC4>" isn't numeric in subtraction (-) at ./FHEM/92_FileLog.pm line 622, <GEN6213> line 24.
2015.05.27 22:31:33 1: PERL WARNING: Argument "<SPEC5>" isn't numeric in subtraction (-) at ./FHEM/92_FileLog.pm line 622, <GEN6213> line 24.
2015.05.27 22:31:33 1: PERL WARNING: Argument "<SPEC6>" isn't numeric in subtraction (-) at ./FHEM/92_FileLog.pm line 622, <GEN6213> line 24.
2015.05.27 22:31:33 1: PERL WARNING: Argument "<SPEC2>" isn't numeric in subtraction (-) at ./FHEM/92_FileLog.pm line 622, <GEN6215> line 24.
2015.05.27 22:31:33 1: PERL WARNING: Argument "<SPEC3>" isn't numeric in subtraction (-) at ./FHEM/92_FileLog.pm line 622, <GEN6215> line 24.
2015.05.27 22:31:33 1: PERL WARNING: Argument "<SPEC4>" isn't numeric in subtraction (-) at ./FHEM/92_FileLog.pm line 622, <GEN6215> line 24.
2015.05.27 22:31:33 1: PERL WARNING: Argument "<SPEC5>" isn't numeric in subtraction (-) at ./FHEM/92_FileLog.pm line 622, <GEN6215> line 24.
2015.05.27 22:31:33 1: PERL WARNING: Argument "<SPEC6>" isn't numeric in subtraction (-) at ./FHEM/92_FileLog.pm line 622, <GEN6215> line 24.
2015.05.27 22:31:35 1: PERL WARNING: Use of uninitialized value in concatenation (.) or string at ./FHEM/92_FileLog.pm line 833.
2015.05.27 22:31:35 1: PERL WARNING: Use of uninitialized value in concatenation (.) or string at ./FHEM/92_FileLog.pm line 833.
2015.05.27 22:31:35 1: PERL WARNING: Use of uninitialized value in concatenation (.) or string at ./FHEM/92_FileLog.pm line 833.
2015.05.27 22:32:22 1: PERL WARNING: Argument "<SPEC2>" isn't numeric in subtraction (-) at ./FHEM/92_FileLog.pm line 622, <GEN6220> line 26.
2015.05.27 22:32:22 1: PERL WARNING: Argument "<SPEC3>" isn't numeric in subtraction (-) at ./FHEM/92_FileLog.pm line 622, <GEN6220> line 26.
2015.05.27 22:32:22 1: PERL WARNING: Argument "<SPEC4>" isn't numeric in subtraction (-) at ./FHEM/92_FileLog.pm line 622, <GEN6220> line 26.
2015.05.27 22:32:22 1: PERL WARNING: Argument "<SPEC5>" isn't numeric in subtraction (-) at ./FHEM/92_FileLog.pm line 622, <GEN6220> line 26.
2015.05.27 22:32:22 1: PERL WARNING: Argument "<SPEC6>" isn't numeric in subtraction (-) at ./FHEM/92_FileLog.pm line 622, <GEN6220> line 26.
2015.05.27 22:32:22 1: PERL WARNING: Use of uninitialized value in concatenation (.) or string at ./FHEM/92_FileLog.pm line 833.
2015.05.27 22:32:23 1: PERL WARNING: Argument "<SPEC2>" isn't numeric in subtraction (-) at ./FHEM/92_FileLog.pm line 622, <GEN6220> line 26.
2015.05.27 22:32:23 1: PERL WARNING: Argument "<SPEC3>" isn't numeric in subtraction (-) at ./FHEM/92_FileLog.pm line 622, <GEN6220> line 26.
2015.05.27 22:32:23 1: PERL WARNING: Argument "<SPEC4>" isn't numeric in subtraction (-) at ./FHEM/92_FileLog.pm line 622, <GEN6220> line 26.
2015.05.27 22:32:23 1: PERL WARNING: Argument "<SPEC5>" isn't numeric in subtraction (-) at ./FHEM/92_FileLog.pm line 622, <GEN6220> line 26.
2015.05.27 22:32:23 1: PERL WARNING: Argument "<SPEC6>" isn't numeric in subtraction (-) at ./FHEM/92_FileLog.pm line 622, <GEN6220> line 26.
2015.05.27 22:32:24 1: PERL WARNING: Argument "<SPEC2>" isn't numeric in subtraction (-) at ./FHEM/92_FileLog.pm line 622, <GEN6223> line 26.
2015.05.27 22:32:24 1: PERL WARNING: Argument "<SPEC3>" isn't numeric in subtraction (-) at ./FHEM/92_FileLog.pm line 622, <GEN6223> line 26.
2015.05.27 22:32:24 1: PERL WARNING: Argument "<SPEC4>" isn't numeric in subtraction (-) at ./FHEM/92_FileLog.pm line 622, <GEN6223> line 26.
2015.05.27 22:32:24 1: PERL WARNING: Argument "<SPEC5>" isn't numeric in subtraction (-) at ./FHEM/92_FileLog.pm line 622, <GEN6223> line 26.
2015.05.27 22:32:24 1: PERL WARNING: Argument "<SPEC6>" isn't numeric in subtraction (-) at ./FHEM/92_FileLog.pm line 622, <GEN6223> line 26.
2015.05.27 22:32:24 1: PERL WARNING: Use of uninitialized value in concatenation (.) or string at ./FHEM/92_FileLog.pm line 833.
2015.05.27 22:32:24 1: PERL WARNING: Use of uninitialized value in concatenation (.) or string at ./FHEM/92_FileLog.pm line 833.
2015.05.27 23:01:08 1: PERL WARNING: Argument "<SPEC2>" isn't numeric in subtraction (-) at ./FHEM/92_FileLog.pm line 622, <GEN6341> line 26.
2015.05.27 23:01:08 1: PERL WARNING: Argument "<SPEC3>" isn't numeric in subtraction (-) at ./FHEM/92_FileLog.pm line 622, <GEN6341> line 26.
2015.05.27 23:01:08 1: PERL WARNING: Argument "<SPEC4>" isn't numeric in subtraction (-) at ./FHEM/92_FileLog.pm line 622, <GEN6341> line 26.
2015.05.27 23:01:08 1: PERL WARNING: Argument "<SPEC5>" isn't numeric in subtraction (-) at ./FHEM/92_FileLog.pm line 622, <GEN6341> line 26.
2015.05.27 23:01:08 1: PERL WARNING: Argument "<SPEC6>" isn't numeric in subtraction (-) at ./FHEM/92_FileLog.pm line 622, <GEN6341> line 26.
2015.05.27 23:01:08 1: PERL WARNING: Argument "<SPEC2>" isn't numeric in subtraction (-) at ./FHEM/92_FileLog.pm line 622, <GEN6341> line 26.
2015.05.27 23:01:08 1: PERL WARNING: Argument "<SPEC3>" isn't numeric in subtraction (-) at ./FHEM/92_FileLog.pm line 622, <GEN6341> line 26.
2015.05.27 23:01:08 1: PERL WARNING: Argument "<SPEC4>" isn't numeric in subtraction (-) at ./FHEM/92_FileLog.pm line 622, <GEN6341> line 26.
2015.05.27 23:01:08 1: PERL WARNING: Argument "<SPEC5>" isn't numeric in subtraction (-) at ./FHEM/92_FileLog.pm line 622, <GEN6341> line 26.
2015.05.27 23:01:08 1: PERL WARNING: Argument "<SPEC6>" isn't numeric in subtraction (-) at ./FHEM/92_FileLog.pm line 622, <GEN6341> line 26.
2015.05.27 23:01:08 1: PERL WARNING: Argument "<SPEC2>" isn't numeric in subtraction (-) at ./FHEM/92_FileLog.pm line 622, <GEN6341> line 26.
2015.05.27 23:01:08 1: PERL WARNING: Argument "<SPEC3>" isn't numeric in subtraction (-) at ./FHEM/92_FileLog.pm line 622, <GEN6341> line 26.
2015.05.27 23:01:08 1: PERL WARNING: Argument "<SPEC4>" isn't numeric in subtraction (-) at ./FHEM/92_FileLog.pm line 622, <GEN6341> line 26.
2015.05.27 23:01:08 1: PERL WARNING: Argument "<SPEC5>" isn't numeric in subtraction (-) at ./FHEM/92_FileLog.pm line 622, <GEN6341> line 26.
2015.05.27 23:01:08 1: PERL WARNING: Argument "<SPEC6>" isn't numeric in subtraction (-) at ./FHEM/92_FileLog.pm line 622, <GEN6341> line 26.
2015.05.27 23:01:10 1: PERL WARNING: Use of uninitialized value in concatenation (.) or string at ./FHEM/92_FileLog.pm line 833.
2015.05.27 23:01:10 1: PERL WARNING: Use of uninitialized value in concatenation (.) or string at ./FHEM/92_FileLog.pm line 833.
2015.05.27 23:01:10 1: PERL WARNING: Use of uninitialized value in concatenation (.) or string at ./FHEM/92_FileLog.pm line 833.
2015.05.27 23:01:41 1: PERL WARNING: Argument "<SPEC2>" isn't numeric in subtraction (-) at ./FHEM/92_FileLog.pm line 622, <GEN6347> line 26.
2015.05.27 23:01:41 1: PERL WARNING: Argument "<SPEC3>" isn't numeric in subtraction (-) at ./FHEM/92_FileLog.pm line 622, <GEN6347> line 26.
2015.05.27 23:01:41 1: PERL WARNING: Argument "<SPEC4>" isn't numeric in subtraction (-) at ./FHEM/92_FileLog.pm line 622, <GEN6347> line 26.
2015.05.27 23:01:41 1: PERL WARNING: Argument "<SPEC5>" isn't numeric in subtraction (-) at ./FHEM/92_FileLog.pm line 622, <GEN6347> line 26.
2015.05.27 23:01:41 1: PERL WARNING: Argument "<SPEC6>" isn't numeric in subtraction (-) at ./FHEM/92_FileLog.pm line 622, <GEN6347> line 26.
2015.05.27 23:01:41 1: PERL WARNING: Argument "<SPEC2>" isn't numeric in subtraction (-) at ./FHEM/92_FileLog.pm line 622, <GEN6347> line 26.
2015.05.27 23:01:41 1: PERL WARNING: Argument "<SPEC3>" isn't numeric in subtraction (-) at ./FHEM/92_FileLog.pm line 622, <GEN6347> line 26.
2015.05.27 23:01:41 1: PERL WARNING: Argument "<SPEC4>" isn't numeric in subtraction (-) at ./FHEM/92_FileLog.pm line 622, <GEN6347> line 26.
2015.05.27 23:01:41 1: PERL WARNING: Argument "<SPEC5>" isn't numeric in subtraction (-) at ./FHEM/92_FileLog.pm line 622, <GEN6347> line 26.
2015.05.27 23:01:41 1: PERL WARNING: Argument "<SPEC6>" isn't numeric in subtraction (-) at ./FHEM/92_FileLog.pm line 622, <GEN6347> line 26.
2015.05.27 23:01:41 1: PERL WARNING: Argument "<SPEC2>" isn't numeric in subtraction (-) at ./FHEM/92_FileLog.pm line 622, <GEN6347> line 26.
2015.05.27 23:01:41 1: PERL WARNING: Argument "<SPEC3>" isn't numeric in subtraction (-) at ./FHEM/92_FileLog.pm line 622, <GEN6347> line 26.
2015.05.27 23:01:41 1: PERL WARNING: Argument "<SPEC4>" isn't numeric in subtraction (-) at ./FHEM/92_FileLog.pm line 622, <GEN6347> line 26.
2015.05.27 23:01:41 1: PERL WARNING: Argument "<SPEC5>" isn't numeric in subtraction (-) at ./FHEM/92_FileLog.pm line 622, <GEN6347> line 26.
2015.05.27 23:01:41 1: PERL WARNING: Argument "<SPEC6>" isn't numeric in subtraction (-) at ./FHEM/92_FileLog.pm line 622, <GEN6347> line 26.
2015.05.27 23:01:43 1: PERL WARNING: Use of uninitialized value in concatenation (.) or string at ./FHEM/92_FileLog.pm line 833.
2015.05.27 23:01:43 1: PERL WARNING: Use of uninitialized value in concatenation (.) or string at ./FHEM/92_FileLog.pm line 833.
2015.05.27 23:01:43 1: PERL WARNING: Use of uninitialized value in concatenation (.) or string at ./FHEM/92_FileLog.pm line 833.
2015.05.27 23:05:04 1: PERL WARNING: Argument "<SPEC2>" isn't numeric in subtraction (-) at ./FHEM/92_FileLog.pm line 622, <GEN6359> line 24.
2015.05.27 23:05:04 1: PERL WARNING: Argument "<SPEC3>" isn't numeric in subtraction (-) at ./FHEM/92_FileLog.pm line 622, <GEN6359> line 24.
2015.05.27 23:05:04 1: PERL WARNING: Argument "<SPEC4>" isn't numeric in subtraction (-) at ./FHEM/92_FileLog.pm line 622, <GEN6359> line 24.
2015.05.27 23:05:04 1: PERL WARNING: Argument "<SPEC5>" isn't numeric in subtraction (-) at ./FHEM/92_FileLog.pm line 622, <GEN6359> line 24.
2015.05.27 23:05:04 1: PERL WARNING: Argument "<SPEC6>" isn't numeric in subtraction (-) at ./FHEM/92_FileLog.pm line 622, <GEN6359> line 24.
2015.05.27 23:05:04 1: PERL WARNING: Argument "<SPEC2>" isn't numeric in subtraction (-) at ./FHEM/92_FileLog.pm line 622, <GEN6359> line 24.
2015.05.27 23:05:04 1: PERL WARNING: Argument "<SPEC3>" isn't numeric in subtraction (-) at ./FHEM/92_FileLog.pm line 622, <GEN6359> line 24.
2015.05.27 23:05:04 1: PERL WARNING: Argument "<SPEC4>" isn't numeric in subtraction (-) at ./FHEM/92_FileLog.pm line 622, <GEN6359> line 24.
2015.05.27 23:05:04 1: PERL WARNING: Argument "<SPEC5>" isn't numeric in subtraction (-) at ./FHEM/92_FileLog.pm line 622, <GEN6359> line 24.
2015.05.27 23:05:04 1: PERL WARNING: Argument "<SPEC6>" isn't numeric in subtraction (-) at ./FHEM/92_FileLog.pm line 622, <GEN6359> line 24.
2015.05.27 23:05:04 1: PERL WARNING: Argument "<SPEC2>" isn't numeric in subtraction (-) at ./FHEM/92_FileLog.pm line 622, <GEN6359> line 24.
2015.05.27 23:05:04 1: PERL WARNING: Argument "<SPEC3>" isn't numeric in subtraction (-) at ./FHEM/92_FileLog.pm line 622, <GEN6359> line 24.
2015.05.27 23:05:04 1: PERL WARNING: Argument "<SPEC4>" isn't numeric in subtraction (-) at ./FHEM/92_FileLog.pm line 622, <GEN6359> line 24.
2015.05.27 23:05:04 1: PERL WARNING: Argument "<SPEC5>" isn't numeric in subtraction (-) at ./FHEM/92_FileLog.pm line 622, <GEN6359> line 24.
2015.05.27 23:05:04 1: PERL WARNING: Argument "<SPEC6>" isn't numeric in subtraction (-) at ./FHEM/92_FileLog.pm line 622, <GEN6359> line 24.
2015.05.27 23:05:16 1: PERL WARNING: Use of uninitialized value in concatenation (.) or string at ./FHEM/92_FileLog.pm line 833.
2015.05.27 23:05:16 1: PERL WARNING: Use of uninitialized value in concatenation (.) or string at ./FHEM/92_FileLog.pm line 833.
2015.05.27 23:05:16 1: PERL WARNING: Use of uninitialized value in concatenation (.) or string at ./FHEM/92_FileLog.pm line 833.
2015.05.28 00:05:00 2: Moving fhem-2015-05-20.log to ./archive
