2015.05.07 21:27:17 1: Including fhem.cfg
2015.05.07 21:27:17 1: Including ./Holger/connect.cfg
2015.05.07 21:27:18 1: Telnet_1: Can't open server port at 7072: Address already in use. Exiting.
2015.05.07 21:56:20 1: Including /opt/fhem-5.4/fhem.cfg
2015.05.07 21:56:20 1: Including ./Holger/connect.cfg
2015.05.07 21:56:20 3: Telnet_1: port 7072 opened
2015.05.07 21:56:21 3: WEB_1: port 8083 opened
2015.05.07 21:56:21 3: WEB_Handy_2: port 8084 opened
2015.05.07 21:56:21 3: WEB_Tablett_3: port 8085 opened
2015.05.07 21:56:21 1: Including ./Holger/AutoCreate.cfg
2015.05.07 21:56:21 1: Including ./Holger/LogProxy.cfg
2015.05.07 21:56:22 1: Including ./Holger/IODev_CUL.cfg
2015.05.07 21:56:22 3: Opening HA_CUL433_1 device /dev/ttyACM0
2015.05.07 21:56:22 3: Setting HA_CUL433_1 baudrate to 38400
2015.05.07 21:56:22 3: HA_CUL433_1 device opened
2015.05.07 21:56:22 3: HA_CUL433_1: Possible commands: BCFiAZEGMRTVWXefmltux
2015.05.07 21:56:22 3: Opening HA_CUL868_HM_1 device /dev/ttyACM1
2015.05.07 21:56:22 3: Setting HA_CUL868_HM_1 baudrate to 38400
2015.05.07 21:56:22 3: HA_CUL868_HM_1 device opened
2015.05.07 21:56:23 3: HA_CUL868_HM_1: Possible commands: BCFiAZEGMRTVWXefmltux
2015.05.07 21:56:23 2: Switched HA_CUL868_HM_1 rfmode to HomeMatic
2015.05.07 21:56:23 1: Including ./Holger/IODev_HM_CCU1.cfg
2015.05.07 21:56:27 1: Including ./Holger/Fenster_HM.cfg
2015.05.07 21:56:27 1: Including ./Holger/Tuer_HM.cfg
2015.05.07 21:56:27 1: Including ./Holger/Tuer_HM_Grafik.cfg
2015.05.07 21:56:27 1: Including ./Holger/Heizung_HM.cfg
2015.05.07 21:56:28 1: Including ./Holger/Heizung_HM_Grafik.cfg
2015.05.07 21:56:28 1: Including ./Holger/ModBus.cfg
2015.05.07 21:56:28 3: Opening HA_Modbus_1 device /dev/ttyUSB0
2015.05.07 21:56:28 3: Setting HA_Modbus_1 baudrate to 9600
2015.05.07 21:56:28 3: HA_Modbus_1 device opened
2015.05.07 21:56:28 1: Including ./Holger/ModBus_SDM220M.cfg
2015.05.07 21:56:28 3: HA_SDM220M_1: defined with id 2, interval 60, destination HA_Modbus_1, protocol RTU
2015.05.07 21:56:28 1: Including ./Holger/ModBus_SDM220M_Grafik.cfg
2015.05.07 21:56:29 1: Including ./Holger/ModBus_SDM630M.cfg
2015.05.07 21:56:29 3: HA_SDM630M_1: defined with id 1, interval 60, destination HA_Modbus_1, protocol RTU
2015.05.07 21:56:29 1: Including ./Holger/ModBus_SDM630M_Grafik.cfg
2015.05.07 21:56:29 1: Including ./log/fhem.save
2015.05.07 21:56:29 1: statefile: Please define LZ_Heizung_S_plot first
2015.05.07 21:56:29 1: usb create starting
2015.05.07 21:56:32 3: Probing CUL device /dev/ttyAMA0
2015.05.07 21:56:32 3: Can't open /dev/ttyAMA0: Permission denied
2015.05.07 21:56:32 1: usb create end
2015.05.07 21:56:32 2: Error messages while initializing FHEM: statefile: Please define LZ_Heizung_S_plot first
2015.05.07 21:56:32 0: Server started with 47 defined entities (version $Id: fhem.pl 8499 2015-04-30 09:49:39Z rudolfkoenig $, os linux, user pi, pid 2552)
2015.05.07 21:56:32 1: PERL WARNING: Use of uninitialized value $hour in addition (+) at ./FHEM/99_Lipo_Zeit.pm line 301.
2015.05.07 21:56:32 1: PERL WARNING: Use of uninitialized value $year in addition (+) at ./FHEM/99_Lipo_Zeit.pm line 301.
2015.05.07 21:56:32 1: PERL WARNING: Use of uninitialized value in subroutine entry at ./FHEM/99_Lipo_Zeit.pm line 301.
2015.05.07 21:56:35 1: PERL WARNING: Missing argument in sprintf at ./FHEM/98_Modbus.pm line 348.
2015.05.07 21:56:35 1: PERL WARNING: Invalid conversion in sprintf: end of string at ./FHEM/98_Modbus.pm line 348.
2015.05.07 21:56:36 1: PERL WARNING: Argument "import+export.active.energy" isn't numeric in sprintf at ./FHEM/98_Modbus.pm line 348.
2015.05.07 21:58:02 3: CUL_HM set HM_vCCU_1 hmPairForSec 60
2015.05.07 21:58:39 3: CUL_HM set HM_vCCU_1 hmPairForSec 60
2015.05.07 21:59:39 1: PERL WARNING: Use of uninitialized value in string eq at ./FHEM/10_CUL_HM.pm line 7355.
2015.05.07 21:59:39 3: CUL_HM set FL_Heizung_S getConfig
2015.05.07 22:04:25 0: Server shutdown
2015.05.07 22:04:30 1: Including /opt/fhem-5.4/fhem.cfg
2015.05.07 22:04:30 1: Including ./Holger/connect.cfg
2015.05.07 22:04:30 3: Telnet_1: port 7072 opened
2015.05.07 22:04:32 3: WEB_1: port 8083 opened
2015.05.07 22:04:32 3: WEB_Handy_2: port 8084 opened
2015.05.07 22:04:32 3: WEB_Tablett_3: port 8085 opened
2015.05.07 22:04:32 1: Including ./Holger/AutoCreate.cfg
2015.05.07 22:04:32 1: Including ./Holger/LogProxy.cfg
2015.05.07 22:04:32 1: Including ./Holger/IODev_CUL.cfg
2015.05.07 22:04:33 3: Opening HA_CUL433_1 device /dev/ttyACM0
2015.05.07 22:04:33 3: Setting HA_CUL433_1 baudrate to 38400
2015.05.07 22:04:33 3: HA_CUL433_1 device opened
2015.05.07 22:04:33 3: HA_CUL433_1: Possible commands: BCFiAZEGMRTVWXefmltux
2015.05.07 22:04:33 3: Opening HA_CUL868_HM_1 device /dev/ttyACM1
2015.05.07 22:04:33 3: Setting HA_CUL868_HM_1 baudrate to 38400
2015.05.07 22:04:33 3: HA_CUL868_HM_1 device opened
2015.05.07 22:04:34 3: HA_CUL868_HM_1: Possible commands: BCFiAZEGMRTVWXefmltux
2015.05.07 22:04:34 2: Switched HA_CUL868_HM_1 rfmode to HomeMatic
2015.05.07 22:04:34 1: Including ./Holger/IODev_HM_CCU1.cfg
2015.05.07 22:04:38 1: Including ./Holger/Fenster_HM.cfg
2015.05.07 22:04:38 1: Including ./Holger/Tuer_HM.cfg
2015.05.07 22:04:38 1: Including ./Holger/Tuer_HM_Grafik.cfg
2015.05.07 22:04:39 1: Including ./Holger/Heizung_HM.cfg
2015.05.07 22:04:39 1: Including ./Holger/Heizung_HM_Grafik.cfg
2015.05.07 22:04:39 1: Including ./Holger/ModBus.cfg
2015.05.07 22:04:40 3: Opening HA_Modbus_1 device /dev/ttyUSB0
2015.05.07 22:04:40 3: Setting HA_Modbus_1 baudrate to 9600
2015.05.07 22:04:40 3: HA_Modbus_1 device opened
2015.05.07 22:04:40 1: Including ./Holger/ModBus_SDM220M.cfg
2015.05.07 22:04:40 3: HA_SDM220M_1: defined with id 2, interval 60, destination HA_Modbus_1, protocol RTU
2015.05.07 22:04:40 1: Including ./Holger/ModBus_SDM220M_Grafik.cfg
2015.05.07 22:04:40 1: Including ./Holger/ModBus_SDM630M.cfg
2015.05.07 22:04:40 3: HA_SDM630M_1: defined with id 1, interval 60, destination HA_Modbus_1, protocol RTU
2015.05.07 22:04:40 1: Including ./Holger/ModBus_SDM630M_Grafik.cfg
2015.05.07 22:04:40 1: Including ./log/fhem.save
2015.05.07 22:04:41 1: usb create starting
2015.05.07 22:04:43 3: Probing CUL device /dev/ttyAMA0
2015.05.07 22:04:43 3: Can't open /dev/ttyAMA0: Permission denied
2015.05.07 22:04:43 1: usb create end
2015.05.07 22:04:43 2: SecurityCheck:  Telnet_1 has no password/globalpassword attribute. WEB_1,WEB_Handy_2,WEB_Tablett_3 has no basicAuth attribute.  Restart FHEM for a new check if the problem is fixed, or set the global attribute motd to none to supress this message. 
2015.05.07 22:04:43 0: Server started with 47 defined entities (version $Id: fhem.pl 8499 2015-04-30 09:49:39Z rudolfkoenig $, os linux, user pi, pid 2568)
2015.05.07 22:04:44 1: PERL WARNING: Use of uninitialized value $hour in addition (+) at ./FHEM/99_Lipo_Zeit.pm line 301.
2015.05.07 22:04:44 1: PERL WARNING: Use of uninitialized value $year in addition (+) at ./FHEM/99_Lipo_Zeit.pm line 301.
2015.05.07 22:04:44 1: PERL WARNING: Use of uninitialized value in subroutine entry at ./FHEM/99_Lipo_Zeit.pm line 301.
2015.05.07 22:04:46 1: PERL WARNING: Missing argument in sprintf at ./FHEM/98_Modbus.pm line 348.
2015.05.07 22:04:46 1: PERL WARNING: Invalid conversion in sprintf: end of string at ./FHEM/98_Modbus.pm line 348.
2015.05.07 22:04:47 1: PERL WARNING: Argument "import+export.active.energy" isn't numeric in sprintf at ./FHEM/98_Modbus.pm line 348.
2015.05.07 22:06:32 1: PERL WARNING: Argument "<SPEC5>" isn't numeric in subtraction (-) at ./FHEM/92_FileLog.pm line 622, <GEN36> line 34.
2015.05.07 22:06:32 1: PERL WARNING: Argument "<SPEC6>" isn't numeric in subtraction (-) at ./FHEM/92_FileLog.pm line 622, <GEN36> line 34.
2015.05.07 22:06:32 1: PERL WARNING: Argument "<SPEC6>" isn't numeric in subtraction (-) at ./FHEM/92_FileLog.pm line 622, <GEN36> line 34.
2015.05.07 22:06:32 1: PERL WARNING: Argument "<SPEC2>" isn't numeric in subtraction (-) at ./FHEM/92_FileLog.pm line 622, <GEN36> line 34.
2015.05.07 22:06:32 1: PERL WARNING: Argument "<SPEC3>" isn't numeric in subtraction (-) at ./FHEM/92_FileLog.pm line 622, <GEN36> line 34.
2015.05.07 22:06:32 1: PERL WARNING: Argument "<SPEC4>" isn't numeric in subtraction (-) at ./FHEM/92_FileLog.pm line 622, <GEN36> line 34.
2015.05.07 22:06:32 1: PERL WARNING: Argument "<SPEC5>" isn't numeric in subtraction (-) at ./FHEM/92_FileLog.pm line 622, <GEN36> line 34.
2015.05.07 22:06:32 1: PERL WARNING: Argument "<SPEC6>" isn't numeric in subtraction (-) at ./FHEM/92_FileLog.pm line 622, <GEN36> line 34.
2015.05.07 22:06:32 1: PERL WARNING: Argument "<SPEC2>" isn't numeric in subtraction (-) at ./FHEM/92_FileLog.pm line 622, <GEN36> line 34.
2015.05.07 22:06:32 1: PERL WARNING: Argument "<SPEC3>" isn't numeric in subtraction (-) at ./FHEM/92_FileLog.pm line 622, <GEN36> line 34.
2015.05.07 22:06:32 1: PERL WARNING: Argument "<SPEC4>" isn't numeric in subtraction (-) at ./FHEM/92_FileLog.pm line 622, <GEN36> line 34.
2015.05.07 22:06:32 1: PERL WARNING: Argument "<SPEC5>" isn't numeric in subtraction (-) at ./FHEM/92_FileLog.pm line 622, <GEN36> line 34.
2015.05.07 22:06:32 1: PERL WARNING: Argument "<SPEC6>" isn't numeric in subtraction (-) at ./FHEM/92_FileLog.pm line 622, <GEN36> line 34.
2015.05.07 22:06:32 1: PERL WARNING: Argument "<SPEC5>" isn't numeric in subtraction (-) at ./FHEM/92_FileLog.pm line 622, <GEN36> line 34.
2015.05.07 22:06:32 1: PERL WARNING: Argument "<SPEC6>" isn't numeric in subtraction (-) at ./FHEM/92_FileLog.pm line 622, <GEN36> line 34.
2015.05.07 22:06:35 1: PERL WARNING: Argument "<SPEC5>" isn't numeric in subtraction (-) at ./FHEM/92_FileLog.pm line 622, <GEN40> line 34.
2015.05.07 22:06:35 1: PERL WARNING: Argument "<SPEC6>" isn't numeric in subtraction (-) at ./FHEM/92_FileLog.pm line 622, <GEN40> line 34.
2015.05.07 22:07:35 1: PERL WARNING: Use of uninitialized value in concatenation (.) or string at ./FHEM/92_FileLog.pm line 825.
2015.05.07 22:07:36 1: PERL WARNING: Use of uninitialized value in concatenation (.) or string at ./FHEM/92_FileLog.pm line 825.
2015.05.07 22:08:05 1: PERL WARNING: Use of uninitialized value in concatenation (.) or string at ./FHEM/92_FileLog.pm line 825.
2015.05.07 22:08:13 1: PERL WARNING: Use of uninitialized value in concatenation (.) or string at ./FHEM/92_FileLog.pm line 825.
2015.05.07 22:08:16 1: PERL WARNING: Use of uninitialized value in concatenation (.) or string at ./FHEM/92_FileLog.pm line 825.
2015.05.07 22:08:18 1: PERL WARNING: Use of uninitialized value in concatenation (.) or string at ./FHEM/92_FileLog.pm line 825.
2015.05.07 22:14:01 1: PERL WARNING: Argument "<SPEC2>" isn't numeric in subtraction (-) at ./FHEM/92_FileLog.pm line 622, <GEN166> line 36.
2015.05.07 22:14:01 1: PERL WARNING: Argument "<SPEC3>" isn't numeric in subtraction (-) at ./FHEM/92_FileLog.pm line 622, <GEN166> line 36.
2015.05.07 22:14:01 1: PERL WARNING: Argument "<SPEC4>" isn't numeric in subtraction (-) at ./FHEM/92_FileLog.pm line 622, <GEN166> line 36.
2015.05.07 22:14:01 1: PERL WARNING: Argument "<SPEC5>" isn't numeric in subtraction (-) at ./FHEM/92_FileLog.pm line 622, <GEN166> line 36.
2015.05.07 22:14:01 1: PERL WARNING: Argument "<SPEC6>" isn't numeric in subtraction (-) at ./FHEM/92_FileLog.pm line 622, <GEN166> line 36.
2015.05.07 22:14:01 1: PERL WARNING: Argument "<SPEC5>" isn't numeric in subtraction (-) at ./FHEM/92_FileLog.pm line 622, <GEN166> line 36.
2015.05.07 22:14:01 1: PERL WARNING: Argument "<SPEC6>" isn't numeric in subtraction (-) at ./FHEM/92_FileLog.pm line 622, <GEN166> line 36.
2015.05.07 22:14:01 1: PERL WARNING: Argument "<SPEC5>" isn't numeric in subtraction (-) at ./FHEM/92_FileLog.pm line 622, <GEN166> line 36.
2015.05.07 22:14:01 1: PERL WARNING: Argument "<SPEC6>" isn't numeric in subtraction (-) at ./FHEM/92_FileLog.pm line 622, <GEN166> line 36.
2015.05.07 22:14:01 1: PERL WARNING: Argument "<SPEC5>" isn't numeric in subtraction (-) at ./FHEM/92_FileLog.pm line 622, <GEN166> line 36.
2015.05.07 22:14:01 1: PERL WARNING: Argument "<SPEC6>" isn't numeric in subtraction (-) at ./FHEM/92_FileLog.pm line 622, <GEN166> line 36.
2015.05.07 22:14:01 1: PERL WARNING: Argument "<SPEC2>" isn't numeric in subtraction (-) at ./FHEM/92_FileLog.pm line 622, <GEN166> line 36.
2015.05.07 22:14:02 1: PERL WARNING: Argument "<SPEC3>" isn't numeric in subtraction (-) at ./FHEM/92_FileLog.pm line 622, <GEN166> line 36.
2015.05.07 22:14:02 1: PERL WARNING: Argument "<SPEC4>" isn't numeric in subtraction (-) at ./FHEM/92_FileLog.pm line 622, <GEN166> line 36.
2015.05.07 22:14:02 1: PERL WARNING: Argument "<SPEC5>" isn't numeric in subtraction (-) at ./FHEM/92_FileLog.pm line 622, <GEN166> line 36.
2015.05.07 22:14:02 1: PERL WARNING: Argument "<SPEC6>" isn't numeric in subtraction (-) at ./FHEM/92_FileLog.pm line 622, <GEN166> line 36.
2015.05.07 22:14:02 1: PERL WARNING: Argument "<SPEC6>" isn't numeric in subtraction (-) at ./FHEM/92_FileLog.pm line 622, <GEN166> line 36.
2015.05.07 22:15:13 1: PERL WARNING: Use of uninitialized value in concatenation (.) or string at ./FHEM/92_FileLog.pm line 825.
2015.05.07 22:15:15 1: PERL WARNING: Use of uninitialized value in concatenation (.) or string at ./FHEM/92_FileLog.pm line 825.
2015.05.07 22:15:53 1: PERL WARNING: Use of uninitialized value in concatenation (.) or string at ./FHEM/92_FileLog.pm line 825.
2015.05.07 22:16:03 1: PERL WARNING: Use of uninitialized value in concatenation (.) or string at ./FHEM/92_FileLog.pm line 825.
2015.05.07 22:16:04 1: PERL WARNING: Use of uninitialized value in concatenation (.) or string at ./FHEM/92_FileLog.pm line 825.
2015.05.07 22:16:07 1: PERL WARNING: Use of uninitialized value in concatenation (.) or string at ./FHEM/92_FileLog.pm line 825.
