2015.05.09 08:33:37 0: Server shutdown
2015.05.09 08:34:01 1: Including /opt/fhem-5.4/fhem.cfg
2015.05.09 08:34:01 1: Including ./Holger/connect.cfg
2015.05.09 08:34:01 3: Telnet_1: port 7072 opened
2015.05.09 08:34:44 3: WEB_1: port 8083 opened
2015.05.09 08:34:44 3: WEB_Handy_2: port 8084 opened
2015.05.09 08:34:45 3: WEB_Tablett_3: port 8085 opened
2015.05.09 08:34:45 1: Including ./Holger/AutoCreate.cfg
2015.05.09 08:34:45 1: Including ./Holger/LogProxy.cfg
2015.05.09 08:34:46 1: Including ./Holger/IODev_CUL.cfg
2015.05.09 08:34:47 3: Opening HA_CUL433_1 device /dev/ttyACM0
2015.05.09 08:34:48 3: Setting HA_CUL433_1 baudrate to 38400
2015.05.09 08:34:48 3: HA_CUL433_1 device opened
2015.05.09 08:34:48 3: HA_CUL433_1: Possible commands: BCFiAZEGMRTVWXefmltux
2015.05.09 08:34:48 3: Opening HA_CUL868_HM_1 device /dev/ttyACM1
2015.05.09 08:34:48 3: Setting HA_CUL868_HM_1 baudrate to 38400
2015.05.09 08:34:48 3: HA_CUL868_HM_1 device opened
2015.05.09 08:34:48 3: HA_CUL868_HM_1: Possible commands: BCFiAZEGMRTVWXefmltux
2015.05.09 08:34:48 2: Switched HA_CUL868_HM_1 rfmode to HomeMatic
2015.05.09 08:34:48 1: Including ./Holger/IODev_HM_CCU1.cfg
2015.05.09 08:34:59 1: Including ./Holger/Fenster_HM.cfg
2015.05.09 08:34:59 1: Including ./Holger/Tuer_HM.cfg
2015.05.09 08:35:00 1: Including ./Holger/Tuer_HM_Grafik.cfg
2015.05.09 08:35:01 1: Including ./Holger/Heizung_HM.cfg
2015.05.09 08:35:02 1: Including ./Holger/Heizung_HM_Grafik.cfg
2015.05.09 08:35:02 1: Including ./Holger/ModBus.cfg
2015.05.09 08:35:02 3: Opening HA_Modbus_1 device /dev/ttyUSB0
2015.05.09 08:35:02 3: Setting HA_Modbus_1 baudrate to 9600
2015.05.09 08:35:02 3: HA_Modbus_1 device opened
2015.05.09 08:35:03 1: Including ./Holger/ModBus_SDM220M.cfg
2015.05.09 08:35:03 3: HA_SDM220M_1: defined with id 2, interval 60, destination HA_Modbus_1, protocol RTU
2015.05.09 08:35:03 1: Including ./Holger/ModBus_SDM220M_Grafik.cfg
2015.05.09 08:35:03 1: Including ./Holger/ModBus_SDM630M.cfg
2015.05.09 08:35:03 3: HA_SDM630M_1: defined with id 1, interval 60, destination HA_Modbus_1, protocol RTU
2015.05.09 08:35:04 1: Including ./Holger/ModBus_SDM630M_Grafik.cfg
2015.05.09 08:35:04 1: Including ./log/fhem.save
2015.05.09 08:35:05 1: statefile: Please define ActionDetector first
Please define ActionDetector first
Please define ActionDetector first
Please define SVG_HM_Heizung_FLog_1 first
2015.05.09 08:35:05 1: usb create starting
2015.05.09 08:35:07 3: Probing CUL device /dev/ttyAMA0
2015.05.09 08:35:07 3: Can't open /dev/ttyAMA0: Permission denied
2015.05.09 08:35:07 1: usb create end
2015.05.09 08:35:07 2: Error messages while initializing FHEM: statefile: Please define ActionDetector first Please define ActionDetector first Please define ActionDetector first Please define SVG_HM_Heizung_FLog_1 first
2015.05.09 08:35:07 0: Server started with 47 defined entities (version $Id: fhem.pl 8499 2015-04-30 09:49:39Z rudolfkoenig $, os linux, user pi, pid 2235)
2015.05.09 08:35:09 1: PERL WARNING: Use of uninitialized value $hour in addition (+) at ./FHEM/99_Lipo_Zeit.pm line 301.
2015.05.09 08:35:09 1: PERL WARNING: Use of uninitialized value $year in addition (+) at ./FHEM/99_Lipo_Zeit.pm line 301.
2015.05.09 08:35:09 1: PERL WARNING: Use of uninitialized value in subroutine entry at ./FHEM/99_Lipo_Zeit.pm line 301.
2015.05.09 08:35:10 1: PERL WARNING: Missing argument in sprintf at ./FHEM/98_Modbus.pm line 348.
2015.05.09 08:35:10 1: PERL WARNING: Invalid conversion in sprintf: end of string at ./FHEM/98_Modbus.pm line 348.
2015.05.09 08:35:11 1: PERL WARNING: Argument "import+export.active.energy" isn't numeric in sprintf at ./FHEM/98_Modbus.pm line 348.
2015.05.09 08:35:16 1: Including fhem.cfg
2015.05.09 08:35:16 1: Including ./Holger/connect.cfg
2015.05.09 08:35:16 1: Telnet_1: Can't open server port at 7072: Address already in use. Exiting.
2015.05.09 12:37:03 1: PERL WARNING: Argument "<SPEC5>" isn't numeric in subtraction (-) at ./FHEM/92_FileLog.pm line 622, <GEN237> line 38.
2015.05.09 12:37:03 1: PERL WARNING: Argument "<SPEC6>" isn't numeric in subtraction (-) at ./FHEM/92_FileLog.pm line 622, <GEN237> line 38.
2015.05.09 12:37:03 1: PERL WARNING: Argument "<SPEC6>" isn't numeric in subtraction (-) at ./FHEM/92_FileLog.pm line 622, <GEN237> line 38.
2015.05.09 12:37:03 1: PERL WARNING: Argument "<SPEC5>" isn't numeric in subtraction (-) at ./FHEM/92_FileLog.pm line 622, <GEN238> line 38.
2015.05.09 12:37:03 1: PERL WARNING: Argument "<SPEC6>" isn't numeric in subtraction (-) at ./FHEM/92_FileLog.pm line 622, <GEN238> line 38.
2015.05.09 12:37:03 1: PERL WARNING: Argument "<SPEC5>" isn't numeric in subtraction (-) at ./FHEM/92_FileLog.pm line 622, <GEN238> line 38.
2015.05.09 12:37:04 1: PERL WARNING: Argument "<SPEC6>" isn't numeric in subtraction (-) at ./FHEM/92_FileLog.pm line 622, <GEN238> line 38.
2015.05.09 12:37:04 1: PERL WARNING: Argument "<SPEC2>" isn't numeric in subtraction (-) at ./FHEM/92_FileLog.pm line 622, <GEN238> line 38.
2015.05.09 12:37:04 1: PERL WARNING: Argument "<SPEC3>" isn't numeric in subtraction (-) at ./FHEM/92_FileLog.pm line 622, <GEN238> line 38.
2015.05.09 12:37:04 1: PERL WARNING: Argument "<SPEC4>" isn't numeric in subtraction (-) at ./FHEM/92_FileLog.pm line 622, <GEN238> line 38.
2015.05.09 12:37:04 1: PERL WARNING: Argument "<SPEC5>" isn't numeric in subtraction (-) at ./FHEM/92_FileLog.pm line 622, <GEN238> line 38.
2015.05.09 12:37:04 1: PERL WARNING: Argument "<SPEC6>" isn't numeric in subtraction (-) at ./FHEM/92_FileLog.pm line 622, <GEN238> line 38.
2015.05.09 12:37:04 1: PERL WARNING: Argument "<SPEC2>" isn't numeric in subtraction (-) at ./FHEM/92_FileLog.pm line 622, <GEN239> line 38.
2015.05.09 12:37:04 1: PERL WARNING: Argument "<SPEC3>" isn't numeric in subtraction (-) at ./FHEM/92_FileLog.pm line 622, <GEN239> line 38.
2015.05.09 12:37:04 1: PERL WARNING: Argument "<SPEC4>" isn't numeric in subtraction (-) at ./FHEM/92_FileLog.pm line 622, <GEN239> line 38.
2015.05.09 12:37:04 1: PERL WARNING: Argument "<SPEC5>" isn't numeric in subtraction (-) at ./FHEM/92_FileLog.pm line 622, <GEN239> line 38.
2015.05.09 12:37:04 1: PERL WARNING: Argument "<SPEC6>" isn't numeric in subtraction (-) at ./FHEM/92_FileLog.pm line 622, <GEN239> line 38.
2015.05.09 12:38:04 1: PERL WARNING: Use of uninitialized value in concatenation (.) or string at ./FHEM/92_FileLog.pm line 825.
2015.05.09 12:38:06 1: PERL WARNING: Use of uninitialized value in concatenation (.) or string at ./FHEM/92_FileLog.pm line 825.
2015.05.09 12:38:32 1: PERL WARNING: Use of uninitialized value in concatenation (.) or string at ./FHEM/92_FileLog.pm line 825.
2015.05.09 12:38:40 1: PERL WARNING: Use of uninitialized value in concatenation (.) or string at ./FHEM/92_FileLog.pm line 825.
2015.05.09 12:38:42 1: PERL WARNING: Use of uninitialized value in concatenation (.) or string at ./FHEM/92_FileLog.pm line 825.
2015.05.09 12:38:44 1: PERL WARNING: Use of uninitialized value in concatenation (.) or string at ./FHEM/92_FileLog.pm line 825.
2015.05.09 12:38:45 1: PERL WARNING: Argument "<SPEC2>" isn't numeric in subtraction (-) at ./FHEM/92_FileLog.pm line 622, <GEN242> line 36.
2015.05.09 12:38:45 1: PERL WARNING: Argument "<SPEC3>" isn't numeric in subtraction (-) at ./FHEM/92_FileLog.pm line 622, <GEN242> line 36.
2015.05.09 12:38:45 1: PERL WARNING: Argument "<SPEC4>" isn't numeric in subtraction (-) at ./FHEM/92_FileLog.pm line 622, <GEN242> line 36.
2015.05.09 12:38:45 1: PERL WARNING: Argument "<SPEC5>" isn't numeric in subtraction (-) at ./FHEM/92_FileLog.pm line 622, <GEN242> line 36.
2015.05.09 12:38:45 1: PERL WARNING: Argument "<SPEC6>" isn't numeric in subtraction (-) at ./FHEM/92_FileLog.pm line 622, <GEN242> line 36.
2015.05.09 12:38:45 1: PERL WARNING: Argument "<SPEC2>" isn't numeric in subtraction (-) at ./FHEM/92_FileLog.pm line 622, <GEN242> line 36.
2015.05.09 12:38:45 1: PERL WARNING: Argument "<SPEC3>" isn't numeric in subtraction (-) at ./FHEM/92_FileLog.pm line 622, <GEN242> line 36.
2015.05.09 12:38:45 1: PERL WARNING: Argument "<SPEC4>" isn't numeric in subtraction (-) at ./FHEM/92_FileLog.pm line 622, <GEN242> line 36.
2015.05.09 12:38:45 1: PERL WARNING: Argument "<SPEC5>" isn't numeric in subtraction (-) at ./FHEM/92_FileLog.pm line 622, <GEN242> line 36.
2015.05.09 12:38:45 1: PERL WARNING: Argument "<SPEC6>" isn't numeric in subtraction (-) at ./FHEM/92_FileLog.pm line 622, <GEN242> line 36.
2015.05.09 12:39:05 1: PERL WARNING: Use of uninitialized value in concatenation (.) or string at ./FHEM/92_FileLog.pm line 825.
2015.05.09 12:39:05 1: PERL WARNING: Use of uninitialized value in concatenation (.) or string at ./FHEM/92_FileLog.pm line 825.
2015.05.09 12:41:08 1: PERL WARNING: Argument "<SPEC5>" isn't numeric in subtraction (-) at ./FHEM/92_FileLog.pm line 622, <GEN245> line 36.
2015.05.09 12:41:08 1: PERL WARNING: Argument "<SPEC6>" isn't numeric in subtraction (-) at ./FHEM/92_FileLog.pm line 622, <GEN245> line 36.
2015.05.09 12:41:08 1: PERL WARNING: Argument "<SPEC5>" isn't numeric in subtraction (-) at ./FHEM/92_FileLog.pm line 622, <GEN246> line 36.
2015.05.09 12:41:08 1: PERL WARNING: Argument "<SPEC6>" isn't numeric in subtraction (-) at ./FHEM/92_FileLog.pm line 622, <GEN246> line 36.
2015.05.09 12:41:08 1: PERL WARNING: Argument "<SPEC6>" isn't numeric in subtraction (-) at ./FHEM/92_FileLog.pm line 622, <GEN247> line 36.
2015.05.09 12:41:08 1: PERL WARNING: Argument "<SPEC5>" isn't numeric in subtraction (-) at ./FHEM/92_FileLog.pm line 622, <GEN248> line 36.
2015.05.09 12:41:08 1: PERL WARNING: Argument "<SPEC6>" isn't numeric in subtraction (-) at ./FHEM/92_FileLog.pm line 622, <GEN248> line 36.
2015.05.09 12:41:08 1: PERL WARNING: Argument "<SPEC2>" isn't numeric in subtraction (-) at ./FHEM/92_FileLog.pm line 622, <GEN249> line 36.
2015.05.09 12:41:08 1: PERL WARNING: Argument "<SPEC3>" isn't numeric in subtraction (-) at ./FHEM/92_FileLog.pm line 622, <GEN249> line 36.
2015.05.09 12:41:08 1: PERL WARNING: Argument "<SPEC4>" isn't numeric in subtraction (-) at ./FHEM/92_FileLog.pm line 622, <GEN249> line 36.
2015.05.09 12:41:08 1: PERL WARNING: Argument "<SPEC5>" isn't numeric in subtraction (-) at ./FHEM/92_FileLog.pm line 622, <GEN249> line 36.
2015.05.09 12:41:08 1: PERL WARNING: Argument "<SPEC6>" isn't numeric in subtraction (-) at ./FHEM/92_FileLog.pm line 622, <GEN249> line 36.
2015.05.09 12:41:09 1: PERL WARNING: Argument "<SPEC2>" isn't numeric in subtraction (-) at ./FHEM/92_FileLog.pm line 622, <GEN250> line 36.
2015.05.09 12:41:09 1: PERL WARNING: Argument "<SPEC3>" isn't numeric in subtraction (-) at ./FHEM/92_FileLog.pm line 622, <GEN250> line 36.
2015.05.09 12:41:09 1: PERL WARNING: Argument "<SPEC4>" isn't numeric in subtraction (-) at ./FHEM/92_FileLog.pm line 622, <GEN250> line 36.
2015.05.09 12:41:09 1: PERL WARNING: Argument "<SPEC5>" isn't numeric in subtraction (-) at ./FHEM/92_FileLog.pm line 622, <GEN250> line 36.
2015.05.09 12:41:09 1: PERL WARNING: Argument "<SPEC6>" isn't numeric in subtraction (-) at ./FHEM/92_FileLog.pm line 622, <GEN250> line 36.
2015.05.09 12:42:09 1: PERL WARNING: Use of uninitialized value in concatenation (.) or string at ./FHEM/92_FileLog.pm line 825.
2015.05.09 12:42:11 1: PERL WARNING: Use of uninitialized value in concatenation (.) or string at ./FHEM/92_FileLog.pm line 825.
2015.05.09 12:42:37 1: PERL WARNING: Use of uninitialized value in concatenation (.) or string at ./FHEM/92_FileLog.pm line 825.
2015.05.09 12:42:44 1: PERL WARNING: Use of uninitialized value in concatenation (.) or string at ./FHEM/92_FileLog.pm line 825.
2015.05.09 12:42:46 1: PERL WARNING: Use of uninitialized value in concatenation (.) or string at ./FHEM/92_FileLog.pm line 825.
2015.05.09 12:42:48 1: PERL WARNING: Use of uninitialized value in concatenation (.) or string at ./FHEM/92_FileLog.pm line 825.
