2015.05.08 09:42:22 1: PERL WARNING: Argument "<SPEC5>" isn't numeric in subtraction (-) at ./FHEM/92_FileLog.pm line 622, <GEN286> line 36.
2015.05.08 09:42:22 1: PERL WARNING: Argument "<SPEC6>" isn't numeric in subtraction (-) at ./FHEM/92_FileLog.pm line 622, <GEN286> line 36.
2015.05.08 09:42:22 1: PERL WARNING: Argument "<SPEC2>" isn't numeric in subtraction (-) at ./FHEM/92_FileLog.pm line 622, <GEN286> line 36.
2015.05.08 09:42:22 1: PERL WARNING: Argument "<SPEC3>" isn't numeric in subtraction (-) at ./FHEM/92_FileLog.pm line 622, <GEN286> line 36.
2015.05.08 09:42:22 1: PERL WARNING: Argument "<SPEC4>" isn't numeric in subtraction (-) at ./FHEM/92_FileLog.pm line 622, <GEN286> line 36.
2015.05.08 09:42:22 1: PERL WARNING: Argument "<SPEC5>" isn't numeric in subtraction (-) at ./FHEM/92_FileLog.pm line 622, <GEN286> line 36.
2015.05.08 09:42:22 1: PERL WARNING: Argument "<SPEC6>" isn't numeric in subtraction (-) at ./FHEM/92_FileLog.pm line 622, <GEN286> line 36.
2015.05.08 09:42:22 1: PERL WARNING: Argument "<SPEC2>" isn't numeric in subtraction (-) at ./FHEM/92_FileLog.pm line 622, <GEN286> line 36.
2015.05.08 09:42:22 1: PERL WARNING: Argument "<SPEC3>" isn't numeric in subtraction (-) at ./FHEM/92_FileLog.pm line 622, <GEN286> line 36.
2015.05.08 09:42:22 1: PERL WARNING: Argument "<SPEC4>" isn't numeric in subtraction (-) at ./FHEM/92_FileLog.pm line 622, <GEN286> line 36.
2015.05.08 09:42:22 1: PERL WARNING: Argument "<SPEC5>" isn't numeric in subtraction (-) at ./FHEM/92_FileLog.pm line 622, <GEN286> line 36.
2015.05.08 09:42:22 1: PERL WARNING: Argument "<SPEC6>" isn't numeric in subtraction (-) at ./FHEM/92_FileLog.pm line 622, <GEN286> line 36.
2015.05.08 09:42:22 1: PERL WARNING: Argument "<SPEC6>" isn't numeric in subtraction (-) at ./FHEM/92_FileLog.pm line 622, <GEN286> line 36.
2015.05.08 09:42:22 1: PERL WARNING: Argument "<SPEC5>" isn't numeric in subtraction (-) at ./FHEM/92_FileLog.pm line 622, <GEN286> line 36.
2015.05.08 09:42:22 1: PERL WARNING: Argument "<SPEC6>" isn't numeric in subtraction (-) at ./FHEM/92_FileLog.pm line 622, <GEN286> line 36.
2015.05.08 09:43:14 1: PERL WARNING: Use of uninitialized value in concatenation (.) or string at ./FHEM/92_FileLog.pm line 825.
2015.05.08 09:43:17 1: PERL WARNING: Use of uninitialized value in concatenation (.) or string at ./FHEM/92_FileLog.pm line 825.
2015.05.08 09:43:38 1: PERL WARNING: Use of uninitialized value in concatenation (.) or string at ./FHEM/92_FileLog.pm line 825.
2015.05.08 09:43:44 1: PERL WARNING: Use of uninitialized value in concatenation (.) or string at ./FHEM/92_FileLog.pm line 825.
2015.05.08 09:43:47 1: PERL WARNING: Use of uninitialized value in concatenation (.) or string at ./FHEM/92_FileLog.pm line 825.
2015.05.08 18:02:00 3: Device FL_Heizung_S added to ActionDetector with 000:10 time
2015.05.08 18:02:00 3: CUL_HM set FL_Heizung_S getConfig
2015.05.08 18:02:35 3: CUL_HM set FL_Heizung_S getConfig
2015.05.08 18:02:46 3: CUL_HM set FL_Heizung_S getConfig
2015.05.08 19:33:54 3: CUL_HM set HM_vCCU_1 hmPairForSec 60
2015.05.08 20:00:44 1: PERL WARNING: Argument "<SPEC5>" isn't numeric in subtraction (-) at ./FHEM/92_FileLog.pm line 622, <GEN505> line 34.
2015.05.08 20:00:44 1: PERL WARNING: Argument "<SPEC6>" isn't numeric in subtraction (-) at ./FHEM/92_FileLog.pm line 622, <GEN505> line 34.
2015.05.08 20:00:44 1: PERL WARNING: Argument "<SPEC5>" isn't numeric in subtraction (-) at ./FHEM/92_FileLog.pm line 622, <GEN506> line 34.
2015.05.08 20:00:44 1: PERL WARNING: Argument "<SPEC6>" isn't numeric in subtraction (-) at ./FHEM/92_FileLog.pm line 622, <GEN506> line 34.
2015.05.08 20:00:44 1: PERL WARNING: Argument "<SPEC6>" isn't numeric in subtraction (-) at ./FHEM/92_FileLog.pm line 622, <GEN507> line 34.
2015.05.08 20:00:44 1: PERL WARNING: Argument "<SPEC5>" isn't numeric in subtraction (-) at ./FHEM/92_FileLog.pm line 622, <GEN509> line 34.
2015.05.08 20:00:44 1: PERL WARNING: Argument "<SPEC6>" isn't numeric in subtraction (-) at ./FHEM/92_FileLog.pm line 622, <GEN509> line 34.
2015.05.08 20:00:44 1: PERL WARNING: Argument "<SPEC2>" isn't numeric in subtraction (-) at ./FHEM/92_FileLog.pm line 622, <GEN510> line 34.
2015.05.08 20:00:44 1: PERL WARNING: Argument "<SPEC3>" isn't numeric in subtraction (-) at ./FHEM/92_FileLog.pm line 622, <GEN510> line 34.
2015.05.08 20:00:44 1: PERL WARNING: Argument "<SPEC4>" isn't numeric in subtraction (-) at ./FHEM/92_FileLog.pm line 622, <GEN510> line 34.
2015.05.08 20:00:44 1: PERL WARNING: Argument "<SPEC5>" isn't numeric in subtraction (-) at ./FHEM/92_FileLog.pm line 622, <GEN510> line 34.
2015.05.08 20:00:44 1: PERL WARNING: Argument "<SPEC6>" isn't numeric in subtraction (-) at ./FHEM/92_FileLog.pm line 622, <GEN510> line 34.
2015.05.08 20:00:44 1: PERL WARNING: Argument "<SPEC2>" isn't numeric in subtraction (-) at ./FHEM/92_FileLog.pm line 622, <GEN510> line 34.
2015.05.08 20:00:44 1: PERL WARNING: Argument "<SPEC3>" isn't numeric in subtraction (-) at ./FHEM/92_FileLog.pm line 622, <GEN510> line 34.
2015.05.08 20:00:44 1: PERL WARNING: Argument "<SPEC4>" isn't numeric in subtraction (-) at ./FHEM/92_FileLog.pm line 622, <GEN510> line 34.
2015.05.08 20:00:44 1: PERL WARNING: Argument "<SPEC5>" isn't numeric in subtraction (-) at ./FHEM/92_FileLog.pm line 622, <GEN510> line 34.
2015.05.08 20:00:44 1: PERL WARNING: Argument "<SPEC6>" isn't numeric in subtraction (-) at ./FHEM/92_FileLog.pm line 622, <GEN510> line 34.
2015.05.08 20:01:55 1: PERL WARNING: Use of uninitialized value in concatenation (.) or string at ./FHEM/92_FileLog.pm line 825.
2015.05.08 20:01:57 1: PERL WARNING: Use of uninitialized value in concatenation (.) or string at ./FHEM/92_FileLog.pm line 825.
2015.05.08 20:02:30 1: PERL WARNING: Use of uninitialized value in concatenation (.) or string at ./FHEM/92_FileLog.pm line 825.
2015.05.08 20:02:34 1: PERL WARNING: Argument "<SPEC2>" isn't numeric in subtraction (-) at ./FHEM/92_FileLog.pm line 622, <GEN512> line 36.
2015.05.08 20:02:34 1: PERL WARNING: Argument "<SPEC3>" isn't numeric in subtraction (-) at ./FHEM/92_FileLog.pm line 622, <GEN512> line 36.
2015.05.08 20:02:34 1: PERL WARNING: Argument "<SPEC4>" isn't numeric in subtraction (-) at ./FHEM/92_FileLog.pm line 622, <GEN512> line 36.
2015.05.08 20:02:34 1: PERL WARNING: Argument "<SPEC5>" isn't numeric in subtraction (-) at ./FHEM/92_FileLog.pm line 622, <GEN512> line 36.
2015.05.08 20:02:34 1: PERL WARNING: Argument "<SPEC6>" isn't numeric in subtraction (-) at ./FHEM/92_FileLog.pm line 622, <GEN512> line 36.
2015.05.08 20:02:34 1: PERL WARNING: Argument "<SPEC2>" isn't numeric in subtraction (-) at ./FHEM/92_FileLog.pm line 622, <GEN513> line 36.
2015.05.08 20:02:34 1: PERL WARNING: Argument "<SPEC3>" isn't numeric in subtraction (-) at ./FHEM/92_FileLog.pm line 622, <GEN513> line 36.
2015.05.08 20:02:34 1: PERL WARNING: Argument "<SPEC4>" isn't numeric in subtraction (-) at ./FHEM/92_FileLog.pm line 622, <GEN513> line 36.
2015.05.08 20:02:34 1: PERL WARNING: Argument "<SPEC5>" isn't numeric in subtraction (-) at ./FHEM/92_FileLog.pm line 622, <GEN513> line 36.
2015.05.08 20:02:34 1: PERL WARNING: Argument "<SPEC6>" isn't numeric in subtraction (-) at ./FHEM/92_FileLog.pm line 622, <GEN513> line 36.
2015.05.08 20:02:44 1: PERL WARNING: Use of uninitialized value in concatenation (.) or string at ./FHEM/92_FileLog.pm line 825.
2015.05.08 20:02:46 1: PERL WARNING: Use of uninitialized value in concatenation (.) or string at ./FHEM/92_FileLog.pm line 825.
2015.05.08 20:02:53 1: PERL WARNING: Use of uninitialized value in concatenation (.) or string at ./FHEM/92_FileLog.pm line 825.
2015.05.08 20:03:08 1: PERL WARNING: Use of uninitialized value in concatenation (.) or string at ./FHEM/92_FileLog.pm line 825.
2015.05.08 20:03:09 1: PERL WARNING: Use of uninitialized value in concatenation (.) or string at ./FHEM/92_FileLog.pm line 825.
2015.05.08 20:28:40 1: PERL WARNING: Argument "<SPEC5>" isn't numeric in subtraction (-) at ./FHEM/92_FileLog.pm line 622, <GEN520> line 34.
2015.05.08 20:28:40 1: PERL WARNING: Argument "<SPEC6>" isn't numeric in subtraction (-) at ./FHEM/92_FileLog.pm line 622, <GEN520> line 34.
2015.05.08 20:28:40 1: PERL WARNING: Argument "<SPEC5>" isn't numeric in subtraction (-) at ./FHEM/92_FileLog.pm line 622, <GEN520> line 34.
2015.05.08 20:28:40 1: PERL WARNING: Argument "<SPEC6>" isn't numeric in subtraction (-) at ./FHEM/92_FileLog.pm line 622, <GEN520> line 34.
2015.05.08 20:28:40 1: PERL WARNING: Argument "<SPEC5>" isn't numeric in subtraction (-) at ./FHEM/92_FileLog.pm line 622, <GEN520> line 34.
2015.05.08 20:28:40 1: PERL WARNING: Argument "<SPEC6>" isn't numeric in subtraction (-) at ./FHEM/92_FileLog.pm line 622, <GEN520> line 34.
2015.05.08 20:28:40 1: PERL WARNING: Argument "<SPEC6>" isn't numeric in subtraction (-) at ./FHEM/92_FileLog.pm line 622, <GEN520> line 34.
2015.05.08 20:28:40 1: PERL WARNING: Argument "<SPEC2>" isn't numeric in subtraction (-) at ./FHEM/92_FileLog.pm line 622, <GEN520> line 34.
2015.05.08 20:28:40 1: PERL WARNING: Argument "<SPEC3>" isn't numeric in subtraction (-) at ./FHEM/92_FileLog.pm line 622, <GEN520> line 34.
2015.05.08 20:28:40 1: PERL WARNING: Argument "<SPEC4>" isn't numeric in subtraction (-) at ./FHEM/92_FileLog.pm line 622, <GEN520> line 34.
2015.05.08 20:28:40 1: PERL WARNING: Argument "<SPEC5>" isn't numeric in subtraction (-) at ./FHEM/92_FileLog.pm line 622, <GEN520> line 34.
2015.05.08 20:28:40 1: PERL WARNING: Argument "<SPEC6>" isn't numeric in subtraction (-) at ./FHEM/92_FileLog.pm line 622, <GEN520> line 34.
2015.05.08 20:28:40 1: PERL WARNING: Argument "<SPEC2>" isn't numeric in subtraction (-) at ./FHEM/92_FileLog.pm line 622, <GEN520> line 34.
2015.05.08 20:28:40 1: PERL WARNING: Argument "<SPEC3>" isn't numeric in subtraction (-) at ./FHEM/92_FileLog.pm line 622, <GEN520> line 34.
2015.05.08 20:28:40 1: PERL WARNING: Argument "<SPEC4>" isn't numeric in subtraction (-) at ./FHEM/92_FileLog.pm line 622, <GEN520> line 34.
2015.05.08 20:28:40 1: PERL WARNING: Argument "<SPEC5>" isn't numeric in subtraction (-) at ./FHEM/92_FileLog.pm line 622, <GEN520> line 34.
2015.05.08 20:28:40 1: PERL WARNING: Argument "<SPEC6>" isn't numeric in subtraction (-) at ./FHEM/92_FileLog.pm line 622, <GEN520> line 34.
2015.05.08 20:29:03 1: PERL WARNING: Use of uninitialized value in concatenation (.) or string at ./FHEM/92_FileLog.pm line 825.
2015.05.08 20:29:03 1: PERL WARNING: Use of uninitialized value in concatenation (.) or string at ./FHEM/92_FileLog.pm line 825.
2015.05.08 20:29:14 1: PERL WARNING: Use of uninitialized value in concatenation (.) or string at ./FHEM/92_FileLog.pm line 825.
2015.05.08 20:29:17 1: PERL WARNING: Use of uninitialized value in concatenation (.) or string at ./FHEM/92_FileLog.pm line 825.
2015.05.08 20:29:18 1: PERL WARNING: Use of uninitialized value in concatenation (.) or string at ./FHEM/92_FileLog.pm line 825.
2015.05.08 20:29:19 1: PERL WARNING: Use of uninitialized value in concatenation (.) or string at ./FHEM/92_FileLog.pm line 825.
2015.05.08 20:29:20 1: PERL WARNING: Argument "<SPEC2>" isn't numeric in subtraction (-) at ./FHEM/92_FileLog.pm line 622, <GEN523> line 34.
2015.05.08 20:29:20 1: PERL WARNING: Argument "<SPEC3>" isn't numeric in subtraction (-) at ./FHEM/92_FileLog.pm line 622, <GEN523> line 34.
2015.05.08 20:29:20 1: PERL WARNING: Argument "<SPEC4>" isn't numeric in subtraction (-) at ./FHEM/92_FileLog.pm line 622, <GEN523> line 34.
2015.05.08 20:29:20 1: PERL WARNING: Argument "<SPEC5>" isn't numeric in subtraction (-) at ./FHEM/92_FileLog.pm line 622, <GEN523> line 34.
2015.05.08 20:29:20 1: PERL WARNING: Argument "<SPEC6>" isn't numeric in subtraction (-) at ./FHEM/92_FileLog.pm line 622, <GEN523> line 34.
2015.05.08 20:29:20 1: PERL WARNING: Argument "<SPEC2>" isn't numeric in subtraction (-) at ./FHEM/92_FileLog.pm line 622, <GEN523> line 34.
2015.05.08 20:29:21 1: PERL WARNING: Argument "<SPEC3>" isn't numeric in subtraction (-) at ./FHEM/92_FileLog.pm line 622, <GEN523> line 34.
2015.05.08 20:29:21 1: PERL WARNING: Argument "<SPEC4>" isn't numeric in subtraction (-) at ./FHEM/92_FileLog.pm line 622, <GEN523> line 34.
2015.05.08 20:29:21 1: PERL WARNING: Argument "<SPEC5>" isn't numeric in subtraction (-) at ./FHEM/92_FileLog.pm line 622, <GEN523> line 34.
2015.05.08 20:29:21 1: PERL WARNING: Argument "<SPEC6>" isn't numeric in subtraction (-) at ./FHEM/92_FileLog.pm line 622, <GEN523> line 34.
2015.05.08 20:29:29 1: PERL WARNING: Use of uninitialized value in concatenation (.) or string at ./FHEM/92_FileLog.pm line 825.
2015.05.08 20:29:29 1: PERL WARNING: Use of uninitialized value in concatenation (.) or string at ./FHEM/92_FileLog.pm line 825.
2015.05.08 23:20:02 1: PERL WARNING: Argument "<SPEC2>" isn't numeric in subtraction (-) at ./FHEM/92_FileLog.pm line 622, <GEN617> line 36.
2015.05.08 23:20:02 1: PERL WARNING: Argument "<SPEC3>" isn't numeric in subtraction (-) at ./FHEM/92_FileLog.pm line 622, <GEN617> line 36.
2015.05.08 23:20:02 1: PERL WARNING: Argument "<SPEC4>" isn't numeric in subtraction (-) at ./FHEM/92_FileLog.pm line 622, <GEN617> line 36.
2015.05.08 23:20:02 1: PERL WARNING: Argument "<SPEC5>" isn't numeric in subtraction (-) at ./FHEM/92_FileLog.pm line 622, <GEN617> line 36.
2015.05.08 23:20:02 1: PERL WARNING: Argument "<SPEC6>" isn't numeric in subtraction (-) at ./FHEM/92_FileLog.pm line 622, <GEN617> line 36.
2015.05.08 23:20:02 1: PERL WARNING: Argument "<SPEC5>" isn't numeric in subtraction (-) at ./FHEM/92_FileLog.pm line 622, <GEN617> line 36.
2015.05.08 23:20:02 1: PERL WARNING: Argument "<SPEC6>" isn't numeric in subtraction (-) at ./FHEM/92_FileLog.pm line 622, <GEN617> line 36.
2015.05.08 23:20:02 1: PERL WARNING: Argument "<SPEC6>" isn't numeric in subtraction (-) at ./FHEM/92_FileLog.pm line 622, <GEN617> line 36.
2015.05.08 23:20:02 1: PERL WARNING: Argument "<SPEC2>" isn't numeric in subtraction (-) at ./FHEM/92_FileLog.pm line 622, <GEN617> line 36.
2015.05.08 23:20:02 1: PERL WARNING: Argument "<SPEC3>" isn't numeric in subtraction (-) at ./FHEM/92_FileLog.pm line 622, <GEN617> line 36.
2015.05.08 23:20:02 1: PERL WARNING: Argument "<SPEC4>" isn't numeric in subtraction (-) at ./FHEM/92_FileLog.pm line 622, <GEN617> line 36.
2015.05.08 23:20:02 1: PERL WARNING: Argument "<SPEC5>" isn't numeric in subtraction (-) at ./FHEM/92_FileLog.pm line 622, <GEN617> line 36.
2015.05.08 23:20:02 1: PERL WARNING: Argument "<SPEC6>" isn't numeric in subtraction (-) at ./FHEM/92_FileLog.pm line 622, <GEN617> line 36.
2015.05.08 23:20:02 1: PERL WARNING: Argument "<SPEC5>" isn't numeric in subtraction (-) at ./FHEM/92_FileLog.pm line 622, <GEN617> line 36.
2015.05.08 23:20:02 1: PERL WARNING: Argument "<SPEC6>" isn't numeric in subtraction (-) at ./FHEM/92_FileLog.pm line 622, <GEN617> line 36.
2015.05.08 23:20:02 1: PERL WARNING: Argument "<SPEC2>" isn't numeric in subtraction (-) at ./FHEM/92_FileLog.pm line 622, <GEN617> line 36.
2015.05.08 23:20:02 1: PERL WARNING: Argument "<SPEC3>" isn't numeric in subtraction (-) at ./FHEM/92_FileLog.pm line 622, <GEN617> line 36.
2015.05.08 23:20:02 1: PERL WARNING: Argument "<SPEC4>" isn't numeric in subtraction (-) at ./FHEM/92_FileLog.pm line 622, <GEN617> line 36.
2015.05.08 23:20:02 1: PERL WARNING: Argument "<SPEC5>" isn't numeric in subtraction (-) at ./FHEM/92_FileLog.pm line 622, <GEN617> line 36.
2015.05.08 23:20:02 1: PERL WARNING: Argument "<SPEC6>" isn't numeric in subtraction (-) at ./FHEM/92_FileLog.pm line 622, <GEN617> line 36.
2015.05.08 23:21:07 1: PERL WARNING: Use of uninitialized value in concatenation (.) or string at ./FHEM/92_FileLog.pm line 825.
2015.05.08 23:21:08 1: PERL WARNING: Use of uninitialized value in concatenation (.) or string at ./FHEM/92_FileLog.pm line 825.
2015.05.08 23:21:08 1: PERL WARNING: Use of uninitialized value in concatenation (.) or string at ./FHEM/92_FileLog.pm line 825.
2015.05.08 23:21:14 1: PERL WARNING: Argument "<SPEC5>" isn't numeric in subtraction (-) at ./FHEM/92_FileLog.pm line 622, <GEN618> line 32.
2015.05.08 23:21:14 1: PERL WARNING: Argument "<SPEC6>" isn't numeric in subtraction (-) at ./FHEM/92_FileLog.pm line 622, <GEN618> line 32.
2015.05.08 23:21:43 1: PERL WARNING: Use of uninitialized value in concatenation (.) or string at ./FHEM/92_FileLog.pm line 825.
2015.05.08 23:21:54 1: PERL WARNING: Use of uninitialized value in concatenation (.) or string at ./FHEM/92_FileLog.pm line 825.
2015.05.08 23:21:59 1: PERL WARNING: Use of uninitialized value in concatenation (.) or string at ./FHEM/92_FileLog.pm line 825.
2015.05.08 23:22:12 1: PERL WARNING: Use of uninitialized value in concatenation (.) or string at ./FHEM/92_FileLog.pm line 825.
