2015-05-17_16:59:45 KU_PCA301_01 stat_ConsumptionTotalLast: Hour: 0.02 Day: - Month: - Year: - (since: 2015-05-17_16:42:35 )
2015-05-17_17:59:45 KU_PCA301_01 stat_ConsumptionTotalLast: Hour: 0.00 Day: - Month: - Year: -
2015-05-17_18:59:45 KU_PCA301_01 stat_ConsumptionTotalLast: Hour: 0.03 Day: - Month: - Year: -
2015-05-17_21:59:45 KU_PCA301_01 stat_ConsumptionTotalLast: Hour: 0.01 Day: - Month: - Year: -
2015-05-17_22:59:45 KU_PCA301_01 stat_ConsumptionTotalLast: Hour: 0.03 Day: - Month: - Year: -
2015-05-17_23:59:45 KU_PCA301_01 stat_ConsumptionTotalLast: Hour: 0.03 Day: 0.18 Month: - Year: - (since: 2015-05-17_16:42:35 )
2015-05-18_00:59:45 KU_PCA301_01 stat_ConsumptionTotalLast: Hour: 0.00 Day: 0.18 Month: - Year: - (since: 2015-05-17_16:42:35 )
2015-05-18_01:59:45 KU_PCA301_01 stat_ConsumptionTotalLast: Hour: 0.03 Day: 0.18 Month: - Year: - (since: 2015-05-17_16:42:35 )
2015-05-18_03:59:45 KU_PCA301_01 stat_ConsumptionTotalLast: Hour: 0.00 Day: 0.18 Month: - Year: - (since: 2015-05-17_16:42:35 )
2015-05-18_04:59:45 KU_PCA301_01 stat_ConsumptionTotalLast: Hour: 0.04 Day: 0.18 Month: - Year: - (since: 2015-05-17_16:42:35 )
2015-05-18_05:59:45 KU_PCA301_01 stat_ConsumptionTotalLast: Hour: 0.03 Day: 0.18 Month: - Year: - (since: 2015-05-17_16:42:35 )
2015-05-18_06:59:45 KU_PCA301_01 stat_ConsumptionTotalLast: Hour: 0.00 Day: 0.18 Month: - Year: - (since: 2015-05-17_16:42:35 )
2015-05-18_07:59:45 KU_PCA301_01 stat_ConsumptionTotalLast: Hour: 0.03 Day: 0.18 Month: - Year: - (since: 2015-05-17_16:42:35 )
2015-05-18_09:59:45 KU_PCA301_01 stat_ConsumptionTotalLast: Hour: 0.00 Day: 0.18 Month: - Year: - (since: 2015-05-17_16:42:35 )
2015-05-18_10:59:45 KU_PCA301_01 stat_ConsumptionTotalLast: Hour: 0.04 Day: 0.18 Month: - Year: - (since: 2015-05-17_16:42:35 )
2015-05-18_11:59:45 KU_PCA301_01 stat_ConsumptionTotalLast: Hour: 0.03 Day: 0.18 Month: - Year: - (since: 2015-05-17_16:42:35 )
2015-05-18_12:59:45 KU_PCA301_01 stat_ConsumptionTotalLast: Hour: 0.00 Day: 0.18 Month: - Year: - (since: 2015-05-17_16:42:35 )
2015-05-18_13:59:45 KU_PCA301_01 stat_ConsumptionTotalLast: Hour: 0.03 Day: 0.18 Month: - Year: - (since: 2015-05-17_16:42:35 )
2015-05-18_15:59:45 KU_PCA301_01 stat_ConsumptionTotalLast: Hour: 0.01 Day: 0.18 Month: - Year: - (since: 2015-05-17_16:42:35 )
2015-05-18_16:59:45 KU_PCA301_01 stat_ConsumptionTotalLast: Hour: 0.03 Day: 0.18 Month: - Year: - (since: 2015-05-17_16:42:35 )
2015-05-18_18:59:45 KU_PCA301_01 stat_ConsumptionTotalLast: Hour: 0.02 Day: 0.18 Month: - Year: - (since: 2015-05-17_16:42:35 )
2015-05-18_20:59:45 KU_PCA301_01 stat_ConsumptionTotalLast: Hour: 0.03 Day: 0.18 Month: - Year: - (since: 2015-05-17_16:42:35 )
2015-05-18_22:59:45 KU_PCA301_01 stat_ConsumptionTotalLast: Hour: 0.01 Day: 0.18 Month: - Year: - (since: 2015-05-17_16:42:35 )
2015-05-18_23:59:45 KU_PCA301_01 stat_ConsumptionTotalLast: Hour: 0.04 Day: 0.54 Month: - Year: -
2015-05-19_00:59:45 KU_PCA301_01 stat_ConsumptionTotalLast: Hour: 0.01 Day: 0.54 Month: - Year: -
2015-05-19_01:59:45 KU_PCA301_01 stat_ConsumptionTotalLast: Hour: 0.02 Day: 0.54 Month: - Year: -
2015-05-19_02:59:45 KU_PCA301_01 stat_ConsumptionTotalLast: Hour: 0.03 Day: 0.54 Month: - Year: -
2015-05-19_03:59:45 KU_PCA301_01 stat_ConsumptionTotalLast: Hour: 0.01 Day: 0.54 Month: - Year: -
2015-05-19_04:59:45 KU_PCA301_01 stat_ConsumptionTotalLast: Hour: 0.03 Day: 0.54 Month: - Year: -
2015-05-19_06:59:45 KU_PCA301_01 stat_ConsumptionTotalLast: Hour: 0.01 Day: 0.54 Month: - Year: -
2015-05-19_07:59:45 KU_PCA301_01 stat_ConsumptionTotalLast: Hour: 0.02 Day: 0.54 Month: - Year: -
2015-05-19_08:59:45 KU_PCA301_01 stat_ConsumptionTotalLast: Hour: 0.04 Day: 0.54 Month: - Year: -
2015-05-19_09:59:45 KU_PCA301_01 stat_ConsumptionTotalLast: Hour: 0.00 Day: 0.54 Month: - Year: -
2015-05-19_10:59:45 KU_PCA301_01 stat_ConsumptionTotalLast: Hour: 0.03 Day: 0.54 Month: - Year: -
2015-05-19_11:59:45 KU_PCA301_01 stat_ConsumptionTotalLast: Hour: 0.04 Day: 0.54 Month: - Year: -
2015-05-19_12:59:45 KU_PCA301_01 stat_ConsumptionTotalLast: Hour: 0.00 Day: 0.54 Month: - Year: -
2015-05-19_13:59:45 KU_PCA301_01 stat_ConsumptionTotalLast: Hour: 0.03 Day: 0.54 Month: - Year: -
2015-05-19_15:59:45 KU_PCA301_01 stat_ConsumptionTotalLast: Hour: 0.02 Day: 0.54 Month: - Year: -
2015-05-19_17:59:45 KU_PCA301_01 stat_ConsumptionTotalLast: Hour: 0.03 Day: 0.54 Month: - Year: -
2015-05-19_18:59:45 KU_PCA301_01 stat_ConsumptionTotalLast: Hour: 0.01 Day: 0.54 Month: - Year: -
2015-05-19_19:59:45 KU_PCA301_01 stat_ConsumptionTotalLast: Hour: 0.03 Day: 0.54 Month: - Year: -
2015-05-19_21:59:45 KU_PCA301_01 stat_ConsumptionTotalLast: Hour: 0.01 Day: 0.54 Month: - Year: -
2015-05-19_22:59:45 KU_PCA301_01 stat_ConsumptionTotalLast: Hour: 0.03 Day: 0.54 Month: - Year: -
2015-05-20_00:59:45 KU_PCA301_01 stat_ConsumptionTotalLast: Hour: 0.02 Day: 0.54 Month: - Year: -
2015-05-20_01:59:45 KU_PCA301_01 stat_ConsumptionTotalLast: Hour: 0.01 Day: 0.54 Month: - Year: -
2015-05-20_02:59:45 KU_PCA301_01 stat_ConsumptionTotalLast: Hour: 0.03 Day: 0.54 Month: - Year: -
2015-05-20_04:59:45 KU_PCA301_01 stat_ConsumptionTotalLast: Hour: 0.00 Day: 0.54 Month: - Year: -
2015-05-20_05:59:45 KU_PCA301_01 stat_ConsumptionTotalLast: Hour: 0.04 Day: 0.54 Month: - Year: -
2015-05-20_06:59:45 KU_PCA301_01 stat_ConsumptionTotalLast: Hour: 0.03 Day: 0.54 Month: - Year: -
2015-05-20_07:59:45 KU_PCA301_01 stat_ConsumptionTotalLast: Hour: 0.00 Day: 0.54 Month: - Year: -
2015-05-20_08:59:45 KU_PCA301_01 stat_ConsumptionTotalLast: Hour: 0.03 Day: 0.54 Month: - Year: -
2015-05-20_09:59:45 KU_PCA301_01 stat_ConsumptionTotalLast: Hour: 0.04 Day: 0.54 Month: - Year: -
2015-05-20_10:59:45 KU_PCA301_01 stat_ConsumptionTotalLast: Hour: 0.00 Day: 0.54 Month: - Year: -
2015-05-20_11:59:45 KU_PCA301_01 stat_ConsumptionTotalLast: Hour: 0.03 Day: 0.54 Month: - Year: -
2015-05-20_13:59:45 KU_PCA301_01 stat_ConsumptionTotalLast: Hour: 0.00 Day: 0.54 Month: - Year: -
2015-05-20_14:59:45 KU_PCA301_01 stat_ConsumptionTotalLast: Hour: 0.04 Day: 0.54 Month: - Year: -
2015-05-20_15:59:45 KU_PCA301_01 stat_ConsumptionTotalLast: Hour: 0.02 Day: 0.54 Month: - Year: -
2015-05-20_16:59:45 KU_PCA301_01 stat_ConsumptionTotalLast: Hour: 0.01 Day: 0.54 Month: - Year: -
2015-05-20_17:59:45 KU_PCA301_01 stat_ConsumptionTotalLast: Hour: 0.03 Day: 0.54 Month: - Year: -
2015-05-20_19:59:45 KU_PCA301_01 stat_ConsumptionTotalLast: Hour: 0.01 Day: 0.54 Month: - Year: -
2015-05-20_20:59:45 KU_PCA301_01 stat_ConsumptionTotalLast: Hour: 0.03 Day: 0.54 Month: - Year: -
2015-05-20_22:59:45 KU_PCA301_01 stat_ConsumptionTotalLast: Hour: 0.00 Day: 0.54 Month: - Year: -
2015-05-20_23:59:45 KU_PCA301_01 stat_ConsumptionTotalLast: Hour: 0.03 Day: 0.52 Month: - Year: -
2015-05-21_00:59:45 KU_PCA301_01 stat_ConsumptionTotalLast: Hour: 0.04 Day: 0.52 Month: - Year: -
2015-05-21_01:59:45 KU_PCA301_01 stat_ConsumptionTotalLast: Hour: 0.00 Day: 0.52 Month: - Year: -
2015-05-21_02:59:45 KU_PCA301_01 stat_ConsumptionTotalLast: Hour: 0.03 Day: 0.52 Month: - Year: -
2015-05-21_04:59:45 KU_PCA301_01 stat_ConsumptionTotalLast: Hour: 0.01 Day: 0.52 Month: - Year: -
2015-05-21_05:59:45 KU_PCA301_01 stat_ConsumptionTotalLast: Hour: 0.03 Day: 0.52 Month: - Year: -
2015-05-21_06:59:45 KU_PCA301_01 stat_ConsumptionTotalLast: Hour: 0.02 Day: 0.52 Month: - Year: -
2015-05-21_07:59:45 KU_PCA301_01 stat_ConsumptionTotalLast: Hour: 0.01 Day: 0.52 Month: - Year: -
2015-05-21_08:59:45 KU_PCA301_01 stat_ConsumptionTotalLast: Hour: 0.03 Day: 0.52 Month: - Year: -
2015-05-21_09:59:45 KU_PCA301_01 stat_ConsumptionTotalLast: Hour: 0.02 Day: 0.52 Month: - Year: -
2015-05-21_13:59:45 KU_PCA301_01 stat_ConsumptionTotalLast: Hour: 0.01 Day: 0.52 Month: - Year: -
2015-05-21_14:59:45 KU_PCA301_01 stat_ConsumptionTotalLast: Hour: 0.04 Day: 0.52 Month: - Year: -
2015-05-21_15:59:45 KU_PCA301_01 stat_ConsumptionTotalLast: Hour: 0.01 Day: 0.52 Month: - Year: -
2015-05-21_16:59:45 KU_PCA301_01 stat_ConsumptionTotalLast: Hour: 0.03 Day: 0.52 Month: - Year: -
2015-05-21_17:59:45 KU_PCA301_01 stat_ConsumptionTotalLast: Hour: 0.04 Day: 0.52 Month: - Year: -
2015-05-21_18:59:45 KU_PCA301_01 stat_ConsumptionTotalLast: Hour: 0.01 Day: 0.52 Month: - Year: -
2015-05-21_19:59:47 KU_PCA301_01 stat_ConsumptionTotalLast: Hour: 0.02 Day: 0.52 Month: - Year: -
2015-05-21_20:59:45 KU_PCA301_01 stat_ConsumptionTotalLast: Hour: 0.04 Day: 0.52 Month: - Year: -
2015-05-21_21:59:45 KU_PCA301_01 stat_ConsumptionTotalLast: Hour: 0.01 Day: 0.52 Month: - Year: -
2015-05-21_22:59:45 KU_PCA301_01 stat_ConsumptionTotalLast: Hour: 0.00 Day: 0.52 Month: - Year: -
2015-05-21_23:59:45 KU_PCA301_01 stat_ConsumptionTotalLast: Hour: 0.03 Day: 0.52 Month: - Year: -
2015-05-21_23:59:45 KU_PCA301_01 stat_ConsumptionTotalDayLast: 0.52
2015-05-22_01:59:45 KU_PCA301_01 stat_ConsumptionTotalLast: Hour: 0.01 Day: 0.52 Month: - Year: -
2015-05-22_02:59:45 KU_PCA301_01 stat_ConsumptionTotalLast: Hour: 0.02 Day: 0.52 Month: - Year: -
2015-05-22_03:59:45 KU_PCA301_01 stat_ConsumptionTotalLast: Hour: 0.04 Day: 0.52 Month: - Year: -
2015-05-22_04:59:45 KU_PCA301_01 stat_ConsumptionTotalLast: Hour: 0.00 Day: 0.52 Month: - Year: -
2015-05-22_05:59:45 KU_PCA301_01 stat_ConsumptionTotalLast: Hour: 0.04 Day: 0.52 Month: - Year: -
2015-05-22_06:59:45 KU_PCA301_01 stat_ConsumptionTotalLast: Hour: 0.03 Day: 0.52 Month: - Year: -
2015-05-22_07:59:45 KU_PCA301_01 stat_ConsumptionTotalLast: Hour: 0.00 Day: 0.52 Month: - Year: -
2015-05-22_08:59:45 KU_PCA301_01 stat_ConsumptionTotalLast: Hour: 0.03 Day: 0.52 Month: - Year: -
2015-05-22_09:59:45 KU_PCA301_01 stat_ConsumptionTotalLast: Hour: 0.02999999999999 Day: 0.52 Month: - Year: -
2015-05-22_10:59:45 KU_PCA301_01 stat_ConsumptionTotalLast: Hour: 0.00000000000000 Day: 0.52 Month: - Year: -
2015-05-22_11:59:45 KU_PCA301_01 stat_ConsumptionTotalLast: Hour: 0.03000000000000 Day: 0.52 Month: - Year: -
2015-05-22_12:59:45 KU_PCA301_01 stat_ConsumptionTotalLast: Hour: 0.04000000000000 Day: 0.52 Month: - Year: -
2015-05-22_13:59:45 KU_PCA301_01 stat_ConsumptionTotalLast: Hour: 0.01000000000000 Day: 0.52 Month: - Year: -
2015-05-22_16:59:45 KU_PCA301_01 stat_ConsumptionTotalLast: Hour: 0.02000000000000 Day: 0.52 Month: - Year: -
2015-05-22_17:59:45 KU_PCA301_01 stat_ConsumptionTotalLast: Hour: 0.01000000000000 Day: 0.52 Month: - Year: -
2015-05-22_18:59:45 KU_PCA301_01 stat_ConsumptionTotalLast: Hour: 0.03000000000000 Day: 0.52 Month: - Year: -
2015-05-22_21:59:45 KU_PCA301_01 stat_ConsumptionTotalLast: Hour: 0.00000000000000 Day: 0.52 Month: - Year: -
2015-05-22_22:59:45 KU_PCA301_01 stat_ConsumptionTotalLast: Hour: 0.04000000000000 Day: 0.52 Month: - Year: -
2015-05-22_23:59:45 KU_PCA301_01 stat_ConsumptionTotalLast: Hour: 0.03000000000000 Day: 0.49999999999999 Month: - Year: -
2015-05-22_23:59:45 KU_PCA301_01 stat_ConsumptionTotalDayLast: 0.49999999999999
2015-05-23_00:59:45 KU_PCA301_01 stat_ConsumptionTotalLast: Hour: 0.63000000000000 Day: 0.49999999999999 Month: - Year: -
2015-05-23_01:59:45 KU_PCA301_01 stat_ConsumptionTotalLast: Hour: 0.02000000000000 Day: 0.49999999999999 Month: - Year: -
2015-05-23_02:59:45 KU_PCA301_01 stat_ConsumptionTotalLast: Hour: 0.03000000000000 Day: 0.49999999999999 Month: - Year: -
2015-05-23_03:59:45 KU_PCA301_01 stat_ConsumptionTotalLast: Hour: 0.01999999999999 Day: 0.49999999999999 Month: - Year: -
2015-05-23_04:59:45 KU_PCA301_01 stat_ConsumptionTotalLast: Hour: 0.02000000000000 Day: 0.49999999999999 Month: - Year: -
2015-05-23_05:59:45 KU_PCA301_01 stat_ConsumptionTotalLast: Hour: 0.03000000000000 Day: 0.49999999999999 Month: - Year: -
2015-05-23_06:59:45 KU_PCA301_01 stat_ConsumptionTotalLast: Hour: 0.00000000000000 Day: 0.49999999999999 Month: - Year: -
2015-05-23_07:59:45 KU_PCA301_01 stat_ConsumptionTotalLast: Hour: 0.04000000000000 Day: 0.49999999999999 Month: - Year: -
2015-05-23_08:59:45 KU_PCA301_01 stat_ConsumptionTotalLast: Hour: 0.03000000000000 Day: 0.49999999999999 Month: - Year: -
2015-05-23_09:59:45 KU_PCA301_01 stat_ConsumptionTotalLast: Hour: 0.01000000000000 Day: 0.49999999999999 Month: - Year: -
2015-05-23_10:59:45 KU_PCA301_01 stat_ConsumptionTotalLast: Hour: 0.02000000000000 Day: 0.49999999999999 Month: - Year: -
2015-05-23_11:59:45 KU_PCA301_01 stat_ConsumptionTotalLast: Hour: 0.03000000000000 Day: 0.49999999999999 Month: - Year: -
2015-05-23_13:59:45 KU_PCA301_01 stat_ConsumptionTotalLast: Hour: 0.01000000000000 Day: 0.49999999999999 Month: - Year: -
2015-05-23_14:59:45 KU_PCA301_01 stat_ConsumptionTotalLast: Hour: 0.03000000000000 Day: 0.49999999999999 Month: - Year: -
2015-05-23_15:59:45 KU_PCA301_01 stat_ConsumptionTotalLast: Hour: 0.02000000000000 Day: 0.49999999999999 Month: - Year: -
2015-05-23_16:59:45 KU_PCA301_01 stat_ConsumptionTotalLast: Hour: 0.01000000000000 Day: 0.49999999999999 Month: - Year: -
2015-05-23_17:59:45 KU_PCA301_01 stat_ConsumptionTotalLast: Hour: 0.03000000000000 Day: 0.49999999999999 Month: - Year: -
2015-05-23_19:59:45 KU_PCA301_01 stat_ConsumptionTotalLast: Hour: 0.00000000000000 Day: 0.49999999999999 Month: - Year: -
2015-05-23_20:59:45 KU_PCA301_01 stat_ConsumptionTotalLast: Hour: 0.03000000000000 Day: 0.49999999999999 Month: - Year: -
2015-05-23_21:59:45 KU_PCA301_01 stat_ConsumptionTotalLast: Hour: 0.04000000000000 Day: 0.49999999999999 Month: - Year: -
2015-05-23_22:59:45 KU_PCA301_01 stat_ConsumptionTotalLast: Hour: 0.00000000000000 Day: 0.49999999999999 Month: - Year: -
2015-05-23_23:59:45 KU_PCA301_01 stat_ConsumptionTotalLast: Hour: 0.03000000000000 Day: 1.13999999999999 Month: - Year: -
2015-05-23_23:59:45 KU_PCA301_01 stat_ConsumptionTotalDayLast: 1.13999999999999
2015-05-24_00:59:45 KU_PCA301_01 stat_ConsumptionTotalLast: Hour: 1.15999999999999 Day: 1.13999999999999 Month: - Year: -
2015-05-24_01:59:45 KU_PCA301_01 stat_ConsumptionTotalLast: Hour: 0.00000000000000 Day: 1.13999999999999 Month: - Year: -
2015-05-24_02:59:45 KU_PCA301_01 stat_ConsumptionTotalLast: Hour: 0.04000000000000 Day: 1.13999999999999 Month: - Year: -
2015-05-24_03:59:45 KU_PCA301_01 stat_ConsumptionTotalLast: Hour: 0.02000000000000 Day: 1.13999999999999 Month: - Year: -
2015-05-24_04:59:45 KU_PCA301_01 stat_ConsumptionTotalLast: Hour: 0.01000000000000 Day: 1.13999999999999 Month: - Year: -
2015-05-24_05:59:45 KU_PCA301_01 stat_ConsumptionTotalLast: Hour: 0.03000000000000 Day: 1.13999999999999 Month: - Year: -
2015-05-24_07:59:45 KU_PCA301_01 stat_ConsumptionTotalLast: Hour: 0.00000000000000 Day: 1.13999999999999 Month: - Year: -
2015-05-24_08:59:45 KU_PCA301_01 stat_ConsumptionTotalLast: Hour: 0.03000000000000 Day: 1.13999999999999 Month: - Year: -
2015-05-24_10:59:45 KU_PCA301_01 stat_ConsumptionTotalLast: Hour: 0.01000000000000 Day: 1.13999999999999 Month: - Year: -
2015-05-24_11:59:45 KU_PCA301_01 stat_ConsumptionTotalLast: Hour: 0.03000000000000 Day: 1.13999999999999 Month: - Year: -
2015-05-24_13:59:45 KU_PCA301_01 stat_ConsumptionTotalLast: Hour: 0.01000000000000 Day: 1.13999999999999 Month: - Year: -
2015-05-24_14:59:45 KU_PCA301_01 stat_ConsumptionTotalLast: Hour: 0.03000000000000 Day: 1.13999999999999 Month: - Year: -
2015-05-24_15:59:45 KU_PCA301_01 stat_ConsumptionTotalLast: Hour: 0.01000000000000 Day: 1.13999999999999 Month: - Year: -
2015-05-24_16:59:45 KU_PCA301_01 stat_ConsumptionTotalLast: Hour: 0.02000000000000 Day: 1.13999999999999 Month: - Year: -
2015-05-24_17:59:45 KU_PCA301_01 stat_ConsumptionTotalLast: Hour: 0.03000000000000 Day: 1.13999999999999 Month: - Year: -
2015-05-24_18:59:45 KU_PCA301_01 stat_ConsumptionTotalLast: Hour: 0.02000000000000 Day: 1.13999999999999 Month: - Year: -
2015-05-24_19:59:45 KU_PCA301_01 stat_ConsumptionTotalLast: Hour: 0.01000000000000 Day: 1.13999999999999 Month: - Year: -
2015-05-24_20:59:45 KU_PCA301_01 stat_ConsumptionTotalLast: Hour: 0.03000000000000 Day: 1.13999999999999 Month: - Year: -
2015-05-24_22:59:45 KU_PCA301_01 stat_ConsumptionTotalLast: Hour: 0.01000000000000 Day: 1.13999999999999 Month: - Year: -
2015-05-24_23:59:45 KU_PCA301_01 stat_ConsumptionTotalLast: Hour: 0.03000000000000 Day: 1.64999999999999 Month: - Year: -
2015-05-24_23:59:45 KU_PCA301_01 stat_ConsumptionTotalDayLast: 1.64999999999999
2015-05-25_00:59:45 KU_PCA301_01 stat_ConsumptionTotalLast: Hour: 0.54999999999999 Day: 1.64999999999999 Month: - Year: -
2015-05-25_01:59:45 KU_PCA301_01 stat_ConsumptionTotalLast: Hour: 0.00000000000000 Day: 1.64999999999999 Month: - Year: -
2015-05-25_02:59:45 KU_PCA301_01 stat_ConsumptionTotalLast: Hour: 0.03000000000000 Day: 1.64999999999999 Month: - Year: -
2015-05-25_04:59:45 KU_PCA301_01 stat_ConsumptionTotalLast: Hour: 0.00000000000000 Day: 1.64999999999999 Month: - Year: -
2015-05-25_05:59:45 KU_PCA301_01 stat_ConsumptionTotalLast: Hour: 0.03000000000000 Day: 1.64999999999999 Month: - Year: -
2015-05-25_06:59:45 KU_PCA301_01 stat_ConsumptionTotalLast: Hour: 0.04000000000000 Day: 1.64999999999999 Month: - Year: -
2015-05-25_07:59:45 KU_PCA301_01 stat_ConsumptionTotalLast: Hour: 0.00000000000000 Day: 1.64999999999999 Month: - Year: -
2015-05-25_08:59:45 KU_PCA301_01 stat_ConsumptionTotalLast: Hour: 0.03000000000000 Day: 1.64999999999999 Month: - Year: -
2015-05-25_09:59:45 KU_PCA301_01 stat_ConsumptionTotalLast: Hour: 0.02000000000000 Day: 1.64999999999999 Month: - Year: -
2015-05-25_11:59:45 KU_PCA301_01 stat_ConsumptionTotalLast: Hour: 0.03000000000000 Day: 1.64999999999999 Month: - Year: -
2015-05-25_13:59:45 KU_PCA301_01 stat_ConsumptionTotalLast: Hour: 0.01000000000000 Day: 1.64999999999999 Month: - Year: -
2015-05-25_14:59:45 KU_PCA301_01 stat_ConsumptionTotalLast: Hour: 0.03000000000000 Day: 1.64999999999999 Month: - Year: -
2015-05-25_17:59:45 KU_PCA301_01 stat_ConsumptionTotalLast: Hour: 0.01000000000000 Day: 1.64999999999999 Month: - Year: -
2015-05-25_18:59:45 KU_PCA301_01 stat_ConsumptionTotalLast: Hour: 0.03000000000000 Day: 1.64999999999999 Month: - Year: -
2015-05-25_21:59:45 KU_PCA301_01 stat_ConsumptionTotalLast: Hour: 0.00000000000000 Day: 1.64999999999999 Month: - Year: -
2015-05-25_22:59:45 KU_PCA301_01 stat_ConsumptionTotalLast: Hour: 0.02999999999999 Day: 1.64999999999999 Month: - Year: -
2015-05-25_23:59:45 KU_PCA301_01 stat_ConsumptionTotalLast: Hour: 0.03000000000000 Day: 1.06999999999998 Month: - Year: -
2015-05-25_23:59:45 KU_PCA301_01 stat_ConsumptionTotalDayLast: 1.06999999999998
2015-05-26_00:59:45 KU_PCA301_01 stat_ConsumptionTotalLast: Hour: 0.56000000000000 Day: 1.06999999999998 Month: - Year: -
2015-05-26_01:59:45 KU_PCA301_01 stat_ConsumptionTotalLast: Hour: 0.02000000000000 Day: 1.06999999999998 Month: - Year: -
2015-05-26_02:59:45 KU_PCA301_01 stat_ConsumptionTotalLast: Hour: 0.03000000000000 Day: 1.06999999999998 Month: - Year: -
2015-05-26_03:59:45 KU_PCA301_01 stat_ConsumptionTotalLast: Hour: 0.02000000000000 Day: 1.06999999999998 Month: - Year: -
2015-05-26_04:59:45 KU_PCA301_01 stat_ConsumptionTotalLast: Hour: 0.01000000000000 Day: 1.06999999999998 Month: - Year: -
2015-05-26_05:59:45 KU_PCA301_01 stat_ConsumptionTotalLast: Hour: 0.03000000000000 Day: 1.06999999999998 Month: - Year: -
2015-05-26_06:59:45 KU_PCA301_01 stat_ConsumptionTotalLast: Hour: 0.01000000000000 Day: 1.06999999999998 Month: - Year: -
2015-05-26_07:59:45 KU_PCA301_01 stat_ConsumptionTotalLast: Hour: 0.02000000000000 Day: 1.06999999999998 Month: - Year: -
2015-05-26_08:59:45 KU_PCA301_01 stat_ConsumptionTotalLast: Hour: 0.04000000000000 Day: 1.06999999999998 Month: - Year: -
2015-05-26_09:59:45 KU_PCA301_01 stat_ConsumptionTotalLast: Hour: 0.03000000000000 Day: 1.06999999999998 Month: - Year: -
2015-05-26_10:59:45 KU_PCA301_01 stat_ConsumptionTotalLast: Hour: 0.00000000000000 Day: 1.06999999999998 Month: - Year: -
2015-05-26_11:59:45 KU_PCA301_01 stat_ConsumptionTotalLast: Hour: 0.04000000000000 Day: 1.06999999999998 Month: - Year: -
2015-05-26_12:59:45 KU_PCA301_01 stat_ConsumptionTotalLast: Hour: 0.02000000000000 Day: 1.06999999999998 Month: - Year: -
2015-05-26_13:59:45 KU_PCA301_01 stat_ConsumptionTotalLast: Hour: 0.01000000000000 Day: 1.06999999999998 Month: - Year: -
2015-05-26_14:59:45 KU_PCA301_01 stat_ConsumptionTotalLast: Hour: 0.03000000000000 Day: 1.06999999999998 Month: - Year: -
2015-05-26_16:59:45 KU_PCA301_01 stat_ConsumptionTotalLast: Hour: 0.02000000000000 Day: 1.06999999999998 Month: - Year: -
2015-05-26_18:59:45 KU_PCA301_01 stat_ConsumptionTotalLast: Hour: 0.02999999999999 Day: 1.06999999999998 Month: - Year: -
2015-05-26_19:59:45 KU_PCA301_01 stat_ConsumptionTotalLast: Hour: 0.01000000000000 Day: 1.06999999999998 Month: - Year: -
2015-05-26_20:59:45 KU_PCA301_01 stat_ConsumptionTotalLast: Hour: 0.03000000000000 Day: 1.06999999999998 Month: - Year: -
2015-05-26_22:59:45 KU_PCA301_01 stat_ConsumptionTotalLast: Hour: 0.01000000000000 Day: 1.06999999999998 Month: - Year: -
2015-05-26_23:59:45 KU_PCA301_01 stat_ConsumptionTotalLast: Hour: 0.02000000000000 Day: 1.06999999999999 Month: - Year: -
2015-05-26_23:59:45 KU_PCA301_01 stat_ConsumptionTotalDayLast: 1.06999999999999
2015-05-27_00:59:45 KU_PCA301_01 stat_ConsumptionTotalLast: Hour: 0.55000000000000 Day: 1.06999999999999 Month: - Year: -
2015-05-27_01:59:45 KU_PCA301_01 stat_ConsumptionTotalLast: Hour: 0.00000000000000 Day: 1.06999999999999 Month: - Year: -
2015-05-27_02:59:45 KU_PCA301_01 stat_ConsumptionTotalLast: Hour: 0.03000000000000 Day: 1.06999999999999 Month: - Year: -
2015-05-27_04:59:45 KU_PCA301_01 stat_ConsumptionTotalLast: Hour: 0.00000000000000 Day: 1.06999999999999 Month: - Year: -
2015-05-27_05:59:45 KU_PCA301_01 stat_ConsumptionTotalLast: Hour: 0.03000000000000 Day: 1.06999999999999 Month: - Year: -
2015-05-27_06:59:45 KU_PCA301_01 stat_ConsumptionTotalLast: Hour: 0.02000000000000 Day: 1.06999999999999 Month: - Year: -
2015-05-27_07:59:45 KU_PCA301_01 stat_ConsumptionTotalLast: Hour: 0.01000000000000 Day: 1.06999999999999 Month: - Year: -
2015-05-27_08:59:45 KU_PCA301_01 stat_ConsumptionTotalLast: Hour: 0.04000000000000 Day: 1.06999999999999 Month: - Year: -
2015-05-27_09:59:45 KU_PCA301_01 stat_ConsumptionTotalLast: Hour: 0.02000000000000 Day: 1.06999999999999 Month: - Year: -
2015-05-27_10:59:45 KU_PCA301_01 stat_ConsumptionTotalLast: Hour: 0.01000000000000 Day: 1.06999999999999 Month: - Year: -
2015-05-27_11:59:45 KU_PCA301_01 stat_ConsumptionTotalLast: Hour: 0.04000000000000 Day: 1.06999999999999 Month: - Year: -
2015-05-27_12:59:45 KU_PCA301_01 stat_ConsumptionTotalLast: Hour: 0.01000000000000 Day: 1.06999999999999 Month: - Year: -
2015-05-27_13:59:45 KU_PCA301_01 stat_ConsumptionTotalLast: Hour: 0.02000000000000 Day: 1.06999999999999 Month: - Year: -
2015-05-27_14:59:45 KU_PCA301_01 stat_ConsumptionTotalLast: Hour: 0.03000000000000 Day: 1.06999999999999 Month: - Year: -
2015-05-27_15:59:45 KU_PCA301_01 stat_ConsumptionTotalLast: Hour: 0.02000000000000 Day: 1.06999999999999 Month: - Year: -
2015-05-27_17:59:45 KU_PCA301_01 stat_ConsumptionTotalLast: Hour: 0.02999999999999 Day: 1.06999999999999 Month: - Year: -
2015-05-27_18:59:45 KU_PCA301_01 stat_ConsumptionTotalLast: Hour: 0.01000000000000 Day: 1.06999999999999 Month: - Year: -
2015-05-27_19:59:45 KU_PCA301_01 stat_ConsumptionTotalLast: Hour: 0.02000000000000 Day: 1.06999999999999 Month: - Year: -
2015-05-27_20:59:45 KU_PCA301_01 stat_ConsumptionTotalLast: Hour: 0.03000000000000 Day: 1.06999999999999 Month: - Year: -
2015-05-27_21:59:45 KU_PCA301_01 stat_ConsumptionTotalLast: Hour: 0.02000000000000 Day: 1.06999999999999 Month: - Year: -
2015-05-27_23:59:45 KU_PCA301_01 stat_ConsumptionTotalLast: Hour: 0.03000000000000 Day: 1.03999999999999 Month: - Year: -
2015-05-27_23:59:45 KU_PCA301_01 stat_ConsumptionTotalDayLast: 1.03999999999999
2015-05-28_00:59:45 KU_PCA301_01 stat_ConsumptionTotalLast: Hour: 0.53000000000000 Day: 1.03999999999999 Month: - Year: -
2015-05-28_01:59:45 KU_PCA301_01 stat_ConsumptionTotalLast: Hour: 0.01000000000000 Day: 1.03999999999999 Month: - Year: -
2015-05-28_02:59:45 KU_PCA301_01 stat_ConsumptionTotalLast: Hour: 0.04000000000000 Day: 1.03999999999999 Month: - Year: -
2015-05-28_03:59:45 KU_PCA301_01 stat_ConsumptionTotalLast: Hour: 0.00000000000000 Day: 1.03999999999999 Month: - Year: -
2015-05-28_04:59:45 KU_PCA301_01 stat_ConsumptionTotalLast: Hour: 0.03000000000000 Day: 1.03999999999999 Month: - Year: -
2015-05-28_06:59:45 KU_PCA301_01 stat_ConsumptionTotalLast: Hour: 0.00000000000000 Day: 1.03999999999999 Month: - Year: -
2015-05-28_07:59:45 KU_PCA301_01 stat_ConsumptionTotalLast: Hour: 0.03000000000000 Day: 1.03999999999999 Month: - Year: -
2015-05-28_08:59:45 KU_PCA301_01 stat_ConsumptionTotalLast: Hour: 0.02000000000000 Day: 1.03999999999999 Month: - Year: -
2015-05-28_10:59:45 KU_PCA301_01 stat_ConsumptionTotalLast: Hour: 0.03000000000000 Day: 1.03999999999999 Month: - Year: -
2015-05-28_12:59:45 KU_PCA301_01 stat_ConsumptionTotalLast: Hour: 0.01000000000000 Day: 1.03999999999999 Month: - Year: -
2015-05-28_13:59:45 KU_PCA301_01 stat_ConsumptionTotalLast: Hour: 0.02000000000000 Day: 1.03999999999999 Month: - Year: -
2015-05-28_14:59:45 KU_PCA301_01 stat_ConsumptionTotalLast: Hour: 0.02999999999999 Day: 1.03999999999999 Month: - Year: -
2015-05-28_15:59:45 KU_PCA301_01 stat_ConsumptionTotalLast: Hour: 0.03000000000000 Day: 1.03999999999999 Month: - Year: -
2015-05-28_16:59:45 KU_PCA301_01 stat_ConsumptionTotalLast: Hour: 0.01000000000000 Day: 1.03999999999999 Month: - Year: -
2015-05-28_17:59:45 KU_PCA301_01 stat_ConsumptionTotalLast: Hour: 0.03000000000000 Day: 1.03999999999999 Month: - Year: -
2015-05-28_19:59:45 KU_PCA301_01 stat_ConsumptionTotalLast: Hour: 0.02000000000000 Day: 1.03999999999999 Month: - Year: -
2015-05-28_20:59:45 KU_PCA301_01 stat_ConsumptionTotalLast: Hour: 0.01000000000000 Day: 1.03999999999999 Month: - Year: -
2015-05-28_21:59:45 KU_PCA301_01 stat_ConsumptionTotalLast: Hour: 0.03000000000000 Day: 1.03999999999999 Month: - Year: -
2015-05-28_22:59:45 KU_PCA301_01 stat_ConsumptionTotalLast: Hour: 0.23999999999998 Day: 1.03999999999999 Month: - Year: -
2015-05-28_23:59:45 KU_PCA301_01 stat_ConsumptionTotalLast: Hour: 0.01000000000000 Day: 1.23999999999997 Month: - Year: -
2015-05-28_23:59:45 KU_PCA301_01 stat_ConsumptionTotalDayLast: 1.23999999999997
2015-05-29_00:59:45 KU_PCA301_01 stat_ConsumptionTotalLast: Hour: 0.06000000000000 Day: 1.23999999999997 Month: - Year: -
2015-05-29_01:59:45 KU_PCA301_01 stat_ConsumptionTotalLast: Hour: 0.02000000000000 Day: 1.23999999999997 Month: - Year: -
2015-05-29_02:59:45 KU_PCA301_01 stat_ConsumptionTotalLast: Hour: 0.01000000000000 Day: 1.23999999999997 Month: - Year: -
2015-05-29_03:59:45 KU_PCA301_01 stat_ConsumptionTotalLast: Hour: 0.03000000000000 Day: 1.23999999999997 Month: - Year: -
2015-05-29_05:59:45 KU_PCA301_01 stat_ConsumptionTotalLast: Hour: 0.00000000000000 Day: 1.23999999999997 Month: - Year: -
2015-05-29_06:59:45 KU_PCA301_01 stat_ConsumptionTotalLast: Hour: 0.04000000000000 Day: 1.23999999999997 Month: - Year: -
2015-05-29_07:59:45 KU_PCA301_01 stat_ConsumptionTotalLast: Hour: 0.02000000000000 Day: 1.23999999999997 Month: - Year: -
2015-05-29_08:59:45 KU_PCA301_01 stat_ConsumptionTotalLast: Hour: 0.01000000000000 Day: 1.23999999999997 Month: - Year: -
2015-05-29_09:59:45 KU_PCA301_01 stat_ConsumptionTotalLast: Hour: 0.04000000000000 Day: 1.23999999999997 Month: - Year: -
2015-05-29_10:59:45 KU_PCA301_01 stat_ConsumptionTotalLast: Hour: 0.03000000000000 Day: 1.23999999999997 Month: - Year: -
2015-05-29_11:59:45 KU_PCA301_01 stat_ConsumptionTotalLast: Hour: 0.01000000000000 Day: 1.23999999999997 Month: - Year: -
2015-05-29_12:59:45 KU_PCA301_01 stat_ConsumptionTotalLast: Hour: 0.03000000000000 Day: 1.23999999999997 Month: - Year: -
2015-05-29_14:59:45 KU_PCA301_01 stat_ConsumptionTotalLast: Hour: 0.01000000000000 Day: 1.23999999999997 Month: - Year: -
2015-05-29_15:59:45 KU_PCA301_01 stat_ConsumptionTotalLast: Hour: 0.03000000000000 Day: 1.23999999999997 Month: - Year: -
2015-05-29_17:59:45 KU_PCA301_01 stat_ConsumptionTotalLast: Hour: 0.01000000000000 Day: 1.23999999999997 Month: - Year: -
2015-05-29_18:59:45 KU_PCA301_01 stat_ConsumptionTotalLast: Hour: 0.02000000000000 Day: 1.23999999999997 Month: - Year: -
2015-05-29_19:59:45 KU_PCA301_01 stat_ConsumptionTotalLast: Hour: 0.04000000000000 Day: 1.23999999999997 Month: - Year: -
2015-05-29_20:59:45 KU_PCA301_01 stat_ConsumptionTotalLast: Hour: 0.01000000000000 Day: 1.23999999999997 Month: - Year: -
2015-05-29_21:59:45 KU_PCA301_01 stat_ConsumptionTotalLast: Hour: 0.02000000000000 Day: 1.23999999999997 Month: - Year: -
2015-05-29_22:59:45 KU_PCA301_01 stat_ConsumptionTotalLast: Hour: 0.03000000000000 Day: 1.23999999999997 Month: - Year: -
2015-05-29_23:59:45 KU_PCA301_01 stat_ConsumptionTotalLast: Hour: 0.02000000000000 Day: 0.58000000000000 Month: - Year: -
2015-05-29_23:59:45 KU_PCA301_01 stat_ConsumptionTotalDayLast: 0.58000000000000
2015-05-30_00:59:45 KU_PCA301_01 stat_ConsumptionTotalLast: Hour: 0.60000000000000 Day: 0.58000000000000 Month: - Year: -
2015-05-30_01:59:45 KU_PCA301_01 stat_ConsumptionTotalLast: Hour: 0.04000000000000 Day: 0.58000000000000 Month: - Year: -
2015-05-30_02:59:45 KU_PCA301_01 stat_ConsumptionTotalLast: Hour: 0.00000000000000 Day: 0.58000000000000 Month: - Year: -
2015-05-30_03:59:45 KU_PCA301_01 stat_ConsumptionTotalLast: Hour: 0.03000000000000 Day: 0.58000000000000 Month: - Year: -
2015-05-30_05:59:45 KU_PCA301_01 stat_ConsumptionTotalLast: Hour: 0.00000000000000 Day: 0.58000000000000 Month: - Year: -
2015-05-30_06:59:45 KU_PCA301_01 stat_ConsumptionTotalLast: Hour: 0.04000000000000 Day: 0.58000000000000 Month: - Year: -
2015-05-30_07:59:45 KU_PCA301_01 stat_ConsumptionTotalLast: Hour: 0.02000000000000 Day: 0.58000000000000 Month: - Year: -
2015-05-30_08:59:45 KU_PCA301_01 stat_ConsumptionTotalLast: Hour: 0.01000000000000 Day: 0.58000000000000 Month: - Year: -
2015-05-30_09:59:45 KU_PCA301_01 stat_ConsumptionTotalLast: Hour: 0.03000000000000 Day: 0.58000000000000 Month: - Year: -
2015-05-30_11:59:45 KU_PCA301_01 stat_ConsumptionTotalLast: Hour: 0.01000000000000 Day: 0.58000000000000 Month: - Year: -
2015-05-30_12:59:45 KU_PCA301_01 stat_ConsumptionTotalLast: Hour: 0.03000000000000 Day: 0.58000000000000 Month: - Year: -
2015-05-30_14:59:45 KU_PCA301_01 stat_ConsumptionTotalLast: Hour: 0.00000000000000 Day: 0.58000000000000 Month: - Year: -
2015-05-30_15:59:45 KU_PCA301_01 stat_ConsumptionTotalLast: Hour: 0.04000000000000 Day: 0.58000000000000 Month: - Year: -
2015-05-30_16:59:45 KU_PCA301_01 stat_ConsumptionTotalLast: Hour: 0.03000000000000 Day: 0.58000000000000 Month: - Year: -
2015-05-30_17:59:45 KU_PCA301_01 stat_ConsumptionTotalLast: Hour: 0.02000000000000 Day: 0.58000000000000 Month: - Year: -
2015-05-30_19:59:45 KU_PCA301_01 stat_ConsumptionTotalLast: Hour: 0.03000000000000 Day: 0.58000000000000 Month: - Year: -
2015-05-30_20:59:45 KU_PCA301_01 stat_ConsumptionTotalLast: Hour: 0.02000000000000 Day: 0.58000000000000 Month: - Year: -
2015-05-30_21:59:45 KU_PCA301_01 stat_ConsumptionTotalLast: Hour: 0.01000000000000 Day: 0.58000000000000 Month: - Year: -
2015-05-30_22:59:45 KU_PCA301_01 stat_ConsumptionTotalLast: Hour: 0.02000000000000 Day: 0.58000000000000 Month: - Year: -
2015-05-30_23:59:45 KU_PCA301_01 stat_ConsumptionTotalLast: Hour: 0.01000000000000 Day: 1.10000000000000 Month: - Year: -
2015-05-30_23:59:45 KU_PCA301_01 stat_ConsumptionTotalDayLast: 1.10000000000000
2015-05-31_00:59:45 KU_PCA301_01 stat_ConsumptionTotalLast: Hour: 0.53000000000000 Day: 1.10000000000000 Month: - Year: -
2015-05-31_01:59:45 KU_PCA301_01 stat_ConsumptionTotalLast: Hour: 0.03000000000000 Day: 1.10000000000000 Month: - Year: -
2015-05-31_02:59:45 KU_PCA301_01 stat_ConsumptionTotalLast: Hour: 0.00000000000000 Day: 1.10000000000000 Month: - Year: -
2015-05-31_03:59:45 KU_PCA301_01 stat_ConsumptionTotalLast: Hour: 0.03000000000000 Day: 1.10000000000000 Month: - Year: -
2015-05-31_05:59:45 KU_PCA301_01 stat_ConsumptionTotalLast: Hour: 0.01000000000000 Day: 1.10000000000000 Month: - Year: -
2015-05-31_06:59:45 KU_PCA301_01 stat_ConsumptionTotalLast: Hour: 0.03000000000000 Day: 1.10000000000000 Month: - Year: -
2015-05-31_07:59:45 KU_PCA301_01 stat_ConsumptionTotalLast: Hour: 0.00000000000000 Day: 1.10000000000000 Month: - Year: -
2015-05-31_08:59:45 KU_PCA301_01 stat_ConsumptionTotalLast: Hour: 0.03000000000000 Day: 1.10000000000000 Month: - Year: -
2015-05-31_10:59:45 KU_PCA301_01 stat_ConsumptionTotalLast: Hour: 0.01000000000000 Day: 1.10000000000000 Month: - Year: -
2015-05-31_11:59:45 KU_PCA301_01 stat_ConsumptionTotalLast: Hour: 0.03000000000000 Day: 1.10000000000000 Month: - Year: -
2015-05-31_13:59:45 KU_PCA301_01 stat_ConsumptionTotalLast: Hour: 0.01000000000000 Day: 1.10000000000000 Month: - Year: -
2015-05-31_14:59:45 KU_PCA301_01 stat_ConsumptionTotalLast: Hour: 0.03000000000000 Day: 1.10000000000000 Month: - Year: -
2015-05-31_16:59:45 KU_PCA301_01 stat_ConsumptionTotalLast: Hour: 0.00000000000000 Day: 1.10000000000000 Month: - Year: -
2015-05-31_17:59:45 KU_PCA301_01 stat_ConsumptionTotalLast: Hour: 0.04000000000000 Day: 1.10000000000000 Month: - Year: -
2015-05-31_19:59:45 KU_PCA301_01 stat_ConsumptionTotalLast: Hour: 0.00000000000000 Day: 1.10000000000000 Month: - Year: -
2015-05-31_20:59:45 KU_PCA301_01 stat_ConsumptionTotalLast: Hour: 0.03000000000000 Day: 1.10000000000000 Month: - Year: -
2015-05-31_21:59:45 KU_PCA301_01 stat_ConsumptionTotalLast: Hour: 0.04000000000000 Day: 1.10000000000000 Month: - Year: -
2015-05-31_22:59:45 KU_PCA301_01 stat_ConsumptionTotalLast: Hour: 0.01000000000000 Day: 1.10000000000000 Month: - Year: -
2015-05-31_23:59:45 KU_PCA301_01 stat_ConsumptionTotalLast: Hour: 0.02000000000000 Day: 1.04000000000000 Month: 12.54999999999990 Year: - (since: 2015-05-18 )
2015-05-31_23:59:45 KU_PCA301_01 stat_ConsumptionTotalDayLast: 1.04000000000000
2015-06-01_00:59:45 KU_PCA301_01 stat_ConsumptionTotalLast: Hour: 0.54000000000000 Day: 1.04000000000000 Month: 12.54999999999990 Year: - (since: 2015-05-18 )
2015-06-01_01:59:45 KU_PCA301_01 stat_ConsumptionTotalLast: Hour: 0.01000000000000 Day: 1.04000000000000 Month: 12.54999999999990 Year: - (since: 2015-05-18 )
2015-06-01_02:59:45 KU_PCA301_01 stat_ConsumptionTotalLast: Hour: 0.02000000000000 Day: 1.04000000000000 Month: 12.54999999999990 Year: - (since: 2015-05-18 )
2015-06-01_03:59:45 KU_PCA301_01 stat_ConsumptionTotalLast: Hour: 0.03000000000000 Day: 1.04000000000000 Month: 12.54999999999990 Year: - (since: 2015-05-18 )
2015-06-01_04:59:45 KU_PCA301_01 stat_ConsumptionTotalLast: Hour: 0.01000000000000 Day: 1.04000000000000 Month: 12.54999999999990 Year: - (since: 2015-05-18 )
2015-06-01_05:59:45 KU_PCA301_01 stat_ConsumptionTotalLast: Hour: 0.02000000000000 Day: 1.04000000000000 Month: 12.54999999999990 Year: - (since: 2015-05-18 )
2015-06-01_06:59:45 KU_PCA301_01 stat_ConsumptionTotalLast: Hour: 0.04000000000000 Day: 1.04000000000000 Month: 12.54999999999990 Year: - (since: 2015-05-18 )
2015-06-01_07:59:45 KU_PCA301_01 stat_ConsumptionTotalLast: Hour: 0.01000000000000 Day: 1.04000000000000 Month: 12.54999999999990 Year: - (since: 2015-05-18 )
2015-06-01_08:59:45 KU_PCA301_01 stat_ConsumptionTotalLast: Hour: 0.02000000000000 Day: 1.04000000000000 Month: 12.54999999999990 Year: - (since: 2015-05-18 )
2015-06-01_09:59:45 KU_PCA301_01 stat_ConsumptionTotalLast: Hour: 0.03000000000000 Day: 1.04000000000000 Month: 12.54999999999990 Year: - (since: 2015-05-18 )
2015-06-01_11:59:45 KU_PCA301_01 stat_ConsumptionTotalLast: Hour: 0.00000000000000 Day: 1.04000000000000 Month: 12.54999999999990 Year: - (since: 2015-05-18 )
2015-06-01_12:59:45 KU_PCA301_01 stat_ConsumptionTotalLast: Hour: 0.04000000000000 Day: 1.04000000000000 Month: 12.54999999999990 Year: - (since: 2015-05-18 )
2015-06-01_13:59:45 KU_PCA301_01 stat_ConsumptionTotalLast: Hour: 0.02000000000000 Day: 1.04000000000000 Month: 12.54999999999990 Year: - (since: 2015-05-18 )
2015-06-01_14:59:45 KU_PCA301_01 stat_ConsumptionTotalLast: Hour: 0.01000000000000 Day: 1.04000000000000 Month: 12.54999999999990 Year: - (since: 2015-05-18 )
2015-06-01_15:59:45 KU_PCA301_01 stat_ConsumptionTotalLast: Hour: 0.04000000000000 Day: 1.04000000000000 Month: 12.54999999999990 Year: - (since: 2015-05-18 )
2015-06-01_16:59:45 KU_PCA301_01 stat_ConsumptionTotalLast: Hour: 0.02000000000000 Day: 1.04000000000000 Month: 12.54999999999990 Year: - (since: 2015-05-18 )
2015-06-01_17:59:45 KU_PCA301_01 stat_ConsumptionTotalLast: Hour: 0.01000000000000 Day: 1.04000000000000 Month: 12.54999999999990 Year: - (since: 2015-05-18 )
2015-06-01_18:59:45 KU_PCA301_01 stat_ConsumptionTotalLast: Hour: 0.04000000000000 Day: 1.04000000000000 Month: 12.54999999999990 Year: - (since: 2015-05-18 )
2015-06-01_19:59:45 KU_PCA301_01 stat_ConsumptionTotalLast: Hour: 0.02000000000000 Day: 1.04000000000000 Month: 12.54999999999990 Year: - (since: 2015-05-18 )
2015-06-01_20:59:45 KU_PCA301_01 stat_ConsumptionTotalLast: Hour: 0.01000000000000 Day: 1.04000000000000 Month: 12.54999999999990 Year: - (since: 2015-05-18 )
2015-06-01_21:59:45 KU_PCA301_01 stat_ConsumptionTotalLast: Hour: 0.04000000000000 Day: 1.04000000000000 Month: 12.54999999999990 Year: - (since: 2015-05-18 )
2015-06-01_22:59:45 KU_PCA301_01 stat_ConsumptionTotalLast: Hour: 0.01000000000000 Day: 1.04000000000000 Month: 12.54999999999990 Year: - (since: 2015-05-18 )
2015-06-01_23:59:45 KU_PCA301_01 stat_ConsumptionTotalLast: Hour: 0.01000000000000 Day: 1.03000000000000 Month: 12.54999999999990 Year: - (since: 2015-05-18 )
2015-06-01_23:59:45 KU_PCA301_01 stat_ConsumptionTotalDayLast: 1.03000000000000
2015-06-02_00:59:45 KU_PCA301_01 stat_ConsumptionTotalLast: Hour: 0.56000000000000 Day: 1.03000000000000 Month: 12.54999999999990 Year: - (since: 2015-05-18 )
2015-06-02_01:59:45 KU_PCA301_01 stat_ConsumptionTotalLast: Hour: 0.02000000000000 Day: 1.03000000000000 Month: 12.54999999999990 Year: - (since: 2015-05-18 )
2015-06-02_02:59:45 KU_PCA301_01 stat_ConsumptionTotalLast: Hour: 0.01000000000000 Day: 1.03000000000000 Month: 12.54999999999990 Year: - (since: 2015-05-18 )
2015-06-02_03:59:45 KU_PCA301_01 stat_ConsumptionTotalLast: Hour: 0.04000000000000 Day: 1.03000000000000 Month: 12.54999999999990 Year: - (since: 2015-05-18 )
2015-06-02_04:59:45 KU_PCA301_01 stat_ConsumptionTotalLast: Hour: 0.00000000000000 Day: 1.03000000000000 Month: 12.54999999999990 Year: - (since: 2015-05-18 )
2015-06-02_05:59:45 KU_PCA301_01 stat_ConsumptionTotalLast: Hour: 0.03000000000000 Day: 1.03000000000000 Month: 12.54999999999990 Year: - (since: 2015-05-18 )
2015-06-02_07:59:45 KU_PCA301_01 stat_ConsumptionTotalLast: Hour: 0.00000000000000 Day: 1.03000000000000 Month: 12.54999999999990 Year: - (since: 2015-05-18 )
2015-06-02_08:59:45 KU_PCA301_01 stat_ConsumptionTotalLast: Hour: 0.04000000000000 Day: 1.03000000000000 Month: 12.54999999999990 Year: - (since: 2015-05-18 )
2015-06-02_09:59:45 KU_PCA301_01 stat_ConsumptionTotalLast: Hour: 0.03000000000000 Day: 1.03000000000000 Month: 12.54999999999990 Year: - (since: 2015-05-18 )
2015-06-02_10:59:45 KU_PCA301_01 stat_ConsumptionTotalLast: Hour: 0.00000000000000 Day: 1.03000000000000 Month: 12.54999999999990 Year: - (since: 2015-05-18 )
2015-06-02_11:59:45 KU_PCA301_01 stat_ConsumptionTotalLast: Hour: 0.03000000000000 Day: 1.03000000000000 Month: 12.54999999999990 Year: - (since: 2015-05-18 )
2015-06-02_12:59:45 KU_PCA301_01 stat_ConsumptionTotalLast: Hour: 0.02000000000000 Day: 1.03000000000000 Month: 12.54999999999990 Year: - (since: 2015-05-18 )
2015-06-02_14:59:45 KU_PCA301_01 stat_ConsumptionTotalLast: Hour: 0.03000000000000 Day: 1.03000000000000 Month: 12.54999999999990 Year: - (since: 2015-05-18 )
2015-06-02_15:59:45 KU_PCA301_01 stat_ConsumptionTotalLast: Hour: 0.00000000000000 Day: 1.03000000000000 Month: 12.54999999999990 Year: - (since: 2015-05-18 )
2015-06-02_16:59:45 KU_PCA301_01 stat_ConsumptionTotalLast: Hour: 0.03000000000000 Day: 1.03000000000000 Month: 12.54999999999990 Year: - (since: 2015-05-18 )
2015-06-02_17:59:45 KU_PCA301_01 stat_ConsumptionTotalLast: Hour: 0.04000000000000 Day: 1.03000000000000 Month: 12.54999999999990 Year: - (since: 2015-05-18 )
2015-06-02_18:59:45 KU_PCA301_01 stat_ConsumptionTotalLast: Hour: 0.00000000000000 Day: 1.03000000000000 Month: 12.54999999999990 Year: - (since: 2015-05-18 )
2015-06-02_19:59:45 KU_PCA301_01 stat_ConsumptionTotalLast: Hour: 0.03000000000000 Day: 1.03000000000000 Month: 12.54999999999990 Year: - (since: 2015-05-18 )
2015-06-02_20:59:45 KU_PCA301_01 stat_ConsumptionTotalLast: Hour: 0.04000000000000 Day: 1.03000000000000 Month: 12.54999999999990 Year: - (since: 2015-05-18 )
2015-06-02_21:59:45 KU_PCA301_01 stat_ConsumptionTotalLast: Hour: 0.01000000000000 Day: 1.03000000000000 Month: 12.54999999999990 Year: - (since: 2015-05-18 )
2015-06-02_22:59:45 KU_PCA301_01 stat_ConsumptionTotalLast: Hour: 0.03000000000000 Day: 1.03000000000000 Month: 12.54999999999990 Year: - (since: 2015-05-18 )
2015-06-02_23:59:45 KU_PCA301_01 stat_ConsumptionTotalLast: Hour: 0.03000000000000 Day: 1.07000000000000 Month: 12.54999999999990 Year: - (since: 2015-05-18 )
2015-06-02_23:59:45 KU_PCA301_01 stat_ConsumptionTotalDayLast: 1.07000000000000
2015-06-03_00:59:45 KU_PCA301_01 stat_ConsumptionTotalLast: Hour: 0.56000000000000 Day: 1.07000000000000 Month: 12.54999999999990 Year: - (since: 2015-05-18 )
2015-06-03_01:59:45 KU_PCA301_01 stat_ConsumptionTotalLast: Hour: 0.01000000000000 Day: 1.07000000000000 Month: 12.54999999999990 Year: - (since: 2015-05-18 )
2015-06-03_02:59:45 KU_PCA301_01 stat_ConsumptionTotalLast: Hour: 0.03000000000000 Day: 1.07000000000000 Month: 12.54999999999990 Year: - (since: 2015-05-18 )
2015-06-03_03:59:45 KU_PCA301_01 stat_ConsumptionTotalLast: Hour: 0.02000000000000 Day: 1.07000000000000 Month: 12.54999999999990 Year: - (since: 2015-05-18 )
2015-06-03_05:59:45 KU_PCA301_01 stat_ConsumptionTotalLast: Hour: 0.03000000000000 Day: 1.07000000000000 Month: 12.54999999999990 Year: - (since: 2015-05-18 )
2015-06-03_07:59:45 KU_PCA301_01 stat_ConsumptionTotalLast: Hour: 0.01000000000000 Day: 1.07000000000000 Month: 12.54999999999990 Year: - (since: 2015-05-18 )
2015-06-03_08:59:45 KU_PCA301_01 stat_ConsumptionTotalLast: Hour: 0.03000000000000 Day: 1.07000000000000 Month: 12.54999999999990 Year: - (since: 2015-05-18 )
2015-06-03_10:59:45 KU_PCA301_01 stat_ConsumptionTotalLast: Hour: 0.01000000000000 Day: 1.07000000000000 Month: 12.54999999999990 Year: - (since: 2015-05-18 )
2015-06-03_11:59:45 KU_PCA301_01 stat_ConsumptionTotalLast: Hour: 0.03000000000000 Day: 1.07000000000000 Month: 12.54999999999990 Year: - (since: 2015-05-18 )
2015-06-03_13:59:45 KU_PCA301_01 stat_ConsumptionTotalLast: Hour: 0.01000000000000 Day: 1.07000000000000 Month: 12.54999999999990 Year: - (since: 2015-05-18 )
2015-06-03_14:59:45 KU_PCA301_01 stat_ConsumptionTotalLast: Hour: 0.03000000000000 Day: 1.07000000000000 Month: 12.54999999999990 Year: - (since: 2015-05-18 )
2015-06-03_16:59:45 KU_PCA301_01 stat_ConsumptionTotalLast: Hour: 0.01000000000000 Day: 1.07000000000000 Month: 12.54999999999990 Year: - (since: 2015-05-18 )
2015-06-03_17:59:45 KU_PCA301_01 stat_ConsumptionTotalLast: Hour: 0.03000000000000 Day: 1.07000000000000 Month: 12.54999999999990 Year: - (since: 2015-05-18 )
2015-06-03_19:59:45 KU_PCA301_01 stat_ConsumptionTotalLast: Hour: 0.01000000000000 Day: 1.07000000000000 Month: 12.54999999999990 Year: - (since: 2015-05-18 )
2015-06-03_20:59:45 KU_PCA301_01 stat_ConsumptionTotalLast: Hour: 0.04000000000000 Day: 1.07000000000000 Month: 12.54999999999990 Year: - (since: 2015-05-18 )
2015-06-03_21:59:45 KU_PCA301_01 stat_ConsumptionTotalLast: Hour: 0.03000000000000 Day: 1.07000000000000 Month: 12.54999999999990 Year: - (since: 2015-05-18 )
2015-06-03_22:59:45 KU_PCA301_01 stat_ConsumptionTotalLast: Hour: 0.01000000000000 Day: 1.07000000000000 Month: 12.54999999999990 Year: - (since: 2015-05-18 )
2015-06-03_23:59:45 KU_PCA301_01 stat_ConsumptionTotalLast: Hour: 0.03000000000000 Day: 1.10000000000000 Month: 12.54999999999990 Year: - (since: 2015-05-18 )
2015-06-03_23:59:45 KU_PCA301_01 stat_ConsumptionTotalDayLast: 1.10000000000000
2015-06-04_00:59:45 KU_PCA301_01 stat_ConsumptionTotalLast: Hour: 0.58000000000000 Day: 1.10000000000000 Month: 12.54999999999990 Year: - (since: 2015-05-18 )
2015-06-04_01:59:45 KU_PCA301_01 stat_ConsumptionTotalLast: Hour: 0.01000000000000 Day: 1.10000000000000 Month: 12.54999999999990 Year: - (since: 2015-05-18 )
2015-06-04_02:59:45 KU_PCA301_01 stat_ConsumptionTotalLast: Hour: 0.03000000000000 Day: 1.10000000000000 Month: 12.54999999999990 Year: - (since: 2015-05-18 )
2015-06-04_04:59:45 KU_PCA301_01 stat_ConsumptionTotalLast: Hour: 0.00000000000000 Day: 1.10000000000000 Month: 12.54999999999990 Year: - (since: 2015-05-18 )
2015-06-04_05:59:45 KU_PCA301_01 stat_ConsumptionTotalLast: Hour: 0.04000000000000 Day: 1.10000000000000 Month: 12.54999999999990 Year: - (since: 2015-05-18 )
2015-06-04_06:59:45 KU_PCA301_01 stat_ConsumptionTotalLast: Hour: 0.03000000000000 Day: 1.10000000000000 Month: 12.54999999999990 Year: - (since: 2015-05-18 )
2015-06-04_07:59:45 KU_PCA301_01 stat_ConsumptionTotalLast: Hour: 0.01000000000000 Day: 1.10000000000000 Month: 12.54999999999990 Year: - (since: 2015-05-18 )
2015-06-04_08:59:45 KU_PCA301_01 stat_ConsumptionTotalLast: Hour: 0.03000000000000 Day: 1.10000000000000 Month: 12.54999999999990 Year: - (since: 2015-05-18 )
2015-06-04_09:59:45 KU_PCA301_01 stat_ConsumptionTotalLast: Hour: 0.04000000000000 Day: 1.10000000000000 Month: 12.54999999999990 Year: - (since: 2015-05-18 )
2015-06-04_10:59:45 KU_PCA301_01 stat_ConsumptionTotalLast: Hour: 0.00000000000000 Day: 1.10000000000000 Month: 12.54999999999990 Year: - (since: 2015-05-18 )
2015-06-04_11:59:45 KU_PCA301_01 stat_ConsumptionTotalLast: Hour: 0.03000000000000 Day: 1.10000000000000 Month: 12.54999999999990 Year: - (since: 2015-05-18 )
2015-06-04_12:59:45 KU_PCA301_01 stat_ConsumptionTotalLast: Hour: 0.04000000000000 Day: 1.10000000000000 Month: 12.54999999999990 Year: - (since: 2015-05-18 )
2015-06-04_13:59:45 KU_PCA301_01 stat_ConsumptionTotalLast: Hour: 0.00000000000000 Day: 1.10000000000000 Month: 12.54999999999990 Year: - (since: 2015-05-18 )
2015-06-04_14:59:45 KU_PCA301_01 stat_ConsumptionTotalLast: Hour: 0.03000000000010 Day: 1.10000000000000 Month: 12.54999999999990 Year: - (since: 2015-05-18 )
2015-06-04_15:59:45 KU_PCA301_01 stat_ConsumptionTotalLast: Hour: 0.04000000000000 Day: 1.10000000000000 Month: 12.54999999999990 Year: - (since: 2015-05-18 )
2015-06-04_16:59:45 KU_PCA301_01 stat_ConsumptionTotalLast: Hour: 0.02000000000000 Day: 1.10000000000000 Month: 12.54999999999990 Year: - (since: 2015-05-18 )
2015-06-04_18:59:45 KU_PCA301_01 stat_ConsumptionTotalLast: Hour: 0.04000000000000 Day: 1.10000000000000 Month: 12.54999999999990 Year: - (since: 2015-05-18 )
2015-06-04_20:59:45 KU_PCA301_01 stat_ConsumptionTotalLast: Hour: 0.01000000000000 Day: 1.10000000000000 Month: 12.54999999999990 Year: - (since: 2015-05-18 )
2015-06-04_21:59:45 KU_PCA301_01 stat_ConsumptionTotalLast: Hour: 0.02000000000000 Day: 1.10000000000000 Month: 12.54999999999990 Year: - (since: 2015-05-18 )
2015-06-04_22:59:45 KU_PCA301_01 stat_ConsumptionTotalLast: Hour: 0.03000000000000 Day: 1.10000000000000 Month: 12.54999999999990 Year: - (since: 2015-05-18 )
2015-06-04_23:59:45 KU_PCA301_01 stat_ConsumptionTotalLast: Hour: 0.03000000000000 Day: 1.15000000000010 Month: 12.54999999999990 Year: - (since: 2015-05-18 )
2015-06-04_23:59:45 KU_PCA301_01 stat_ConsumptionTotalDayLast: 1.15000000000010
2015-06-05_00:59:45 KE_PCA301_02 stat_ConsumptionTotalLast: Hour: 0 Day: - Month: - Year: - (since: 2015-06-05_00:05:00 )
2015-06-05_00:59:45 KU_PCA301_01 stat_ConsumptionTotalLast: Hour: 0.62000000000000 Day: 1.15000000000010 Month: 12.54999999999990 Year: - (since: 2015-05-18 )
2015-06-05_01:59:45 KE_PCA301_02 stat_ConsumptionTotalLast: Hour: 0 Day: - Month: - Year: -
2015-06-05_01:59:45 KU_PCA301_01 stat_ConsumptionTotalLast: Hour: 0.03000000000000 Day: 1.15000000000010 Month: 12.54999999999990 Year: - (since: 2015-05-18 )
2015-06-05_02:59:45 KU_PCA301_01 stat_ConsumptionTotalLast: Hour: 0.04000000000000 Day: 1.15000000000010 Month: 12.54999999999990 Year: - (since: 2015-05-18 )
2015-06-05_03:59:45 KU_PCA301_01 stat_ConsumptionTotalLast: Hour: 0.00000000000000 Day: 1.15000000000010 Month: 12.54999999999990 Year: - (since: 2015-05-18 )
2015-06-05_04:59:45 KU_PCA301_01 stat_ConsumptionTotalLast: Hour: 0.03000000000000 Day: 1.15000000000010 Month: 12.54999999999990 Year: - (since: 2015-05-18 )
2015-06-05_05:59:45 KU_PCA301_01 stat_ConsumptionTotalLast: Hour: 0.04000000000000 Day: 1.15000000000010 Month: 12.54999999999990 Year: - (since: 2015-05-18 )
2015-06-05_06:59:45 KU_PCA301_01 stat_ConsumptionTotalLast: Hour: 0.01000000000000 Day: 1.15000000000010 Month: 12.54999999999990 Year: - (since: 2015-05-18 )
2015-06-05_07:59:45 KU_PCA301_01 stat_ConsumptionTotalLast: Hour: 0.02000000000000 Day: 1.15000000000010 Month: 12.54999999999990 Year: - (since: 2015-05-18 )
2015-06-05_08:59:45 KU_PCA301_01 stat_ConsumptionTotalLast: Hour: 0.04000000000000 Day: 1.15000000000010 Month: 12.54999999999990 Year: - (since: 2015-05-18 )
2015-06-05_09:59:45 KU_PCA301_01 stat_ConsumptionTotalLast: Hour: 0.02000000000000 Day: 1.15000000000010 Month: 12.54999999999990 Year: - (since: 2015-05-18 )
2015-06-05_10:59:45 KU_PCA301_01 stat_ConsumptionTotalLast: Hour: 0.02000000000010 Day: 1.15000000000010 Month: 12.54999999999990 Year: - (since: 2015-05-18 )
